TN:
SF:/home/giaupvt/Desktop/media_player/PlayerMediaApp/src/Controller/ControllerManager.cpp
FN:3,_ZN17ControllerManagerC2E12ModelManager11ViewManagerSt10shared_ptrI11UARTManagerE
FN:10,_ZN17ControllerManager7getViewERKNSt7__cxx1112basic_stringIcSt11char_traitsIcESaIcEEE
FN:20,_ZN17ControllerManager9checkUartEv
FN:48,_ZN17ControllerManager8ScanDataEv
FN:65,_ZN17ControllerManager16mediaFileHandlerB5cxx11Ev
FN:105,_ZN17ControllerManager16mediaFileManagerEv
FN:132,_ZN17ControllerManager15playlistHandlerEv
FN:196,_ZN17ControllerManager15playlistManagerEv
FN:227,_ZN17ControllerManager16playMusicHandlerB5cxx11Ev
FN:250,_ZN17ControllerManager12playPlaylistB5cxx11Ev
FN:288,_ZN17ControllerManager16playVideoHandlerB5cxx11Ev
FN:311,_ZN17ControllerManager6runAppEv
FNDA:0,_ZN17ControllerManager8ScanDataEv
FNDA:0,_ZN17ControllerManager15playlistHandlerEv
FNDA:0,_ZN17ControllerManager16mediaFileManagerEv
FNDA:0,_ZN17ControllerManager12playPlaylistB5cxx11Ev
FNDA:0,_ZN17ControllerManagerC2E12ModelManager11ViewManagerSt10shared_ptrI11UARTManagerE
FNDA:0,_ZN17ControllerManager16mediaFileHandlerB5cxx11Ev
FNDA:0,_ZN17ControllerManager6runAppEv
FNDA:0,_ZN17ControllerManager16playVideoHandlerB5cxx11Ev
FNDA:0,_ZN17ControllerManager9checkUartEv
FNDA:0,_ZN17ControllerManager7getViewERKNSt7__cxx1112basic_stringIcSt11char_traitsIcESaIcEEE
FNDA:0,_ZN17ControllerManager15playlistManagerEv
FNDA:0,_ZN17ControllerManager16playMusicHandlerB5cxx11Ev
FNF:12
FNH:0
BRDA:5,0,0,-
BRDA:5,0,1,-
BRDA:12,0,0,-
BRDA:12,0,1,-
BRDA:13,0,0,-
BRDA:13,0,1,-
BRDA:14,0,0,-
BRDA:14,0,1,-
BRDA:14,0,2,-
BRDA:14,0,3,-
BRDA:14,0,4,-
BRDA:14,0,5,-
BRDA:22,0,0,-
BRDA:22,0,1,-
BRDA:22,0,2,-
BRDA:22,0,3,-
BRDA:23,0,0,-
BRDA:23,0,1,-
BRDA:24,0,0,-
BRDA:24,0,1,-
BRDA:29,0,0,-
BRDA:29,0,1,-
BRDA:29,0,2,-
BRDA:29,0,3,-
BRDA:29,0,4,-
BRDA:29,0,5,-
BRDA:30,0,0,-
BRDA:30,0,1,-
BRDA:32,0,0,-
BRDA:32,0,1,-
BRDA:35,0,0,-
BRDA:35,0,1,-
BRDA:35,0,2,-
BRDA:35,0,3,-
BRDA:35,0,4,-
BRDA:35,0,5,-
BRDA:35,0,6,-
BRDA:35,0,7,-
BRDA:35,0,8,-
BRDA:35,0,9,-
BRDA:36,0,0,-
BRDA:36,0,1,-
BRDA:36,0,2,-
BRDA:36,0,3,-
BRDA:37,0,0,-
BRDA:37,0,1,-
BRDA:37,0,2,-
BRDA:37,0,3,-
BRDA:37,0,4,-
BRDA:37,0,5,-
BRDA:40,0,0,-
BRDA:40,0,1,-
BRDA:40,0,2,-
BRDA:40,0,3,-
BRDA:40,0,4,-
BRDA:40,0,5,-
BRDA:51,0,0,-
BRDA:51,0,1,-
BRDA:51,0,2,-
BRDA:51,0,3,-
BRDA:53,0,0,-
BRDA:53,0,1,-
BRDA:54,0,0,-
BRDA:54,0,1,-
BRDA:54,0,2,-
BRDA:54,0,3,-
BRDA:54,0,4,-
BRDA:54,0,5,-
BRDA:54,0,6,-
BRDA:54,0,7,-
BRDA:58,0,0,-
BRDA:58,0,1,-
BRDA:59,0,0,-
BRDA:59,0,1,-
BRDA:60,0,0,0
BRDA:60,0,1,0
BRDA:60,0,2,0
BRDA:60,0,3,0
BRDA:60,0,4,0
BRDA:60,0,5,0
BRDA:70,0,0,-
BRDA:70,0,1,-
BRDA:70,0,2,-
BRDA:70,0,3,-
BRDA:71,0,0,-
BRDA:71,0,1,-
BRDA:71,0,2,-
BRDA:71,0,3,-
BRDA:73,0,0,-
BRDA:73,0,1,-
BRDA:74,0,0,-
BRDA:74,0,1,-
BRDA:76,0,0,-
BRDA:76,0,1,-
BRDA:79,0,0,-
BRDA:79,0,1,-
BRDA:81,0,0,-
BRDA:81,0,1,-
BRDA:82,0,0,-
BRDA:82,0,1,-
BRDA:86,0,0,-
BRDA:86,0,1,-
BRDA:86,0,2,-
BRDA:86,0,3,-
BRDA:86,0,4,-
BRDA:86,0,5,-
BRDA:86,0,6,-
BRDA:86,0,7,-
BRDA:86,0,8,-
BRDA:86,0,9,-
BRDA:87,0,0,-
BRDA:87,0,1,-
BRDA:90,0,0,-
BRDA:90,0,1,-
BRDA:91,0,0,-
BRDA:91,0,1,-
BRDA:91,0,2,-
BRDA:91,0,3,-
BRDA:93,0,0,-
BRDA:93,0,1,-
BRDA:93,0,2,-
BRDA:93,0,3,-
BRDA:96,0,0,-
BRDA:96,0,1,-
BRDA:97,0,0,-
BRDA:97,0,1,-
BRDA:97,0,2,-
BRDA:97,0,3,-
BRDA:97,0,4,-
BRDA:97,0,5,-
BRDA:97,0,6,-
BRDA:97,0,7,-
BRDA:98,0,0,0
BRDA:98,0,1,0
BRDA:100,0,0,-
BRDA:100,0,1,-
BRDA:108,0,0,-
BRDA:108,0,1,-
BRDA:108,0,2,-
BRDA:108,0,3,-
BRDA:110,0,0,-
BRDA:110,0,1,-
BRDA:111,0,0,-
BRDA:111,0,1,-
BRDA:111,0,2,-
BRDA:111,0,3,-
BRDA:111,0,4,-
BRDA:111,0,5,-
BRDA:111,0,6,-
BRDA:111,0,7,-
BRDA:116,0,0,-
BRDA:116,0,1,-
BRDA:116,0,2,-
BRDA:116,0,3,-
BRDA:117,0,0,-
BRDA:117,0,1,-
BRDA:117,0,2,-
BRDA:117,0,3,-
BRDA:119,0,0,-
BRDA:119,0,1,-
BRDA:120,0,0,-
BRDA:120,0,1,-
BRDA:122,0,0,-
BRDA:122,0,1,-
BRDA:124,0,0,-
BRDA:124,0,1,-
BRDA:125,0,0,-
BRDA:125,0,1,-
BRDA:126,0,0,0
BRDA:126,0,1,0
BRDA:126,0,2,0
BRDA:126,0,3,0
BRDA:126,0,4,0
BRDA:126,0,5,0
BRDA:137,0,0,-
BRDA:137,0,1,-
BRDA:137,0,2,-
BRDA:137,0,3,-
BRDA:138,0,0,-
BRDA:138,0,1,-
BRDA:138,0,2,-
BRDA:138,0,3,-
BRDA:139,0,0,-
BRDA:139,0,1,-
BRDA:139,0,2,-
BRDA:139,0,3,-
BRDA:141,0,0,-
BRDA:141,0,1,-
BRDA:143,0,0,-
BRDA:143,0,1,-
BRDA:143,0,2,-
BRDA:143,0,3,-
BRDA:143,0,4,-
BRDA:143,0,5,-
BRDA:143,0,6,-
BRDA:143,0,7,-
BRDA:149,0,0,-
BRDA:149,0,1,-
BRDA:150,0,0,-
BRDA:150,0,1,-
BRDA:150,0,2,-
BRDA:150,0,3,-
BRDA:152,0,0,-
BRDA:152,0,1,-
BRDA:153,0,0,-
BRDA:153,0,1,-
BRDA:153,0,2,-
BRDA:153,0,3,-
BRDA:153,0,4,-
BRDA:153,0,5,-
BRDA:153,0,6,-
BRDA:153,0,7,-
BRDA:158,0,0,-
BRDA:158,0,1,-
BRDA:158,0,2,-
BRDA:158,0,3,-
BRDA:159,0,0,-
BRDA:159,0,1,-
BRDA:159,0,2,-
BRDA:159,0,3,-
BRDA:161,0,0,-
BRDA:161,0,1,-
BRDA:163,0,0,-
BRDA:163,0,1,-
BRDA:166,0,0,-
BRDA:166,0,1,-
BRDA:166,0,2,-
BRDA:166,0,3,-
BRDA:166,0,4,-
BRDA:166,0,5,-
BRDA:168,0,0,-
BRDA:168,0,1,-
BRDA:169,0,0,-
BRDA:169,0,1,-
BRDA:172,0,0,-
BRDA:172,0,1,-
BRDA:172,0,2,-
BRDA:172,0,3,-
BRDA:173,0,0,-
BRDA:173,0,1,-
BRDA:175,0,0,-
BRDA:175,0,1,-
BRDA:177,0,0,-
BRDA:177,0,1,-
BRDA:181,0,0,-
BRDA:181,0,1,-
BRDA:181,0,2,-
BRDA:181,0,3,-
BRDA:181,0,4,-
BRDA:181,0,5,-
BRDA:183,0,0,-
BRDA:183,0,1,-
BRDA:183,0,2,-
BRDA:183,0,3,-
BRDA:186,0,0,-
BRDA:186,0,1,-
BRDA:186,0,2,-
BRDA:186,0,3,-
BRDA:189,0,0,-
BRDA:189,0,1,-
BRDA:190,0,0,-
BRDA:190,0,1,-
BRDA:190,0,2,-
BRDA:190,0,3,-
BRDA:190,0,4,-
BRDA:190,0,5,-
BRDA:190,0,6,-
BRDA:190,0,7,-
BRDA:190,0,8,-
BRDA:190,0,9,-
BRDA:191,0,0,0
BRDA:191,0,1,0
BRDA:191,0,2,0
BRDA:191,0,3,0
BRDA:191,0,4,0
BRDA:191,0,5,0
BRDA:199,0,0,-
BRDA:199,0,1,-
BRDA:199,0,2,-
BRDA:199,0,3,-
BRDA:200,0,0,-
BRDA:200,0,1,-
BRDA:200,0,2,-
BRDA:200,0,3,-
BRDA:201,0,0,-
BRDA:201,0,1,-
BRDA:201,0,2,-
BRDA:201,0,3,-
BRDA:203,0,0,-
BRDA:203,0,1,-
BRDA:205,0,0,-
BRDA:205,0,1,-
BRDA:205,0,2,-
BRDA:205,0,3,-
BRDA:205,0,4,-
BRDA:205,0,5,-
BRDA:205,0,6,-
BRDA:205,0,7,-
BRDA:211,0,0,-
BRDA:211,0,1,-
BRDA:211,0,2,-
BRDA:211,0,3,-
BRDA:211,0,4,-
BRDA:211,0,5,-
BRDA:213,0,0,-
BRDA:213,0,1,-
BRDA:214,0,0,-
BRDA:214,0,1,-
BRDA:217,0,0,-
BRDA:217,0,1,-
BRDA:217,0,2,-
BRDA:217,0,3,-
BRDA:218,0,0,-
BRDA:218,0,1,-
BRDA:220,0,0,-
BRDA:220,0,1,-
BRDA:221,0,0,-
BRDA:221,0,1,-
BRDA:221,0,2,-
BRDA:221,0,3,-
BRDA:221,0,4,-
BRDA:221,0,5,-
BRDA:221,0,6,-
BRDA:221,0,7,-
BRDA:222,0,0,0
BRDA:222,0,1,0
BRDA:222,0,2,0
BRDA:222,0,3,0
BRDA:222,0,4,0
BRDA:222,0,5,0
BRDA:230,0,0,-
BRDA:230,0,1,-
BRDA:230,0,2,-
BRDA:230,0,3,-
BRDA:233,0,0,-
BRDA:233,0,1,-
BRDA:234,0,0,-
BRDA:234,0,1,-
BRDA:234,0,2,-
BRDA:234,0,3,-
BRDA:236,0,0,-
BRDA:236,0,1,-
BRDA:237,0,0,-
BRDA:237,0,1,-
BRDA:241,0,0,-
BRDA:241,0,1,-
BRDA:241,0,2,-
BRDA:241,0,3,-
BRDA:241,0,4,-
BRDA:241,0,5,-
BRDA:241,0,6,-
BRDA:241,0,7,-
BRDA:244,0,0,-
BRDA:244,0,1,-
BRDA:245,0,0,0
BRDA:245,0,1,0
BRDA:253,0,0,-
BRDA:253,0,1,-
BRDA:253,0,2,-
BRDA:253,0,3,-
BRDA:254,0,0,-
BRDA:254,0,1,-
BRDA:254,0,2,-
BRDA:254,0,3,-
BRDA:255,0,0,-
BRDA:255,0,1,-
BRDA:255,0,2,-
BRDA:255,0,3,-
BRDA:257,0,0,-
BRDA:257,0,1,-
BRDA:259,0,0,-
BRDA:259,0,1,-
BRDA:259,0,2,-
BRDA:259,0,3,-
BRDA:259,0,4,-
BRDA:259,0,5,-
BRDA:259,0,6,-
BRDA:259,0,7,-
BRDA:265,0,0,-
BRDA:265,0,1,-
BRDA:265,0,2,-
BRDA:265,0,3,-
BRDA:265,0,4,-
BRDA:265,0,5,-
BRDA:267,0,0,-
BRDA:267,0,1,-
BRDA:268,0,0,-
BRDA:268,0,1,-
BRDA:269,0,0,-
BRDA:269,0,1,-
BRDA:269,0,2,-
BRDA:269,0,3,-
BRDA:269,0,4,-
BRDA:269,0,5,-
BRDA:269,0,6,-
BRDA:269,0,7,-
BRDA:271,0,0,-
BRDA:271,0,1,-
BRDA:271,0,2,-
BRDA:271,0,3,-
BRDA:272,0,0,-
BRDA:272,0,1,-
BRDA:274,0,0,-
BRDA:274,0,1,-
BRDA:276,0,0,-
BRDA:276,0,1,-
BRDA:277,0,0,-
BRDA:277,0,1,-
BRDA:277,0,2,-
BRDA:277,0,3,-
BRDA:277,0,4,-
BRDA:277,0,5,-
BRDA:277,0,6,-
BRDA:277,0,7,-
BRDA:280,0,0,-
BRDA:280,0,1,-
BRDA:280,0,2,-
BRDA:280,0,3,-
BRDA:280,0,4,-
BRDA:280,0,5,-
BRDA:282,0,0,-
BRDA:282,0,1,-
BRDA:282,0,2,-
BRDA:282,0,3,-
BRDA:285,0,0,-
BRDA:285,0,1,-
BRDA:291,0,0,-
BRDA:291,0,1,-
BRDA:291,0,2,-
BRDA:291,0,3,-
BRDA:294,0,0,-
BRDA:294,0,1,-
BRDA:295,0,0,-
BRDA:295,0,1,-
BRDA:295,0,2,-
BRDA:295,0,3,-
BRDA:297,0,0,-
BRDA:297,0,1,-
BRDA:298,0,0,-
BRDA:298,0,1,-
BRDA:302,0,0,-
BRDA:302,0,1,-
BRDA:302,0,2,-
BRDA:302,0,3,-
BRDA:302,0,4,-
BRDA:302,0,5,-
BRDA:302,0,6,-
BRDA:302,0,7,-
BRDA:305,0,0,-
BRDA:305,0,1,-
BRDA:306,0,0,0
BRDA:306,0,1,0
BRDA:313,0,0,-
BRDA:313,0,1,-
BRDA:313,0,2,-
BRDA:313,0,3,-
BRDA:313,0,4,-
BRDA:313,0,5,-
BRDA:313,0,6,-
BRDA:313,0,7,-
BRDA:313,0,8,-
BRDA:313,0,9,-
BRDA:313,0,10,-
BRDA:313,0,11,-
BRDA:314,0,0,-
BRDA:314,0,1,-
BRDA:314,0,2,-
BRDA:314,0,3,-
BRDA:314,0,4,-
BRDA:314,0,5,-
BRDA:314,0,6,-
BRDA:314,0,7,-
BRDA:314,0,8,-
BRDA:314,0,9,-
BRDA:318,0,0,-
BRDA:318,0,1,-
BRDA:320,0,0,-
BRDA:320,0,1,-
BRDA:320,0,2,-
BRDA:320,0,3,-
BRDA:321,0,0,-
BRDA:321,0,1,-
BRDA:327,0,0,-
BRDA:327,0,1,-
BRDA:328,0,0,-
BRDA:328,0,1,-
BRDA:330,0,0,-
BRDA:330,0,1,-
BRDA:330,0,2,-
BRDA:330,0,3,-
BRDA:331,0,0,-
BRDA:331,0,1,-
BRDA:331,0,2,-
BRDA:331,0,3,-
BRDA:333,0,0,-
BRDA:333,0,1,-
BRDA:333,0,2,-
BRDA:333,0,3,-
BRDA:333,0,4,-
BRDA:333,0,5,-
BRDA:333,0,6,-
BRDA:333,0,7,-
BRDA:333,0,8,-
BRDA:336,0,0,-
BRDA:336,0,1,-
BRDA:337,0,0,-
BRDA:337,0,1,-
BRDA:339,0,0,-
BRDA:339,0,1,-
BRDA:340,0,0,-
BRDA:340,0,1,-
BRDA:343,0,0,-
BRDA:343,0,1,-
BRDA:344,0,0,-
BRDA:344,0,1,-
BRDA:350,0,0,-
BRDA:350,0,1,-
BRDA:351,0,0,-
BRDA:351,0,1,-
BRDA:353,0,0,-
BRDA:353,0,1,-
BRDA:358,0,0,-
BRDA:358,0,1,-
BRDA:359,0,0,-
BRDA:359,0,1,-
BRDA:361,0,0,-
BRDA:361,0,1,-
BRDA:366,0,0,-
BRDA:366,0,1,-
BRDA:367,0,0,-
BRDA:367,0,1,-
BRDA:369,0,0,-
BRDA:369,0,1,-
BRDA:375,0,0,-
BRDA:375,0,1,-
BRDA:376,0,0,-
BRDA:376,0,1,-
BRDA:378,0,0,-
BRDA:378,0,1,-
BRDA:379,0,0,-
BRDA:379,0,1,-
BRDA:382,0,0,-
BRDA:382,0,1,-
BRDA:383,0,0,-
BRDA:383,0,1,-
BRDA:384,0,0,-
BRDA:384,0,1,-
BRDA:384,0,2,-
BRDA:384,0,3,-
BRDA:385,0,0,-
BRDA:385,0,1,-
BRDA:386,0,0,-
BRDA:386,0,1,-
BRDA:389,0,0,-
BRDA:389,0,1,-
BRDA:390,0,0,-
BRDA:390,0,1,-
BRDA:397,0,0,-
BRDA:397,0,1,-
BRDA:398,0,0,-
BRDA:398,0,1,-
BRDA:400,0,0,-
BRDA:400,0,1,-
BRDA:401,0,0,-
BRDA:401,0,1,-
BRDA:401,0,2,-
BRDA:401,0,3,-
BRDA:401,0,4,-
BRDA:401,0,5,-
BRDA:404,0,0,-
BRDA:404,0,1,-
BRDA:405,0,0,-
BRDA:405,0,1,-
BRDA:406,0,0,-
BRDA:406,0,1,-
BRDA:407,0,0,-
BRDA:407,0,1,-
BRDA:410,0,0,-
BRDA:410,0,1,-
BRDA:411,0,0,-
BRDA:411,0,1,-
BRDA:413,0,0,-
BRDA:413,0,1,-
BRDA:420,0,0,-
BRDA:420,0,1,-
BRDA:421,0,0,-
BRDA:421,0,1,-
BRDA:423,0,0,-
BRDA:423,0,1,-
BRDA:424,0,0,-
BRDA:424,0,1,-
BRDA:427,0,0,-
BRDA:427,0,1,-
BRDA:428,0,0,-
BRDA:428,0,1,-
BRDA:429,0,0,-
BRDA:429,0,1,-
BRDA:429,0,2,-
BRDA:429,0,3,-
BRDA:430,0,0,-
BRDA:430,0,1,-
BRDA:431,0,0,-
BRDA:431,0,1,-
BRDA:434,0,0,-
BRDA:434,0,1,-
BRDA:435,0,0,-
BRDA:435,0,1,-
BRDA:441,0,0,-
BRDA:441,0,1,-
BRDA:442,0,0,-
BRDA:442,0,1,-
BRDA:450,0,0,0
BRDA:450,0,1,0
BRDA:451,0,0,0
BRDA:451,0,1,0
BRF:615
BRH:0
DA:3,0
DA:4,0
DA:5,0
DA:6,0
DA:7,0
DA:8,0
DA:10,0
DA:12,0
DA:13,0
DA:14,0
DA:15,0
DA:17,0
DA:18,0
DA:20,0
DA:22,0
DA:23,0
DA:24,0
DA:25,0
DA:27,0
DA:29,0
DA:30,0
DA:31,0
DA:32,0
DA:33,0
DA:35,0
DA:36,0
DA:37,0
DA:38,0
DA:40,0
DA:41,0
DA:44,0
DA:45,0
DA:48,0
DA:51,0
DA:53,0
DA:54,0
DA:56,0
DA:58,0
DA:59,0
DA:60,0
DA:61,0
DA:62,0
DA:65,0
DA:69,0
DA:70,0
DA:71,0
DA:73,0
DA:74,0
DA:76,0
DA:79,0
DA:81,0
DA:82,0
DA:85,0
DA:86,0
DA:87,0
DA:90,0
DA:91,0
DA:93,0
DA:94,0
DA:96,0
DA:97,0
DA:98,0
DA:99,0
DA:100,0
DA:105,0
DA:108,0
DA:110,0
DA:111,0
DA:113,0
DA:116,0
DA:117,0
DA:119,0
DA:120,0
DA:122,0
DA:124,0
DA:125,0
DA:126,0
DA:127,0
DA:128,0
DA:132,0
DA:135,0
DA:137,0
DA:138,0
DA:139,0
DA:141,0
DA:143,0
DA:146,0
DA:149,0
DA:150,0
DA:152,0
DA:153,0
DA:155,0
DA:158,0
DA:159,0
DA:161,0
DA:163,0
DA:164,0
DA:166,0
DA:167,0
DA:168,0
DA:169,0
DA:170,0
DA:172,0
DA:173,0
DA:175,0
DA:177,0
DA:178,0
DA:181,0
DA:183,0
DA:184,0
DA:186,0
DA:187,0
DA:189,0
DA:190,0
DA:191,0
DA:192,0
DA:196,0
DA:199,0
DA:200,0
DA:201,0
DA:203,0
DA:205,0
DA:208,0
DA:211,0
DA:212,0
DA:213,0
DA:214,0
DA:215,0
DA:217,0
DA:218,0
DA:220,0
DA:221,0
DA:222,0
DA:223,0
DA:227,0
DA:230,0
DA:231,0
DA:233,0
DA:234,0
DA:236,0
DA:237,0
DA:241,0
DA:243,0
DA:244,0
DA:245,0
DA:246,0
DA:250,0
DA:252,0
DA:253,0
DA:254,0
DA:255,0
DA:257,0
DA:259,0
DA:262,0
DA:265,0
DA:266,0
DA:267,0
DA:268,0
DA:269,0
DA:271,0
DA:272,0
DA:274,0
DA:276,0
DA:277,0
DA:280,0
DA:282,0
DA:283,0
DA:285,0
DA:286,0
DA:288,0
DA:291,0
DA:292,0
DA:294,0
DA:295,0
DA:297,0
DA:298,0
DA:302,0
DA:304,0
DA:305,0
DA:306,0
DA:307,0
DA:311,0
DA:313,0
DA:314,0
DA:315,0
DA:318,0
DA:320,0
DA:321,0
DA:323,0
DA:327,0
DA:328,0
DA:330,0
DA:331,0
DA:333,0
DA:334,0
DA:336,0
DA:337,0
DA:339,0
DA:340,0
DA:341,0
DA:343,0
DA:344,0
DA:346,0
DA:347,0
DA:348,0
DA:350,0
DA:351,0
DA:353,0
DA:354,0
DA:356,0
DA:358,0
DA:359,0
DA:361,0
DA:362,0
DA:364,0
DA:366,0
DA:367,0
DA:369,0
DA:370,0
DA:372,0
DA:374,0
DA:375,0
DA:376,0
DA:378,0
DA:379,0
DA:380,0
DA:382,0
DA:383,0
DA:384,0
DA:385,0
DA:386,0
DA:387,0
DA:389,0
DA:390,0
DA:391,0
DA:392,0
DA:393,0
DA:394,0
DA:396,0
DA:397,0
DA:398,0
DA:400,0
DA:401,0
DA:402,0
DA:404,0
DA:405,0
DA:406,0
DA:407,0
DA:408,0
DA:410,0
DA:411,0
DA:413,0
DA:415,0
DA:416,0
DA:417,0
DA:419,0
DA:420,0
DA:421,0
DA:423,0
DA:424,0
DA:425,0
DA:427,0
DA:428,0
DA:429,0
DA:430,0
DA:431,0
DA:432,0
DA:434,0
DA:435,0
DA:436,0
DA:437,0
DA:438,0
DA:439,0
DA:441,0
DA:442,0
DA:443,0
DA:445,0
DA:447,0
DA:448,0
DA:450,0
DA:451,0
DA:452,0
DA:453,0
DA:454,0
LF:284
LH:0
end_of_record
TN:
SF:/home/giaupvt/Desktop/media_player/PlayerMediaApp/src/Controller/MediaFileController.cpp
FN:3,_ZN19MediaFileControllerC2ESt10shared_ptrI9MediaFileES0_I8BaseViewE
FN:6,_ZN19MediaFileController18getDetailMediaFileENSt7__cxx1112basic_stringIcSt11char_traitsIcESaIcEEE
FN:8,_ZN19MediaFileController11addMetadataB5cxx11Ev
FN:50,_ZN19MediaFileController12editMetadataB5cxx11Ev
FN:90,_ZN19MediaFileController14deleteMetadataB5cxx11Ev
FN:119,_ZN19MediaFileController16handlerMediaFileEv
FNDA:0,_ZN19MediaFileControllerC2ESt10shared_ptrI9MediaFileES0_I8BaseViewE
FNDA:0,_ZN19MediaFileController18getDetailMediaFileENSt7__cxx1112basic_stringIcSt11char_traitsIcESaIcEEE
FNDA:0,_ZN19MediaFileController12editMetadataB5cxx11Ev
FNDA:0,_ZN19MediaFileController11addMetadataB5cxx11Ev
FNDA:0,_ZN19MediaFileController16handlerMediaFileEv
FNDA:0,_ZN19MediaFileController14deleteMetadataB5cxx11Ev
FNF:6
FNH:0
BRDA:6,0,0,-
BRDA:6,0,1,-
BRDA:15,0,0,-
BRDA:15,0,1,-
BRDA:15,0,2,-
BRDA:15,0,3,-
BRDA:17,0,0,-
BRDA:17,0,1,-
BRDA:21,0,0,-
BRDA:21,0,1,-
BRDA:22,0,0,-
BRDA:22,0,1,-
BRDA:22,0,2,-
BRDA:22,0,3,-
BRDA:25,0,0,-
BRDA:25,0,1,-
BRDA:26,0,0,-
BRDA:26,0,1,-
BRDA:26,0,2,-
BRDA:26,0,3,-
BRDA:26,0,4,-
BRDA:26,0,5,-
BRDA:27,0,0,-
BRDA:27,0,1,-
BRDA:27,0,2,-
BRDA:27,0,3,-
BRDA:29,0,0,-
BRDA:29,0,1,-
BRDA:30,0,0,-
BRDA:30,0,1,-
BRDA:30,0,2,-
BRDA:30,0,3,-
BRDA:30,0,4,-
BRDA:30,0,5,-
BRDA:31,0,0,-
BRDA:31,0,1,-
BRDA:31,0,2,-
BRDA:31,0,3,-
BRDA:35,0,0,-
BRDA:35,0,1,-
BRDA:35,0,2,-
BRDA:35,0,3,-
BRDA:36,0,0,-
BRDA:36,0,1,-
BRDA:36,0,2,-
BRDA:36,0,3,-
BRDA:36,0,4,-
BRDA:36,0,5,-
BRDA:38,0,0,-
BRDA:38,0,1,-
BRDA:41,0,0,0
BRDA:41,0,1,0
BRDA:41,0,2,0
BRDA:42,0,0,0
BRDA:42,0,1,0
BRDA:44,0,0,0
BRDA:44,0,1,0
BRDA:47,0,0,-
BRDA:47,0,1,-
BRDA:57,0,0,-
BRDA:57,0,1,-
BRDA:57,0,2,-
BRDA:57,0,3,-
BRDA:59,0,0,-
BRDA:59,0,1,-
BRDA:63,0,0,-
BRDA:63,0,1,-
BRDA:64,0,0,-
BRDA:64,0,1,-
BRDA:64,0,2,-
BRDA:64,0,3,-
BRDA:67,0,0,-
BRDA:67,0,1,-
BRDA:68,0,0,-
BRDA:68,0,1,-
BRDA:68,0,2,-
BRDA:68,0,3,-
BRDA:68,0,4,-
BRDA:68,0,5,-
BRDA:69,0,0,-
BRDA:69,0,1,-
BRDA:69,0,2,-
BRDA:69,0,3,-
BRDA:71,0,0,-
BRDA:71,0,1,-
BRDA:72,0,0,-
BRDA:72,0,1,-
BRDA:72,0,2,-
BRDA:72,0,3,-
BRDA:72,0,4,-
BRDA:72,0,5,-
BRDA:73,0,0,-
BRDA:73,0,1,-
BRDA:73,0,2,-
BRDA:73,0,3,-
BRDA:77,0,0,-
BRDA:77,0,1,-
BRDA:77,0,2,-
BRDA:77,0,3,-
BRDA:78,0,0,-
BRDA:78,0,1,-
BRDA:78,0,2,-
BRDA:78,0,3,-
BRDA:78,0,4,-
BRDA:78,0,5,-
BRDA:81,0,0,-
BRDA:81,0,1,-
BRDA:83,0,0,0
BRDA:83,0,1,0
BRDA:84,0,0,0
BRDA:84,0,1,0
BRDA:87,0,0,-
BRDA:87,0,1,-
BRDA:97,0,0,-
BRDA:97,0,1,-
BRDA:99,0,0,-
BRDA:99,0,1,-
BRDA:103,0,0,-
BRDA:103,0,1,-
BRDA:103,0,2,-
BRDA:103,0,3,-
BRDA:103,0,4,-
BRDA:103,0,5,-
BRDA:103,0,6,-
BRDA:103,0,7,-
BRDA:104,0,0,-
BRDA:104,0,1,-
BRDA:104,0,2,-
BRDA:104,0,3,-
BRDA:105,0,0,-
BRDA:105,0,1,-
BRDA:105,0,2,-
BRDA:105,0,3,-
BRDA:107,0,0,-
BRDA:107,0,1,-
BRDA:112,0,0,0
BRDA:112,0,1,0
BRDA:113,0,0,0
BRDA:113,0,1,0
BRDA:113,0,2,0
BRDA:113,0,3,0
BRDA:113,0,4,0
BRDA:113,0,5,0
BRDA:116,0,0,-
BRDA:116,0,1,-
BRDA:125,0,0,-
BRDA:125,0,1,-
BRDA:125,0,2,-
BRDA:125,0,3,-
BRDA:126,0,0,-
BRDA:126,0,1,-
BRDA:127,0,0,-
BRDA:127,0,1,-
BRDA:127,0,2,-
BRDA:127,0,3,-
BRDA:127,0,4,-
BRDA:130,0,0,-
BRDA:130,0,1,-
BRDA:133,0,0,-
BRDA:133,0,1,-
BRDA:136,0,0,-
BRDA:136,0,1,-
BRDA:143,0,0,0
BRDA:143,0,1,0
BRDA:143,0,2,0
BRDA:144,0,0,0
BRDA:144,0,1,0
BRDA:144,0,2,0
BRDA:144,0,3,0
BRDA:144,0,4,0
BRDA:144,0,5,0
BRDA:146,0,0,0
BRDA:146,0,1,0
BRDA:146,0,2,0
BRDA:146,0,3,0
BRDA:146,0,4,0
BRDA:146,0,5,0
BRDA:147,0,0,0
BRDA:147,0,1,0
BRF:179
BRH:0
DA:3,0
DA:4,0
DA:6,0
DA:8,0
DA:10,0
DA:11,0
DA:15,0
DA:17,0
DA:18,0
DA:21,0
DA:22,0
DA:25,0
DA:26,0
DA:27,0
DA:29,0
DA:30,0
DA:31,0
DA:35,0
DA:36,0
DA:38,0
DA:41,0
DA:42,0
DA:43,0
DA:44,0
DA:45,0
DA:46,0
DA:47,0
DA:48,0
DA:50,0
DA:52,0
DA:53,0
DA:57,0
DA:59,0
DA:60,0
DA:63,0
DA:64,0
DA:67,0
DA:68,0
DA:69,0
DA:71,0
DA:72,0
DA:73,0
DA:77,0
DA:78,0
DA:81,0
DA:83,0
DA:84,0
DA:85,0
DA:86,0
DA:87,0
DA:88,0
DA:90,0
DA:92,0
DA:97,0
DA:99,0
DA:100,0
DA:103,0
DA:104,0
DA:105,0
DA:107,0
DA:110,0
DA:112,0
DA:113,0
DA:114,0
DA:115,0
DA:116,0
DA:117,0
DA:119,0
DA:121,0
DA:125,0
DA:126,0
DA:127,0
DA:129,0
DA:130,0
DA:131,0
DA:132,0
DA:133,0
DA:134,0
DA:135,0
DA:136,0
DA:137,0
DA:138,0
DA:139,0
DA:140,0
DA:141,0
DA:143,0
DA:144,0
DA:145,0
DA:146,0
DA:147,0
DA:148,0
DA:149,0
LF:92
LH:0
end_of_record
TN:
SF:/home/giaupvt/Desktop/media_player/PlayerMediaApp/src/Controller/MediaFileManagerController.cpp
FN:3,_ZN26MediaFileManagerControllerC2ER16MediaFileManagerSt10shared_ptrI8BaseViewES4_S2_I22MediaScannerControllerE
FN:10,_ZN26MediaFileManagerController22addMediaFileControllerENSt7__cxx1112basic_stringIcSt11char_traitsIcESaIcEEESt10shared_ptrI19MediaFileControllerE
FN:20,_ZN26MediaFileManagerController22getMediaFileControllerERKNSt7__cxx1112basic_stringIcSt11char_traitsIcESaIcEEE
FN:31,_ZN26MediaFileManagerController13addDataFolderERKSt13unordered_setINSt7__cxx1112basic_stringIcSt11char_traitsIcESaIcEEESt4hashIS6_ESt8equal_toIS6_ESaIS6_EE
FN:63,_ZN26MediaFileManagerController11addDataFileENSt7__cxx1112basic_stringIcSt11char_traitsIcESaIcEEE
FN:83,_ZN26MediaFileManagerController10deleteDataENSt7__cxx1112basic_stringIcSt11char_traitsIcESaIcEEE
FN:92,_ZN26MediaFileManagerController16showAllMediaFileB5cxx11Ev
FN:94,_ZN26MediaFileManagerController23showAllMediaFileOfAudioB5cxx11Ev
FN:96,_ZN26MediaFileManagerController23showAllMediaFileOfVideoB5cxx11Ev
FN:98,_ZN26MediaFileManagerController23handlerMediaFileManagerEv
FNDA:0,_ZN26MediaFileManagerController10deleteDataENSt7__cxx1112basic_stringIcSt11char_traitsIcESaIcEEE
FNDA:0,_ZN26MediaFileManagerController11addDataFileENSt7__cxx1112basic_stringIcSt11char_traitsIcESaIcEEE
FNDA:0,_ZN26MediaFileManagerControllerC2ER16MediaFileManagerSt10shared_ptrI8BaseViewES4_S2_I22MediaScannerControllerE
FNDA:0,_ZN26MediaFileManagerController23showAllMediaFileOfVideoB5cxx11Ev
FNDA:0,_ZN26MediaFileManagerController16showAllMediaFileB5cxx11Ev
FNDA:0,_ZN26MediaFileManagerController22getMediaFileControllerERKNSt7__cxx1112basic_stringIcSt11char_traitsIcESaIcEEE
FNDA:0,_ZN26MediaFileManagerController23showAllMediaFileOfAudioB5cxx11Ev
FNDA:0,_ZN26MediaFileManagerController22addMediaFileControllerENSt7__cxx1112basic_stringIcSt11char_traitsIcESaIcEEESt10shared_ptrI19MediaFileControllerE
FNDA:0,_ZN26MediaFileManagerController13addDataFolderERKSt13unordered_setINSt7__cxx1112basic_stringIcSt11char_traitsIcESaIcEEESt4hashIS6_ESt8equal_toIS6_ESaIS6_EE
FNDA:0,_ZN26MediaFileManagerController23handlerMediaFileManagerEv
FNF:10
FNH:0
BRDA:14,0,0,-
BRDA:14,0,1,-
BRDA:14,0,2,-
BRDA:14,0,3,-
BRDA:23,0,0,-
BRDA:23,0,1,-
BRDA:24,0,0,-
BRDA:24,0,1,-
BRDA:25,0,0,-
BRDA:25,0,1,-
BRDA:34,0,0,-
BRDA:34,0,1,-
BRDA:39,0,0,-
BRDA:39,0,1,-
BRDA:39,0,2,-
BRDA:39,0,3,-
BRDA:39,0,4,-
BRDA:39,0,5,-
BRDA:43,0,0,-
BRDA:43,0,1,-
BRDA:43,0,2,-
BRDA:43,0,3,-
BRDA:43,0,4,-
BRDA:43,0,5,-
BRDA:43,0,6,-
BRDA:43,0,7,-
BRDA:43,0,8,-
BRDA:43,0,9,-
BRDA:46,0,0,-
BRDA:46,0,1,-
BRDA:47,0,0,-
BRDA:47,0,1,-
BRDA:47,0,2,-
BRDA:47,0,3,-
BRDA:47,0,4,-
BRDA:47,0,5,-
BRDA:47,0,6,-
BRDA:47,0,7,-
BRDA:48,0,0,-
BRDA:48,0,1,-
BRDA:50,0,0,-
BRDA:50,0,1,-
BRDA:51,0,0,-
BRDA:51,0,1,-
BRDA:51,0,2,-
BRDA:51,0,3,-
BRDA:51,0,4,-
BRDA:51,0,5,-
BRDA:51,0,6,-
BRDA:51,0,7,-
BRDA:52,0,0,-
BRDA:52,0,1,-
BRDA:55,0,0,-
BRDA:55,0,1,-
BRDA:57,0,0,0
BRDA:57,0,1,0
BRDA:58,0,0,0
BRDA:58,0,1,0
BRDA:58,0,2,0
BRDA:58,0,3,0
BRDA:70,0,0,-
BRDA:70,0,1,-
BRDA:70,0,2,-
BRDA:70,0,3,-
BRDA:70,0,4,-
BRDA:70,0,5,-
BRDA:72,0,0,-
BRDA:72,0,1,-
BRDA:72,0,2,-
BRDA:72,0,3,-
BRDA:72,0,4,-
BRDA:72,0,5,-
BRDA:72,0,6,-
BRDA:72,0,7,-
BRDA:72,0,8,-
BRDA:72,0,9,-
BRDA:74,0,0,-
BRDA:74,0,1,-
BRDA:75,0,0,-
BRDA:75,0,1,-
BRDA:75,0,2,-
BRDA:75,0,3,-
BRDA:75,0,4,-
BRDA:75,0,5,-
BRDA:76,0,0,-
BRDA:76,0,1,-
BRDA:77,0,0,-
BRDA:77,0,1,-
BRDA:77,0,2,-
BRDA:77,0,3,-
BRDA:77,0,4,-
BRDA:77,0,5,-
BRDA:85,0,0,-
BRDA:85,0,1,-
BRDA:86,0,0,-
BRDA:86,0,1,-
BRDA:86,0,2,-
BRDA:86,0,3,-
BRDA:87,0,0,-
BRDA:87,0,1,-
BRDA:92,0,0,-
BRDA:92,0,1,-
BRDA:94,0,0,-
BRDA:94,0,1,-
BRDA:96,0,0,-
BRDA:96,0,1,-
BRDA:105,0,0,-
BRDA:105,0,1,-
BRDA:106,0,0,-
BRDA:106,0,1,-
BRDA:107,0,0,-
BRDA:107,0,1,-
BRDA:107,0,2,-
BRDA:107,0,3,-
BRDA:107,0,4,-
BRDA:107,0,5,-
BRDA:108,0,0,-
BRDA:108,0,1,-
BRDA:110,0,0,-
BRDA:110,0,1,-
BRDA:111,0,0,-
BRDA:111,0,1,-
BRDA:111,0,2,-
BRDA:111,0,3,-
BRDA:111,0,4,-
BRDA:111,0,5,-
BRDA:112,0,0,-
BRDA:112,0,1,-
BRDA:115,0,0,-
BRDA:115,0,1,-
BRDA:115,0,2,-
BRDA:115,0,3,-
BRDA:117,0,0,-
BRDA:117,0,1,-
BRDA:117,0,2,-
BRDA:117,0,3,-
BRDA:117,0,4,-
BRDA:117,0,5,-
BRDA:117,0,6,-
BRDA:117,0,7,-
BRDA:122,0,0,-
BRDA:122,0,1,-
BRDA:124,0,0,-
BRDA:124,0,1,-
BRDA:124,0,2,-
BRDA:124,0,3,-
BRDA:125,0,0,-
BRDA:125,0,1,-
BRDA:127,0,0,-
BRDA:127,0,1,-
BRDA:128,0,0,-
BRDA:128,0,1,-
BRDA:129,0,0,-
BRDA:129,0,1,-
BRDA:133,0,0,-
BRDA:133,0,1,-
BRDA:133,0,2,-
BRDA:133,0,3,-
BRDA:133,0,4,-
BRDA:133,0,5,-
BRDA:133,0,6,-
BRDA:133,0,7,-
BRDA:134,0,0,-
BRDA:134,0,1,-
BRDA:137,0,0,-
BRDA:137,0,1,-
BRDA:138,0,0,-
BRDA:138,0,1,-
BRDA:140,0,0,-
BRDA:140,0,1,-
BRDA:141,0,0,-
BRDA:141,0,1,-
BRDA:144,0,0,-
BRDA:144,0,1,-
BRDA:144,0,2,-
BRDA:144,0,3,-
BRDA:145,0,0,-
BRDA:145,0,1,-
BRDA:146,0,0,-
BRDA:146,0,1,-
BRDA:148,0,0,-
BRDA:148,0,1,-
BRDA:149,0,0,-
BRDA:149,0,1,-
BRDA:151,0,0,-
BRDA:151,0,1,-
BRDA:151,0,2,-
BRDA:151,0,3,-
BRDA:154,0,0,-
BRDA:154,0,1,-
BRDA:155,0,0,0
BRDA:155,0,1,0
BRDA:161,0,0,-
BRDA:161,0,1,-
BRDA:168,0,0,-
BRDA:168,0,1,-
BRDA:169,0,0,-
BRDA:169,0,1,-
BRDA:172,0,0,-
BRDA:172,0,1,-
BRDA:172,0,2,-
BRDA:172,0,3,-
BRDA:172,0,4,-
BRDA:172,0,5,-
BRDA:172,0,6,-
BRDA:172,0,7,-
BRDA:174,0,0,-
BRDA:174,0,1,-
BRDA:177,0,0,-
BRDA:177,0,1,-
BRDA:177,0,2,-
BRDA:177,0,3,-
BRDA:177,0,4,-
BRDA:177,0,5,-
BRDA:178,0,0,-
BRDA:178,0,1,-
BRDA:178,0,2,-
BRDA:178,0,3,-
BRDA:183,0,0,-
BRDA:183,0,1,-
BRDA:189,0,0,-
BRDA:189,0,1,-
BRDA:190,0,0,-
BRDA:190,0,1,-
BRDA:193,0,0,-
BRDA:193,0,1,-
BRDA:194,0,0,-
BRDA:194,0,1,-
BRDA:197,0,0,-
BRDA:197,0,1,-
BRDA:197,0,2,-
BRDA:197,0,3,-
BRDA:197,0,4,-
BRDA:197,0,5,-
BRDA:198,0,0,-
BRDA:198,0,1,-
BRDA:200,0,0,-
BRDA:200,0,1,-
BRDA:200,0,2,-
BRDA:200,0,3,-
BRDA:206,0,0,-
BRDA:206,0,1,-
BRDA:207,0,0,-
BRDA:207,0,1,-
BRDA:210,0,0,-
BRDA:210,0,1,-
BRDA:211,0,0,-
BRDA:211,0,1,-
BRDA:214,0,0,-
BRDA:214,0,1,-
BRDA:214,0,2,-
BRDA:214,0,3,-
BRDA:214,0,4,-
BRDA:214,0,5,-
BRDA:215,0,0,-
BRDA:215,0,1,-
BRDA:215,0,2,-
BRDA:215,0,3,-
BRDA:217,0,0,-
BRDA:217,0,1,-
BRDA:217,0,2,-
BRDA:217,0,3,-
BRDA:223,0,0,-
BRDA:223,0,1,-
BRDA:224,0,0,-
BRDA:224,0,1,-
BRDA:227,0,0,-
BRDA:227,0,1,-
BRDA:228,0,0,-
BRDA:228,0,1,-
BRDA:231,0,0,-
BRDA:231,0,1,-
BRDA:231,0,2,-
BRDA:231,0,3,-
BRDA:231,0,4,-
BRDA:231,0,5,-
BRDA:232,0,0,-
BRDA:232,0,1,-
BRDA:232,0,2,-
BRDA:232,0,3,-
BRDA:234,0,0,-
BRDA:234,0,1,-
BRDA:234,0,2,-
BRDA:234,0,3,-
BRDA:242,0,0,0
BRDA:242,0,1,0
BRDA:242,0,2,0
BRDA:243,0,0,0
BRDA:243,0,1,0
BRDA:243,0,2,0
BRDA:243,0,3,0
BRDA:243,0,4,0
BRDA:243,0,5,0
BRDA:245,0,0,0
BRDA:245,0,1,0
BRDA:245,0,2,0
BRDA:245,0,3,0
BRDA:245,0,4,0
BRDA:245,0,5,0
BRDA:246,0,0,0
BRDA:246,0,1,0
BRF:301
BRH:0
DA:3,0
DA:6,0
DA:7,0
DA:8,0
DA:10,0
DA:14,0
DA:15,0
DA:17,0
DA:20,0
DA:23,0
DA:24,0
DA:25,0
DA:26,0
DA:28,0
DA:31,0
DA:34,0
DA:36,0
DA:39,0
DA:41,0
DA:43,0
DA:46,0
DA:47,0
DA:48,0
DA:50,0
DA:51,0
DA:52,0
DA:55,0
DA:57,0
DA:58,0
DA:59,0
DA:60,0
DA:61,0
DA:63,0
DA:65,0
DA:66,0
DA:70,0
DA:72,0
DA:74,0
DA:75,0
DA:76,0
DA:77,0
DA:79,0
DA:81,0
DA:83,0
DA:85,0
DA:86,0
DA:87,0
DA:89,0
DA:92,0
DA:94,0
DA:96,0
DA:98,0
DA:101,0
DA:102,0
DA:105,0
DA:106,0
DA:107,0
DA:108,0
DA:110,0
DA:111,0
DA:112,0
DA:115,0
DA:117,0
DA:118,0
DA:122,0
DA:123,0
DA:124,0
DA:125,0
DA:127,0
DA:128,0
DA:129,0
DA:130,0
DA:133,0
DA:134,0
DA:137,0
DA:138,0
DA:140,0
DA:141,0
DA:144,0
DA:145,0
DA:146,0
DA:148,0
DA:149,0
DA:151,0
DA:153,0
DA:154,0
DA:155,0
DA:156,0
DA:157,0
DA:159,0
DA:161,0
DA:162,0
DA:164,0
DA:167,0
DA:168,0
DA:169,0
DA:170,0
DA:172,0
DA:174,0
DA:175,0
DA:177,0
DA:178,0
DA:180,0
DA:182,0
DA:183,0
DA:184,0
DA:186,0
DA:188,0
DA:189,0
DA:190,0
DA:191,0
DA:193,0
DA:194,0
DA:197,0
DA:198,0
DA:199,0
DA:200,0
DA:201,0
DA:202,0
DA:203,0
DA:205,0
DA:206,0
DA:207,0
DA:208,0
DA:210,0
DA:211,0
DA:214,0
DA:215,0
DA:216,0
DA:217,0
DA:218,0
DA:219,0
DA:220,0
DA:222,0
DA:223,0
DA:224,0
DA:225,0
DA:227,0
DA:228,0
DA:231,0
DA:232,0
DA:233,0
DA:234,0
DA:235,0
DA:236,0
DA:237,0
DA:238,0
DA:239,0
DA:240,0
DA:242,0
DA:243,0
DA:244,0
DA:245,0
DA:246,0
DA:247,0
DA:248,0
LF:156
LH:0
end_of_record
TN:
SF:/home/giaupvt/Desktop/media_player/PlayerMediaApp/src/Controller/MediaPlaylistController.cpp
FN:3,_ZN23MediaPlaylistControllerC2ER16MediaFileManagerR13FolderManagerSt10shared_ptrI8PlaylistES4_I8BaseViewES8_
FN:7,_ZN23MediaPlaylistController21getListPathMediaFilesB5cxx11Ev
FN:9,_ZN23MediaPlaylistController15setNamePlaylistENSt7__cxx1112basic_stringIcSt11char_traitsIcESaIcEEE
FN:11,_ZN23MediaPlaylistController22addMediaFileInPlaylistENSt7__cxx1112basic_stringIcSt11char_traitsIcESaIcEEE
FN:21,_ZN23MediaPlaylistController20addMediaFileByFolderEv
FN:80,_ZN23MediaPlaylistController25deleteMediaFileInPlaylistENSt7__cxx1112basic_stringIcSt11char_traitsIcESaIcEEE
FN:98,_ZN23MediaPlaylistController30displayAllMediaFilesInPlaylistEv
FN:100,_ZN23MediaPlaylistController31showMenuWithMediaListInPlaylistEv
FN:102,_ZN23MediaPlaylistController15handlerPlaylistEv
FNDA:0,_ZN23MediaPlaylistController15setNamePlaylistENSt7__cxx1112basic_stringIcSt11char_traitsIcESaIcEEE
FNDA:0,_ZN23MediaPlaylistController21getListPathMediaFilesB5cxx11Ev
FNDA:0,_ZN23MediaPlaylistController15handlerPlaylistEv
FNDA:0,_ZN23MediaPlaylistController30displayAllMediaFilesInPlaylistEv
FNDA:0,_ZN23MediaPlaylistControllerC2ER16MediaFileManagerR13FolderManagerSt10shared_ptrI8PlaylistES4_I8BaseViewES8_
FNDA:0,_ZN23MediaPlaylistController25deleteMediaFileInPlaylistENSt7__cxx1112basic_stringIcSt11char_traitsIcESaIcEEE
FNDA:0,_ZN23MediaPlaylistController22addMediaFileInPlaylistENSt7__cxx1112basic_stringIcSt11char_traitsIcESaIcEEE
FNDA:0,_ZN23MediaPlaylistController31showMenuWithMediaListInPlaylistEv
FNDA:0,_ZN23MediaPlaylistController20addMediaFileByFolderEv
FNF:9
FNH:0
BRDA:9,0,0,-
BRDA:9,0,1,-
BRDA:13,0,0,-
BRDA:13,0,1,-
BRDA:13,0,2,-
BRDA:13,0,3,-
BRDA:14,0,0,-
BRDA:14,0,1,-
BRDA:14,0,2,-
BRDA:14,0,3,-
BRDA:14,0,4,-
BRDA:14,0,5,-
BRDA:17,0,0,-
BRDA:17,0,1,-
BRDA:25,0,0,-
BRDA:25,0,1,-
BRDA:26,0,0,-
BRDA:26,0,1,-
BRDA:29,0,0,-
BRDA:29,0,1,-
BRDA:30,0,0,-
BRDA:30,0,1,-
BRDA:32,0,0,-
BRDA:32,0,1,-
BRDA:32,0,2,-
BRDA:32,0,3,-
BRDA:34,0,0,-
BRDA:34,0,1,-
BRDA:34,0,2,-
BRDA:34,0,3,-
BRDA:34,0,4,-
BRDA:34,0,5,-
BRDA:38,0,0,-
BRDA:38,0,1,-
BRDA:39,0,0,-
BRDA:39,0,1,-
BRDA:39,0,2,-
BRDA:39,0,3,-
BRDA:41,0,0,-
BRDA:41,0,1,-
BRDA:42,0,0,-
BRDA:42,0,1,-
BRDA:42,0,2,-
BRDA:42,0,3,-
BRDA:44,0,0,-
BRDA:44,0,1,-
BRDA:45,0,0,-
BRDA:45,0,1,-
BRDA:45,0,2,-
BRDA:45,0,3,-
BRDA:45,0,4,-
BRDA:45,0,5,-
BRDA:49,0,0,-
BRDA:49,0,1,-
BRDA:49,0,2,-
BRDA:49,0,3,-
BRDA:49,0,4,-
BRDA:49,0,5,-
BRDA:53,0,0,-
BRDA:53,0,1,-
BRDA:55,0,0,-
BRDA:55,0,1,-
BRDA:56,0,0,-
BRDA:56,0,1,-
BRDA:57,0,0,-
BRDA:57,0,1,-
BRDA:57,0,2,-
BRDA:57,0,3,-
BRDA:59,0,0,-
BRDA:59,0,1,-
BRDA:60,0,0,-
BRDA:60,0,1,-
BRDA:60,0,2,-
BRDA:60,0,3,-
BRDA:62,0,0,-
BRDA:62,0,1,-
BRDA:63,0,0,-
BRDA:63,0,1,-
BRDA:63,0,2,-
BRDA:63,0,3,-
BRDA:63,0,4,-
BRDA:63,0,5,-
BRDA:67,0,0,-
BRDA:67,0,1,-
BRDA:67,0,2,-
BRDA:67,0,3,-
BRDA:67,0,4,-
BRDA:67,0,5,-
BRDA:71,0,0,-
BRDA:71,0,1,-
BRDA:73,0,0,-
BRDA:73,0,1,-
BRDA:85,0,0,-
BRDA:85,0,1,-
BRDA:85,0,2,-
BRDA:85,0,3,-
BRDA:89,0,0,-
BRDA:89,0,1,-
BRDA:89,0,2,-
BRDA:89,0,3,-
BRDA:89,0,4,-
BRDA:89,0,5,-
BRDA:90,0,0,-
BRDA:90,0,1,-
BRDA:98,0,0,-
BRDA:98,0,1,-
BRDA:100,0,0,-
BRDA:100,0,1,-
BRDA:110,0,0,-
BRDA:110,0,1,-
BRDA:113,0,0,-
BRDA:113,0,1,-
BRDA:114,0,0,-
BRDA:114,0,1,-
BRDA:114,0,2,-
BRDA:114,0,3,-
BRDA:114,0,4,-
BRDA:114,0,5,-
BRDA:115,0,0,-
BRDA:115,0,1,-
BRDA:118,0,0,-
BRDA:118,0,1,-
BRDA:119,0,0,-
BRDA:119,0,1,-
BRDA:119,0,2,-
BRDA:119,0,3,-
BRDA:119,0,4,-
BRDA:119,0,5,-
BRDA:120,0,0,-
BRDA:120,0,1,-
BRDA:123,0,0,-
BRDA:123,0,1,-
BRDA:125,0,0,-
BRDA:125,0,1,-
BRDA:125,0,2,-
BRDA:125,0,3,-
BRDA:125,0,4,-
BRDA:125,0,5,-
BRDA:130,0,0,-
BRDA:130,0,1,-
BRDA:130,0,2,-
BRDA:130,0,3,-
BRDA:132,0,0,-
BRDA:132,0,1,-
BRDA:136,0,0,-
BRDA:136,0,1,-
BRDA:136,0,2,-
BRDA:136,0,3,-
BRDA:136,0,4,-
BRDA:136,0,5,-
BRDA:138,0,0,-
BRDA:138,0,1,-
BRDA:138,0,2,-
BRDA:138,0,3,-
BRDA:140,0,0,-
BRDA:140,0,1,-
BRDA:140,0,2,-
BRDA:140,0,3,-
BRDA:146,0,0,-
BRDA:146,0,1,-
BRDA:146,0,2,-
BRDA:146,0,3,-
BRDA:147,0,0,-
BRDA:147,0,1,-
BRDA:149,0,0,-
BRDA:149,0,1,-
BRDA:156,0,0,-
BRDA:156,0,1,-
BRDA:157,0,0,-
BRDA:157,0,1,-
BRDA:160,0,0,-
BRDA:160,0,1,-
BRDA:160,0,2,-
BRDA:160,0,3,-
BRDA:160,0,4,-
BRDA:160,0,5,-
BRDA:161,0,0,-
BRDA:161,0,1,-
BRDA:161,0,2,-
BRDA:161,0,3,-
BRDA:166,0,0,-
BRDA:166,0,1,-
BRDA:171,0,0,-
BRDA:171,0,1,-
BRDA:172,0,0,-
BRDA:172,0,1,-
BRDA:175,0,0,-
BRDA:175,0,1,-
BRDA:175,0,2,-
BRDA:175,0,3,-
BRDA:176,0,0,-
BRDA:176,0,1,-
BRDA:184,0,0,0
BRDA:184,0,1,0
BRDA:184,0,2,0
BRDA:185,0,0,0
BRDA:185,0,1,0
BRDA:185,0,2,0
BRDA:185,0,3,0
BRDA:185,0,4,0
BRDA:185,0,5,0
BRDA:187,0,0,0
BRDA:187,0,1,0
BRDA:187,0,2,0
BRDA:187,0,3,0
BRDA:187,0,4,0
BRDA:187,0,5,0
BRDA:188,0,0,0
BRDA:188,0,1,0
BRF:209
BRH:0
DA:3,0
DA:4,0
DA:5,0
DA:7,0
DA:9,0
DA:11,0
DA:13,0
DA:14,0
DA:15,0
DA:17,0
DA:18,0
DA:19,0
DA:21,0
DA:23,0
DA:25,0
DA:26,0
DA:28,0
DA:29,0
DA:30,0
DA:32,0
DA:34,0
DA:35,0
DA:38,0
DA:39,0
DA:41,0
DA:42,0
DA:44,0
DA:45,0
DA:46,0
DA:49,0
DA:50,0
DA:53,0
DA:54,0
DA:55,0
DA:56,0
DA:57,0
DA:59,0
DA:60,0
DA:62,0
DA:63,0
DA:64,0
DA:67,0
DA:68,0
DA:71,0
DA:72,0
DA:73,0
DA:74,0
DA:76,0
DA:77,0
DA:80,0
DA:83,0
DA:85,0
DA:86,0
DA:89,0
DA:90,0
DA:91,0
DA:94,0
DA:98,0
DA:100,0
DA:102,0
DA:106,0
DA:107,0
DA:110,0
DA:113,0
DA:114,0
DA:115,0
DA:118,0
DA:119,0
DA:120,0
DA:123,0
DA:125,0
DA:126,0
DA:128,0
DA:130,0
DA:132,0
DA:133,0
DA:136,0
DA:138,0
DA:140,0
DA:142,0
DA:143,0
DA:144,0
DA:146,0
DA:147,0
DA:149,0
DA:151,0
DA:153,0
DA:155,0
DA:156,0
DA:157,0
DA:158,0
DA:160,0
DA:161,0
DA:163,0
DA:165,0
DA:166,0
DA:168,0
DA:169,0
DA:171,0
DA:172,0
DA:173,0
DA:175,0
DA:176,0
DA:177,0
DA:178,0
DA:179,0
DA:180,0
DA:181,0
DA:182,0
DA:184,0
DA:185,0
DA:186,0
DA:187,0
DA:188,0
DA:189,0
DA:190,0
LF:116
LH:0
end_of_record
TN:
SF:/home/giaupvt/Desktop/media_player/PlayerMediaApp/src/Controller/MediaPlaylistManagerController.cpp
FN:2,_ZN30MediaPlaylistManagerControllerC2ER15PlaylistManagerR16MediaFileManagerR13FolderManagerSt10shared_ptrI8BaseViewES8_S8_
FN:6,_ZN30MediaPlaylistManagerController26addMediaPlaylistControllerENSt7__cxx1112basic_stringIcSt11char_traitsIcESaIcEEESt10shared_ptrI23MediaPlaylistControllerE
FN:14,_ZN30MediaPlaylistManagerController26getMediaPlaylistControllerERKNSt7__cxx1112basic_stringIcSt11char_traitsIcESaIcEEE
FN:24,_ZN30MediaPlaylistManagerController14createPlaylistENSt7__cxx1112basic_stringIcSt11char_traitsIcESaIcEEE
FN:32,_ZZN30MediaPlaylistManagerController14createPlaylistENSt7__cxx1112basic_stringIcSt11char_traitsIcESaIcEEEENKUlhE_clEh
FN:36,_ZZN30MediaPlaylistManagerController14createPlaylistENSt7__cxx1112basic_stringIcSt11char_traitsIcESaIcEEEENKUlhE0_clEh
FN:53,_ZN30MediaPlaylistManagerController14deletePlaylistENSt7__cxx1112basic_stringIcSt11char_traitsIcESaIcEEE
FN:69,_ZN30MediaPlaylistManagerController18displayAllPlaylistB5cxx11Ev
FN:71,_ZN30MediaPlaylistManagerController22handlerPlaylistManagerEv
FNDA:0,_ZN30MediaPlaylistManagerController26addMediaPlaylistControllerENSt7__cxx1112basic_stringIcSt11char_traitsIcESaIcEEESt10shared_ptrI23MediaPlaylistControllerE
FNDA:0,_ZN30MediaPlaylistManagerController14deletePlaylistENSt7__cxx1112basic_stringIcSt11char_traitsIcESaIcEEE
FNDA:0,_ZN30MediaPlaylistManagerController14createPlaylistENSt7__cxx1112basic_stringIcSt11char_traitsIcESaIcEEE
FNDA:0,_ZN30MediaPlaylistManagerController26getMediaPlaylistControllerERKNSt7__cxx1112basic_stringIcSt11char_traitsIcESaIcEEE
FNDA:0,_ZN30MediaPlaylistManagerController22handlerPlaylistManagerEv
FNDA:0,_ZZN30MediaPlaylistManagerController14createPlaylistENSt7__cxx1112basic_stringIcSt11char_traitsIcESaIcEEEENKUlhE0_clEh
FNDA:0,_ZZN30MediaPlaylistManagerController14createPlaylistENSt7__cxx1112basic_stringIcSt11char_traitsIcESaIcEEEENKUlhE_clEh
FNDA:0,_ZN30MediaPlaylistManagerControllerC2ER15PlaylistManagerR16MediaFileManagerR13FolderManagerSt10shared_ptrI8BaseViewES8_S8_
FNDA:0,_ZN30MediaPlaylistManagerController18displayAllPlaylistB5cxx11Ev
FNF:9
FNH:0
BRDA:8,0,0,-
BRDA:8,0,1,-
BRDA:8,0,2,-
BRDA:8,0,3,-
BRDA:16,0,0,-
BRDA:16,0,1,-
BRDA:17,0,0,-
BRDA:17,0,1,-
BRDA:18,0,0,-
BRDA:18,0,1,-
BRDA:28,0,0,-
BRDA:28,0,1,-
BRDA:29,0,0,-
BRDA:29,0,1,-
BRDA:29,0,2,-
BRDA:29,0,3,-
BRDA:32,0,0,-
BRDA:32,0,1,-
BRDA:32,0,2,-
BRDA:32,0,3,-
BRDA:33,0,0,-
BRDA:33,0,1,-
BRDA:33,0,2,-
BRDA:33,0,3,-
BRDA:36,0,0,-
BRDA:36,0,1,-
BRDA:36,0,2,-
BRDA:36,0,3,-
BRDA:37,0,0,-
BRDA:37,0,1,-
BRDA:37,0,2,-
BRDA:37,0,3,-
BRDA:39,0,0,-
BRDA:39,0,1,-
BRDA:39,0,2,-
BRDA:39,0,3,-
BRDA:42,0,0,-
BRDA:42,0,1,-
BRDA:42,0,2,-
BRDA:42,0,3,-
BRDA:42,0,4,-
BRDA:42,0,5,-
BRDA:43,0,0,-
BRDA:43,0,1,-
BRDA:46,0,0,-
BRDA:46,0,1,-
BRDA:46,0,2,-
BRDA:46,0,3,-
BRDA:47,0,0,-
BRDA:47,0,1,-
BRDA:48,0,0,0
BRDA:48,0,1,0
BRDA:49,0,0,0
BRDA:49,0,1,0
BRDA:57,0,0,-
BRDA:57,0,1,-
BRDA:57,0,2,-
BRDA:57,0,3,-
BRDA:61,0,0,-
BRDA:61,0,1,-
BRDA:61,0,2,-
BRDA:61,0,3,-
BRDA:61,0,4,-
BRDA:61,0,5,-
BRDA:62,0,0,-
BRDA:62,0,1,-
BRDA:69,0,0,-
BRDA:69,0,1,-
BRDA:79,0,0,-
BRDA:79,0,1,-
BRDA:82,0,0,-
BRDA:82,0,1,-
BRDA:83,0,0,-
BRDA:83,0,1,-
BRDA:83,0,2,-
BRDA:83,0,3,-
BRDA:83,0,4,-
BRDA:83,0,5,-
BRDA:84,0,0,-
BRDA:84,0,1,-
BRDA:87,0,0,-
BRDA:87,0,1,-
BRDA:88,0,0,-
BRDA:88,0,1,-
BRDA:88,0,2,-
BRDA:88,0,3,-
BRDA:88,0,4,-
BRDA:88,0,5,-
BRDA:89,0,0,-
BRDA:89,0,1,-
BRDA:92,0,0,-
BRDA:92,0,1,-
BRDA:92,0,2,-
BRDA:92,0,3,-
BRDA:94,0,0,-
BRDA:94,0,1,-
BRDA:94,0,2,-
BRDA:94,0,3,-
BRDA:94,0,4,-
BRDA:98,0,0,-
BRDA:98,0,1,-
BRDA:99,0,0,-
BRDA:99,0,1,-
BRDA:102,0,0,-
BRDA:102,0,1,-
BRDA:102,0,2,-
BRDA:102,0,3,-
BRDA:102,0,4,-
BRDA:102,0,5,-
BRDA:103,0,0,-
BRDA:103,0,1,-
BRDA:103,0,2,-
BRDA:103,0,3,-
BRDA:105,0,0,-
BRDA:105,0,1,-
BRDA:105,0,2,-
BRDA:105,0,3,-
BRDA:114,0,0,-
BRDA:114,0,1,-
BRDA:115,0,0,-
BRDA:115,0,1,-
BRDA:118,0,0,-
BRDA:118,0,1,-
BRDA:118,0,2,-
BRDA:118,0,3,-
BRDA:118,0,4,-
BRDA:118,0,5,-
BRDA:119,0,0,-
BRDA:119,0,1,-
BRDA:119,0,2,-
BRDA:119,0,3,-
BRDA:124,0,0,-
BRDA:124,0,1,-
BRDA:130,0,0,-
BRDA:130,0,1,-
BRDA:131,0,0,-
BRDA:131,0,1,-
BRDA:134,0,0,-
BRDA:134,0,1,-
BRDA:134,0,2,-
BRDA:134,0,3,-
BRDA:135,0,0,-
BRDA:135,0,1,-
BRDA:135,0,2,-
BRDA:135,0,3,-
BRDA:135,0,4,-
BRDA:135,0,5,-
BRDA:136,0,0,-
BRDA:136,0,1,-
BRDA:138,0,0,-
BRDA:138,0,1,-
BRDA:138,0,2,-
BRDA:138,0,3,-
BRDA:146,0,0,0
BRDA:146,0,1,0
BRDA:146,0,2,0
BRDA:147,0,0,0
BRDA:147,0,1,0
BRDA:147,0,2,0
BRDA:147,0,3,0
BRDA:147,0,4,0
BRDA:147,0,5,0
BRDA:149,0,0,0
BRDA:149,0,1,0
BRDA:149,0,2,0
BRDA:149,0,3,0
BRDA:149,0,4,0
BRDA:149,0,5,0
BRDA:150,0,0,0
BRDA:150,0,1,0
BRF:170
BRH:0
DA:2,0
DA:3,0
DA:4,0
DA:6,0
DA:8,0
DA:9,0
DA:11,0
DA:12,0
DA:14,0
DA:16,0
DA:17,0
DA:18,0
DA:19,0
DA:21,0
DA:24,0
DA:28,0
DA:29,0
DA:32,0
DA:33,0
DA:36,0
DA:37,0
DA:39,0
DA:42,0
DA:43,0
DA:46,0
DA:47,0
DA:48,0
DA:49,0
DA:50,0
DA:53,0
DA:55,0
DA:57,0
DA:58,0
DA:61,0
DA:62,0
DA:63,0
DA:65,0
DA:69,0
DA:71,0
DA:75,0
DA:76,0
DA:79,0
DA:82,0
DA:83,0
DA:84,0
DA:87,0
DA:88,0
DA:89,0
DA:92,0
DA:94,0
DA:95,0
DA:97,0
DA:98,0
DA:99,0
DA:100,0
DA:102,0
DA:103,0
DA:105,0
DA:108,0
DA:109,0
DA:110,0
DA:113,0
DA:114,0
DA:115,0
DA:116,0
DA:118,0
DA:119,0
DA:121,0
DA:123,0
DA:124,0
DA:125,0
DA:127,0
DA:129,0
DA:130,0
DA:131,0
DA:132,0
DA:134,0
DA:135,0
DA:136,0
DA:137,0
DA:138,0
DA:139,0
DA:140,0
DA:141,0
DA:142,0
DA:143,0
DA:144,0
DA:146,0
DA:147,0
DA:148,0
DA:149,0
DA:150,0
DA:151,0
DA:152,0
LF:94
LH:0
end_of_record
TN:
SF:/home/giaupvt/Desktop/media_player/PlayerMediaApp/src/Controller/MediaScannerController.cpp
FN:3,_ZN22MediaScannerControllerC2ER16MediaFileManagerR15PlaylistManagerR13FolderManagerSt10shared_ptrI8BaseViewE
FN:7,_Z13has_extensionRKNSt7__cxx1112basic_stringIcSt11char_traitsIcESaIcEEES6_
FN:15,_Z12list_foldersRKNSt7__cxx1112basic_stringIcSt11char_traitsIcESaIcEEE
FN:37,_Z16list_media_filesRKNSt7__cxx1112basic_stringIcSt11char_traitsIcESaIcEEE
FN:62,_Z16scan_all_foldersRKNSt7__cxx1112basic_stringIcSt11char_traitsIcESaIcEEE
FN:73,_ZN22MediaScannerController21addDataFileWithFolderENSt7__cxx1112basic_stringIcSt11char_traitsIcESaIcEEES5_
FN:105,_Z10fileExistsRKNSt7__cxx1112basic_stringIcSt11char_traitsIcESaIcEEE
FN:107,_ZN22MediaScannerController8loadDataEv
FN:150,_ZN22MediaScannerController10loadFolderEv
FN:195,_ZN22MediaScannerController17loadMediaPlaylistEv
FN:234,_ZN22MediaScannerController12getListPathsB5cxx11Ev
FN:236,_ZN22MediaScannerController17scanHomeDirectoryEv
FN:284,_ZN22MediaScannerController14scanUSBDevicesEv
FN:340,_ZN22MediaScannerController20checkFolderDirectoryEv
FN:342,_ZN22MediaScannerController14checkFolderUSBEv
FN:344,_ZN22MediaScannerController10scanFolderERKNSt7__cxx1112basic_stringIcSt11char_traitsIcESaIcEEE
FN:354,_ZN22MediaScannerController10handleScanEb
FNDA:0,_ZN22MediaScannerController10scanFolderERKNSt7__cxx1112basic_stringIcSt11char_traitsIcESaIcEEE
FNDA:0,_Z13has_extensionRKNSt7__cxx1112basic_stringIcSt11char_traitsIcESaIcEEES6_
FNDA:0,_ZN22MediaScannerController20checkFolderDirectoryEv
FNDA:0,_Z16list_media_filesRKNSt7__cxx1112basic_stringIcSt11char_traitsIcESaIcEEE
FNDA:0,_ZN22MediaScannerController14checkFolderUSBEv
FNDA:0,_ZN22MediaScannerController14scanUSBDevicesEv
FNDA:0,_ZN22MediaScannerController10handleScanEb
FNDA:0,_ZN22MediaScannerController12getListPathsB5cxx11Ev
FNDA:0,_ZN22MediaScannerControllerC2ER16MediaFileManagerR15PlaylistManagerR13FolderManagerSt10shared_ptrI8BaseViewE
FNDA:0,_ZN22MediaScannerController10loadFolderEv
FNDA:0,_ZN22MediaScannerController17loadMediaPlaylistEv
FNDA:0,_ZN22MediaScannerController17scanHomeDirectoryEv
FNDA:0,_ZN22MediaScannerController8loadDataEv
FNDA:0,_Z10fileExistsRKNSt7__cxx1112basic_stringIcSt11char_traitsIcESaIcEEE
FNDA:0,_Z12list_foldersRKNSt7__cxx1112basic_stringIcSt11char_traitsIcESaIcEEE
FNDA:0,_ZN22MediaScannerController21addDataFileWithFolderENSt7__cxx1112basic_stringIcSt11char_traitsIcESaIcEEES5_
FNDA:0,_Z16scan_all_foldersRKNSt7__cxx1112basic_stringIcSt11char_traitsIcESaIcEEE
FNF:17
FNH:0
BRDA:9,0,0,-
BRDA:9,0,1,-
BRDA:18,0,0,-
BRDA:18,0,1,-
BRDA:19,0,0,-
BRDA:19,0,1,-
BRDA:20,0,0,-
BRDA:20,0,1,-
BRDA:24,0,0,-
BRDA:24,0,1,-
BRDA:24,0,2,-
BRDA:24,0,3,-
BRDA:25,0,0,-
BRDA:25,0,1,-
BRDA:25,0,2,-
BRDA:25,0,3,-
BRDA:25,0,4,-
BRDA:25,0,5,-
BRDA:25,0,6,-
BRDA:25,0,7,-
BRDA:25,0,8,-
BRDA:25,0,9,-
BRDA:25,0,10,-
BRDA:25,0,11,-
BRDA:25,0,12,-
BRDA:25,0,13,-
BRDA:25,0,14,-
BRDA:25,0,15,-
BRDA:25,0,16,-
BRDA:25,0,17,-
BRDA:25,0,18,-
BRDA:25,0,19,-
BRDA:25,0,20,-
BRDA:25,0,21,-
BRDA:25,0,22,-
BRDA:25,0,23,-
BRDA:25,0,24,-
BRDA:25,0,25,-
BRDA:26,0,0,-
BRDA:26,0,1,-
BRDA:26,0,2,-
BRDA:26,0,3,-
BRDA:28,0,0,-
BRDA:28,0,1,-
BRDA:28,0,2,-
BRDA:28,0,3,-
BRDA:28,0,4,-
BRDA:28,0,5,-
BRDA:29,0,0,-
BRDA:29,0,1,-
BRDA:33,0,0,-
BRDA:33,0,1,-
BRDA:40,0,0,-
BRDA:40,0,1,-
BRDA:41,0,0,-
BRDA:41,0,1,-
BRDA:42,0,0,-
BRDA:42,0,1,-
BRDA:46,0,0,-
BRDA:46,0,1,-
BRDA:46,0,2,-
BRDA:46,0,3,-
BRDA:47,0,0,-
BRDA:47,0,1,-
BRDA:47,0,2,-
BRDA:47,0,3,-
BRDA:47,0,4,-
BRDA:47,0,5,-
BRDA:47,0,6,-
BRDA:47,0,7,-
BRDA:47,0,8,-
BRDA:47,0,9,-
BRDA:47,0,10,-
BRDA:47,0,11,-
BRDA:47,0,12,-
BRDA:47,0,13,-
BRDA:47,0,14,-
BRDA:47,0,15,-
BRDA:47,0,16,-
BRDA:47,0,17,-
BRDA:47,0,18,-
BRDA:47,0,19,-
BRDA:47,0,20,-
BRDA:47,0,21,-
BRDA:47,0,22,-
BRDA:47,0,23,-
BRDA:47,0,24,-
BRDA:47,0,25,-
BRDA:48,0,0,-
BRDA:48,0,1,-
BRDA:48,0,2,-
BRDA:48,0,3,-
BRDA:50,0,0,-
BRDA:50,0,1,-
BRDA:50,0,2,-
BRDA:50,0,3,-
BRDA:50,0,4,-
BRDA:50,0,5,-
BRDA:51,0,0,-
BRDA:51,0,1,-
BRDA:52,0,0,-
BRDA:52,0,1,-
BRDA:52,0,2,-
BRDA:52,0,3,-
BRDA:52,0,4,-
BRDA:52,0,5,-
BRDA:52,0,6,-
BRDA:52,0,7,-
BRDA:52,0,8,-
BRDA:52,0,9,-
BRDA:52,0,10,-
BRDA:52,0,11,-
BRDA:52,0,12,-
BRDA:52,0,13,-
BRDA:52,0,14,-
BRDA:52,0,15,-
BRDA:52,0,16,-
BRDA:52,0,17,-
BRDA:52,0,18,-
BRDA:52,0,19,-
BRDA:52,0,20,-
BRDA:52,0,21,-
BRDA:52,0,22,-
BRDA:52,0,23,-
BRDA:52,0,24,-
BRDA:52,0,25,-
BRDA:52,0,26,-
BRDA:52,0,27,-
BRDA:52,0,28,-
BRDA:52,0,29,-
BRDA:53,0,0,-
BRDA:53,0,1,-
BRDA:58,0,0,-
BRDA:58,0,1,-
BRDA:65,0,0,-
BRDA:65,0,1,-
BRDA:66,0,0,-
BRDA:66,0,1,-
BRDA:67,0,0,-
BRDA:67,0,1,-
BRDA:68,0,0,-
BRDA:68,0,1,-
BRDA:77,0,0,-
BRDA:77,0,1,-
BRDA:78,0,0,-
BRDA:78,0,1,-
BRDA:78,0,2,-
BRDA:78,0,3,-
BRDA:79,0,0,-
BRDA:79,0,1,-
BRDA:80,0,0,-
BRDA:80,0,1,-
BRDA:80,0,2,-
BRDA:80,0,3,-
BRDA:83,0,0,-
BRDA:83,0,1,-
BRDA:83,0,2,-
BRDA:83,0,3,-
BRDA:83,0,4,-
BRDA:83,0,5,-
BRDA:86,0,0,-
BRDA:86,0,1,-
BRDA:86,0,2,-
BRDA:86,0,3,-
BRDA:86,0,4,-
BRDA:86,0,5,-
BRDA:86,0,6,-
BRDA:86,0,7,-
BRDA:86,0,8,-
BRDA:86,0,9,-
BRDA:89,0,0,-
BRDA:89,0,1,-
BRDA:89,0,2,-
BRDA:89,0,3,-
BRDA:89,0,4,-
BRDA:89,0,5,-
BRDA:89,0,6,-
BRDA:89,0,7,-
BRDA:89,0,8,-
BRDA:89,0,9,-
BRDA:91,0,0,-
BRDA:91,0,1,-
BRDA:92,0,0,-
BRDA:92,0,1,-
BRDA:92,0,2,-
BRDA:92,0,3,-
BRDA:92,0,4,-
BRDA:92,0,5,-
BRDA:92,0,6,-
BRDA:92,0,7,-
BRDA:93,0,0,-
BRDA:93,0,1,-
BRDA:95,0,0,-
BRDA:95,0,1,-
BRDA:96,0,0,-
BRDA:96,0,1,-
BRDA:96,0,2,-
BRDA:96,0,3,-
BRDA:96,0,4,-
BRDA:96,0,5,-
BRDA:96,0,6,-
BRDA:96,0,7,-
BRDA:97,0,0,-
BRDA:97,0,1,-
BRDA:100,0,0,-
BRDA:100,0,1,-
BRDA:100,0,2,-
BRDA:100,0,3,-
BRDA:100,0,4,-
BRDA:100,0,5,-
BRDA:109,0,0,-
BRDA:109,0,1,-
BRDA:110,0,0,-
BRDA:110,0,1,-
BRDA:112,0,0,-
BRDA:112,0,1,-
BRDA:112,0,2,-
BRDA:112,0,3,-
BRDA:112,0,4,-
BRDA:112,0,5,-
BRDA:112,0,6,-
BRDA:112,0,7,-
BRDA:112,0,8,-
BRDA:112,0,9,-
BRDA:114,0,0,-
BRDA:114,0,1,-
BRDA:114,0,2,-
BRDA:114,0,3,-
BRDA:114,0,4,-
BRDA:114,0,5,-
BRDA:115,0,0,-
BRDA:115,0,1,-
BRDA:116,0,0,-
BRDA:116,0,1,-
BRDA:116,0,2,-
BRDA:116,0,3,-
BRDA:116,0,4,-
BRDA:116,0,5,-
BRDA:117,0,0,-
BRDA:117,0,1,-
BRDA:117,0,2,-
BRDA:117,0,3,-
BRDA:119,0,0,-
BRDA:119,0,1,-
BRDA:119,0,2,-
BRDA:119,0,3,-
BRDA:119,0,4,-
BRDA:119,0,5,-
BRDA:122,0,0,-
BRDA:122,0,1,-
BRDA:123,0,0,-
BRDA:123,0,1,-
BRDA:129,0,0,-
BRDA:129,0,1,-
BRDA:130,0,0,-
BRDA:130,0,1,-
BRDA:132,0,0,-
BRDA:132,0,1,-
BRDA:132,0,2,-
BRDA:132,0,3,-
BRDA:132,0,4,-
BRDA:132,0,5,-
BRDA:132,0,6,-
BRDA:132,0,7,-
BRDA:132,0,8,-
BRDA:132,0,9,-
BRDA:134,0,0,-
BRDA:134,0,1,-
BRDA:134,0,2,-
BRDA:134,0,3,-
BRDA:134,0,4,-
BRDA:134,0,5,-
BRDA:135,0,0,-
BRDA:135,0,1,-
BRDA:136,0,0,-
BRDA:136,0,1,-
BRDA:136,0,2,-
BRDA:136,0,3,-
BRDA:136,0,4,-
BRDA:136,0,5,-
BRDA:137,0,0,-
BRDA:137,0,1,-
BRDA:137,0,2,-
BRDA:137,0,3,-
BRDA:139,0,0,-
BRDA:139,0,1,-
BRDA:139,0,2,-
BRDA:139,0,3,-
BRDA:139,0,4,-
BRDA:139,0,5,-
BRDA:142,0,0,-
BRDA:142,0,1,-
BRDA:143,0,0,-
BRDA:143,0,1,-
BRDA:154,0,0,-
BRDA:154,0,1,-
BRDA:155,0,0,-
BRDA:155,0,1,-
BRDA:155,0,2,-
BRDA:155,0,3,-
BRDA:156,0,0,-
BRDA:156,0,1,-
BRDA:160,0,0,-
BRDA:160,0,1,-
BRDA:160,0,2,-
BRDA:160,0,3,-
BRDA:160,0,4,-
BRDA:160,0,5,-
BRDA:161,0,0,-
BRDA:161,0,1,-
BRDA:165,0,0,-
BRDA:165,0,1,-
BRDA:166,0,0,-
BRDA:166,0,1,-
BRDA:167,0,0,-
BRDA:167,0,1,-
BRDA:167,0,2,-
BRDA:167,0,3,-
BRDA:170,0,0,-
BRDA:170,0,1,-
BRDA:173,0,0,-
BRDA:173,0,1,-
BRDA:174,0,0,-
BRDA:174,0,1,-
BRDA:174,0,2,-
BRDA:174,0,3,-
BRDA:175,0,0,-
BRDA:175,0,1,-
BRDA:178,0,0,-
BRDA:178,0,1,-
BRDA:178,0,2,-
BRDA:178,0,3,-
BRDA:178,0,4,-
BRDA:178,0,5,-
BRDA:179,0,0,-
BRDA:179,0,1,-
BRDA:183,0,0,-
BRDA:183,0,1,-
BRDA:184,0,0,-
BRDA:184,0,1,-
BRDA:185,0,0,-
BRDA:185,0,1,-
BRDA:185,0,2,-
BRDA:185,0,3,-
BRDA:188,0,0,-
BRDA:188,0,1,-
BRDA:190,0,0,-
BRDA:190,0,1,-
BRDA:191,0,0,0
BRDA:191,0,1,0
BRDA:191,0,2,0
BRDA:191,0,3,0
BRDA:191,0,4,0
BRDA:191,0,5,0
BRDA:197,0,0,-
BRDA:197,0,1,-
BRDA:199,0,0,-
BRDA:199,0,1,-
BRDA:199,0,2,-
BRDA:199,0,3,-
BRDA:199,0,4,-
BRDA:199,0,5,-
BRDA:199,0,6,-
BRDA:199,0,7,-
BRDA:199,0,8,-
BRDA:199,0,9,-
BRDA:199,0,10,-
BRDA:199,0,11,-
BRDA:199,0,12,-
BRDA:199,0,13,-
BRDA:199,0,14,-
BRDA:199,0,15,-
BRDA:199,0,16,-
BRDA:199,0,17,-
BRDA:199,0,18,-
BRDA:199,0,19,-
BRDA:199,0,20,-
BRDA:199,0,21,-
BRDA:200,0,0,-
BRDA:200,0,1,-
BRDA:200,0,2,-
BRDA:200,0,3,-
BRDA:200,0,4,-
BRDA:200,0,5,-
BRDA:204,0,0,-
BRDA:204,0,1,-
BRDA:206,0,0,-
BRDA:206,0,1,-
BRDA:206,0,2,-
BRDA:206,0,3,-
BRDA:206,0,4,-
BRDA:206,0,5,-
BRDA:206,0,6,-
BRDA:206,0,7,-
BRDA:207,0,0,-
BRDA:207,0,1,-
BRDA:207,0,2,-
BRDA:207,0,3,-
BRDA:208,0,0,-
BRDA:208,0,1,-
BRDA:208,0,2,-
BRDA:208,0,3,-
BRDA:209,0,0,-
BRDA:209,0,1,-
BRDA:211,0,0,-
BRDA:211,0,1,-
BRDA:213,0,0,-
BRDA:213,0,1,-
BRDA:214,0,0,-
BRDA:214,0,1,-
BRDA:214,0,2,-
BRDA:214,0,3,-
BRDA:216,0,0,-
BRDA:216,0,1,-
BRDA:216,0,2,-
BRDA:216,0,3,-
BRDA:216,0,4,-
BRDA:216,0,5,-
BRDA:217,0,0,-
BRDA:217,0,1,-
BRDA:218,0,0,-
BRDA:218,0,1,-
BRDA:218,0,2,-
BRDA:218,0,3,-
BRDA:219,0,0,-
BRDA:219,0,1,-
BRDA:224,0,0,-
BRDA:224,0,1,-
BRDA:226,0,0,-
BRDA:226,0,1,-
BRDA:226,0,2,-
BRDA:226,0,3,-
BRDA:226,0,4,-
BRDA:226,0,5,-
BRDA:229,0,0,-
BRDA:229,0,1,-
BRDA:232,0,0,-
BRDA:232,0,1,-
BRDA:244,0,0,-
BRDA:244,0,1,-
BRDA:245,0,0,-
BRDA:245,0,1,-
BRDA:248,0,0,-
BRDA:248,0,1,-
BRDA:249,0,0,-
BRDA:249,0,1,-
BRDA:251,0,0,-
BRDA:251,0,1,-
BRDA:252,0,0,-
BRDA:252,0,1,-
BRDA:255,0,0,-
BRDA:255,0,1,-
BRDA:255,0,2,-
BRDA:255,0,3,-
BRDA:256,0,0,-
BRDA:256,0,1,-
BRDA:259,0,0,-
BRDA:259,0,1,-
BRDA:260,0,0,-
BRDA:260,0,1,-
BRDA:262,0,0,-
BRDA:262,0,1,-
BRDA:262,0,2,-
BRDA:262,0,3,-
BRDA:262,0,4,-
BRDA:262,0,5,-
BRDA:263,0,0,-
BRDA:263,0,1,-
BRDA:263,0,2,-
BRDA:263,0,3,-
BRDA:265,0,0,-
BRDA:265,0,1,-
BRDA:265,0,2,-
BRDA:265,0,3,-
BRDA:268,0,0,-
BRDA:268,0,1,-
BRDA:269,0,0,-
BRDA:269,0,1,-
BRDA:270,0,0,-
BRDA:270,0,1,-
BRDA:273,0,0,-
BRDA:273,0,1,-
BRDA:274,0,0,-
BRDA:274,0,1,-
BRDA:276,0,0,-
BRDA:276,0,1,-
BRDA:276,0,2,-
BRDA:276,0,3,-
BRDA:277,0,0,-
BRDA:277,0,1,-
BRDA:277,0,2,-
BRDA:277,0,3,-
BRDA:277,0,4,-
BRDA:277,0,5,-
BRDA:279,0,0,-
BRDA:279,0,1,-
BRDA:279,0,2,-
BRDA:279,0,3,-
BRDA:279,0,4,-
BRDA:279,0,5,-
BRDA:279,0,6,-
BRDA:279,0,7,-
BRDA:280,0,0,0
BRDA:280,0,1,0
BRDA:280,0,2,0
BRDA:280,0,3,0
BRDA:290,0,0,-
BRDA:290,0,1,-
BRDA:290,0,2,-
BRDA:290,0,3,-
BRDA:291,0,0,-
BRDA:291,0,1,-
BRDA:291,0,2,-
BRDA:291,0,3,-
BRDA:291,0,4,-
BRDA:291,0,5,-
BRDA:293,0,0,-
BRDA:293,0,1,-
BRDA:295,0,0,-
BRDA:295,0,1,-
BRDA:296,0,0,-
BRDA:296,0,1,-
BRDA:299,0,0,-
BRDA:299,0,1,-
BRDA:299,0,2,-
BRDA:299,0,3,-
BRDA:300,0,0,-
BRDA:300,0,1,-
BRDA:303,0,0,-
BRDA:303,0,1,-
BRDA:304,0,0,-
BRDA:304,0,1,-
BRDA:306,0,0,-
BRDA:306,0,1,-
BRDA:307,0,0,-
BRDA:307,0,1,-
BRDA:310,0,0,-
BRDA:310,0,1,-
BRDA:310,0,2,-
BRDA:310,0,3,-
BRDA:311,0,0,-
BRDA:311,0,1,-
BRDA:314,0,0,-
BRDA:314,0,1,-
BRDA:316,0,0,-
BRDA:316,0,1,-
BRDA:318,0,0,-
BRDA:318,0,1,-
BRDA:318,0,2,-
BRDA:318,0,3,-
BRDA:318,0,4,-
BRDA:318,0,5,-
BRDA:319,0,0,-
BRDA:319,0,1,-
BRDA:319,0,2,-
BRDA:319,0,3,-
BRDA:321,0,0,-
BRDA:321,0,1,-
BRDA:321,0,2,-
BRDA:321,0,3,-
BRDA:324,0,0,-
BRDA:324,0,1,-
BRDA:325,0,0,-
BRDA:325,0,1,-
BRDA:326,0,0,-
BRDA:326,0,1,-
BRDA:329,0,0,-
BRDA:329,0,1,-
BRDA:330,0,0,-
BRDA:330,0,1,-
BRDA:332,0,0,-
BRDA:332,0,1,-
BRDA:332,0,2,-
BRDA:332,0,3,-
BRDA:333,0,0,-
BRDA:333,0,1,-
BRDA:333,0,2,-
BRDA:333,0,3,-
BRDA:333,0,4,-
BRDA:333,0,5,-
BRDA:335,0,0,-
BRDA:335,0,1,-
BRDA:335,0,2,-
BRDA:335,0,3,-
BRDA:335,0,4,-
BRDA:335,0,5,-
BRDA:335,0,6,-
BRDA:335,0,7,-
BRDA:335,0,8,-
BRDA:335,0,9,-
BRDA:335,0,10,-
BRDA:335,0,11,-
BRDA:336,0,0,0
BRDA:336,0,1,0
BRDA:336,0,2,0
BRDA:336,0,3,0
BRDA:347,0,0,-
BRDA:347,0,1,-
BRDA:348,0,0,-
BRDA:348,0,1,-
BRDA:349,0,0,-
BRDA:349,0,1,-
BRDA:358,0,0,-
BRDA:358,0,1,-
BRDA:358,0,2,-
BRDA:358,0,3,-
BRDA:358,0,4,-
BRDA:358,0,5,-
BRDA:358,0,6,-
BRDA:358,0,7,-
BRDA:358,0,8,-
BRDA:358,0,9,-
BRDA:358,0,10,-
BRDA:358,0,11,-
BRDA:358,0,12,-
BRDA:358,0,13,-
BRDA:358,0,14,-
BRDA:358,0,15,-
BRDA:358,0,16,-
BRDA:358,0,17,-
BRDA:358,0,18,-
BRDA:358,0,19,-
BRDA:361,0,0,-
BRDA:361,0,1,-
BRDA:362,0,0,-
BRDA:362,0,1,-
BRDA:362,0,2,-
BRDA:362,0,3,-
BRDA:364,0,0,-
BRDA:364,0,1,-
BRDA:366,0,0,-
BRDA:366,0,1,-
BRDA:366,0,2,-
BRDA:366,0,3,-
BRDA:368,0,0,-
BRDA:368,0,1,-
BRDA:371,0,0,-
BRDA:371,0,1,-
BRDA:378,0,0,0
BRDA:378,0,1,0
BRDA:379,0,0,0
BRDA:379,0,1,0
BRDA:379,0,2,0
BRDA:379,0,3,0
BRDA:379,0,4,0
BRDA:379,0,5,0
BRDA:380,0,0,0
BRDA:380,0,1,0
BRDA:383,0,0,-
BRDA:383,0,1,-
BRDA:384,0,0,-
BRDA:384,0,1,-
BRDA:385,0,0,-
BRDA:385,0,1,-
BRDA:387,0,0,0
BRDA:387,0,1,0
BRDA:388,0,0,0
BRDA:388,0,1,0
BRDA:388,0,2,0
BRDA:388,0,3,0
BRF:660
BRH:0
DA:3,0
DA:4,0
DA:5,0
DA:7,0
DA:9,0
DA:10,0
DA:12,0
DA:15,0
DA:17,0
DA:18,0
DA:19,0
DA:20,0
DA:24,0
DA:25,0
DA:26,0
DA:28,0
DA:29,0
DA:31,0
DA:33,0
DA:34,0
DA:35,0
DA:37,0
DA:39,0
DA:40,0
DA:41,0
DA:42,0
DA:46,0
DA:47,0
DA:48,0
DA:50,0
DA:51,0
DA:52,0
DA:53,0
DA:55,0
DA:56,0
DA:58,0
DA:59,0
DA:60,0
DA:62,0
DA:64,0
DA:65,0
DA:66,0
DA:67,0
DA:68,0
DA:69,0
DA:70,0
DA:71,0
DA:73,0
DA:75,0
DA:77,0
DA:78,0
DA:79,0
DA:80,0
DA:83,0
DA:85,0
DA:86,0
DA:88,0
DA:89,0
DA:91,0
DA:92,0
DA:93,0
DA:95,0
DA:96,0
DA:97,0
DA:100,0
DA:102,0
DA:103,0
DA:105,0
DA:107,0
DA:109,0
DA:110,0
DA:112,0
DA:113,0
DA:114,0
DA:115,0
DA:116,0
DA:117,0
DA:119,0
DA:122,0
DA:123,0
DA:125,0
DA:126,0
DA:127,0
DA:129,0
DA:130,0
DA:132,0
DA:133,0
DA:134,0
DA:135,0
DA:136,0
DA:137,0
DA:139,0
DA:142,0
DA:143,0
DA:145,0
DA:146,0
DA:147,0
DA:148,0
DA:150,0
DA:154,0
DA:155,0
DA:156,0
DA:159,0
DA:160,0
DA:161,0
DA:162,0
DA:165,0
DA:166,0
DA:167,0
DA:169,0
DA:170,0
DA:173,0
DA:174,0
DA:175,0
DA:178,0
DA:179,0
DA:180,0
DA:183,0
DA:184,0
DA:185,0
DA:187,0
DA:188,0
DA:190,0
DA:191,0
DA:192,0
DA:193,0
DA:195,0
DA:197,0
DA:199,0
DA:200,0
DA:201,0
DA:204,0
DA:206,0
DA:207,0
DA:208,0
DA:209,0
DA:211,0
DA:213,0
DA:214,0
DA:215,0
DA:216,0
DA:217,0
DA:218,0
DA:219,0
DA:220,0
DA:224,0
DA:225,0
DA:226,0
DA:229,0
DA:230,0
DA:231,0
DA:232,0
DA:234,0
DA:236,0
DA:240,0
DA:241,0
DA:243,0
DA:244,0
DA:245,0
DA:248,0
DA:249,0
DA:251,0
DA:252,0
DA:255,0
DA:256,0
DA:257,0
DA:259,0
DA:260,0
DA:262,0
DA:263,0
DA:265,0
DA:268,0
DA:269,0
DA:270,0
DA:273,0
DA:274,0
DA:276,0
DA:277,0
DA:279,0
DA:280,0
DA:281,0
DA:284,0
DA:286,0
DA:290,0
DA:291,0
DA:293,0
DA:295,0
DA:296,0
DA:299,0
DA:300,0
DA:301,0
DA:303,0
DA:304,0
DA:306,0
DA:307,0
DA:310,0
DA:311,0
DA:312,0
DA:314,0
DA:316,0
DA:318,0
DA:319,0
DA:321,0
DA:324,0
DA:325,0
DA:326,0
DA:329,0
DA:330,0
DA:332,0
DA:333,0
DA:335,0
DA:336,0
DA:337,0
DA:340,0
DA:342,0
DA:344,0
DA:346,0
DA:347,0
DA:348,0
DA:349,0
DA:351,0
DA:352,0
DA:354,0
DA:358,0
DA:361,0
DA:362,0
DA:363,0
DA:364,0
DA:366,0
DA:367,0
DA:368,0
DA:369,0
DA:370,0
DA:371,0
DA:372,0
DA:373,0
DA:374,0
DA:375,0
DA:376,0
DA:378,0
DA:379,0
DA:380,0
DA:381,0
DA:383,0
DA:384,0
DA:385,0
DA:387,0
DA:388,0
DA:389,0
LF:249
LH:0
end_of_record
TN:
SF:/home/giaupvt/Desktop/media_player/PlayerMediaApp/src/Controller/PlayerController.cpp
FN:20,_ZN16PlayerControllerC2ERKSt6vectorINSt7__cxx1112basic_stringIcSt11char_traitsIcESaIcEEESaIS6_EE
FN:27,_ZN16PlayerControllerD0Ev
FN:27,_ZN16PlayerControllerD2Ev
FN:34,_ZN16PlayerController23setNotificationsEnabledEb
FN:36,_ZN16PlayerController16addObserverIndexESt8functionIFviEE
FN:39,_ZN16PlayerController20notifyObserversIndexEv
FN:47,_ZN16PlayerController15getCurrentIndexEv
FN:54,_ZN16PlayerController16addObserverStateESt8functionIFvvEE
FN:55,_ZN16PlayerController20notifyObserversStateEv
FN:63,_ZN16PlayerController17addObserverVolumeESt8functionIFvvEE
FN:65,_ZN16PlayerController21notifyObserversVolumeEv
FN:73,_ZN16PlayerController19addObserverDurationESt8functionIFviEE
FN:76,_ZN16PlayerController23notifyObserversDurationEv
FN:82,_ZN16PlayerController13getMediaFilesB5cxx11Ev
FN:85,_ZN16PlayerController13startDurationEv
FN:89,_ZZN16PlayerController13startDurationEvENKUlvE_clEv
FN:100,_ZN16PlayerController12stopDurationEv
FN:108,_ZN16PlayerController13resetDurationEv
FN:114,_ZN16PlayerController11getDurationEv
FN:116,_ZN16PlayerController9setVolumeEi
FN:125,_ZN16PlayerController14increaseVolumeEi
FN:127,_ZN16PlayerController14decreaseVolumeEi
FN:129,_ZNK16PlayerController9getVolumeEv
FN:131,_ZN16PlayerController8isRepeatEv
FN:133,_ZN16PlayerController4playEv
FN:150,_ZN16PlayerController9isPlayingEv
FN:156,_ZN16PlayerController5pauseEv
FN:169,_ZN16PlayerController7isPauseEv
FN:175,_ZN16PlayerController6resumeEv
FN:186,_ZN16PlayerController14togglePlaybackEv
FN:207,_ZN16PlayerController12toggleRepeatEv
FN:213,_ZN16PlayerController4stopEv
FN:228,_ZN16PlayerController8playNextEv
FN:239,_ZN16PlayerController12playPreviousEv
FN:250,_ZN16PlayerController18stopPlaybackThreadEv
FN:262,_ZN16PlayerController14playbackWorkerERKNSt7__cxx1112basic_stringIcSt11char_traitsIcESaIcEEE
FN:300,_ZN16PlayerController21musicFinishedCallbackEv
FN:389,_ZN16PlayerController9playAudioEPKc
FN:425,_Z13audioCallbackPvPhi
FN:513,_ZN16PlayerController9playVideoEPKc
FNDA:5,_ZN16PlayerController4playEv
FNDA:1,_ZN16PlayerController16addObserverStateESt8functionIFvvEE
FNDA:4,_ZN16PlayerController14playbackWorkerERKNSt7__cxx1112basic_stringIcSt11char_traitsIcESaIcEEE
FNDA:4,_ZN16PlayerController7isPauseEv
FNDA:58,_ZN16PlayerController18stopPlaybackThreadEv
FNDA:13,_ZNK16PlayerController9getVolumeEv
FNDA:2,_ZN16PlayerController14decreaseVolumeEi
FNDA:3,_ZN16PlayerController9playVideoEPKc
FNDA:4,_ZN16PlayerController12toggleRepeatEv
FNDA:16,_ZN16PlayerController21notifyObserversVolumeEv
FNDA:3,_ZN16PlayerController6resumeEv
FNDA:2,_ZN16PlayerController23notifyObserversDurationEv
FNDA:2,_ZN16PlayerController23setNotificationsEnabledEb
FNDA:2,_ZN16PlayerController14increaseVolumeEi
FNDA:1,_ZN16PlayerController17addObserverVolumeESt8functionIFvvEE
FNDA:5,_ZN16PlayerController11getDurationEv
FNDA:1,_ZN16PlayerController19addObserverDurationESt8functionIFviEE
FNDA:4,_ZN16PlayerController15getCurrentIndexEv
FNDA:4,_ZZN16PlayerController13startDurationEvENKUlvE_clEv
FNDA:3,_ZN16PlayerController13resetDurationEv
FNDA:15,_ZN16PlayerController9setVolumeEi
FNDA:4,_ZN16PlayerController9playAudioEPKc
FNDA:6,_ZN16PlayerController8isRepeatEv
FNDA:1,_ZN16PlayerController21musicFinishedCallbackEv
FNDA:58,_ZN16PlayerControllerC2ERKSt6vectorINSt7__cxx1112basic_stringIcSt11char_traitsIcESaIcEEESaIS6_EE
FNDA:47,_Z13audioCallbackPvPhi
FNDA:4,_ZN16PlayerController13startDurationEv
FNDA:9,_ZN16PlayerController20notifyObserversStateEv
FNDA:1,_ZN16PlayerController8playNextEv
FNDA:3,_ZN16PlayerController4stopEv
FNDA:7,_ZN16PlayerController9isPlayingEv
FNDA:1,_ZN16PlayerController13getMediaFilesB5cxx11Ev
FNDA:72,_ZN16PlayerController12stopDurationEv
FNDA:56,_ZN16PlayerControllerD2Ev
FNDA:7,_ZN16PlayerController20notifyObserversIndexEv
FNDA:30,_ZN16PlayerControllerD0Ev
FNDA:2,_ZN16PlayerController5pauseEv
FNDA:2,_ZN16PlayerController16addObserverIndexESt8functionIFviEE
FNDA:1,_ZN16PlayerController12playPreviousEv
FNDA:3,_ZN16PlayerController14togglePlaybackEv
FNF:40
FNH:40
BRDA:21,0,0,58
BRDA:21,0,1,0
BRDA:41,0,0,1
BRDA:41,0,1,6
BRDA:42,0,0,2
BRDA:42,0,1,6
BRDA:43,0,0,2
BRDA:43,0,1,0
BRDA:49,0,0,4
BRDA:49,0,1,0
BRDA:57,0,0,0
BRDA:57,0,1,9
BRDA:58,0,0,1
BRDA:58,0,1,9
BRDA:59,0,0,1
BRDA:59,0,1,0
BRDA:67,0,0,0
BRDA:67,0,1,16
BRDA:68,0,0,2
BRDA:68,0,1,16
BRDA:69,0,0,2
BRDA:69,0,1,0
BRDA:77,0,0,0
BRDA:77,0,1,2
BRDA:78,0,0,1
BRDA:78,0,1,2
BRDA:79,0,0,1
BRDA:79,0,1,0
BRDA:89,0,0,4
BRDA:89,0,1,0
BRDA:90,0,0,4
BRDA:90,0,1,3
BRDA:91,0,0,3
BRDA:91,0,1,0
BRDA:92,0,0,1
BRDA:92,0,1,2
BRDA:92,0,2,1
BRDA:92,0,3,0
BRDA:92,0,4,1
BRDA:92,0,5,2
BRDA:103,0,0,3
BRDA:103,0,1,69
BRDA:118,0,0,2
BRDA:118,0,1,13
BRDA:119,0,0,2
BRDA:119,0,1,13
BRDA:136,0,0,1
BRDA:136,0,1,4
BRDA:147,0,0,4
BRDA:147,0,1,0
BRDA:151,0,0,7
BRDA:151,0,1,0
BRDA:158,0,0,2
BRDA:158,0,1,0
BRDA:159,0,0,1
BRDA:159,0,1,1
BRDA:159,0,2,0
BRDA:159,0,3,1
BRDA:159,0,4,1
BRDA:159,0,5,1
BRDA:164,0,0,1
BRDA:164,0,1,0
BRDA:165,0,0,1
BRDA:165,0,1,0
BRDA:167,0,0,1
BRDA:167,0,1,1
BRDA:171,0,0,4
BRDA:171,0,1,0
BRDA:176,0,0,3
BRDA:176,0,1,0
BRDA:177,0,0,2
BRDA:177,0,1,1
BRDA:177,0,2,1
BRDA:177,0,3,1
BRDA:177,0,4,2
BRDA:177,0,5,1
BRDA:182,0,0,1
BRDA:182,0,1,0
BRDA:183,0,0,1
BRDA:183,0,1,0
BRDA:184,0,0,1
BRDA:184,0,1,2
BRDA:187,0,0,3
BRDA:187,0,1,0
BRDA:188,0,0,3
BRDA:188,0,1,0
BRDA:189,0,0,2
BRDA:189,0,1,1
BRDA:190,0,0,1
BRDA:190,0,1,1
BRDA:193,0,0,1
BRDA:193,0,1,0
BRDA:197,0,0,1
BRDA:197,0,1,0
BRDA:201,0,0,1
BRDA:201,0,1,0
BRDA:202,0,0,1
BRDA:202,0,1,0
BRDA:204,0,0,3
BRDA:204,0,1,0
BRDA:208,0,0,4
BRDA:208,0,1,0
BRDA:214,0,0,3
BRDA:214,0,1,0
BRDA:215,0,0,3
BRDA:215,0,1,0
BRDA:216,0,0,3
BRDA:216,0,1,0
BRDA:221,0,0,3
BRDA:221,0,1,0
BRDA:223,0,0,3
BRDA:223,0,1,0
BRDA:224,0,0,3
BRDA:224,0,1,0
BRDA:232,0,0,1
BRDA:232,0,1,0
BRDA:234,0,0,1
BRDA:234,0,1,0
BRDA:243,0,0,1
BRDA:243,0,1,0
BRDA:244,0,0,1
BRDA:244,0,1,0
BRDA:245,0,0,1
BRDA:245,0,1,0
BRDA:252,0,0,0
BRDA:252,0,1,58
BRDA:254,0,0,-
BRDA:254,0,1,-
BRDA:256,0,0,-
BRDA:256,0,1,-
BRDA:256,0,2,-
BRDA:256,0,3,-
BRDA:266,0,0,4
BRDA:266,0,1,0
BRDA:267,0,0,4
BRDA:267,0,1,0
BRDA:268,0,0,4
BRDA:268,0,1,0
BRDA:270,0,0,4
BRDA:270,0,1,0
BRDA:275,0,0,3
BRDA:275,0,1,1
BRDA:276,0,0,0
BRDA:276,0,1,3
BRDA:277,0,0,1
BRDA:277,0,1,0
BRDA:278,0,0,1
BRDA:278,0,1,0
BRDA:280,0,0,-
BRDA:280,0,1,-
BRDA:280,0,2,-
BRDA:280,0,3,-
BRDA:280,0,4,-
BRDA:280,0,5,-
BRDA:284,0,0,0
BRDA:284,0,1,1
BRDA:284,0,2,0
BRDA:284,0,3,0
BRDA:284,0,4,0
BRDA:284,0,5,1
BRDA:285,0,0,1
BRDA:285,0,1,0
BRDA:286,0,0,1
BRDA:286,0,1,0
BRDA:287,0,0,0
BRDA:287,0,1,3
BRDA:291,0,0,4
BRDA:291,0,1,0
BRDA:293,0,0,4
BRDA:293,0,1,0
BRDA:294,0,0,4
BRDA:294,0,1,0
BRDA:295,0,0,4
BRDA:295,0,1,0
BRDA:303,0,0,1
BRDA:303,0,1,0
BRDA:305,0,0,1
BRDA:305,0,1,0
BRDA:307,0,0,1
BRDA:307,0,1,0
BRDA:309,0,0,1
BRDA:309,0,1,0
BRDA:310,0,0,1
BRDA:310,0,1,0
BRDA:311,0,0,1
BRDA:311,0,1,0
BRDA:316,0,0,1
BRDA:316,0,1,0
BRDA:320,0,0,1
BRDA:320,0,1,0
BRDA:325,0,0,1
BRDA:325,0,1,0
BRDA:328,0,0,1
BRDA:328,0,1,0
BRDA:330,0,0,1
BRDA:330,0,1,0
BRDA:331,0,0,1
BRDA:331,0,1,0
BRDA:336,0,0,0
BRDA:336,0,1,1
BRDA:337,0,0,-
BRDA:337,0,1,-
BRDA:338,0,0,-
BRDA:338,0,1,-
BRDA:339,0,0,-
BRDA:339,0,1,-
BRDA:345,0,0,-
BRDA:345,0,1,-
BRDA:346,0,0,-
BRDA:346,0,1,-
BRDA:347,0,0,-
BRDA:347,0,1,-
BRDA:353,0,0,-
BRDA:353,0,1,-
BRDA:369,0,0,-
BRDA:369,0,1,-
BRDA:371,0,0,-
BRDA:371,0,1,-
BRDA:373,0,0,-
BRDA:373,0,1,-
BRDA:375,0,0,-
BRDA:375,0,1,-
BRDA:379,0,0,-
BRDA:379,0,1,-
BRDA:379,0,2,-
BRDA:379,0,3,-
BRDA:379,0,4,-
BRDA:379,0,5,-
BRDA:383,0,0,0
BRDA:383,0,1,1
BRDA:391,0,0,0
BRDA:391,0,1,4
BRDA:392,0,0,-
BRDA:392,0,1,-
BRDA:392,0,2,-
BRDA:392,0,3,-
BRDA:392,0,4,-
BRDA:392,0,5,-
BRDA:392,0,6,-
BRDA:392,0,7,-
BRDA:396,0,0,3
BRDA:396,0,1,1
BRDA:398,0,0,3
BRDA:398,0,1,0
BRDA:398,0,2,3
BRDA:398,0,3,0
BRDA:398,0,4,3
BRDA:398,0,5,0
BRDA:398,0,6,3
BRDA:398,0,7,0
BRDA:407,0,0,1
BRDA:407,0,1,0
BRDA:409,0,0,1
BRDA:409,0,1,0
BRDA:410,0,0,1
BRDA:410,0,1,0
BRDA:411,0,0,1
BRDA:411,0,1,0
BRDA:414,0,0,-
BRDA:414,0,1,-
BRDA:417,0,0,0
BRDA:417,0,1,1
BRDA:417,0,2,0
BRDA:434,0,0,47
BRDA:434,0,1,0
BRDA:435,0,0,47
BRDA:435,0,1,0
BRDA:437,0,0,0
BRDA:437,0,1,47
BRDA:441,0,0,0
BRDA:441,0,1,47
BRDA:442,0,0,-
BRDA:442,0,1,-
BRDA:445,0,0,-
BRDA:445,0,1,-
BRDA:448,0,0,0
BRDA:448,0,1,47
BRDA:449,0,0,-
BRDA:449,0,1,-
BRDA:450,0,0,-
BRDA:450,0,1,-
BRDA:451,0,0,-
BRDA:451,0,1,-
BRDA:455,0,0,-
BRDA:455,0,1,-
BRDA:456,0,0,-
BRDA:456,0,1,-
BRDA:457,0,0,-
BRDA:457,0,1,-
BRDA:458,0,0,-
BRDA:458,0,1,-
BRDA:463,0,0,-
BRDA:463,0,1,-
BRDA:466,0,0,-
BRDA:466,0,1,-
BRDA:468,0,0,-
BRDA:468,0,1,-
BRDA:468,0,2,-
BRDA:468,0,3,-
BRDA:468,0,4,-
BRDA:468,0,5,-
BRDA:468,0,6,-
BRDA:468,0,7,-
BRDA:469,0,0,-
BRDA:469,0,1,-
BRDA:470,0,0,-
BRDA:470,0,1,-
BRDA:475,0,0,-
BRDA:475,0,1,-
BRDA:476,0,0,-
BRDA:476,0,1,-
BRDA:477,0,0,-
BRDA:477,0,1,-
BRDA:480,0,0,-
BRDA:480,0,1,-
BRDA:480,0,2,-
BRDA:480,0,3,-
BRDA:481,0,0,-
BRDA:481,0,1,-
BRDA:482,0,0,-
BRDA:482,0,1,-
BRDA:488,0,0,-
BRDA:488,0,1,-
BRDA:492,0,0,-
BRDA:492,0,1,-
BRDA:493,0,0,-
BRDA:493,0,1,-
BRDA:504,0,0,-
BRDA:504,0,1,-
BRDA:514,0,0,3
BRDA:514,0,1,0
BRDA:517,0,0,3
BRDA:517,0,1,0
BRDA:517,0,2,1
BRDA:517,0,3,2
BRDA:522,0,0,2
BRDA:522,0,1,0
BRDA:522,0,2,0
BRDA:522,0,3,2
BRDA:523,0,0,-
BRDA:523,0,1,-
BRDA:524,0,0,-
BRDA:524,0,1,-
BRDA:530,0,0,4
BRDA:530,0,1,2
BRDA:531,0,0,2
BRDA:531,0,1,2
BRDA:531,0,2,2
BRDA:531,0,3,0
BRDA:534,0,0,2
BRDA:534,0,1,0
BRDA:534,0,2,2
BRDA:534,0,3,0
BRDA:539,0,0,0
BRDA:539,0,1,2
BRDA:540,0,0,-
BRDA:540,0,1,-
BRDA:541,0,0,-
BRDA:541,0,1,-
BRDA:547,0,0,2
BRDA:547,0,1,0
BRDA:548,0,0,0
BRDA:548,0,1,2
BRDA:549,0,0,-
BRDA:549,0,1,-
BRDA:550,0,0,-
BRDA:550,0,1,-
BRDA:554,0,0,2
BRDA:554,0,1,0
BRDA:555,0,0,2
BRDA:555,0,1,0
BRDA:556,0,0,2
BRDA:556,0,1,0
BRDA:556,0,2,0
BRDA:556,0,3,2
BRDA:557,0,0,-
BRDA:557,0,1,-
BRDA:558,0,0,-
BRDA:558,0,1,-
BRDA:559,0,0,-
BRDA:559,0,1,-
BRDA:565,0,0,2
BRDA:565,0,1,0
BRDA:567,0,0,2
BRDA:567,0,1,0
BRDA:568,0,0,0
BRDA:568,0,1,2
BRDA:569,0,0,-
BRDA:569,0,1,-
BRDA:572,0,0,2
BRDA:572,0,1,0
BRDA:573,0,0,2
BRDA:573,0,1,0
BRDA:574,0,0,2
BRDA:574,0,1,0
BRDA:574,0,2,0
BRDA:574,0,3,2
BRDA:575,0,0,-
BRDA:575,0,1,-
BRDA:576,0,0,-
BRDA:576,0,1,-
BRDA:581,0,0,2
BRDA:581,0,1,0
BRDA:581,0,2,0
BRDA:581,0,3,2
BRDA:582,0,0,-
BRDA:582,0,1,-
BRDA:583,0,0,-
BRDA:583,0,1,-
BRDA:584,0,0,-
BRDA:584,0,1,-
BRDA:586,0,0,-
BRDA:586,0,1,-
BRDA:587,0,0,-
BRDA:587,0,1,-
BRDA:587,0,2,-
BRDA:587,0,3,-
BRDA:587,0,4,-
BRDA:587,0,5,-
BRDA:587,0,6,-
BRDA:587,0,7,-
BRDA:597,0,0,2
BRDA:597,0,1,0
BRDA:600,0,0,2
BRDA:600,0,1,0
BRDA:600,0,2,0
BRDA:600,0,3,2
BRDA:601,0,0,-
BRDA:601,0,1,-
BRDA:601,0,2,-
BRDA:601,0,3,-
BRDA:601,0,4,-
BRDA:601,0,5,-
BRDA:601,0,6,-
BRDA:601,0,7,-
BRDA:602,0,0,-
BRDA:602,0,1,-
BRDA:603,0,0,-
BRDA:603,0,1,-
BRDA:604,0,0,-
BRDA:604,0,1,-
BRDA:606,0,0,-
BRDA:606,0,1,-
BRDA:611,0,0,2
BRDA:611,0,1,0
BRDA:612,0,0,2
BRDA:612,0,1,0
BRDA:615,0,0,2
BRDA:615,0,1,0
BRDA:617,0,0,2
BRDA:617,0,1,0
BRDA:618,0,0,2
BRDA:618,0,1,0
BRDA:621,0,0,2
BRDA:621,0,1,0
BRDA:625,0,0,2
BRDA:625,0,1,0
BRDA:626,0,0,2
BRDA:626,0,1,0
BRDA:627,0,0,2
BRDA:627,0,1,0
BRDA:628,0,0,2
BRDA:628,0,1,0
BRDA:629,0,0,2
BRDA:629,0,1,0
BRDA:638,0,0,2
BRDA:638,0,1,0
BRDA:638,0,2,2
BRDA:638,0,3,0
BRDA:638,0,4,2
BRDA:638,0,5,0
BRDA:638,0,6,2
BRDA:638,0,7,0
BRDA:639,0,0,0
BRDA:639,0,1,2
BRDA:640,0,0,-
BRDA:640,0,1,-
BRDA:640,0,2,-
BRDA:640,0,3,-
BRDA:641,0,0,-
BRDA:641,0,1,-
BRDA:641,0,2,-
BRDA:641,0,3,-
BRDA:643,0,0,-
BRDA:643,0,1,-
BRDA:648,0,0,-
BRDA:648,0,1,-
BRDA:650,0,0,-
BRDA:650,0,1,-
BRDA:652,0,0,-
BRDA:652,0,1,-
BRDA:654,0,0,-
BRDA:654,0,1,-
BRDA:655,0,0,-
BRDA:655,0,1,-
BRDA:659,0,0,-
BRDA:659,0,1,-
BRDA:660,0,0,-
BRDA:660,0,1,-
BRDA:661,0,0,-
BRDA:661,0,1,-
BRDA:664,0,0,-
BRDA:664,0,1,-
BRDA:668,0,0,-
BRDA:668,0,1,-
BRDA:668,0,2,-
BRDA:668,0,3,-
BRDA:669,0,0,-
BRDA:669,0,1,-
BRDA:676,0,0,-
BRDA:676,0,1,-
BRDA:677,0,0,-
BRDA:677,0,1,-
BRDA:678,0,0,-
BRDA:678,0,1,-
BRDA:679,0,0,-
BRDA:679,0,1,-
BRDA:680,0,0,-
BRDA:680,0,1,-
BRDA:683,0,0,-
BRDA:683,0,1,-
BRDA:688,0,0,-
BRDA:688,0,1,-
BRDA:688,0,2,-
BRDA:688,0,3,-
BRDA:688,0,4,-
BRDA:688,0,5,-
BRDA:692,0,0,-
BRDA:692,0,1,-
BRDA:696,0,0,2
BRDA:696,0,1,0
BRDA:696,0,2,2
BRDA:696,0,3,0
BRDA:698,0,0,2
BRDA:698,0,1,0
BRDA:699,0,0,2
BRDA:699,0,1,0
BRDA:699,0,2,0
BRDA:699,0,3,2
BRDA:700,0,0,-
BRDA:700,0,1,-
BRDA:703,0,0,2
BRDA:703,0,1,0
BRDA:704,0,0,2
BRDA:704,0,1,0
BRDA:705,0,0,2
BRDA:705,0,1,0
BRDA:708,0,0,2
BRDA:708,0,1,0
BRDA:712,0,0,2
BRDA:712,0,1,0
BRDA:713,0,0,0
BRDA:713,0,1,2
BRDA:713,0,2,0
BRDA:713,0,3,0
BRDA:713,0,4,2
BRDA:713,0,5,0
BRDA:717,0,0,0
BRDA:717,0,1,2
BRDA:722,0,0,2
BRDA:722,0,1,0
BRDA:723,0,0,2
BRDA:723,0,1,2
BRDA:724,0,0,2
BRDA:724,0,1,0
BRDA:729,0,0,2
BRDA:729,0,1,0
BRDA:730,0,0,2
BRDA:730,0,1,0
BRDA:731,0,0,2
BRDA:731,0,1,0
BRDA:732,0,0,2
BRDA:732,0,1,0
BRDA:733,0,0,2
BRDA:733,0,1,0
BRDA:734,0,0,2
BRDA:734,0,1,0
BRDA:735,0,0,2
BRDA:735,0,1,0
BRDA:736,0,0,2
BRDA:736,0,1,0
BRDA:737,0,0,2
BRDA:737,0,1,0
BRDA:738,0,0,2
BRDA:738,0,1,0
BRDA:739,0,0,2
BRDA:739,0,1,0
BRDA:740,0,0,2
BRDA:740,0,1,0
BRDA:742,0,0,2
BRDA:742,0,1,0
BRF:591
BRH:211
DA:20,58
DA:21,116
DA:22,174
DA:24,58
DA:25,58
DA:27,86
DA:29,56
DA:30,56
DA:31,56
DA:32,86
DA:34,2
DA:36,2
DA:37,2
DA:39,7
DA:41,7
DA:42,8
DA:43,2
DA:47,4
DA:49,4
DA:50,4
DA:51,4
DA:54,1
DA:55,9
DA:57,9
DA:58,10
DA:59,1
DA:63,1
DA:65,16
DA:67,16
DA:68,18
DA:69,2
DA:73,1
DA:76,2
DA:77,2
DA:78,3
DA:79,2
DA:82,1
DA:83,1
DA:85,4
DA:87,4
DA:88,4
DA:89,8
DA:90,7
DA:91,4
DA:92,3
DA:93,1
DA:94,1
DA:97,7
DA:98,4
DA:100,72
DA:102,72
DA:103,72
DA:104,3
DA:106,72
DA:108,3
DA:110,3
DA:111,3
DA:112,3
DA:114,10
DA:116,15
DA:118,15
DA:119,15
DA:120,15
DA:121,30
DA:122,15
DA:123,15
DA:125,2
DA:127,2
DA:129,26
DA:131,6
DA:133,5
DA:136,5
DA:138,1
DA:141,4
DA:142,4
DA:143,4
DA:144,4
DA:145,4
DA:146,4
DA:147,4
DA:150,7
DA:151,7
DA:152,14
DA:153,7
DA:156,2
DA:158,2
DA:159,2
DA:161,1
DA:163,1
DA:164,1
DA:165,1
DA:167,2
DA:169,4
DA:171,4
DA:172,8
DA:173,4
DA:175,3
DA:176,3
DA:177,3
DA:179,2
DA:181,1
DA:182,1
DA:183,1
DA:184,3
DA:186,3
DA:187,3
DA:188,3
DA:189,3
DA:190,2
DA:192,1
DA:193,1
DA:196,1
DA:197,1
DA:201,1
DA:202,1
DA:204,3
DA:205,3
DA:207,4
DA:208,4
DA:209,4
DA:210,4
DA:213,3
DA:214,3
DA:215,3
DA:216,3
DA:218,3
DA:219,3
DA:220,3
DA:221,3
DA:222,3
DA:223,3
DA:224,3
DA:225,3
DA:228,1
DA:230,1
DA:232,1
DA:233,1
DA:234,1
DA:235,1
DA:236,1
DA:237,1
DA:239,1
DA:241,1
DA:243,1
DA:244,1
DA:245,1
DA:246,1
DA:247,1
DA:248,1
DA:250,58
DA:252,58
DA:254,0
DA:255,0
DA:256,0
DA:257,0
DA:258,0
DA:260,58
DA:262,4
DA:266,4
DA:267,4
DA:268,4
DA:270,4
DA:271,4
DA:272,4
DA:273,4
DA:275,4
DA:276,3
DA:277,1
DA:278,1
DA:280,0
DA:281,0
DA:284,1
DA:285,1
DA:286,1
DA:287,3
DA:289,3
DA:291,4
DA:292,4
DA:293,4
DA:294,4
DA:295,4
DA:296,4
DA:300,1
DA:303,1
DA:305,1
DA:307,1
DA:309,1
DA:310,1
DA:311,1
DA:316,1
DA:318,1
DA:320,1
DA:325,1
DA:327,1
DA:328,1
DA:330,1
DA:331,1
DA:332,1
DA:336,1
DA:337,0
DA:338,0
DA:339,0
DA:345,0
DA:346,0
DA:347,0
DA:349,0
DA:353,0
DA:355,0
DA:357,0
DA:361,0
DA:367,0
DA:369,0
DA:371,0
DA:373,0
DA:375,0
DA:379,0
DA:383,1
DA:389,4
DA:391,4
DA:392,0
DA:395,4
DA:396,4
DA:397,3
DA:398,3
DA:401,1
DA:402,1
DA:404,1
DA:405,1
DA:407,1
DA:409,1
DA:410,1
DA:411,1
DA:412,1
DA:414,0
DA:415,0
DA:417,1
DA:420,1
DA:421,1
DA:422,1
DA:425,47
DA:426,47
DA:427,47
DA:428,47
DA:434,47
DA:435,47
DA:437,47
DA:438,0
DA:439,0
DA:441,47
DA:442,0
DA:443,0
DA:444,0
DA:445,0
DA:446,0
DA:448,47
DA:449,0
DA:450,0
DA:451,0
DA:452,0
DA:453,0
DA:455,0
DA:456,0
DA:457,0
DA:458,0
DA:459,0
DA:463,0
DA:466,0
DA:467,0
DA:468,0
DA:469,0
DA:470,0
DA:471,0
DA:475,0
DA:476,0
DA:477,0
DA:478,0
DA:480,0
DA:481,0
DA:482,0
DA:483,0
DA:487,0
DA:488,0
DA:490,0
DA:492,0
DA:493,0
DA:497,47
DA:498,47
DA:503,0
DA:504,0
DA:505,0
DA:507,0
DA:508,0
DA:509,0
DA:513,3
DA:514,3
DA:515,3
DA:517,3
DA:519,1
DA:522,2
DA:523,0
DA:524,0
DA:525,0
DA:528,2
DA:529,2
DA:530,6
DA:531,4
DA:532,2
DA:534,2
DA:535,2
DA:539,2
DA:540,0
DA:541,0
DA:542,0
DA:546,2
DA:547,2
DA:548,2
DA:549,0
DA:550,0
DA:551,0
DA:554,2
DA:555,2
DA:556,2
DA:557,0
DA:558,0
DA:559,0
DA:560,0
DA:564,2
DA:565,2
DA:566,2
DA:567,2
DA:568,2
DA:569,0
DA:572,2
DA:573,2
DA:574,2
DA:575,0
DA:576,0
DA:581,2
DA:582,0
DA:583,0
DA:584,0
DA:586,0
DA:587,0
DA:592,2
DA:593,2
DA:594,2
DA:595,2
DA:596,2
DA:597,2
DA:598,2
DA:600,2
DA:601,0
DA:602,0
DA:603,0
DA:604,0
DA:606,0
DA:607,0
DA:611,2
DA:612,2
DA:615,2
DA:617,2
DA:618,2
DA:621,2
DA:625,2
DA:626,2
DA:627,2
DA:628,2
DA:629,2
DA:633,2
DA:636,2
DA:638,2
DA:639,2
DA:640,0
DA:641,0
DA:642,0
DA:643,0
DA:645,0
DA:646,0
DA:647,0
DA:648,0
DA:650,0
DA:651,0
DA:652,0
DA:653,0
DA:654,0
DA:655,0
DA:659,0
DA:660,0
DA:661,0
DA:664,0
DA:668,0
DA:669,0
DA:670,0
DA:676,0
DA:677,0
DA:678,0
DA:679,0
DA:680,0
DA:683,0
DA:684,0
DA:685,0
DA:688,0
DA:689,0
DA:690,0
DA:692,0
DA:696,2
DA:698,2
DA:699,2
DA:700,0
DA:703,2
DA:704,2
DA:705,2
DA:706,2
DA:708,2
DA:712,2
DA:713,2
DA:714,2
DA:715,2
DA:717,2
DA:722,2
DA:723,4
DA:724,2
DA:725,2
DA:727,2
DA:729,2
DA:730,2
DA:731,2
DA:732,2
DA:733,2
DA:734,2
DA:735,2
DA:736,2
DA:737,2
DA:738,2
DA:739,2
DA:740,2
DA:742,2
LF:437
LH:306
end_of_record
TN:
SF:/home/giaupvt/Desktop/media_player/PlayerMediaApp/src/utils/UARTSetup.cpp
FN:3,_ZN11UARTManagerC2Ev
FN:5,_ZN11UARTManagerD2Ev
FN:7,_ZN11UARTManager8stopUARTEv
FN:22,_ZNK11UARTManager18isConnectionActiveEv
FN:31,_ZN11UARTManager19checkPortConnectionERKNSt7__cxx1112basic_stringIcSt11char_traitsIcESaIcEEEj
FN:54,_ZN11UARTManager11getPortListB5cxx11Ev
FN:67,_ZN11UARTManager18getBaudRateOptionsB5cxx11Ev
FN:74,_ZN11UARTManager15asyncHandleUartERN5boost4asio17basic_serial_portINS1_9execution12any_executorIJNS3_12context_as_tIRNS1_17execution_contextEEENS3_6detail8blocking7never_tILi0EEENS3_11prefer_onlyINSA_10possibly_tILi0EEEEENSD_INS9_16outstanding_work9tracked_tILi0EEEEENSD_INSH_11untracked_tILi0EEEEENSD_INS9_12relationship6fork_tILi0EEEEENSD_INSO_14continuation_tILi0EEEEEEEEEERSt10shared_ptrI16PlayerControllerE
FN:78,_ZZN11UARTManager15asyncHandleUartERN5boost4asio17basic_serial_portINS1_9execution12any_executorIJNS3_12context_as_tIRNS1_17execution_contextEEENS3_6detail8blocking7never_tILi0EEENS3_11prefer_onlyINSA_10possibly_tILi0EEEEENSD_INS9_16outstanding_work9tracked_tILi0EEEEENSD_INSH_11untracked_tILi0EEEEENSD_INS9_12relationship6fork_tILi0EEEEENSD_INSO_14continuation_tILi0EEEEEEEEEERSt10shared_ptrI16PlayerControllerEENKUlRKNS0_6system10error_codeEmE_clES15_m
FN:130,_ZN11UARTManager12runMediaUartERSt10shared_ptrI16PlayerControllerE
FN:134,_ZZN11UARTManager12runMediaUartERSt10shared_ptrI16PlayerControllerEENKUlvE_clEv
FNDA:0,_ZZN11UARTManager15asyncHandleUartERN5boost4asio17basic_serial_portINS1_9execution12any_executorIJNS3_12context_as_tIRNS1_17execution_contextEEENS3_6detail8blocking7never_tILi0EEENS3_11prefer_onlyINSA_10possibly_tILi0EEEEENSD_INS9_16outstanding_work9tracked_tILi0EEEEENSD_INSH_11untracked_tILi0EEEEENSD_INS9_12relationship6fork_tILi0EEEEENSD_INSO_14continuation_tILi0EEEEEEEEEERSt10shared_ptrI16PlayerControllerEENKUlRKNS0_6system10error_codeEmE_clES15_m
FNDA:0,_ZN11UARTManagerD2Ev
FNDA:0,_ZN11UARTManager18getBaudRateOptionsB5cxx11Ev
FNDA:0,_ZN11UARTManager12runMediaUartERSt10shared_ptrI16PlayerControllerE
FNDA:0,_ZN11UARTManager15asyncHandleUartERN5boost4asio17basic_serial_portINS1_9execution12any_executorIJNS3_12context_as_tIRNS1_17execution_contextEEENS3_6detail8blocking7never_tILi0EEENS3_11prefer_onlyINSA_10possibly_tILi0EEEEENSD_INS9_16outstanding_work9tracked_tILi0EEEEENSD_INSH_11untracked_tILi0EEEEENSD_INS9_12relationship6fork_tILi0EEEEENSD_INSO_14continuation_tILi0EEEEEEEEEERSt10shared_ptrI16PlayerControllerE
FNDA:0,_ZNK11UARTManager18isConnectionActiveEv
FNDA:0,_ZN11UARTManager8stopUARTEv
FNDA:0,_ZZN11UARTManager12runMediaUartERSt10shared_ptrI16PlayerControllerEENKUlvE_clEv
FNDA:0,_ZN11UARTManager11getPortListB5cxx11Ev
FNDA:0,_ZN11UARTManagerC2Ev
FNDA:0,_ZN11UARTManager19checkPortConnectionERKNSt7__cxx1112basic_stringIcSt11char_traitsIcESaIcEEEj
FNF:11
FNH:0
BRDA:9,0,0,-
BRDA:9,0,1,-
BRDA:10,0,0,-
BRDA:10,0,1,-
BRDA:12,0,0,-
BRDA:12,0,1,-
BRDA:13,0,0,-
BRDA:13,0,1,-
BRDA:14,0,0,-
BRDA:14,0,1,-
BRDA:16,0,0,-
BRDA:16,0,1,-
BRDA:17,0,0,0
BRDA:17,0,1,0
BRDA:18,0,0,0
BRDA:18,0,1,0
BRDA:18,0,2,0
BRDA:18,0,3,0
BRDA:18,0,4,0
BRDA:18,0,5,0
BRDA:23,0,0,-
BRDA:23,0,1,-
BRDA:23,0,2,-
BRDA:23,0,3,-
BRDA:23,0,4,-
BRDA:23,0,5,-
BRDA:33,0,0,-
BRDA:33,0,1,-
BRDA:34,0,0,-
BRDA:34,0,1,-
BRDA:35,0,0,-
BRDA:35,0,1,-
BRDA:35,0,2,-
BRDA:35,0,3,-
BRDA:36,0,0,-
BRDA:36,0,1,-
BRDA:37,0,0,-
BRDA:37,0,1,-
BRDA:38,0,0,-
BRDA:38,0,1,-
BRDA:38,0,2,-
BRDA:38,0,3,-
BRDA:40,0,0,-
BRDA:40,0,1,-
BRDA:40,0,2,-
BRDA:40,0,3,-
BRDA:43,0,0,-
BRDA:43,0,1,-
BRDA:43,0,2,-
BRDA:43,0,3,-
BRDA:43,0,4,-
BRDA:43,0,5,-
BRDA:43,0,6,-
BRDA:43,0,7,-
BRDA:43,0,8,-
BRDA:43,0,9,-
BRDA:45,0,0,0
BRDA:45,0,1,0
BRDA:45,0,2,0
BRDA:46,0,0,0
BRDA:46,0,1,0
BRDA:46,0,2,0
BRDA:46,0,3,0
BRDA:46,0,4,0
BRDA:46,0,5,0
BRDA:48,0,0,0
BRDA:48,0,1,0
BRDA:48,0,2,0
BRDA:48,0,3,0
BRDA:48,0,4,0
BRDA:48,0,5,0
BRDA:56,0,0,-
BRDA:56,0,1,-
BRDA:56,0,2,-
BRDA:56,0,3,-
BRDA:56,0,4,-
BRDA:56,0,5,-
BRDA:56,0,6,-
BRDA:56,0,7,-
BRDA:57,0,0,-
BRDA:57,0,1,-
BRDA:57,0,2,-
BRDA:57,0,3,-
BRDA:58,0,0,-
BRDA:58,0,1,-
BRDA:58,0,2,-
BRDA:58,0,3,-
BRDA:61,0,0,-
BRDA:61,0,1,-
BRDA:62,0,0,-
BRDA:62,0,1,-
BRDA:62,0,2,-
BRDA:62,0,3,-
BRDA:71,0,0,-
BRDA:71,0,1,-
BRDA:71,0,2,-
BRDA:71,0,3,-
BRDA:71,0,4,-
BRDA:71,0,5,-
BRDA:71,0,6,-
BRDA:71,0,7,-
BRDA:71,0,8,-
BRDA:71,0,9,-
BRDA:71,0,10,-
BRDA:71,0,11,-
BRDA:71,0,12,-
BRDA:71,0,13,-
BRDA:71,0,14,-
BRDA:71,0,15,-
BRDA:71,0,16,-
BRDA:71,0,17,-
BRDA:71,0,18,-
BRDA:71,0,19,-
BRDA:71,0,20,-
BRDA:71,0,21,-
BRDA:71,0,22,-
BRDA:71,0,23,-
BRDA:71,0,24,-
BRDA:71,0,25,-
BRDA:71,0,26,-
BRDA:71,0,27,-
BRDA:71,0,28,-
BRDA:71,0,29,-
BRDA:75,0,0,-
BRDA:75,0,1,-
BRDA:77,0,0,-
BRDA:77,0,1,-
BRDA:79,0,0,-
BRDA:79,0,1,-
BRDA:81,0,0,-
BRDA:81,0,1,-
BRDA:83,0,0,-
BRDA:83,0,1,-
BRDA:85,0,0,-
BRDA:85,0,1,-
BRDA:86,0,0,-
BRDA:86,0,1,-
BRDA:89,0,0,-
BRDA:89,0,1,-
BRDA:90,0,0,-
BRDA:90,0,1,-
BRDA:91,0,0,-
BRDA:91,0,1,-
BRDA:92,0,0,-
BRDA:92,0,1,-
BRDA:93,0,0,-
BRDA:93,0,1,-
BRDA:94,0,0,-
BRDA:94,0,1,-
BRDA:95,0,0,-
BRDA:95,0,1,-
BRDA:96,0,0,-
BRDA:96,0,1,-
BRDA:97,0,0,-
BRDA:97,0,1,-
BRDA:98,0,0,-
BRDA:98,0,1,-
BRDA:99,0,0,-
BRDA:99,0,1,-
BRDA:100,0,0,-
BRDA:100,0,1,-
BRDA:101,0,0,-
BRDA:101,0,1,-
BRDA:103,0,0,-
BRDA:103,0,1,-
BRDA:104,0,0,-
BRDA:104,0,1,-
BRDA:104,0,2,-
BRDA:104,0,3,-
BRDA:105,0,0,-
BRDA:105,0,1,-
BRDA:107,0,0,0
BRDA:107,0,1,0
BRDA:107,0,2,0
BRDA:108,0,0,0
BRDA:108,0,1,0
BRDA:108,0,2,0
BRDA:108,0,3,0
BRDA:108,0,4,0
BRDA:108,0,5,0
BRDA:108,0,6,0
BRDA:108,0,7,0
BRDA:110,0,0,0
BRDA:110,0,1,0
BRDA:110,0,2,0
BRDA:110,0,3,0
BRDA:110,0,4,0
BRDA:110,0,5,0
BRDA:110,0,6,0
BRDA:110,0,7,0
BRDA:113,0,0,-
BRDA:113,0,1,-
BRDA:113,0,2,-
BRDA:113,0,3,-
BRDA:113,0,4,-
BRDA:113,0,5,-
BRDA:113,0,6,-
BRDA:113,0,7,-
BRDA:117,0,0,-
BRDA:117,0,1,-
BRDA:117,0,2,-
BRDA:117,0,3,-
BRDA:119,0,0,-
BRDA:119,0,1,-
BRDA:120,0,0,0
BRDA:120,0,1,0
BRDA:120,0,2,0
BRDA:120,0,3,0
BRDA:120,0,4,0
BRDA:120,0,5,0
BRDA:125,0,0,-
BRDA:125,0,1,-
BRDA:125,0,2,-
BRDA:125,0,3,-
BRDA:132,0,0,-
BRDA:132,0,1,-
BRDA:134,0,0,-
BRDA:134,0,1,-
BRDA:136,0,0,-
BRDA:136,0,1,-
BRDA:137,0,0,0
BRDA:137,0,1,0
BRDA:138,0,0,0
BRDA:138,0,1,0
BRDA:138,0,2,0
BRDA:138,0,3,0
BRDA:138,0,4,0
BRDA:138,0,5,0
BRDA:141,0,0,-
BRDA:141,0,1,-
BRDA:142,0,0,0
BRDA:142,0,1,0
BRDA:143,0,0,0
BRDA:143,0,1,0
BRDA:143,0,2,0
BRDA:143,0,3,0
BRDA:143,0,4,0
BRDA:143,0,5,0
BRF:238
BRH:0
DA:3,0
DA:5,0
DA:7,0
DA:9,0
DA:10,0
DA:12,0
DA:13,0
DA:14,0
DA:16,0
DA:17,0
DA:18,0
DA:19,0
DA:20,0
DA:22,0
DA:23,0
DA:24,0
DA:26,0
DA:27,0
DA:31,0
DA:33,0
DA:34,0
DA:35,0
DA:36,0
DA:37,0
DA:38,0
DA:40,0
DA:43,0
DA:44,0
DA:45,0
DA:46,0
DA:47,0
DA:48,0
DA:49,0
DA:51,0
DA:54,0
DA:55,0
DA:56,0
DA:57,0
DA:58,0
DA:60,0
DA:61,0
DA:62,0
DA:64,0
DA:65,0
DA:67,0
DA:71,0
DA:74,0
DA:75,0
DA:77,0
DA:78,0
DA:79,0
DA:81,0
DA:82,0
DA:83,0
DA:85,0
DA:86,0
DA:89,0
DA:90,0
DA:91,0
DA:92,0
DA:93,0
DA:94,0
DA:95,0
DA:96,0
DA:97,0
DA:98,0
DA:99,0
DA:100,0
DA:101,0
DA:103,0
DA:104,0
DA:105,0
DA:107,0
DA:108,0
DA:109,0
DA:110,0
DA:111,0
DA:113,0
DA:117,0
DA:119,0
DA:120,0
DA:121,0
DA:123,0
DA:125,0
DA:127,0
DA:128,0
DA:130,0
DA:132,0
DA:134,0
DA:136,0
DA:137,0
DA:138,0
DA:139,0
DA:140,0
DA:141,0
DA:142,0
DA:143,0
DA:144,0
DA:145,0
LF:99
LH:0
end_of_record
TN:
SF:/home/giaupvt/Desktop/media_player/PlayerMediaApp/test/Controller/PlayerControllerTest.cpp
FN:16,_Z17MockedMix_LoadMUSPKc
FN:21,_Z19MockedMix_PlayMusicP10_Mix_Musici
FN:26,_Z21MockedMix_VolumeMusici
FN:30,_Z19MockedMix_HaltMusicv
FN:32,_Z20MockedMix_CloseAudiov
FN:52,_ZN20MockPlayerController18stopPlaybackThreadEv
FN:52,_ZN20MockPlayerController24gmock_stopPlaybackThreadEv
FN:53,_ZN20MockPlayerController19gmock_resetDurationEv
FN:53,_ZN20MockPlayerController13resetDurationEv
FN:54,_ZN20MockPlayerController13startDurationEv
FN:54,_ZN20MockPlayerController19gmock_startDurationEv
FN:57,_ZN20MockPlayerController9isPlayingEv
FN:58,_ZN20MockPlayerController7isPauseEv
FN:61,_ZN20MockPlayerController14gmock_SDL_InitERKN7testing7MatcherIjEE
FN:62,_ZN20MockPlayerController19gmock_SDL_OpenAudioERKN7testing7MatcherIP13SDL_AudioSpecEES6_
FN:64,_ZN20MockPlayerController14gmock_SDL_QuitEv
FN:67,_ZN20MockPlayerController25gmock_avformat_open_inputERKN7testing7MatcherIPP15AVFormatContextEERKNS1_IPKcEERKNS1_IP13AVInputFormatEERKNS1_IPP12AVDictionaryEE
FN:68,_ZN20MockPlayerController31gmock_avformat_find_stream_infoERKN7testing7MatcherIP15AVFormatContextEERKNS1_IPP12AVDictionaryEE
FN:69,_ZN20MockPlayerController26gmock_avcodec_find_decoderERKN7testing7MatcherI9AVCodecIDEE
FN:70,_ZN20MockPlayerController19gmock_avcodec_open2ERKN7testing7MatcherIP14AVCodecContextEERKNS1_IPK7AVCodecEERKNS1_IPP12AVDictionaryEE
FN:71,_ZN20MockPlayerController19gmock_av_read_frameERKN7testing7MatcherIP15AVFormatContextEERKNS1_IP8AVPacketEE
FN:72,_ZN20MockPlayerController21gmock_av_packet_unrefERKN7testing7MatcherIP8AVPacketEE
FN:83,_ZN20PlayerControllerTest5SetUpEv
FN:87,_ZN20PlayerControllerTest8TearDownEv
FN:92,_ZN20PlayerControllerTest29waitForPlaybackThreadToFinishERSt6thread
FN:100,_ZN47PlayerControllerTest_SetVolume_ValidValues_Test8TestBodyEv
FN:100,_ZN47PlayerControllerTest_SetVolume_ValidValues_TestD0Ev
FN:100,_ZN47PlayerControllerTest_SetVolume_ValidValues_TestD2Ev
FN:100,_ZN47PlayerControllerTest_SetVolume_ValidValues_TestC2Ev
FN:112,_ZN54PlayerControllerTest_SetVolume_ClampsToValidRange_TestD0Ev
FN:112,_ZN54PlayerControllerTest_SetVolume_ClampsToValidRange_TestD2Ev
FN:112,_ZN54PlayerControllerTest_SetVolume_ClampsToValidRange_TestC2Ev
FN:112,_ZN54PlayerControllerTest_SetVolume_ClampsToValidRange_Test8TestBodyEv
FN:121,_ZN40PlayerControllerTest_PlayMethodTest_TestC2Ev
FN:121,_ZN40PlayerControllerTest_PlayMethodTest_TestD2Ev
FN:121,_ZN40PlayerControllerTest_PlayMethodTest_Test8TestBodyEv
FN:121,_ZN40PlayerControllerTest_PlayMethodTest_TestD0Ev
FN:153,_ZN49PlayerControllerTest_PlayMethod_NoMediaFiles_Test8TestBodyEv
FN:153,_ZN49PlayerControllerTest_PlayMethod_NoMediaFiles_TestD0Ev
FN:153,_ZN49PlayerControllerTest_PlayMethod_NoMediaFiles_TestD2Ev
FN:153,_ZN49PlayerControllerTest_PlayMethod_NoMediaFiles_TestC2Ev
FN:182,_ZN42PlayerControllerTest_ToggleRepeatTest_TestD2Ev
FN:182,_ZN42PlayerControllerTest_ToggleRepeatTest_Test8TestBodyEv
FN:182,_ZN42PlayerControllerTest_ToggleRepeatTest_TestC2Ev
FN:182,_ZN42PlayerControllerTest_ToggleRepeatTest_TestD0Ev
FN:203,_ZN43PlayerControllerTest_GetMediaFilesTest_TestC2Ev
FN:203,_ZN43PlayerControllerTest_GetMediaFilesTest_Test8TestBodyEv
FN:203,_ZN43PlayerControllerTest_GetMediaFilesTest_TestD2Ev
FN:203,_ZN43PlayerControllerTest_GetMediaFilesTest_TestD0Ev
FN:218,_ZN38PlayerControllerTest_IsRepeatTest_TestC2Ev
FN:218,_ZN38PlayerControllerTest_IsRepeatTest_TestD2Ev
FN:218,_ZN38PlayerControllerTest_IsRepeatTest_Test8TestBodyEv
FN:218,_ZN38PlayerControllerTest_IsRepeatTest_TestD0Ev
FN:235,_ZN41PlayerControllerTest_GetDurationTest_TestD2Ev
FN:235,_ZN41PlayerControllerTest_GetDurationTest_TestD0Ev
FN:235,_ZN41PlayerControllerTest_GetDurationTest_Test8TestBodyEv
FN:235,_ZN41PlayerControllerTest_GetDurationTest_TestC2Ev
FN:252,_ZN53PlayerControllerTest_SetNotificationsEnabledTest_Test8TestBodyEv
FN:252,_ZN53PlayerControllerTest_SetNotificationsEnabledTest_TestD2Ev
FN:252,_ZN53PlayerControllerTest_SetNotificationsEnabledTest_TestC2Ev
FN:252,_ZN53PlayerControllerTest_SetNotificationsEnabledTest_TestD0Ev
FN:259,_ZZN53PlayerControllerTest_SetNotificationsEnabledTest_Test8TestBodyEvENKUliE_clEi
FN:286,_ZN39PlayerControllerTest_GetVolumeTest_TestD2Ev
FN:286,_ZN39PlayerControllerTest_GetVolumeTest_TestD0Ev
FN:286,_ZN39PlayerControllerTest_GetVolumeTest_TestC2Ev
FN:286,_ZN39PlayerControllerTest_GetVolumeTest_Test8TestBodyEv
FN:305,_ZN45PlayerControllerTest_GetCurrentIndexTest_Test8TestBodyEv
FN:305,_ZN45PlayerControllerTest_GetCurrentIndexTest_TestD2Ev
FN:305,_ZN45PlayerControllerTest_GetCurrentIndexTest_TestC2Ev
FN:305,_ZN45PlayerControllerTest_GetCurrentIndexTest_TestD0Ev
FN:318,_ZN47PlayerControllerTest_AddObserverVolumeTest_Test8TestBodyEv
FN:318,_ZN47PlayerControllerTest_AddObserverVolumeTest_TestD2Ev
FN:318,_ZN47PlayerControllerTest_AddObserverVolumeTest_TestC2Ev
FN:318,_ZN47PlayerControllerTest_AddObserverVolumeTest_TestD0Ev
FN:326,_ZZN47PlayerControllerTest_AddObserverVolumeTest_Test8TestBodyEvENKUlvE_clEv
[...]
BRDA:376,0,3,0
BRDA:376,0,4,0
BRDA:376,0,5,1
BRDA:376,0,6,0
BRDA:376,0,7,0
BRDA:376,0,8,0
BRDA:376,0,9,0
BRDA:376,0,10,0
BRDA:376,0,11,0
BRDA:376,0,12,0
BRDA:376,0,13,0
BRDA:381,0,0,1
BRDA:381,0,1,0
BRDA:381,0,2,1
BRDA:381,0,3,0
BRDA:382,0,0,1
BRDA:382,0,1,0
BRDA:388,0,0,1
BRDA:388,0,1,0
BRDA:394,0,0,1
BRDA:394,0,1,0
BRDA:395,0,0,1
BRDA:395,0,1,0
BRDA:396,0,0,1
BRDA:396,0,1,0
BRDA:397,0,0,1
BRDA:397,0,1,0
BRDA:400,0,0,1
BRDA:400,0,1,0
BRDA:403,0,0,0
BRDA:403,0,1,1
BRDA:403,0,2,0
BRDA:403,0,3,0
BRDA:403,0,4,0
BRDA:403,0,5,0
BRDA:403,0,6,0
BRDA:403,0,7,0
BRDA:403,0,8,0
BRDA:403,0,9,0
BRDA:403,0,10,0
BRDA:403,0,11,0
BRDA:404,0,0,1
BRDA:404,0,1,0
BRDA:404,0,2,0
BRDA:404,0,3,1
BRDA:404,0,4,0
BRDA:404,0,5,0
BRDA:404,0,6,0
BRDA:404,0,7,0
BRDA:404,0,8,0
BRDA:404,0,9,0
BRDA:404,0,10,0
BRDA:404,0,11,0
BRDA:409,0,0,1
BRDA:409,0,1,0
BRDA:409,0,2,1
BRDA:409,0,3,0
BRDA:410,0,0,1
BRDA:410,0,1,0
BRDA:413,0,0,1
BRDA:413,0,1,0
BRDA:414,0,0,1
BRDA:414,0,1,0
BRDA:415,0,0,1
BRDA:415,0,1,0
BRDA:415,0,2,1
BRDA:415,0,3,0
BRDA:415,0,4,0
BRDA:415,0,5,1
BRDA:415,0,6,0
BRDA:415,0,7,0
BRDA:415,0,8,0
BRDA:415,0,9,0
BRDA:415,0,10,0
BRDA:415,0,11,0
BRDA:415,0,12,0
BRDA:415,0,13,0
BRDA:418,0,0,1
BRDA:418,0,1,0
BRDA:419,0,0,1
BRDA:419,0,1,0
BRDA:419,0,2,1
BRDA:419,0,3,0
BRDA:419,0,4,0
BRDA:419,0,5,1
BRDA:419,0,6,0
BRDA:419,0,7,0
BRDA:419,0,8,0
BRDA:419,0,9,0
BRDA:419,0,10,0
BRDA:419,0,11,0
BRDA:419,0,12,0
BRDA:419,0,13,0
BRDA:422,0,0,1
BRDA:422,0,1,0
BRDA:423,0,0,1
BRDA:423,0,1,0
BRDA:424,0,0,1
BRDA:424,0,1,0
BRDA:424,0,2,1
BRDA:424,0,3,0
BRDA:424,0,4,0
BRDA:424,0,5,1
BRDA:424,0,6,0
BRDA:424,0,7,0
BRDA:424,0,8,0
BRDA:424,0,9,0
BRDA:424,0,10,0
BRDA:424,0,11,0
BRDA:424,0,12,0
BRDA:424,0,13,0
BRDA:427,0,0,1
BRDA:427,0,1,0
BRDA:428,0,0,1
BRDA:428,0,1,0
BRDA:428,0,2,1
BRDA:428,0,3,0
BRDA:428,0,4,0
BRDA:428,0,5,1
BRDA:428,0,6,0
BRDA:428,0,7,0
BRDA:428,0,8,0
BRDA:428,0,9,0
BRDA:428,0,10,0
BRDA:428,0,11,0
BRDA:428,0,12,0
BRDA:428,0,13,0
BRDA:433,0,0,1
BRDA:433,0,1,0
BRDA:433,0,2,1
BRDA:433,0,3,0
BRDA:434,0,0,1
BRDA:434,0,1,0
BRDA:440,0,0,0
BRDA:440,0,1,1
BRDA:440,0,2,0
BRDA:440,0,3,0
BRDA:440,0,4,0
BRDA:440,0,5,0
BRDA:440,0,6,0
BRDA:440,0,7,0
BRDA:440,0,8,0
BRDA:440,0,9,0
BRDA:440,0,10,0
BRDA:440,0,11,0
BRDA:445,0,0,1
BRDA:445,0,1,0
BRDA:445,0,2,1
BRDA:445,0,3,0
BRDA:446,0,0,1
BRDA:446,0,1,0
BRDA:450,0,0,1
BRDA:450,0,1,0
BRDA:450,0,2,1
BRDA:450,0,3,0
BRDA:450,0,4,1
BRDA:450,0,5,0
BRDA:450,0,6,1
BRDA:450,0,7,0
BRDA:450,0,8,1
BRDA:450,0,9,0
BRDA:450,0,10,1
BRDA:450,0,11,0
BRDA:450,0,12,1
BRDA:450,0,13,0
BRDA:451,0,0,1
BRDA:451,0,1,0
BRDA:451,0,2,1
BRDA:451,0,3,0
BRDA:451,0,4,1
BRDA:451,0,5,0
BRDA:451,0,6,1
BRDA:451,0,7,0
BRDA:451,0,8,1
BRDA:451,0,9,0
BRDA:451,0,10,1
BRDA:451,0,11,0
BRDA:451,0,12,1
BRDA:451,0,13,0
BRDA:451,0,14,1
BRDA:451,0,15,0
BRDA:452,0,0,1
BRDA:452,0,1,0
BRDA:452,0,2,1
BRDA:452,0,3,0
BRDA:452,0,4,1
BRDA:452,0,5,0
BRDA:452,0,6,1
BRDA:452,0,7,0
BRDA:452,0,8,1
BRDA:452,0,9,0
BRDA:452,0,10,1
BRDA:452,0,11,0
BRDA:453,0,0,1
BRDA:453,0,1,0
BRDA:453,0,2,1
BRDA:453,0,3,0
BRDA:453,0,4,1
BRDA:453,0,5,0
BRDA:453,0,6,1
BRDA:453,0,7,0
BRDA:453,0,8,1
BRDA:453,0,9,0
BRDA:453,0,10,1
BRDA:453,0,11,0
BRDA:453,0,12,1
BRDA:453,0,13,0
BRDA:453,0,14,1
BRDA:453,0,15,0
BRDA:453,0,16,1
BRDA:453,0,17,0
BRDA:453,0,18,1
BRDA:453,0,19,0
BRDA:454,0,0,1
BRDA:454,0,1,0
BRDA:454,0,2,1
BRDA:454,0,3,0
BRDA:454,0,4,1
BRDA:454,0,5,0
BRDA:454,0,6,1
BRDA:454,0,7,0
BRDA:454,0,8,1
BRDA:454,0,9,0
BRDA:454,0,10,1
BRDA:454,0,11,0
BRDA:454,0,12,1
BRDA:454,0,13,0
BRDA:454,0,14,1
BRDA:454,0,15,0
BRDA:455,0,0,1
BRDA:455,0,1,0
BRDA:455,0,2,1
BRDA:455,0,3,0
BRDA:455,0,4,1
BRDA:455,0,5,0
BRDA:455,0,6,1
BRDA:455,0,7,0
BRDA:455,0,8,1
BRDA:455,0,9,0
BRDA:455,0,10,1
BRDA:455,0,11,0
BRDA:455,0,12,1
BRDA:455,0,13,0
BRDA:459,0,0,1
BRDA:459,0,1,0
BRDA:467,0,0,1
BRDA:467,0,1,0
BRDA:467,0,2,1
BRDA:467,0,3,0
BRDA:467,0,4,1
BRDA:467,0,5,0
BRDA:468,0,0,1
BRDA:468,0,1,0
BRDA:471,0,0,1
BRDA:471,0,1,0
BRDA:471,0,2,1
BRDA:471,0,3,0
BRDA:471,0,4,1
BRDA:471,0,5,0
BRDA:471,0,6,1
BRDA:471,0,7,0
BRDA:472,0,0,1
BRDA:472,0,1,0
BRDA:472,0,2,1
BRDA:472,0,3,0
BRDA:472,0,4,1
BRDA:472,0,5,0
BRDA:472,0,6,1
BRDA:472,0,7,0
BRDA:485,0,0,1
BRDA:485,0,1,0
BRDA:485,0,2,1
BRDA:485,0,3,0
BRDA:485,0,4,1
BRDA:485,0,5,0
BRDA:485,0,6,1
BRDA:485,0,7,0
BRDA:485,0,8,1
BRDA:485,0,9,0
BRDA:485,0,10,1
BRDA:485,0,11,0
BRDA:485,0,12,1
BRDA:485,0,13,0
BRDA:485,0,14,1
BRDA:485,0,15,0
BRDA:485,0,16,1
BRDA:485,0,17,0
BRDA:485,0,18,1
BRDA:485,0,19,0
BRDA:486,0,0,1
BRDA:486,0,1,0
BRDA:486,0,2,1
BRDA:486,0,3,0
BRDA:486,0,4,1
BRDA:486,0,5,0
BRDA:486,0,6,1
BRDA:486,0,7,0
BRDA:486,0,8,1
BRDA:486,0,9,0
BRDA:486,0,10,1
BRDA:486,0,11,0
BRDA:486,0,12,1
BRDA:486,0,13,0
BRDA:486,0,14,1
BRDA:486,0,15,0
BRDA:487,0,0,1
BRDA:487,0,1,0
BRDA:487,0,2,1
BRDA:487,0,3,0
BRDA:487,0,4,1
BRDA:487,0,5,0
BRDA:487,0,6,1
BRDA:487,0,7,0
BRDA:487,0,8,1
BRDA:487,0,9,0
BRDA:487,0,10,1
BRDA:487,0,11,0
BRDA:487,0,12,1
BRDA:487,0,13,0
BRDA:488,0,0,1
BRDA:488,0,1,0
BRDA:488,0,2,1
BRDA:488,0,3,0
BRDA:488,0,4,1
BRDA:488,0,5,0
BRDA:488,0,6,1
BRDA:488,0,7,0
BRDA:488,0,8,1
BRDA:488,0,9,0
BRDA:488,0,10,1
BRDA:488,0,11,0
BRDA:488,0,12,1
BRDA:488,0,13,0
BRDA:488,0,14,1
BRDA:488,0,15,0
BRDA:488,0,16,1
BRDA:488,0,17,0
BRDA:489,0,0,1
BRDA:489,0,1,0
BRDA:489,0,2,1
BRDA:489,0,3,0
BRDA:489,0,4,1
BRDA:489,0,5,0
BRDA:489,0,6,1
BRDA:489,0,7,0
BRDA:489,0,8,1
BRDA:489,0,9,0
BRDA:489,0,10,1
BRDA:489,0,11,0
BRDA:489,0,12,1
BRDA:489,0,13,0
BRDA:489,0,14,1
BRDA:489,0,15,0
BRDA:490,0,0,1
BRDA:490,0,1,0
BRDA:490,0,2,1
BRDA:490,0,3,0
BRDA:490,0,4,1
BRDA:490,0,5,0
BRDA:490,0,6,1
BRDA:490,0,7,0
BRDA:490,0,8,1
BRDA:490,0,9,0
BRDA:490,0,10,1
BRDA:490,0,11,0
BRDA:490,0,12,1
BRDA:490,0,13,0
BRDA:493,0,0,1
BRDA:493,0,1,0
BRDA:493,0,2,1
BRDA:493,0,3,0
BRDA:493,0,4,1
BRDA:493,0,5,0
BRDA:493,0,6,1
BRDA:493,0,7,0
BRDA:493,0,8,1
BRDA:493,0,9,0
BRDA:493,0,10,1
BRDA:493,0,11,0
BRDA:493,0,12,1
BRDA:493,0,13,0
BRDA:494,0,0,1
BRDA:494,0,1,0
BRDA:494,0,2,1
BRDA:494,0,3,0
BRDA:494,0,4,1
BRDA:494,0,5,0
BRDA:494,0,6,1
BRDA:494,0,7,0
BRDA:494,0,8,1
BRDA:494,0,9,0
BRDA:494,0,10,1
BRDA:494,0,11,0
BRDA:494,0,12,1
BRDA:494,0,13,0
BRDA:494,0,14,1
BRDA:494,0,15,0
BRDA:495,0,0,1
BRDA:495,0,1,0
BRDA:495,0,2,1
BRDA:495,0,3,0
BRDA:495,0,4,1
BRDA:495,0,5,0
BRDA:495,0,6,1
BRDA:495,0,7,0
BRDA:495,0,8,1
BRDA:495,0,9,0
BRDA:495,0,10,1
BRDA:495,0,11,0
BRDA:504,0,0,1
BRDA:504,0,1,0
BRDA:510,0,0,1
BRDA:510,0,1,0
BRDA:510,0,2,1
BRDA:510,0,3,0
BRDA:510,0,4,0
BRDA:510,0,5,1
BRDA:510,0,6,0
BRDA:510,0,7,0
BRDA:510,0,8,0
BRDA:510,0,9,0
BRDA:510,0,10,0
BRDA:510,0,11,0
BRDA:510,0,12,0
BRDA:510,0,13,0
BRDA:513,0,0,1
BRDA:513,0,1,0
BRDA:513,0,2,1
BRDA:513,0,3,0
BRDA:513,0,4,0
BRDA:513,0,5,1
BRDA:513,0,6,0
BRDA:513,0,7,0
BRDA:513,0,8,0
BRDA:513,0,9,0
BRDA:513,0,10,0
BRDA:513,0,11,0
BRDA:513,0,12,0
BRDA:513,0,13,0
BRDA:520,0,0,1
BRDA:520,0,1,0
BRDA:520,0,2,1
BRDA:520,0,3,0
BRDA:520,0,4,1
BRDA:520,0,5,0
BRDA:521,0,0,1
BRDA:521,0,1,0
BRDA:530,0,0,1
BRDA:530,0,1,0
BRDA:530,0,2,1
BRDA:530,0,3,0
BRDA:530,0,4,1
BRDA:530,0,5,0
BRDA:531,0,0,1
BRDA:531,0,1,0
BRDA:533,0,0,1
BRDA:533,0,1,0
BRDA:533,0,2,1
BRDA:533,0,3,0
BRDA:533,0,4,1
BRDA:533,0,5,0
BRDA:534,0,0,1
BRDA:534,0,1,0
BRDA:536,0,0,1
BRDA:536,0,1,0
BRDA:536,0,2,1
BRDA:536,0,3,0
BRDA:536,0,4,1
BRDA:536,0,5,0
BRDA:537,0,0,1
BRDA:537,0,1,0
BRDA:543,0,0,1
BRDA:543,0,1,0
BRDA:545,0,0,1
BRDA:545,0,1,0
BRDA:548,0,0,1
BRDA:548,0,1,0
BRDA:553,0,0,1
BRDA:553,0,1,0
BRDA:554,0,0,1
BRDA:554,0,1,0
BRDA:559,0,0,1
BRDA:559,0,1,0
BRDA:559,0,2,1
BRDA:559,0,3,0
BRDA:559,0,4,1
BRDA:559,0,5,0
BRDA:560,0,0,1
BRDA:560,0,1,0
BRDA:563,0,0,1
BRDA:563,0,1,0
BRDA:566,0,0,1
BRDA:566,0,1,0
BRDA:566,0,2,1
BRDA:566,0,3,0
BRDA:566,0,4,0
BRDA:566,0,5,1
BRDA:566,0,6,0
BRDA:566,0,7,0
BRDA:566,0,8,0
BRDA:566,0,9,0
BRDA:566,0,10,0
BRDA:566,0,11,0
BRDA:571,0,0,1
BRDA:571,0,1,0
BRDA:571,0,2,1
BRDA:571,0,3,0
BRDA:571,0,4,1
BRDA:571,0,5,0
BRDA:572,0,0,1
BRDA:572,0,1,0
BRDA:575,0,0,1
BRDA:575,0,1,0
BRDA:575,0,2,0
BRDA:575,0,3,1
BRDA:575,0,4,0
BRDA:575,0,5,0
BRDA:575,0,6,0
BRDA:575,0,7,0
BRDA:575,0,8,0
BRDA:575,0,9,0
BRDA:575,0,10,0
BRDA:575,0,11,0
BRDA:579,0,0,1
BRDA:579,0,1,0
BRDA:579,0,2,0
BRDA:579,0,3,1
BRDA:579,0,4,0
BRDA:579,0,5,0
BRDA:579,0,6,0
BRDA:579,0,7,0
BRDA:579,0,8,0
BRDA:579,0,9,0
BRDA:579,0,10,0
BRDA:579,0,11,0
BRDA:583,0,0,1
BRDA:583,0,1,0
BRDA:583,0,2,0
BRDA:583,0,3,1
BRDA:583,0,4,0
BRDA:583,0,5,0
BRDA:583,0,6,0
BRDA:583,0,7,0
BRDA:583,0,8,0
BRDA:583,0,9,0
BRDA:583,0,10,0
BRDA:583,0,11,0
BRDA:588,0,0,1
BRDA:588,0,1,0
BRDA:588,0,2,1
BRDA:588,0,3,0
BRDA:588,0,4,1
BRDA:588,0,5,0
BRDA:589,0,0,1
BRDA:589,0,1,0
BRDA:592,0,0,1
BRDA:592,0,1,0
BRDA:592,0,2,0
BRDA:592,0,3,1
BRDA:592,0,4,0
BRDA:592,0,5,0
BRDA:592,0,6,0
BRDA:592,0,7,0
BRDA:592,0,8,0
BRDA:592,0,9,0
BRDA:592,0,10,0
BRDA:592,0,11,0
BRDA:596,0,0,1
BRDA:596,0,1,0
BRDA:596,0,2,0
BRDA:596,0,3,1
BRDA:596,0,4,0
BRDA:596,0,5,0
BRDA:596,0,6,0
BRDA:596,0,7,0
BRDA:596,0,8,0
BRDA:596,0,9,0
BRDA:596,0,10,0
BRDA:596,0,11,0
BRDA:600,0,0,1
BRDA:600,0,1,0
BRDA:600,0,2,0
BRDA:600,0,3,1
BRDA:600,0,4,0
BRDA:600,0,5,0
BRDA:600,0,6,0
BRDA:600,0,7,0
BRDA:600,0,8,0
BRDA:600,0,9,0
BRDA:600,0,10,0
BRDA:600,0,11,0
BRDA:613,0,0,1
BRDA:613,0,1,0
BRDA:613,0,2,1
BRDA:613,0,3,0
BRDA:613,0,4,1
BRDA:613,0,5,0
BRDA:614,0,0,1
BRDA:614,0,1,0
BRDA:617,0,0,1
BRDA:617,0,1,0
BRDA:618,0,0,1
BRDA:618,0,1,0
BRDA:619,0,0,1
BRDA:619,0,1,0
BRDA:623,0,0,1
BRDA:623,0,1,0
BRDA:623,0,2,1
BRDA:623,0,3,0
BRDA:623,0,4,1
BRDA:623,0,5,0
BRDA:623,0,6,1
BRDA:623,0,7,0
BRDA:624,0,0,1
BRDA:624,0,1,0
BRDA:624,0,2,1
BRDA:624,0,3,0
BRDA:625,0,0,1
BRDA:625,0,1,0
BRDA:626,0,0,1
BRDA:626,0,1,0
BRDA:626,0,2,1
BRDA:626,0,3,0
BRDA:626,0,4,1
BRDA:626,0,5,0
BRDA:629,0,0,1
BRDA:629,0,1,0
BRDA:630,0,0,1
BRDA:630,0,1,0
BRDA:630,0,2,1
BRDA:630,0,3,0
BRDA:636,0,0,1
BRDA:636,0,1,0
BRDA:636,0,2,1
BRDA:636,0,3,0
BRDA:637,0,0,1
BRDA:637,0,1,0
BRDA:637,0,2,1
BRDA:637,0,3,0
BRDA:640,0,0,1
BRDA:640,0,1,0
BRDA:643,0,0,1
BRDA:643,0,1,0
BRDA:643,0,2,1
BRDA:643,0,3,0
BRDA:643,0,4,1
BRDA:643,0,5,0
BRDA:643,0,6,1
BRDA:643,0,7,0
BRDA:643,0,8,1
BRDA:643,0,9,0
BRDA:643,0,10,1
BRDA:643,0,11,0
BRDA:643,0,12,1
BRDA:643,0,13,0
BRDA:644,0,0,1
BRDA:644,0,1,0
BRDA:644,0,2,1
BRDA:644,0,3,0
BRDA:644,0,4,1
BRDA:644,0,5,0
BRDA:646,0,0,1
BRDA:646,0,1,0
BRDA:646,0,2,1
BRDA:646,0,3,0
BRDA:646,0,4,1
BRDA:646,0,5,0
BRDA:646,0,6,1
BRDA:646,0,7,0
BRDA:646,0,8,1
BRDA:646,0,9,0
BRDA:647,0,0,1
BRDA:647,0,1,0
BRDA:647,0,2,1
BRDA:647,0,3,0
BRDA:647,0,4,1
BRDA:647,0,5,0
BRDA:649,0,0,1
BRDA:649,0,1,0
BRDA:649,0,2,1
BRDA:649,0,3,0
BRDA:649,0,4,1
BRDA:649,0,5,0
BRDA:649,0,6,1
BRDA:649,0,7,0
BRDA:649,0,8,1
BRDA:649,0,9,0
BRDA:649,0,10,1
BRDA:649,0,11,0
BRDA:649,0,12,1
BRDA:649,0,13,0
BRDA:650,0,0,1
BRDA:650,0,1,0
BRDA:650,0,2,1
BRDA:650,0,3,0
BRDA:650,0,4,1
BRDA:650,0,5,0
BRDA:650,0,6,1
BRDA:650,0,7,0
BRDA:650,0,8,1
BRDA:650,0,9,0
BRDA:650,0,10,1
BRDA:650,0,11,0
BRDA:650,0,12,1
BRDA:650,0,13,0
BRDA:650,0,14,1
BRDA:650,0,15,0
BRDA:650,0,16,1
BRDA:650,0,17,0
BRDA:652,0,0,1
BRDA:652,0,1,0
BRDA:652,0,2,1
BRDA:652,0,3,0
BRDA:652,0,4,1
BRDA:652,0,5,0
BRDA:652,0,6,1
BRDA:652,0,7,0
BRDA:652,0,8,1
BRDA:652,0,9,0
BRDA:652,0,10,1
BRDA:652,0,11,0
BRDA:652,0,12,1
BRDA:652,0,13,0
BRDA:653,0,0,1
BRDA:653,0,1,0
BRDA:653,0,2,1
BRDA:653,0,3,0
BRDA:653,0,4,1
BRDA:653,0,5,0
BRDA:653,0,6,1
BRDA:653,0,7,0
BRDA:653,0,8,1
BRDA:653,0,9,0
BRDA:653,0,10,1
BRDA:653,0,11,0
BRDA:653,0,12,1
BRDA:653,0,13,0
BRDA:653,0,14,1
BRDA:653,0,15,0
BRDA:654,0,0,1
BRDA:654,0,1,0
BRDA:654,0,2,1
BRDA:654,0,3,0
BRDA:654,0,4,1
BRDA:654,0,5,0
BRDA:654,0,6,1
BRDA:654,0,7,0
BRDA:654,0,8,1
BRDA:654,0,9,0
BRDA:654,0,10,1
BRDA:654,0,11,0
BRDA:657,0,0,1
BRDA:657,0,1,0
BRDA:662,0,0,1
BRDA:662,0,1,0
BRDA:662,0,2,1
BRDA:662,0,3,0
BRDA:662,0,4,1
BRDA:662,0,5,0
BRDA:662,0,6,1
BRDA:662,0,7,0
BRDA:663,0,0,1
BRDA:663,0,1,0
BRDA:664,0,0,1
BRDA:664,0,1,0
BRDA:664,0,2,1
BRDA:664,0,3,0
BRDA:665,0,0,1
BRDA:665,0,1,0
BRDA:672,0,0,1
BRDA:672,0,1,0
BRDA:672,0,2,1
BRDA:672,0,3,0
BRDA:673,0,0,1
BRDA:673,0,1,0
BRDA:673,0,2,1
BRDA:673,0,3,0
BRDA:676,0,0,1
BRDA:676,0,1,0
BRDA:679,0,0,1
BRDA:679,0,1,0
BRDA:679,0,2,1
BRDA:679,0,3,0
BRDA:679,0,4,1
BRDA:679,0,5,0
BRDA:679,0,6,1
BRDA:679,0,7,0
BRDA:679,0,8,1
BRDA:679,0,9,0
BRDA:679,0,10,1
BRDA:679,0,11,0
BRDA:679,0,12,1
BRDA:679,0,13,0
BRDA:680,0,0,1
BRDA:680,0,1,0
BRDA:680,0,2,1
BRDA:680,0,3,0
BRDA:680,0,4,1
BRDA:680,0,5,0
BRDA:683,0,0,1
BRDA:683,0,1,0
BRDA:683,0,2,1
BRDA:683,0,3,0
BRDA:683,0,4,1
BRDA:683,0,5,0
BRDA:683,0,6,1
BRDA:683,0,7,0
BRDA:684,0,0,1
BRDA:684,0,1,0
BRDA:684,0,2,1
BRDA:684,0,3,0
BRDA:684,0,4,1
BRDA:684,0,5,0
BRDA:686,0,0,1
BRDA:686,0,1,0
BRDA:686,0,2,1
BRDA:686,0,3,0
BRDA:686,0,4,1
BRDA:686,0,5,0
BRDA:686,0,6,1
BRDA:686,0,7,0
BRDA:686,0,8,1
BRDA:686,0,9,0
BRDA:687,0,0,1
BRDA:687,0,1,0
BRDA:687,0,2,1
BRDA:687,0,3,0
BRDA:687,0,4,1
BRDA:687,0,5,0
BRDA:689,0,0,1
BRDA:689,0,1,0
BRDA:689,0,2,1
BRDA:689,0,3,0
BRDA:689,0,4,1
BRDA:689,0,5,0
BRDA:689,0,6,1
BRDA:689,0,7,0
BRDA:690,0,0,1
BRDA:690,0,1,0
BRDA:690,0,2,1
BRDA:690,0,3,0
BRDA:690,0,4,1
BRDA:690,0,5,0
BRDA:692,0,0,1
BRDA:692,0,1,0
BRDA:692,0,2,1
BRDA:692,0,3,0
BRDA:692,0,4,1
BRDA:692,0,5,0
BRDA:693,0,0,1
BRDA:693,0,1,0
BRDA:693,0,2,1
BRDA:693,0,3,0
BRDA:693,0,4,1
BRDA:693,0,5,0
BRDA:695,0,0,1
BRDA:695,0,1,0
BRDA:695,0,2,1
BRDA:695,0,3,0
BRDA:695,0,4,1
BRDA:695,0,5,0
BRDA:696,0,0,1
BRDA:696,0,1,0
BRDA:696,0,2,1
BRDA:696,0,3,0
BRDA:696,0,4,1
BRDA:696,0,5,0
BRDA:699,0,0,1
BRDA:699,0,1,0
BRDA:705,0,0,1
BRDA:705,0,1,0
BRDA:705,0,2,1
BRDA:705,0,3,0
BRDA:705,0,4,1
BRDA:705,0,5,0
BRDA:706,0,0,1
BRDA:706,0,1,0
BRDA:709,0,0,1
BRDA:709,0,1,0
BRDA:710,0,0,1
BRDA:710,0,1,0
BRDA:710,0,2,0
BRDA:710,0,3,1
BRDA:710,0,4,0
BRDA:710,0,5,0
BRDA:710,0,6,0
BRDA:710,0,7,0
BRDA:710,0,8,0
BRDA:710,0,9,0
BRDA:710,0,10,0
BRDA:710,0,11,0
BRDA:710,0,12,0
BRDA:710,0,13,0
BRDA:717,0,0,1
BRDA:717,0,1,0
BRDA:718,0,0,1
BRDA:718,0,1,0
BRDA:718,0,2,0
BRDA:718,0,3,1
BRDA:718,0,4,0
BRDA:718,0,5,0
BRDA:718,0,6,0
BRDA:718,0,7,0
BRDA:718,0,8,0
BRDA:718,0,9,0
BRDA:718,0,10,0
BRDA:718,0,11,0
BRDA:718,0,12,0
BRDA:718,0,13,0
BRDA:725,0,0,1
BRDA:725,0,1,0
BRDA:726,0,0,1
BRDA:726,0,1,0
BRDA:726,0,2,0
BRDA:726,0,3,1
BRDA:726,0,4,0
BRDA:726,0,5,0
BRDA:726,0,6,0
BRDA:726,0,7,0
BRDA:726,0,8,0
BRDA:726,0,9,0
BRDA:726,0,10,0
BRDA:726,0,11,0
BRDA:726,0,12,0
BRDA:726,0,13,0
BRDA:727,0,0,1
BRDA:727,0,1,0
BRDA:727,0,2,0
BRDA:727,0,3,1
BRDA:727,0,4,0
BRDA:727,0,5,0
BRDA:727,0,6,0
BRDA:727,0,7,0
BRDA:727,0,8,0
BRDA:727,0,9,0
BRDA:727,0,10,0
BRDA:727,0,11,0
BRDA:727,0,12,0
BRDA:727,0,13,0
BRDA:732,0,0,1
BRDA:732,0,1,0
BRDA:732,0,2,1
BRDA:732,0,3,0
BRDA:733,0,0,1
BRDA:733,0,1,0
BRDA:743,0,0,1
BRDA:743,0,1,0
BRDA:743,0,2,1
BRDA:743,0,3,0
BRDA:743,0,4,1
BRDA:743,0,5,0
BRDA:744,0,0,1
BRDA:744,0,1,0
BRDA:746,0,0,1
BRDA:746,0,1,0
BRDA:746,0,2,1
BRDA:746,0,3,0
BRDA:746,0,4,1
BRDA:746,0,5,0
BRDA:747,0,0,1
BRDA:747,0,1,0
BRDA:749,0,0,1
BRDA:749,0,1,0
BRDA:749,0,2,1
BRDA:749,0,3,0
BRDA:749,0,4,1
BRDA:749,0,5,0
BRDA:750,0,0,1
BRDA:750,0,1,0
BRDA:755,0,0,1
BRDA:755,0,1,0
BRDA:758,0,0,1
BRDA:758,0,1,0
BRDA:763,0,0,1
BRDA:763,0,1,0
BRDA:763,0,2,1
BRDA:763,0,3,0
BRDA:764,0,0,1
BRDA:764,0,1,0
BRDA:774,0,0,1
BRDA:774,0,1,0
BRDA:774,0,2,1
BRDA:774,0,3,0
BRDA:774,0,4,1
BRDA:774,0,5,0
BRDA:775,0,0,1
BRDA:775,0,1,0
BRDA:777,0,0,1
BRDA:777,0,1,0
BRDA:777,0,2,1
BRDA:777,0,3,0
BRDA:777,0,4,1
BRDA:777,0,5,0
BRDA:778,0,0,1
BRDA:778,0,1,0
BRDA:780,0,0,1
BRDA:780,0,1,0
BRDA:780,0,2,1
BRDA:780,0,3,0
BRDA:780,0,4,1
BRDA:780,0,5,0
BRDA:781,0,0,1
BRDA:781,0,1,0
BRDA:786,0,0,1
BRDA:786,0,1,0
BRDA:789,0,0,1
BRDA:789,0,1,0
BRDA:794,0,0,1
BRDA:794,0,1,0
BRDA:794,0,2,1
BRDA:794,0,3,0
BRDA:795,0,0,1
BRDA:795,0,1,0
BRDA:806,0,0,9
BRDA:806,0,1,1
BRDA:807,0,0,9
BRDA:807,0,1,0
BRDA:811,0,0,1
BRDA:811,0,1,0
BRDA:814,0,0,1
BRDA:814,0,1,0
BRDA:817,0,0,0
BRDA:817,0,1,1
BRDA:817,0,2,0
BRDA:817,0,3,0
BRDA:817,0,4,0
BRDA:817,0,5,0
BRDA:817,0,6,0
BRDA:817,0,7,0
BRDA:817,0,8,0
BRDA:817,0,9,0
BRDA:817,0,10,0
BRDA:817,0,11,0
BRDA:821,0,0,1
BRDA:821,0,1,0
BRDA:824,0,0,1
BRDA:824,0,1,0
BRDA:827,0,0,1
BRDA:827,0,1,0
BRDA:827,0,2,1
BRDA:827,0,3,0
BRDA:827,0,4,1
BRDA:827,0,5,0
BRDA:827,0,6,1
BRDA:827,0,7,0
BRDA:827,0,8,1
BRDA:827,0,9,0
BRDA:827,0,10,1
BRDA:827,0,11,0
BRDA:830,0,0,1
BRDA:830,0,1,0
BRDA:830,0,2,0
BRDA:830,0,3,1
BRDA:830,0,4,0
BRDA:830,0,5,0
BRDA:830,0,6,0
BRDA:830,0,7,0
BRDA:830,0,8,0
BRDA:830,0,9,0
BRDA:830,0,10,0
BRDA:830,0,11,0
BRDA:830,0,12,0
BRDA:830,0,13,0
BRDA:833,0,0,1
BRDA:833,0,1,0
BRDA:834,0,0,1
BRDA:834,0,1,0
BRF:1616
BRH:611
DA:16,0
DA:18,0
DA:21,0
DA:24,0
DA:26,0
DA:28,0
DA:30,0
DA:32,0
DA:52,13
DA:53,22
DA:54,14
DA:57,0
DA:58,0
DA:61,2
DA:62,2
DA:64,2
DA:67,2
DA:68,2
DA:69,2
DA:70,1
DA:71,1
DA:72,1
DA:83,30
DA:84,30
DA:85,30
DA:87,30
DA:88,30
DA:89,30
DA:92,5
DA:93,5
DA:94,4
DA:96,5
DA:100,4
DA:101,1
DA:102,1
DA:104,1
DA:105,1
DA:107,1
DA:108,1
DA:109,1
DA:112,4
DA:113,1
DA:114,1
DA:116,1
DA:117,1
DA:118,1
DA:121,4
DA:123,4
DA:124,1
DA:127,1
DA:128,1
DA:129,1
DA:130,1
DA:131,1
DA:134,1
DA:135,1
DA:137,1
DA:138,1
DA:140,1
DA:141,1
DA:146,1
DA:149,1
DA:150,1
DA:153,4
DA:155,1
DA:156,1
DA:159,1
DA:160,1
DA:161,1
DA:162,1
DA:163,1
DA:166,1
DA:167,1
DA:169,1
DA:170,1
DA:172,1
DA:173,1
DA:179,1
DA:180,1
DA:182,4
DA:184,4
DA:185,1
DA:188,1
DA:191,1
DA:194,1
DA:197,1
DA:200,1
DA:201,1
DA:203,4
DA:205,6
DA:206,1
DA:209,1
DA:212,1
DA:213,1
DA:214,1
DA:215,1
DA:216,1
DA:218,4
DA:220,4
DA:221,1
DA:224,1
DA:227,1
DA:228,1
DA:231,1
DA:232,1
DA:233,1
DA:235,4
DA:237,4
DA:238,1
DA:241,1
DA:244,1
DA:245,1
DA:246,1
DA:249,1
DA:250,1
DA:252,4
DA:254,4
DA:255,1
DA:256,1
DA:259,2
DA:261,1
DA:262,1
DA:265,1
DA:268,1
DA:269,1
DA:272,1
DA:275,1
DA:278,1
DA:279,1
DA:282,1
DA:283,1
DA:286,4
DA:288,4
DA:289,1
DA:292,1
DA:295,1
DA:296,1
DA:298,1
DA:299,1
DA:301,1
DA:302,1
DA:303,1
DA:305,4
DA:307,6
DA:308,1
DA:311,1
DA:314,1
DA:315,1
DA:316,1
DA:318,4
DA:320,4
DA:321,1
DA:323,1
DA:326,3
DA:327,2
DA:328,2
DA:331,1
DA:332,1
DA:335,1
DA:336,1
DA:338,4
DA:340,4
DA:341,1
DA:343,1
DA:346,2
DA:347,1
DA:348,1
DA:351,1
DA:354,1
DA:355,1
DA:357,4
DA:359,5
DA:360,1
DA:362,1
DA:363,1
DA:366,2
DA:367,1
DA:368,1
DA:369,1
DA:372,1
DA:375,1
DA:376,1
DA:377,1
DA:379,4
DA:381,4
DA:382,1
DA:384,1
DA:385,1
DA:388,2
DA:389,1
DA:390,1
DA:391,1
DA:394,1
DA:395,1
DA:396,1
DA:397,1
DA:400,1
DA:403,1
DA:404,1
DA:405,1
DA:407,4
DA:409,4
DA:410,1
DA:413,1
DA:414,1
DA:415,1
DA:418,1
DA:419,1
DA:422,1
DA:423,1
DA:424,1
DA:427,1
DA:428,1
DA:429,1
DA:431,4
DA:433,4
DA:434,1
DA:437,1
DA:440,1
DA:441,1
DA:443,4
DA:445,4
DA:446,1
DA:450,1
DA:451,1
DA:452,1
DA:453,1
DA:454,1
DA:455,1
DA:459,1
DA:463,1
DA:465,4
DA:467,5
DA:468,1
DA:471,1
DA:472,1
DA:485,1
DA:486,1
DA:487,1
DA:488,1
DA:489,1
DA:490,1
DA:493,1
DA:494,1
DA:495,1
DA:504,1
DA:510,1
DA:513,1
DA:514,1
DA:517,4
DA:520,5
DA:521,1
DA:523,1
DA:524,1
DA:525,1
DA:526,1
DA:527,1
DA:530,1
DA:531,1
DA:533,1
DA:534,1
DA:536,1
DA:537,1
DA:543,1
DA:545,1
DA:548,1
DA:550,1
DA:551,1
DA:553,1
DA:554,1
DA:555,1
DA:557,4
DA:559,5
DA:560,1
DA:563,1
DA:566,1
DA:567,1
DA:569,4
DA:571,5
DA:572,1
DA:575,1
DA:578,1
DA:579,1
DA:582,1
DA:583,1
DA:584,1
DA:586,4
DA:588,5
DA:589,1
DA:592,1
DA:595,1
DA:596,1
DA:599,1
DA:600,1
DA:601,1
DA:603,4
DA:608,1
DA:609,0
DA:610,0
DA:613,5
DA:614,1
DA:617,1
DA:618,1
DA:619,1
DA:620,1
DA:623,1
DA:624,1
DA:625,1
DA:626,1
DA:629,1
DA:630,1
DA:631,1
DA:634,4
DA:636,4
DA:637,1
DA:640,1
DA:643,2
DA:644,1
DA:646,2
DA:647,1
DA:649,1
DA:650,1
DA:652,1
DA:653,1
DA:654,1
DA:657,1
DA:658,1
DA:662,1
DA:663,1
DA:664,1
DA:665,1
DA:666,1
DA:667,1
DA:670,4
DA:672,4
DA:673,1
DA:676,1
DA:679,2
DA:680,1
DA:683,2
DA:684,1
DA:686,2
DA:687,1
DA:689,2
DA:690,1
DA:692,1
DA:693,1
DA:695,1
DA:696,1
DA:699,1
DA:700,1
DA:703,4
DA:705,5
DA:706,1
DA:709,1
DA:710,1
DA:713,1
DA:714,1
DA:717,1
DA:718,1
DA:721,1
DA:722,1
DA:725,1
DA:726,1
DA:727,1
DA:728,1
DA:730,4
DA:732,4
DA:733,1
DA:736,1
DA:737,1
DA:738,1
DA:739,1
DA:740,1
DA:743,1
DA:744,1
DA:746,1
DA:747,1
DA:749,1
DA:750,1
DA:755,1
DA:758,1
DA:759,1
DA:761,4
DA:763,4
DA:764,1
DA:767,1
DA:768,1
DA:769,1
DA:770,1
DA:771,1
DA:774,1
DA:775,1
DA:777,1
DA:778,1
DA:780,1
DA:781,1
DA:786,1
DA:789,1
DA:790,1
DA:792,4
DA:794,4
DA:795,1
DA:801,1
DA:804,12
DA:806,10
DA:807,9
DA:810,1
DA:811,2
DA:814,1
DA:817,1
DA:820,1
DA:821,1
DA:824,1
DA:827,1
DA:830,1
DA:833,1
DA:834,1
DA:836,1
LF:419
LH:407
end_of_record
