TN:
SF:/home/bluebird/mock_project_app_music_video_player/final/media_player/PlayerMediaApp/src/Controller/ControllerManager.cpp
FN:3,_ZN17ControllerManagerC2E12ModelManager11ViewManagerSt10shared_ptrI11UARTManagerE
FN:10,_ZN17ControllerManager7getViewERKNSt7__cxx1112basic_stringIcSt11char_traitsIcESaIcEEE
FN:20,_ZN17ControllerManager9checkUartEv
FN:48,_ZN17ControllerManager8ScanDataEv
FN:65,_ZN17ControllerManager16mediaFileHandlerB5cxx11Ev
FN:105,_ZN17ControllerManager16mediaFileManagerEv
FN:132,_ZN17ControllerManager15playlistHandlerEv
FN:196,_ZN17ControllerManager15playlistManagerEv
FN:227,_ZN17ControllerManager16playMusicHandlerB5cxx11Ev
FN:250,_ZN17ControllerManager12playPlaylistB5cxx11Ev
FN:288,_ZN17ControllerManager16playVideoHandlerB5cxx11Ev
FN:311,_ZN17ControllerManager6runAppEv
FNDA:0,_ZN17ControllerManager8ScanDataEv
FNDA:0,_ZN17ControllerManager15playlistManagerEv
FNDA:0,_ZN17ControllerManager9checkUartEv
FNDA:0,_ZN17ControllerManager15playlistHandlerEv
FNDA:0,_ZN17ControllerManager16mediaFileHandlerB5cxx11Ev
FNDA:0,_ZN17ControllerManager7getViewERKNSt7__cxx1112basic_stringIcSt11char_traitsIcESaIcEEE
FNDA:0,_ZN17ControllerManager6runAppEv
FNDA:0,_ZN17ControllerManager16mediaFileManagerEv
FNDA:0,_ZN17ControllerManager12playPlaylistB5cxx11Ev
FNDA:0,_ZN17ControllerManager16playMusicHandlerB5cxx11Ev
FNDA:48,_ZN17ControllerManagerC2E12ModelManager11ViewManagerSt10shared_ptrI11UARTManagerE
FNDA:0,_ZN17ControllerManager16playVideoHandlerB5cxx11Ev
FNF:12
FNH:1
DA:3,48
DA:4,48
DA:5,48
DA:6,48
DA:7,48
DA:8,96
DA:10,0
DA:12,0
DA:13,0
DA:14,0
DA:15,0
DA:17,0
DA:18,0
DA:20,0
DA:22,0
DA:23,0
DA:24,0
DA:25,0
DA:27,0
DA:29,0
DA:30,0
DA:31,0
DA:32,0
DA:33,0
DA:35,0
DA:36,0
DA:37,0
DA:38,0
DA:40,0
DA:41,0
DA:44,0
DA:45,0
DA:48,0
DA:51,0
DA:53,0
DA:54,0
DA:56,0
DA:58,0
DA:59,0
DA:60,0
DA:61,0
DA:62,0
DA:65,0
DA:69,0
DA:70,0
DA:71,0
DA:73,0
DA:74,0
DA:76,0
DA:79,0
DA:81,0
DA:82,0
DA:85,0
DA:86,0
DA:87,0
DA:90,0
DA:91,0
DA:93,0
DA:94,0
DA:96,0
DA:97,0
DA:98,0
DA:99,0
DA:100,0
DA:105,0
DA:108,0
DA:110,0
DA:111,0
DA:113,0
DA:116,0
DA:117,0
DA:119,0
DA:120,0
DA:122,0
DA:124,0
DA:125,0
DA:126,0
DA:127,0
DA:128,0
DA:132,0
DA:135,0
DA:137,0
DA:138,0
DA:139,0
DA:141,0
DA:143,0
DA:146,0
DA:149,0
DA:150,0
DA:152,0
DA:153,0
DA:155,0
DA:158,0
DA:159,0
DA:161,0
DA:163,0
DA:164,0
DA:166,0
DA:167,0
DA:168,0
DA:169,0
DA:170,0
DA:172,0
DA:173,0
DA:175,0
DA:177,0
DA:178,0
DA:181,0
DA:183,0
DA:184,0
DA:186,0
DA:187,0
DA:189,0
DA:190,0
DA:191,0
DA:192,0
DA:196,0
DA:199,0
DA:200,0
DA:201,0
DA:203,0
DA:205,0
DA:208,0
DA:211,0
DA:212,0
DA:213,0
DA:214,0
DA:215,0
DA:217,0
DA:218,0
DA:220,0
DA:221,0
DA:222,0
DA:223,0
DA:227,0
DA:230,0
DA:231,0
DA:233,0
DA:234,0
DA:236,0
DA:237,0
DA:241,0
DA:243,0
DA:244,0
DA:245,0
DA:246,0
DA:250,0
DA:252,0
DA:253,0
DA:254,0
DA:255,0
DA:257,0
DA:259,0
DA:262,0
DA:265,0
DA:266,0
DA:267,0
DA:268,0
DA:269,0
DA:271,0
DA:272,0
DA:274,0
DA:276,0
DA:277,0
DA:280,0
DA:282,0
DA:283,0
DA:285,0
DA:286,0
DA:288,0
DA:291,0
DA:292,0
DA:294,0
DA:295,0
DA:297,0
DA:298,0
DA:302,0
DA:304,0
DA:305,0
DA:306,0
DA:307,0
DA:311,0
DA:313,0
DA:314,0
DA:315,0
DA:318,0
DA:320,0
DA:321,0
DA:323,0
DA:327,0
DA:328,0
DA:330,0
DA:331,0
DA:333,0
DA:334,0
DA:336,0
DA:337,0
DA:339,0
DA:340,0
DA:341,0
DA:343,0
DA:344,0
DA:346,0
DA:347,0
DA:348,0
DA:350,0
DA:351,0
DA:353,0
DA:354,0
DA:356,0
DA:358,0
DA:359,0
DA:361,0
DA:362,0
DA:364,0
DA:366,0
DA:367,0
DA:369,0
DA:370,0
DA:372,0
DA:374,0
DA:375,0
DA:376,0
DA:378,0
DA:379,0
DA:380,0
DA:382,0
DA:383,0
DA:384,0
DA:385,0
DA:386,0
DA:387,0
DA:389,0
DA:390,0
DA:391,0
DA:392,0
DA:393,0
DA:394,0
DA:396,0
DA:397,0
DA:398,0
DA:400,0
DA:401,0
DA:402,0
DA:404,0
DA:405,0
DA:406,0
DA:407,0
DA:408,0
DA:410,0
DA:411,0
DA:413,0
DA:415,0
DA:416,0
DA:417,0
DA:419,0
DA:420,0
DA:421,0
DA:423,0
DA:424,0
DA:425,0
DA:427,0
DA:428,0
DA:429,0
DA:430,0
DA:431,0
DA:432,0
DA:434,0
DA:435,0
DA:436,0
DA:437,0
DA:438,0
DA:439,0
DA:441,0
DA:442,0
DA:443,0
DA:445,0
DA:447,0
DA:448,0
DA:450,0
DA:451,0
DA:452,0
DA:453,0
DA:454,0
LF:284
LH:6
end_of_record
TN:
SF:/home/bluebird/mock_project_app_music_video_player/final/media_player/PlayerMediaApp/src/Controller/MediaFileController.cpp
FN:3,_ZN19MediaFileControllerC2ESt10shared_ptrI9MediaFileES0_I8BaseViewE
FN:6,_ZN19MediaFileController18getDetailMediaFileENSt7__cxx1112basic_stringIcSt11char_traitsIcESaIcEEE
FN:8,_ZN19MediaFileController11addMetadataB5cxx11Ev
FN:50,_ZN19MediaFileController12editMetadataB5cxx11Ev
FN:90,_ZN19MediaFileController14deleteMetadataB5cxx11Ev
FN:119,_ZN19MediaFileController16handlerMediaFileEv
FNDA:0,_ZN19MediaFileController16handlerMediaFileEv
FNDA:0,_ZN19MediaFileController18getDetailMediaFileENSt7__cxx1112basic_stringIcSt11char_traitsIcESaIcEEE
FNDA:0,_ZN19MediaFileController11addMetadataB5cxx11Ev
FNDA:0,_ZN19MediaFileController12editMetadataB5cxx11Ev
FNDA:0,_ZN19MediaFileController14deleteMetadataB5cxx11Ev
FNDA:0,_ZN19MediaFileControllerC2ESt10shared_ptrI9MediaFileES0_I8BaseViewE
FNF:6
FNH:0
DA:3,0
DA:4,0
DA:6,0
DA:8,0
DA:10,0
DA:11,0
DA:15,0
DA:17,0
DA:18,0
DA:21,0
DA:22,0
DA:25,0
DA:26,0
DA:27,0
DA:29,0
DA:30,0
DA:31,0
DA:35,0
DA:36,0
DA:38,0
DA:41,0
DA:42,0
DA:43,0
DA:44,0
DA:45,0
DA:46,0
DA:47,0
DA:48,0
DA:50,0
DA:52,0
DA:53,0
DA:57,0
DA:59,0
DA:60,0
DA:63,0
DA:64,0
DA:67,0
DA:68,0
DA:69,0
DA:71,0
DA:72,0
DA:73,0
DA:77,0
DA:78,0
DA:81,0
DA:83,0
DA:84,0
DA:85,0
DA:86,0
DA:87,0
DA:88,0
DA:90,0
DA:92,0
DA:97,0
DA:99,0
DA:100,0
DA:103,0
DA:104,0
DA:105,0
DA:107,0
DA:110,0
DA:112,0
DA:113,0
DA:114,0
DA:115,0
DA:116,0
DA:117,0
DA:119,0
DA:121,0
DA:125,0
DA:126,0
DA:127,0
DA:129,0
DA:130,0
DA:131,0
DA:132,0
DA:133,0
DA:134,0
DA:135,0
DA:136,0
DA:137,0
DA:138,0
DA:139,0
DA:140,0
DA:141,0
DA:143,0
DA:144,0
DA:145,0
DA:146,0
DA:147,0
DA:148,0
DA:149,0
LF:92
LH:0
end_of_record
TN:
SF:/home/bluebird/mock_project_app_music_video_player/final/media_player/PlayerMediaApp/src/Controller/MediaFileManagerController.cpp
FN:3,_ZN26MediaFileManagerControllerC2ER16MediaFileManagerSt10shared_ptrI8BaseViewES4_S2_I22MediaScannerControllerE
FN:10,_ZN26MediaFileManagerController22addMediaFileControllerENSt7__cxx1112basic_stringIcSt11char_traitsIcESaIcEEESt10shared_ptrI19MediaFileControllerE
FN:20,_ZN26MediaFileManagerController22getMediaFileControllerERKNSt7__cxx1112basic_stringIcSt11char_traitsIcESaIcEEE
FN:31,_ZN26MediaFileManagerController13addDataFolderERKSt13unordered_setINSt7__cxx1112basic_stringIcSt11char_traitsIcESaIcEEESt4hashIS6_ESt8equal_toIS6_ESaIS6_EE
FN:63,_ZN26MediaFileManagerController11addDataFileENSt7__cxx1112basic_stringIcSt11char_traitsIcESaIcEEE
FN:83,_ZN26MediaFileManagerController10deleteDataENSt7__cxx1112basic_stringIcSt11char_traitsIcESaIcEEE
FN:92,_ZN26MediaFileManagerController16showAllMediaFileB5cxx11Ev
FN:94,_ZN26MediaFileManagerController23showAllMediaFileOfAudioB5cxx11Ev
FN:96,_ZN26MediaFileManagerController23showAllMediaFileOfVideoB5cxx11Ev
FN:98,_ZN26MediaFileManagerController23handlerMediaFileManagerEv
FNDA:0,_ZN26MediaFileManagerController22addMediaFileControllerENSt7__cxx1112basic_stringIcSt11char_traitsIcESaIcEEESt10shared_ptrI19MediaFileControllerE
FNDA:0,_ZN26MediaFileManagerController23handlerMediaFileManagerEv
FNDA:0,_ZN26MediaFileManagerController13addDataFolderERKSt13unordered_setINSt7__cxx1112basic_stringIcSt11char_traitsIcESaIcEEESt4hashIS6_ESt8equal_toIS6_ESaIS6_EE
FNDA:0,_ZN26MediaFileManagerController23showAllMediaFileOfVideoB5cxx11Ev
FNDA:0,_ZN26MediaFileManagerController22getMediaFileControllerERKNSt7__cxx1112basic_stringIcSt11char_traitsIcESaIcEEE
FNDA:0,_ZN26MediaFileManagerController10deleteDataENSt7__cxx1112basic_stringIcSt11char_traitsIcESaIcEEE
FNDA:0,_ZN26MediaFileManagerController11addDataFileENSt7__cxx1112basic_stringIcSt11char_traitsIcESaIcEEE
FNDA:0,_ZN26MediaFileManagerController16showAllMediaFileB5cxx11Ev
FNDA:0,_ZN26MediaFileManagerControllerC2ER16MediaFileManagerSt10shared_ptrI8BaseViewES4_S2_I22MediaScannerControllerE
FNDA:0,_ZN26MediaFileManagerController23showAllMediaFileOfAudioB5cxx11Ev
FNF:10
FNH:0
DA:3,0
DA:6,0
DA:7,0
DA:8,0
DA:10,0
DA:14,0
DA:15,0
DA:17,0
DA:20,0
DA:23,0
DA:24,0
DA:25,0
DA:26,0
DA:28,0
DA:31,0
DA:34,0
DA:36,0
DA:39,0
DA:41,0
DA:43,0
DA:46,0
DA:47,0
DA:48,0
DA:50,0
DA:51,0
DA:52,0
DA:55,0
DA:57,0
DA:58,0
DA:59,0
DA:60,0
DA:61,0
DA:63,0
DA:65,0
DA:66,0
DA:70,0
DA:72,0
DA:74,0
DA:75,0
DA:76,0
DA:77,0
DA:79,0
DA:81,0
DA:83,0
DA:85,0
DA:86,0
DA:87,0
DA:89,0
DA:92,0
DA:94,0
DA:96,0
DA:98,0
DA:101,0
DA:102,0
DA:105,0
DA:106,0
DA:107,0
DA:108,0
DA:110,0
DA:111,0
DA:112,0
DA:115,0
DA:117,0
DA:118,0
DA:122,0
DA:123,0
DA:124,0
DA:125,0
DA:127,0
DA:128,0
DA:129,0
DA:130,0
DA:133,0
DA:134,0
DA:137,0
DA:138,0
DA:140,0
DA:141,0
DA:144,0
DA:145,0
DA:146,0
DA:148,0
DA:149,0
DA:151,0
DA:153,0
DA:154,0
DA:155,0
DA:156,0
DA:157,0
DA:159,0
DA:161,0
DA:162,0
DA:164,0
DA:167,0
DA:168,0
DA:169,0
DA:170,0
DA:172,0
DA:174,0
DA:175,0
DA:177,0
DA:178,0
DA:180,0
DA:182,0
DA:183,0
DA:184,0
DA:186,0
DA:188,0
DA:189,0
DA:190,0
DA:191,0
DA:193,0
DA:194,0
DA:197,0
DA:198,0
DA:199,0
DA:200,0
DA:201,0
DA:202,0
DA:203,0
DA:205,0
DA:206,0
DA:207,0
DA:208,0
DA:210,0
DA:211,0
DA:214,0
DA:215,0
DA:216,0
DA:217,0
DA:218,0
DA:219,0
DA:220,0
DA:222,0
DA:223,0
DA:224,0
DA:225,0
DA:227,0
DA:228,0
DA:231,0
DA:232,0
DA:233,0
DA:234,0
DA:235,0
DA:236,0
DA:237,0
DA:238,0
DA:239,0
DA:240,0
DA:242,0
DA:243,0
DA:244,0
DA:245,0
DA:246,0
DA:247,0
DA:248,0
LF:156
LH:0
end_of_record
TN:
SF:/home/bluebird/mock_project_app_music_video_player/final/media_player/PlayerMediaApp/src/Controller/MediaPlaylistController.cpp
FN:3,_ZN23MediaPlaylistControllerC2ER16MediaFileManagerR13FolderManagerSt10shared_ptrI8PlaylistES4_I8BaseViewES8_
FN:7,_ZN23MediaPlaylistController21getListPathMediaFilesB5cxx11Ev
FN:9,_ZN23MediaPlaylistController15setNamePlaylistENSt7__cxx1112basic_stringIcSt11char_traitsIcESaIcEEE
FN:11,_ZN23MediaPlaylistController22addMediaFileInPlaylistENSt7__cxx1112basic_stringIcSt11char_traitsIcESaIcEEE
FN:21,_ZN23MediaPlaylistController20addMediaFileByFolderEv
FN:80,_ZN23MediaPlaylistController25deleteMediaFileInPlaylistENSt7__cxx1112basic_stringIcSt11char_traitsIcESaIcEEE
FN:98,_ZN23MediaPlaylistController30displayAllMediaFilesInPlaylistEv
FN:100,_ZN23MediaPlaylistController31showMenuWithMediaListInPlaylistEv
FN:102,_ZN23MediaPlaylistController15handlerPlaylistEv
FNDA:0,_ZN23MediaPlaylistController20addMediaFileByFolderEv
FNDA:0,_ZN23MediaPlaylistController15handlerPlaylistEv
FNDA:0,_ZN23MediaPlaylistController15setNamePlaylistENSt7__cxx1112basic_stringIcSt11char_traitsIcESaIcEEE
FNDA:0,_ZN23MediaPlaylistController22addMediaFileInPlaylistENSt7__cxx1112basic_stringIcSt11char_traitsIcESaIcEEE
FNDA:0,_ZN23MediaPlaylistControllerC2ER16MediaFileManagerR13FolderManagerSt10shared_ptrI8PlaylistES4_I8BaseViewES8_
FNDA:0,_ZN23MediaPlaylistController31showMenuWithMediaListInPlaylistEv
FNDA:0,_ZN23MediaPlaylistController21getListPathMediaFilesB5cxx11Ev
FNDA:0,_ZN23MediaPlaylistController30displayAllMediaFilesInPlaylistEv
FNDA:0,_ZN23MediaPlaylistController25deleteMediaFileInPlaylistENSt7__cxx1112basic_stringIcSt11char_traitsIcESaIcEEE
FNF:9
FNH:0
DA:3,0
DA:4,0
DA:5,0
DA:7,0
DA:9,0
DA:11,0
DA:13,0
DA:14,0
DA:15,0
DA:17,0
DA:18,0
DA:19,0
DA:21,0
DA:23,0
DA:25,0
DA:26,0
DA:28,0
DA:29,0
DA:30,0
DA:32,0
DA:34,0
DA:35,0
DA:38,0
DA:39,0
DA:41,0
DA:42,0
DA:44,0
DA:45,0
DA:46,0
DA:49,0
DA:50,0
DA:53,0
DA:54,0
DA:55,0
DA:56,0
DA:57,0
DA:59,0
DA:60,0
DA:62,0
DA:63,0
DA:64,0
DA:67,0
DA:68,0
DA:71,0
DA:72,0
DA:73,0
DA:74,0
DA:76,0
DA:77,0
DA:80,0
DA:83,0
DA:85,0
DA:86,0
DA:89,0
DA:90,0
DA:91,0
DA:94,0
DA:98,0
DA:100,0
DA:102,0
DA:106,0
DA:107,0
DA:110,0
DA:113,0
DA:114,0
DA:115,0
DA:118,0
DA:119,0
DA:120,0
DA:123,0
DA:125,0
DA:126,0
DA:128,0
DA:130,0
DA:132,0
DA:133,0
DA:136,0
DA:138,0
DA:140,0
DA:142,0
DA:143,0
DA:144,0
DA:146,0
DA:147,0
DA:149,0
DA:151,0
DA:153,0
DA:155,0
DA:156,0
DA:157,0
DA:158,0
DA:160,0
DA:161,0
DA:163,0
DA:165,0
DA:166,0
DA:168,0
DA:169,0
DA:171,0
DA:172,0
DA:173,0
DA:175,0
DA:176,0
DA:177,0
DA:178,0
DA:179,0
DA:180,0
DA:181,0
DA:182,0
DA:184,0
DA:185,0
DA:186,0
DA:187,0
DA:188,0
DA:189,0
DA:190,0
LF:116
LH:0
end_of_record
TN:
SF:/home/bluebird/mock_project_app_music_video_player/final/media_player/PlayerMediaApp/src/Controller/MediaPlaylistManagerController.cpp
FN:2,_ZN30MediaPlaylistManagerControllerC2ER15PlaylistManagerR16MediaFileManagerR13FolderManagerSt10shared_ptrI8BaseViewES8_S8_
FN:6,_ZN30MediaPlaylistManagerController26addMediaPlaylistControllerENSt7__cxx1112basic_stringIcSt11char_traitsIcESaIcEEESt10shared_ptrI23MediaPlaylistControllerE
FN:14,_ZN30MediaPlaylistManagerController26getMediaPlaylistControllerERKNSt7__cxx1112basic_stringIcSt11char_traitsIcESaIcEEE
FN:24,_ZN30MediaPlaylistManagerController14createPlaylistENSt7__cxx1112basic_stringIcSt11char_traitsIcESaIcEEE
FN:32,_ZZN30MediaPlaylistManagerController14createPlaylistENSt7__cxx1112basic_stringIcSt11char_traitsIcESaIcEEEENKUlhE_clEh
FN:36,_ZZN30MediaPlaylistManagerController14createPlaylistENSt7__cxx1112basic_stringIcSt11char_traitsIcESaIcEEEENKUlhE0_clEh
FN:53,_ZN30MediaPlaylistManagerController14deletePlaylistENSt7__cxx1112basic_stringIcSt11char_traitsIcESaIcEEE
FN:69,_ZN30MediaPlaylistManagerController18displayAllPlaylistB5cxx11Ev
FN:71,_ZN30MediaPlaylistManagerController22handlerPlaylistManagerEv
FNDA:0,_ZN30MediaPlaylistManagerController26addMediaPlaylistControllerENSt7__cxx1112basic_stringIcSt11char_traitsIcESaIcEEESt10shared_ptrI23MediaPlaylistControllerE
FNDA:0,_ZN30MediaPlaylistManagerController14deletePlaylistENSt7__cxx1112basic_stringIcSt11char_traitsIcESaIcEEE
FNDA:0,_ZN30MediaPlaylistManagerController14createPlaylistENSt7__cxx1112basic_stringIcSt11char_traitsIcESaIcEEE
FNDA:0,_ZZN30MediaPlaylistManagerController14createPlaylistENSt7__cxx1112basic_stringIcSt11char_traitsIcESaIcEEEENKUlhE_clEh
FNDA:0,_ZN30MediaPlaylistManagerController18displayAllPlaylistB5cxx11Ev
FNDA:0,_ZN30MediaPlaylistManagerController22handlerPlaylistManagerEv
FNDA:0,_ZZN30MediaPlaylistManagerController14createPlaylistENSt7__cxx1112basic_stringIcSt11char_traitsIcESaIcEEEENKUlhE0_clEh
FNDA:0,_ZN30MediaPlaylistManagerControllerC2ER15PlaylistManagerR16MediaFileManagerR13FolderManagerSt10shared_ptrI8BaseViewES8_S8_
FNDA:0,_ZN30MediaPlaylistManagerController26getMediaPlaylistControllerERKNSt7__cxx1112basic_stringIcSt11char_traitsIcESaIcEEE
FNF:9
FNH:0
DA:2,0
DA:3,0
DA:4,0
DA:6,0
DA:8,0
DA:9,0
DA:11,0
DA:12,0
DA:14,0
DA:16,0
DA:17,0
DA:18,0
DA:19,0
DA:21,0
DA:24,0
DA:28,0
DA:29,0
DA:32,0
DA:33,0
DA:36,0
DA:37,0
DA:39,0
DA:42,0
DA:43,0
DA:46,0
DA:47,0
DA:48,0
DA:49,0
DA:50,0
DA:53,0
DA:55,0
DA:57,0
DA:58,0
DA:61,0
DA:62,0
DA:63,0
DA:65,0
DA:69,0
DA:71,0
DA:75,0
DA:76,0
DA:79,0
DA:82,0
DA:83,0
DA:84,0
DA:87,0
DA:88,0
DA:89,0
DA:92,0
DA:94,0
DA:95,0
DA:97,0
DA:98,0
DA:99,0
DA:100,0
DA:102,0
DA:103,0
DA:105,0
DA:108,0
DA:109,0
DA:110,0
DA:113,0
DA:114,0
DA:115,0
DA:116,0
DA:118,0
DA:119,0
DA:121,0
DA:123,0
DA:124,0
DA:125,0
DA:127,0
DA:129,0
DA:130,0
DA:131,0
DA:132,0
DA:134,0
DA:135,0
DA:136,0
DA:137,0
DA:138,0
DA:139,0
DA:140,0
DA:141,0
DA:142,0
DA:143,0
DA:144,0
DA:146,0
DA:147,0
DA:148,0
DA:149,0
DA:150,0
DA:151,0
DA:152,0
LF:94
LH:0
end_of_record
TN:
SF:/home/bluebird/mock_project_app_music_video_player/final/media_player/PlayerMediaApp/src/Controller/MediaScannerController.cpp
FN:3,_ZN22MediaScannerControllerC2ER16MediaFileManagerR15PlaylistManagerR13FolderManagerSt10shared_ptrI8BaseViewE
FN:7,_ZN22MediaScannerController13has_extensionERKNSt7__cxx1112basic_stringIcSt11char_traitsIcESaIcEEES7_
FN:15,_ZN22MediaScannerController12list_foldersERKNSt7__cxx1112basic_stringIcSt11char_traitsIcESaIcEEE
FN:37,_ZN22MediaScannerController16list_media_filesERKNSt7__cxx1112basic_stringIcSt11char_traitsIcESaIcEEE
FN:62,_ZN22MediaScannerController16scan_all_foldersERKNSt7__cxx1112basic_stringIcSt11char_traitsIcESaIcEEE
FN:73,_ZN22MediaScannerController10fileExistsERKNSt7__cxx1112basic_stringIcSt11char_traitsIcESaIcEEE
FN:75,_ZN22MediaScannerController21addDataFileWithFolderENSt7__cxx1112basic_stringIcSt11char_traitsIcESaIcEEES5_
FN:107,_ZN22MediaScannerController8loadDataEv
FN:150,_ZN22MediaScannerController10loadFolderEv
FN:194,_ZN22MediaScannerController17loadMediaPlaylistEv
FN:233,_ZN22MediaScannerController12getListPathsB5cxx11Ev
FN:235,_ZN22MediaScannerController17scanHomeDirectoryEv
FN:286,_ZN22MediaScannerController14scanUSBDevicesEv
FN:341,_ZN22MediaScannerController20checkFolderDirectoryEv
FN:343,_ZN22MediaScannerController14checkFolderUSBEv
FN:345,_ZN22MediaScannerController10scanFolderERKNSt7__cxx1112basic_stringIcSt11char_traitsIcESaIcEEE
FN:356,_ZN22MediaScannerController10handleScanEb
FNDA:0,_ZN22MediaScannerController10fileExistsERKNSt7__cxx1112basic_stringIcSt11char_traitsIcESaIcEEE
FNDA:0,_ZN22MediaScannerController12getListPathsB5cxx11Ev
FNDA:1,_ZN22MediaScannerController17loadMediaPlaylistEv
FNDA:2,_ZN22MediaScannerController21addDataFileWithFolderENSt7__cxx1112basic_stringIcSt11char_traitsIcESaIcEEES5_
FNDA:1,_ZN22MediaScannerController10loadFolderEv
FNDA:0,_ZN22MediaScannerController13has_extensionERKNSt7__cxx1112basic_stringIcSt11char_traitsIcESaIcEEES7_
FNDA:0,_ZN22MediaScannerController10handleScanEb
FNDA:2,_ZN22MediaScannerController20checkFolderDirectoryEv
FNDA:0,_ZN22MediaScannerController12list_foldersERKNSt7__cxx1112basic_stringIcSt11char_traitsIcESaIcEEE
FNDA:0,_ZN22MediaScannerController10scanFolderERKNSt7__cxx1112basic_stringIcSt11char_traitsIcESaIcEEE
FNDA:1,_ZN22MediaScannerController8loadDataEv
FNDA:2,_ZN22MediaScannerController14checkFolderUSBEv
FNDA:1,_ZN22MediaScannerController17scanHomeDirectoryEv
FNDA:0,_ZN22MediaScannerController16scan_all_foldersERKNSt7__cxx1112basic_stringIcSt11char_traitsIcESaIcEEE
FNDA:1,_ZN22MediaScannerController14scanUSBDevicesEv
FNDA:0,_ZN22MediaScannerController16list_media_filesERKNSt7__cxx1112basic_stringIcSt11char_traitsIcESaIcEEE
FNDA:16,_ZN22MediaScannerControllerC2ER16MediaFileManagerR15PlaylistManagerR13FolderManagerSt10shared_ptrI8BaseViewE
FNF:17
FNH:9
DA:3,16
DA:4,16
DA:5,16
DA:7,0
DA:9,0
DA:10,0
DA:12,0
DA:15,0
DA:17,0
DA:18,0
DA:19,0
DA:20,0
DA:24,0
DA:25,0
DA:26,0
DA:28,0
DA:29,0
DA:31,0
DA:33,0
DA:34,0
DA:35,0
DA:37,0
DA:39,0
DA:40,0
DA:41,0
DA:42,0
DA:46,0
DA:47,0
DA:48,0
DA:50,0
DA:51,0
DA:52,0
DA:53,0
DA:55,0
DA:56,0
DA:58,0
DA:59,0
DA:60,0
DA:62,0
DA:64,0
DA:65,0
DA:66,0
DA:67,0
DA:68,0
DA:69,0
DA:70,0
DA:71,0
DA:73,0
DA:75,2
DA:77,2
DA:79,2
DA:80,1
DA:81,1
DA:82,1
DA:85,6
DA:87,4
DA:88,4
DA:90,4
DA:91,4
DA:93,4
DA:94,2
DA:95,2
DA:97,2
DA:98,2
DA:99,2
DA:102,0
DA:104,4
DA:105,2
DA:107,1
DA:109,1
DA:110,1
DA:112,1
DA:113,1
DA:114,3
DA:115,2
DA:116,2
DA:117,2
DA:119,0
DA:122,1
DA:123,1
DA:125,1
DA:126,1
DA:127,1
DA:129,1
DA:130,1
DA:132,1
DA:133,1
DA:134,3
DA:135,2
DA:136,2
DA:137,2
DA:139,0
DA:142,1
DA:143,1
DA:145,1
DA:146,1
DA:147,1
DA:148,1
DA:150,1
DA:153,1
DA:154,1
DA:155,0
DA:158,1
DA:159,2
DA:160,1
DA:161,0
DA:164,1
DA:165,1
DA:166,1
DA:168,1
DA:169,1
DA:172,1
DA:173,1
DA:174,0
DA:177,2
DA:178,1
DA:179,0
DA:182,1
DA:183,1
DA:184,1
DA:186,1
DA:187,1
DA:189,1
DA:190,0
DA:191,0
DA:192,1
DA:194,1
DA:196,1
DA:198,1
DA:199,0
DA:200,0
DA:203,1
DA:205,7
DA:206,4
DA:207,4
DA:208,4
DA:210,4
DA:212,4
DA:213,4
DA:214,4
DA:215,130
DA:216,372
DA:217,250
DA:218,4
DA:219,4
DA:223,4
DA:224,4
DA:225,0
DA:228,4
DA:229,4
DA:230,1
DA:231,1
DA:233,0
DA:235,1
DA:239,1
DA:240,1
DA:242,1
DA:244,1
DA:245,0
DA:248,1
DA:249,1
DA:251,1
DA:252,0
DA:255,1
DA:256,1
DA:257,0
DA:259,1
DA:260,1
DA:262,1
DA:263,0
DA:265,1
DA:268,3
DA:269,2
DA:270,2
DA:273,1
DA:274,0
DA:276,1
DA:277,1
DA:279,1
DA:280,0
DA:281,0
DA:282,0
DA:283,0
DA:286,1
DA:288,1
DA:292,2
DA:294,1
DA:296,1
DA:297,0
DA:300,1
DA:301,1
DA:302,0
DA:304,1
DA:305,1
DA:307,1
DA:308,0
DA:311,1
DA:312,1
DA:313,0
DA:315,1
DA:317,1
DA:319,1
DA:320,0
DA:322,1
DA:325,3
DA:326,2
DA:327,2
DA:330,1
DA:331,0
DA:333,1
DA:334,1
DA:336,1
DA:337,0
DA:338,0
DA:341,2
DA:343,2
DA:345,0
DA:347,0
DA:348,0
DA:350,0
DA:351,0
DA:353,0
DA:354,0
DA:356,0
DA:360,0
DA:364,0
DA:365,0
DA:366,0
DA:368,0
DA:369,0
DA:370,0
DA:371,0
DA:372,0
DA:373,0
DA:374,0
DA:375,0
DA:376,0
DA:377,0
DA:378,0
DA:380,0
DA:381,0
DA:382,0
DA:383,0
DA:385,0
DA:386,0
DA:387,0
DA:389,0
DA:390,0
DA:391,0
LF:249
LH:141
end_of_record
TN:
SF:/home/bluebird/mock_project_app_music_video_player/final/media_player/PlayerMediaApp/src/Controller/PlayerController.cpp
FN:20,_ZN16PlayerControllerC2ERKSt6vectorINSt7__cxx1112basic_stringIcSt11char_traitsIcESaIcEEESaIS6_EE
FN:27,_ZN16PlayerControllerD2Ev
FN:34,_ZN16PlayerController23setNotificationsEnabledEb
FN:36,_ZN16PlayerController16addObserverIndexESt8functionIFviEE
FN:39,_ZN16PlayerController20notifyObserversIndexEv
FN:47,_ZN16PlayerController15getCurrentIndexEv
FN:54,_ZN16PlayerController16addObserverStateESt8functionIFvvEE
FN:55,_ZN16PlayerController20notifyObserversStateEv
FN:63,_ZN16PlayerController17addObserverVolumeESt8functionIFvvEE
FN:65,_ZN16PlayerController21notifyObserversVolumeEv
FN:73,_ZN16PlayerController19addObserverDurationESt8functionIFviEE
FN:76,_ZN16PlayerController23notifyObserversDurationEv
FN:82,_ZN16PlayerController13getMediaFilesB5cxx11Ev
FN:85,_ZN16PlayerController13startDurationEv
FN:89,_ZZN16PlayerController13startDurationEvENKUlvE_clEv
FN:100,_ZN16PlayerController12stopDurationEv
FN:108,_ZN16PlayerController13resetDurationEv
FN:114,_ZN16PlayerController11getDurationEv
FN:116,_ZN16PlayerController9setVolumeEi
FN:125,_ZN16PlayerController14increaseVolumeEi
FN:127,_ZN16PlayerController14decreaseVolumeEi
FN:129,_ZNK16PlayerController9getVolumeEv
FN:131,_ZN16PlayerController8isRepeatEv
FN:133,_ZN16PlayerController4playEv
FN:150,_ZN16PlayerController9isPlayingEv
FN:156,_ZN16PlayerController5pauseEv
FN:169,_ZN16PlayerController7isPauseEv
FN:175,_ZN16PlayerController6resumeEv
FN:186,_ZN16PlayerController14togglePlaybackEv
FN:207,_ZN16PlayerController12toggleRepeatEv
FN:213,_ZN16PlayerController4stopEv
FN:228,_ZN16PlayerController8playNextEv
FN:239,_ZN16PlayerController12playPreviousEv
FN:250,_ZN16PlayerController18stopPlaybackThreadEv
FN:261,_ZN16PlayerController14playbackWorkerERKNSt7__cxx1112basic_stringIcSt11char_traitsIcESaIcEEE
FN:299,_ZN16PlayerController21musicFinishedCallbackEv
FN:388,_ZN16PlayerController9playAudioEPKc
FN:424,_Z13audioCallbackPvPhi
FN:512,_ZN16PlayerController9playVideoEPKc
FNDA:0,_ZN16PlayerController9playAudioEPKc
FNDA:0,_ZN16PlayerController13startDurationEv
FNDA:0,_ZN16PlayerController23setNotificationsEnabledEb
FNDA:0,_ZN16PlayerController14decreaseVolumeEi
FNDA:0,_ZN16PlayerController14increaseVolumeEi
FNDA:0,_ZN16PlayerController9playVideoEPKc
FNDA:0,_ZN16PlayerController16addObserverIndexESt8functionIFviEE
FNDA:0,_ZN16PlayerController8isRepeatEv
FNDA:0,_ZN16PlayerController17addObserverVolumeESt8functionIFvvEE
FNDA:0,_ZN16PlayerController20notifyObserversStateEv
FNDA:49,_ZN16PlayerController18stopPlaybackThreadEv
FNDA:0,_ZN16PlayerController21musicFinishedCallbackEv
FNDA:0,_ZN16PlayerController20notifyObserversIndexEv
FNDA:0,_ZN16PlayerController9setVolumeEi
FNDA:0,_ZN16PlayerController12playPreviousEv
FNDA:0,_ZN16PlayerController12toggleRepeatEv
FNDA:0,_ZN16PlayerController8playNextEv
FNDA:0,_ZN16PlayerController21notifyObserversVolumeEv
FNDA:0,_ZN16PlayerController4playEv
FNDA:0,_ZN16PlayerController13getMediaFilesB5cxx11Ev
FNDA:0,_ZN16PlayerController19addObserverDurationESt8functionIFviEE
FNDA:0,_ZN16PlayerController14togglePlaybackEv
FNDA:0,_ZN16PlayerController7isPauseEv
FNDA:0,_ZN16PlayerController5pauseEv
FNDA:0,_ZN16PlayerController15getCurrentIndexEv
FNDA:49,_ZN16PlayerController12stopDurationEv
FNDA:0,_Z13audioCallbackPvPhi
FNDA:0,_ZN16PlayerController4stopEv
FNDA:0,_ZN16PlayerController11getDurationEv
FNDA:0,_ZZN16PlayerController13startDurationEvENKUlvE_clEv
FNDA:0,_ZN16PlayerController16addObserverStateESt8functionIFvvEE
FNDA:0,_ZN16PlayerController9isPlayingEv
FNDA:0,_ZNK16PlayerController9getVolumeEv
FNDA:49,_ZN16PlayerControllerD2Ev
FNDA:0,_ZN16PlayerController13resetDurationEv
FNDA:49,_ZN16PlayerControllerC2ERKSt6vectorINSt7__cxx1112basic_stringIcSt11char_traitsIcESaIcEEESaIS6_EE
FNDA:0,_ZN16PlayerController14playbackWorkerERKNSt7__cxx1112basic_stringIcSt11char_traitsIcESaIcEEE
FNDA:0,_ZN16PlayerController6resumeEv
FNDA:0,_ZN16PlayerController23notifyObserversDurationEv
FNF:39
FNH:4
DA:20,49
DA:21,49
DA:22,98
DA:24,49
DA:25,49
DA:27,49
DA:29,49
DA:30,49
DA:31,49
DA:32,49
DA:34,0
DA:36,0
DA:37,0
DA:39,0
DA:41,0
DA:42,0
DA:43,0
DA:47,0
DA:49,0
DA:50,0
DA:51,0
DA:54,0
DA:55,0
DA:57,0
DA:58,0
DA:59,0
DA:63,0
DA:65,0
DA:67,0
DA:68,0
DA:69,0
DA:73,0
DA:76,0
DA:77,0
DA:78,0
DA:79,0
DA:82,0
DA:83,0
DA:85,0
DA:87,0
DA:88,0
DA:89,0
DA:90,0
DA:91,0
DA:92,0
DA:93,0
DA:94,0
DA:97,0
DA:98,0
DA:100,49
DA:102,49
DA:103,49
DA:104,0
DA:106,49
DA:108,0
DA:110,0
DA:111,0
DA:112,0
DA:114,0
DA:116,0
DA:118,0
DA:119,0
DA:120,0
DA:121,0
DA:122,0
DA:123,0
DA:125,0
DA:127,0
DA:129,0
DA:131,0
DA:133,0
DA:136,0
DA:137,0
DA:138,0
DA:141,0
DA:142,0
DA:143,0
DA:144,0
DA:145,0
DA:146,0
DA:147,0
DA:150,0
DA:151,0
DA:152,0
DA:153,0
DA:156,0
DA:158,0
DA:159,0
DA:160,0
DA:161,0
DA:163,0
DA:164,0
DA:165,0
DA:167,0
DA:169,0
DA:171,0
DA:172,0
DA:173,0
DA:175,0
DA:176,0
DA:177,0
DA:178,0
DA:179,0
DA:181,0
DA:182,0
DA:183,0
DA:184,0
DA:186,0
DA:187,0
DA:188,0
DA:189,0
DA:190,0
DA:192,0
DA:193,0
DA:196,0
DA:197,0
DA:201,0
DA:202,0
DA:204,0
DA:205,0
DA:207,0
DA:208,0
DA:209,0
DA:210,0
DA:213,0
DA:214,0
DA:215,0
DA:216,0
DA:218,0
DA:219,0
DA:220,0
DA:221,0
DA:222,0
DA:223,0
DA:224,0
DA:225,0
DA:228,0
DA:230,0
DA:232,0
DA:233,0
DA:234,0
DA:235,0
DA:236,0
DA:237,0
DA:239,0
DA:241,0
DA:243,0
DA:244,0
DA:245,0
DA:246,0
DA:247,0
DA:248,0
DA:250,49
DA:252,49
DA:254,0
DA:255,0
DA:256,0
DA:257,0
DA:259,49
DA:261,0
DA:265,0
DA:266,0
DA:267,0
DA:269,0
DA:270,0
DA:271,0
DA:272,0
DA:274,0
DA:275,0
DA:276,0
DA:277,0
DA:279,0
DA:280,0
DA:283,0
DA:284,0
DA:285,0
DA:286,0
DA:287,0
DA:288,0
DA:290,0
DA:291,0
DA:292,0
DA:293,0
DA:294,0
DA:295,0
DA:299,0
DA:302,0
DA:304,0
DA:306,0
DA:308,0
DA:309,0
DA:310,0
DA:315,0
DA:317,0
DA:319,0
DA:324,0
DA:326,0
DA:327,0
DA:329,0
DA:330,0
DA:331,0
DA:335,0
DA:336,0
DA:337,0
DA:338,0
DA:344,0
DA:345,0
DA:346,0
DA:348,0
DA:352,0
DA:354,0
DA:356,0
DA:360,0
DA:366,0
DA:368,0
DA:370,0
DA:372,0
DA:374,0
DA:378,0
DA:382,0
DA:388,0
DA:390,0
DA:391,0
DA:394,0
DA:395,0
DA:396,0
DA:397,0
DA:400,0
DA:401,0
DA:403,0
DA:404,0
DA:406,0
DA:408,0
DA:409,0
DA:410,0
DA:411,0
DA:413,0
DA:414,0
DA:416,0
DA:419,0
DA:420,0
DA:421,0
DA:424,0
DA:425,0
DA:426,0
DA:427,0
DA:433,0
DA:434,0
DA:436,0
DA:437,0
DA:438,0
DA:440,0
DA:441,0
DA:442,0
DA:443,0
DA:444,0
DA:445,0
DA:447,0
DA:448,0
DA:449,0
DA:450,0
DA:451,0
DA:452,0
DA:454,0
DA:455,0
DA:456,0
DA:457,0
DA:458,0
DA:462,0
DA:465,0
DA:466,0
DA:467,0
DA:468,0
DA:469,0
DA:470,0
DA:474,0
DA:475,0
DA:476,0
DA:477,0
DA:479,0
DA:480,0
DA:481,0
DA:482,0
DA:486,0
DA:487,0
DA:489,0
DA:491,0
DA:492,0
DA:496,0
DA:497,0
DA:502,0
DA:503,0
DA:504,0
DA:506,0
DA:507,0
DA:508,0
DA:512,0
DA:513,0
DA:514,0
DA:516,0
DA:517,0
DA:518,0
DA:521,0
DA:522,0
DA:523,0
DA:524,0
DA:527,0
DA:528,0
DA:529,0
DA:530,0
DA:531,0
DA:533,0
DA:534,0
DA:538,0
DA:539,0
DA:540,0
DA:541,0
DA:545,0
DA:546,0
DA:547,0
DA:548,0
DA:549,0
DA:550,0
DA:553,0
DA:554,0
DA:555,0
DA:556,0
DA:557,0
DA:558,0
DA:559,0
DA:563,0
DA:564,0
DA:565,0
DA:566,0
DA:567,0
DA:568,0
DA:571,0
DA:572,0
DA:573,0
DA:574,0
DA:575,0
DA:580,0
DA:581,0
DA:582,0
DA:583,0
DA:585,0
DA:586,0
DA:591,0
DA:592,0
DA:593,0
DA:594,0
DA:595,0
DA:596,0
DA:597,0
DA:599,0
DA:600,0
DA:601,0
DA:602,0
DA:603,0
DA:605,0
DA:606,0
DA:610,0
DA:611,0
DA:614,0
DA:616,0
DA:617,0
DA:620,0
DA:624,0
DA:625,0
DA:626,0
DA:627,0
DA:628,0
DA:632,0
DA:635,0
DA:637,0
DA:638,0
DA:639,0
DA:640,0
DA:641,0
DA:642,0
DA:644,0
DA:645,0
DA:646,0
DA:647,0
DA:649,0
DA:650,0
DA:651,0
DA:652,0
DA:653,0
DA:654,0
DA:658,0
DA:659,0
DA:660,0
DA:663,0
DA:667,0
DA:668,0
DA:669,0
DA:675,0
DA:676,0
DA:677,0
DA:678,0
DA:679,0
DA:682,0
DA:683,0
DA:684,0
DA:687,0
DA:688,0
DA:689,0
DA:691,0
DA:695,0
DA:697,0
DA:698,0
DA:699,0
DA:702,0
DA:703,0
DA:704,0
DA:705,0
DA:707,0
DA:711,0
DA:712,0
DA:713,0
DA:714,0
DA:716,0
DA:721,0
DA:722,0
DA:723,0
DA:724,0
DA:726,0
DA:728,0
DA:729,0
DA:730,0
DA:731,0
DA:732,0
DA:733,0
DA:734,0
DA:735,0
DA:736,0
DA:737,0
DA:738,0
DA:739,0
DA:741,0
LF:441
LH:17
end_of_record
TN:
SF:/home/bluebird/mock_project_app_music_video_player/final/media_player/PlayerMediaApp/src/utils/UARTSetup.cpp
FN:3,_ZN11UARTManagerC2Ev
FN:5,_ZN11UARTManagerD2Ev
FN:7,_ZN11UARTManager8stopUARTEv
FN:23,_ZN11UARTManager19checkPortConnectionERKNSt7__cxx1112basic_stringIcSt11char_traitsIcESaIcEEEj
FN:46,_ZN11UARTManager11getPortListB5cxx11Ev
FN:59,_ZN11UARTManager18getBaudRateOptionsB5cxx11Ev
FN:66,_ZN11UARTManager15asyncHandleUartERN5boost4asio17basic_serial_portINS1_9execution12any_executorIJNS3_12context_as_tIRNS1_17execution_contextEEENS3_6detail8blocking7never_tILi0EEENS3_11prefer_onlyINSA_10possibly_tILi0EEEEENSD_INS9_16outstanding_work9tracked_tILi0EEEEENSD_INSH_11untracked_tILi0EEEEENSD_INS9_12relationship6fork_tILi0EEEEENSD_INSO_14continuation_tILi0EEEEEEEEEERSt10shared_ptrI16PlayerControllerE
FN:70,_ZZN11UARTManager15asyncHandleUartERN5boost4asio17basic_serial_portINS1_9execution12any_executorIJNS3_12context_as_tIRNS1_17execution_contextEEENS3_6detail8blocking7never_tILi0EEENS3_11prefer_onlyINSA_10possibly_tILi0EEEEENSD_INS9_16outstanding_work9tracked_tILi0EEEEENSD_INSH_11untracked_tILi0EEEEENSD_INS9_12relationship6fork_tILi0EEEEENSD_INSO_14continuation_tILi0EEEEEEEEEERSt10shared_ptrI16PlayerControllerEENKUlRKNS0_6system10error_codeEmE_clES15_m
FN:127,_ZN11UARTManager12runMediaUartERSt10shared_ptrI16PlayerControllerE
FN:131,_ZZN11UARTManager12runMediaUartERSt10shared_ptrI16PlayerControllerEENKUlvE_clEv
FNDA:53835,_ZZN11UARTManager15asyncHandleUartERN5boost4asio17basic_serial_portINS1_9execution12any_executorIJNS3_12context_as_tIRNS1_17execution_contextEEENS3_6detail8blocking7never_tILi0EEENS3_11prefer_onlyINSA_10possibly_tILi0EEEEENSD_INS9_16outstanding_work9tracked_tILi0EEEEENSD_INSH_11untracked_tILi0EEEEENSD_INS9_12relationship6fork_tILi0EEEEENSD_INSO_14continuation_tILi0EEEEEEEEEERSt10shared_ptrI16PlayerControllerEENKUlRKNS0_6system10error_codeEmE_clES15_m
FNDA:441,_ZN11UARTManagerC2Ev
FNDA:490,_ZN11UARTManager8stopUARTEv
FNDA:49,_ZN11UARTManager19checkPortConnectionERKNSt7__cxx1112basic_stringIcSt11char_traitsIcESaIcEEEj
FNDA:53859,_ZN11UARTManager15asyncHandleUartERN5boost4asio17basic_serial_portINS1_9execution12any_executorIJNS3_12context_as_tIRNS1_17execution_contextEEENS3_6detail8blocking7never_tILi0EEENS3_11prefer_onlyINSA_10possibly_tILi0EEEEENSD_INS9_16outstanding_work9tracked_tILi0EEEEENSD_INSH_11untracked_tILi0EEEEENSD_INS9_12relationship6fork_tILi0EEEEENSD_INSO_14continuation_tILi0EEEEEEEEEERSt10shared_ptrI16PlayerControllerE
FNDA:441,_ZN11UARTManagerD2Ev
FNDA:49,_ZN11UARTManager12runMediaUartERSt10shared_ptrI16PlayerControllerE
FNDA:49,_ZN11UARTManager18getBaudRateOptionsB5cxx11Ev
FNDA:0,_ZN11UARTManager11getPortListB5cxx11Ev
FNDA:49,_ZZN11UARTManager12runMediaUartERSt10shared_ptrI16PlayerControllerEENKUlvE_clEv
FNF:10
FNH:9
DA:3,441
DA:5,441
DA:7,490
DA:9,490
DA:10,49
DA:12,490
DA:13,490
DA:14,0
DA:16,490
DA:17,0
DA:18,0
DA:19,0
DA:20,490
DA:23,49
DA:25,49
DA:26,49
DA:27,49
DA:28,98
DA:29,49
DA:30,49
DA:32,49
DA:35,49
DA:36,49
DA:37,0
DA:38,0
DA:39,0
DA:40,0
DA:41,0
DA:43,0
DA:46,0
DA:47,0
DA:48,0
DA:49,0
DA:50,0
DA:52,0
DA:53,0
DA:54,0
DA:56,0
DA:57,0
DA:59,49
DA:63,637
DA:66,53859
DA:67,53859
DA:69,53859
DA:70,161479
DA:71,53835
DA:73,53810
DA:74,0
DA:75,0
DA:77,53810
DA:78,53810
DA:79,53810
DA:81,53810
DA:82,53810
DA:85,53810
DA:86,24
DA:87,24
DA:88,0
DA:89,24
DA:90,0
DA:91,24
DA:92,0
DA:93,24
DA:94,0
DA:95,24
DA:96,0
DA:97,24
DA:99,24
DA:100,24
DA:101,0
DA:103,0
DA:104,0
DA:105,0
DA:106,0
DA:107,0
DA:109,0
DA:116,53810
DA:117,0
DA:118,0
DA:120,53810
DA:122,25
DA:125,53859
DA:127,49
DA:129,49
DA:131,98
DA:133,49
DA:134,0
DA:135,0
DA:136,0
DA:137,98
DA:138,49
DA:139,0
DA:140,0
DA:141,0
DA:142,49
LF:95
LH:53
end_of_record
TN:
SF:/home/bluebird/mock_project_app_music_video_player/final/media_player/PlayerMediaApp/test/Controller/MediaScannerControllerTest.cpp
FN:14,_ZN20MockMediaFileManager18gmock_addMediaFileERKN7testing7MatcherINSt7__cxx1112basic_stringIcSt11char_traitsIcESaIcEEEEESA_
FN:14,_ZN20MockMediaFileManager12addMediaFileENSt7__cxx1112basic_stringIcSt11char_traitsIcESaIcEEES5_
FN:16,_ZN20MockMediaFileManager13loadMediaFileENSt7__cxx1112basic_stringIcSt11char_traitsIcESaIcEEES5_
FN:16,_ZN20MockMediaFileManager19gmock_loadMediaFileERKN7testing7MatcherINSt7__cxx1112basic_stringIcSt11char_traitsIcESaIcEEEEESA_
FN:18,_ZN20MockMediaFileManager21gmock_getAllMediaFileEv
FN:18,_ZN20MockMediaFileManager15getAllMediaFileEv
FN:25,_ZN19MockPlaylistManager18gmock_loadPlaylistERKN7testing7MatcherISt10shared_ptrI8PlaylistEEE
FN:25,_ZN19MockPlaylistManager12loadPlaylistESt10shared_ptrI8PlaylistE
FN:31,_ZN17MockFolderManager28gmock_getListFolderDirectoryB5cxx11Ev
FN:31,_ZN17MockFolderManager22getListFolderDirectoryB5cxx11Ev
FN:33,_ZN17MockFolderManager22gmock_getListFolderUSBB5cxx11Ev
FN:33,_ZN17MockFolderManager16getListFolderUSBB5cxx11Ev
FN:35,_ZN17MockFolderManager26gmock_getListPathDirectoryERKN7testing7MatcherINSt7__cxx1112basic_stringIcSt11char_traitsIcESaIcEEEEE
FN:35,_ZN17MockFolderManager20getListPathDirectoryENSt7__cxx1112basic_stringIcSt11char_traitsIcESaIcEEE
FN:37,_ZN17MockFolderManager14getListPathUSBENSt7__cxx1112basic_stringIcSt11char_traitsIcESaIcEEE
FN:37,_ZN17MockFolderManager20gmock_getListPathUSBERKN7testing7MatcherINSt7__cxx1112basic_stringIcSt11char_traitsIcESaIcEEEEE
FN:40,_ZN17MockFolderManager18getFolderDirectoryENSt7__cxx1112basic_stringIcSt11char_traitsIcESaIcEEE
FN:40,_ZN17MockFolderManager24gmock_getFolderDirectoryERKN7testing7MatcherINSt7__cxx1112basic_stringIcSt11char_traitsIcESaIcEEEEE
FN:42,_ZN17MockFolderManager12getFolderUSBENSt7__cxx1112basic_stringIcSt11char_traitsIcESaIcEEE
FN:42,_ZN17MockFolderManager18gmock_getFolderUSBERKN7testing7MatcherINSt7__cxx1112basic_stringIcSt11char_traitsIcESaIcEEEEE
FN:44,_ZN17MockFolderManager19saveFolderDirectoryENSt7__cxx1112basic_stringIcSt11char_traitsIcESaIcEEE
FN:44,_ZN17MockFolderManager25gmock_saveFolderDirectoryERKN7testing7MatcherINSt7__cxx1112basic_stringIcSt11char_traitsIcESaIcEEEEE
FN:45,_ZN17MockFolderManager19gmock_saveFolderUSBERKN7testing7MatcherINSt7__cxx1112basic_stringIcSt11char_traitsIcESaIcEEEEE
FN:45,_ZN17MockFolderManager13saveFolderUSBENSt7__cxx1112basic_stringIcSt11char_traitsIcESaIcEEE
FN:47,_ZN17MockFolderManager21updateFolderDirectoryENSt7__cxx1112basic_stringIcSt11char_traitsIcESaIcEEE
FN:49,_ZN17MockFolderManager15updateFolderUSBENSt7__cxx1112basic_stringIcSt11char_traitsIcESaIcEEE
FN:51,_ZN17MockFolderManager28gmock_addDataFolderDirectoryERKN7testing7MatcherIRKNSt7__cxx1112basic_stringIcSt11char_traitsIcESaIcEEEEERKNS1_ISt13unordered_setIS7_St4hashIS7_ESt8equal_toIS7_ESaIS7_EEEE
FN:51,_ZN17MockFolderManager22addDataFolderDirectoryERKNSt7__cxx1112basic_stringIcSt11char_traitsIcESaIcEEESt13unordered_setIS5_St4hashIS5_ESt8equal_toIS5_ESaIS5_EE
FN:55,_ZN17MockFolderManager22gmock_addDataFolderUSBERKN7testing7MatcherIRKNSt7__cxx1112basic_stringIcSt11char_traitsIcESaIcEEEEERKNS1_ISt13unordered_setIS7_St4hashIS7_ESt8equal_toIS7_ESaIS7_EEEE
FN:55,_ZN17MockFolderManager16addDataFolderUSBERKNSt7__cxx1112basic_stringIcSt11char_traitsIcESaIcEEESt13unordered_setIS5_St4hashIS5_ESt8equal_toIS5_ESaIS5_EE
FN:65,_ZN12MockBaseView14showListFolderESt6vectorINSt7__cxx1112basic_stringIcSt11char_traitsIcESaIcEEESaIS6_EE
FN:65,_ZN12MockBaseView20gmock_showListFolderERKN7testing7MatcherISt6vectorINSt7__cxx1112basic_stringIcSt11char_traitsIcESaIcEEESaIS8_EEEE
FN:67,_ZN12MockBaseView15showListUSBNameESt6vectorINSt7__cxx1112basic_stringIcSt11char_traitsIcESaIcEEESaIS6_EE
FN:67,_ZN12MockBaseView21gmock_showListUSBNameERKN7testing7MatcherISt6vectorINSt7__cxx1112basic_stringIcSt11char_traitsIcESaIcEEESaIS8_EEEE
FN:69,_ZN12MockBaseView8showMenuEv
FN:74,_ZN26MockMediaScannerControllerC2ER16MediaFileManagerR15PlaylistManagerR13FolderManagerSt10shared_ptrI8BaseViewE
FN:77,_ZN26MockMediaScannerController12list_foldersERKNSt7__cxx1112basic_stringIcSt11char_traitsIcESaIcEEE
FN:77,_ZN26MockMediaScannerController18gmock_list_foldersERKN7testing7MatcherIRKNSt7__cxx1112basic_stringIcSt11char_traitsIcESaIcEEEEE
FN:78,_ZN26MockMediaScannerController16list_media_filesERKNSt7__cxx1112basic_stringIcSt11char_traitsIcESaIcEEE
FN:78,_ZN26MockMediaScannerController22gmock_list_media_filesERKN7testing7MatcherIRKNSt7__cxx1112basic_stringIcSt11char_traitsIcESaIcEEEEE
FN:79,_ZN26MockMediaScannerController16scan_all_foldersERKNSt7__cxx1112basic_stringIcSt11char_traitsIcESaIcEEE
FN:80,_ZN26MockMediaScannerController10fileExistsERKNSt7__cxx1112basic_stringIcSt11char_traitsIcESaIcEEE
FN:80,_ZN26MockMediaScannerController16gmock_fileExistsERKN7testing7MatcherIRKNSt7__cxx1112basic_stringIcSt11char_traitsIcESaIcEEEEE
FN:82,_ZN26MockMediaScannerController10scanFolderERKNSt7__cxx1112basic_stringIcSt11char_traitsIcESaIcEEE
FN:82,_ZN26MockMediaScannerController16gmock_scanFolderERKN7testing7MatcherIRKNSt7__cxx1112basic_stringIcSt11char_traitsIcESaIcEEEEE
FN:95,_ZN26MediaScannerControllerTest5SetUpEv
FN:101,_ZN26MediaScannerControllerTest8TearDownEv
FN:108,_ZN58MediaScannerControllerTest_CheckFolderDirectory_Empty_TestD2Ev
FN:108,_ZN58MediaScannerControllerTest_CheckFolderDirectory_Empty_Test8TestBodyEv
FN:108,_ZN58MediaScannerControllerTest_CheckFolderDirectory_Empty_TestC2Ev
FN:108,_ZN58MediaScannerControllerTest_CheckFolderDirectory_Empty_TestD0Ev
FN:116,_ZN61MediaScannerControllerTest_CheckFolderDirectory_NotEmpty_TestC2Ev
FN:116,_ZN61MediaScannerControllerTest_CheckFolderDirectory_NotEmpty_Test8TestBodyEv
FN:116,_ZN61MediaScannerControllerTest_CheckFolderDirectory_NotEmpty_TestD0Ev
FN:116,_ZN61MediaScannerControllerTest_CheckFolderDirectory_NotEmpty_TestD2Ev
FN:124,_ZN55MediaScannerControllerTest_CheckFolderUSB_NotEmpty_TestC2Ev
FN:124,_ZN55MediaScannerControllerTest_CheckFolderUSB_NotEmpty_Test8TestBodyEv
FN:124,_ZN55MediaScannerControllerTest_CheckFolderUSB_NotEmpty_TestD2Ev
FN:124,_ZN55MediaScannerControllerTest_CheckFolderUSB_NotEmpty_TestD0Ev
FN:132,_ZN52MediaScannerControllerTest_CheckFolderUSB_Empty_TestD0Ev
FN:132,_ZN52MediaScannerControllerTest_CheckFolderUSB_Empty_Test8TestBodyEv
FN:132,_ZN52MediaScannerControllerTest_CheckFolderUSB_Empty_TestC2Ev
FN:132,_ZN52MediaScannerControllerTest_CheckFolderUSB_Empty_TestD2Ev
FN:140,_ZN57MediaScannerControllerTest_ScanHomeDirectory_Success_TestC2Ev
FN:140,_ZN57MediaScannerControllerTest_ScanHomeDirectory_Success_Test8TestBodyEv
FN:140,_ZN57MediaScannerControllerTest_ScanHomeDirectory_Success_TestD2Ev
FN:140,_ZN57MediaScannerControllerTest_ScanHomeDirectory_Success_TestD0Ev
FN:182,_ZN54MediaScannerControllerTest_ScanUSBDevices_Success_TestC2Ev
FN:182,_ZN54MediaScannerControllerTest_ScanUSBDevices_Success_Test8TestBodyEv
FN:182,_ZN54MediaScannerControllerTest_ScanUSBDevices_Success_TestD0Ev
FN:182,_ZN54MediaScannerControllerTest_ScanUSBDevices_Success_TestD2Ev
FN:226,_ZN50MediaScannerControllerTest_ScanFolder_Success_TestC2Ev
FN:226,_ZN50MediaScannerControllerTest_ScanFolder_Success_TestD2Ev
FN:226,_ZN50MediaScannerControllerTest_ScanFolder_Success_TestD0Ev
FN:226,_ZN50MediaScannerControllerTest_ScanFolder_Success_Test8TestBodyEv
FN:237,_ZZN50MediaScannerControllerTest_ScanFolder_Success_Test8TestBodyEvENKUlRKNSt7__cxx1112basic_stringIcSt11char_traitsIcESaIcEEEE_clES7_
FN:249,_ZN48MediaScannerControllerTest_LoadData_Success_TestC2Ev
FN:249,_ZN48MediaScannerControllerTest_LoadData_Success_TestD0Ev
FN:249,_ZN48MediaScannerControllerTest_LoadData_Success_TestD2Ev
FN:249,_ZN48MediaScannerControllerTest_LoadData_Success_Test8TestBodyEv
FN:268,_ZN50MediaScannerControllerTest_LoadFolder_Success_TestD0Ev
FN:268,_ZN50MediaScannerControllerTest_LoadFolder_Success_TestC2Ev
FN:268,_ZN50MediaScannerControllerTest_LoadFolder_Success_Test8TestBodyEv
FN:268,_ZN50MediaScannerControllerTest_LoadFolder_Success_TestD2Ev
FN:292,_ZN57MediaScannerControllerTest_LoadMediaPlaylist_Success_TestC2Ev
FN:292,_ZN57MediaScannerControllerTest_LoadMediaPlaylist_Success_Test8TestBodyEv
FN:292,_ZN57MediaScannerControllerTest_LoadMediaPlaylist_Success_TestD2Ev
FN:292,_ZN57MediaScannerControllerTest_LoadMediaPlaylist_Success_TestD0Ev
FNDA:2,_ZN54MediaScannerControllerTest_ScanUSBDevices_Success_TestD2Ev
FNDA:2,_ZN17MockFolderManager20getListPathDirectoryENSt7__cxx1112basic_stringIcSt11char_traitsIcESaIcEEE
FNDA:2,_ZN50MediaScannerControllerTest_ScanFolder_Success_Test8TestBodyEv
FNDA:2,_ZN57MediaScannerControllerTest_ScanHomeDirectory_Success_TestD0Ev
FNDA:2,_ZN48MediaScannerControllerTest_LoadData_Success_TestD2Ev
FNDA:2,_ZN52MediaScannerControllerTest_CheckFolderUSB_Empty_TestC2Ev
FNDA:2,_ZN17MockFolderManager24gmock_getFolderDirectoryERKN7testing7MatcherINSt7__cxx1112basic_stringIcSt11char_traitsIcESaIcEEEEE
FNDA:2,_ZN57MediaScannerControllerTest_LoadMediaPlaylist_Success_Test8TestBodyEv
FNDA:2,_ZN50MediaScannerControllerTest_LoadFolder_Success_TestD2Ev
FNDA:20,_ZN26MediaScannerControllerTest5SetUpEv
FNDA:2,_ZN57MediaScannerControllerTest_LoadMediaPlaylist_Success_TestD0Ev
FNDA:2,_ZN20MockMediaFileManager15getAllMediaFileEv
FNDA:8,_ZN19MockPlaylistManager12loadPlaylistESt10shared_ptrI8PlaylistE
FNDA:0,_ZN26MockMediaScannerController16scan_all_foldersERKNSt7__cxx1112basic_stringIcSt11char_traitsIcESaIcEEE
FNDA:2,_ZN57MediaScannerControllerTest_LoadMediaPlaylist_Success_TestD2Ev
FNDA:2,_ZN52MediaScannerControllerTest_CheckFolderUSB_Empty_TestD2Ev
FNDA:2,_ZN58MediaScannerControllerTest_CheckFolderDirectory_Empty_TestD0Ev
FNDA:8,_ZN20MockMediaFileManager19gmock_loadMediaFileERKN7testing7MatcherINSt7__cxx1112basic_stringIcSt11char_traitsIcESaIcEEEEESA_
FNDA:6,_ZN26MockMediaScannerController18gmock_list_foldersERKN7testing7MatcherIRKNSt7__cxx1112basic_stringIcSt11char_traitsIcESaIcEEEEE
FNDA:2,_ZN55MediaScannerControllerTest_CheckFolderUSB_NotEmpty_TestD0Ev
FNDA:2,_ZN48MediaScannerControllerTest_LoadData_Success_Test8TestBodyEv
FNDA:0,_ZN12MockBaseView8showMenuEv
FNDA:2,_ZN61MediaScannerControllerTest_CheckFolderDirectory_NotEmpty_TestD2Ev
FNDA:4,_ZN17MockFolderManager16addDataFolderUSBERKNSt7__cxx1112basic_stringIcSt11char_traitsIcESaIcEEESt13unordered_setIS5_St4hashIS5_ESt8equal_toIS5_ESaIS5_EE
FNDA:2,_ZN17MockFolderManager13saveFolderUSBENSt7__cxx1112basic_stringIcSt11char_traitsIcESaIcEEE
FNDA:2,_ZN58MediaScannerControllerTest_CheckFolderDirectory_Empty_Test8TestBodyEv
FNDA:2,_ZN55MediaScannerControllerTest_CheckFolderUSB_NotEmpty_TestD2Ev
FNDA:2,_ZN17MockFolderManager19saveFolderDirectoryENSt7__cxx1112basic_stringIcSt11char_traitsIcESaIcEEE
FNDA:2,_ZN58MediaScannerControllerTest_CheckFolderDirectory_Empty_TestD2Ev
FNDA:2,_ZN20MockMediaFileManager21gmock_getAllMediaFileEv
FNDA:4,_ZN17MockFolderManager22addDataFolderDirectoryERKNSt7__cxx1112basic_stringIcSt11char_traitsIcESaIcEEESt13unordered_setIS5_St4hashIS5_ESt8equal_toIS5_ESaIS5_EE
FNDA:0,_ZN17MockFolderManager21updateFolderDirectoryENSt7__cxx1112basic_stringIcSt11char_traitsIcESaIcEEE
FNDA:2,_ZN48MediaScannerControllerTest_LoadData_Success_TestD0Ev
FNDA:4,_ZN17MockFolderManager16getListFolderUSBB5cxx11Ev
FNDA:8,_ZN26MockMediaScannerController10fileExistsERKNSt7__cxx1112basic_stringIcSt11char_traitsIcESaIcEEE
FNDA:6,_ZN26MockMediaScannerController16gmock_scanFolderERKN7testing7MatcherIRKNSt7__cxx1112basic_stringIcSt11char_traitsIcESaIcEEEEE
FNDA:2,_ZN50MediaScannerControllerTest_ScanFolder_Success_TestD0Ev
FNDA:2,_ZN58MediaScannerControllerTest_CheckFolderDirectory_Empty_TestC2Ev
FNDA:2,_ZN54MediaScannerControllerTest_ScanUSBDevices_Success_TestD0Ev
FNDA:2,_ZN17MockFolderManager25gmock_saveFolderDirectoryERKN7testing7MatcherINSt7__cxx1112basic_stringIcSt11char_traitsIcESaIcEEEEE
FNDA:2,_ZN12MockBaseView21gmock_showListUSBNameERKN7testing7MatcherISt6vectorINSt7__cxx1112basic_stringIcSt11char_traitsIcESaIcEEESaIS8_EEEE
FNDA:2,_ZN26MockMediaScannerController16gmock_fileExistsERKN7testing7MatcherIRKNSt7__cxx1112basic_stringIcSt11char_traitsIcESaIcEEEEE
FNDA:2,_ZN57MediaScannerControllerTest_ScanHomeDirectory_Success_Test8TestBodyEv
FNDA:4,_ZN17MockFolderManager22getListFolderDirectoryB5cxx11Ev
FNDA:8,_ZN20MockMediaFileManager13loadMediaFileENSt7__cxx1112basic_stringIcSt11char_traitsIcESaIcEEES5_
FNDA:4,_ZN12MockBaseView20gmock_showListFolderERKN7testing7MatcherISt6vectorINSt7__cxx1112basic_stringIcSt11char_traitsIcESaIcEEESaIS8_EEEE
FNDA:2,_ZN50MediaScannerControllerTest_ScanFolder_Success_TestD2Ev
FNDA:2,_ZN61MediaScannerControllerTest_CheckFolderDirectory_NotEmpty_TestD0Ev
FNDA:2,_ZN50MediaScannerControllerTest_LoadFolder_Success_Test8TestBodyEv
FNDA:2,_ZN55MediaScannerControllerTest_CheckFolderUSB_NotEmpty_Test8TestBodyEv
FNDA:2,_ZN48MediaScannerControllerTest_LoadData_Success_TestC2Ev
FNDA:8,_ZN20MockMediaFileManager12addMediaFileENSt7__cxx1112basic_stringIcSt11char_traitsIcESaIcEEES5_
FNDA:2,_ZN57MediaScannerControllerTest_LoadMediaPlaylist_Success_TestC2Ev
FNDA:2,_ZN17MockFolderManager26gmock_getListPathDirectoryERKN7testing7MatcherINSt7__cxx1112basic_stringIcSt11char_traitsIcESaIcEEEEE
FNDA:2,_ZN17MockFolderManager20gmock_getListPathUSBERKN7testing7MatcherINSt7__cxx1112basic_stringIcSt11char_traitsIcESaIcEEEEE
FNDA:2,_ZN57MediaScannerControllerTest_ScanHomeDirectory_Success_TestD2Ev
FNDA:4,_ZN17MockFolderManager28gmock_addDataFolderDirectoryERKN7testing7MatcherIRKNSt7__cxx1112basic_stringIcSt11char_traitsIcESaIcEEEEERKNS1_ISt13unordered_setIS7_St4hashIS7_ESt8equal_toIS7_ESaIS7_EEEE
FNDA:6,_ZN26MockMediaScannerController22gmock_list_media_filesERKN7testing7MatcherIRKNSt7__cxx1112basic_stringIcSt11char_traitsIcESaIcEEEEE
FNDA:4,_ZN17MockFolderManager22gmock_getListFolderUSBB5cxx11Ev
FNDA:2,_ZZN50MediaScannerControllerTest_ScanFolder_Success_Test8TestBodyEvENKUlRKNSt7__cxx1112basic_stringIcSt11char_traitsIcESaIcEEEE_clES7_
FNDA:2,_ZN52MediaScannerControllerTest_CheckFolderUSB_Empty_Test8TestBodyEv
FNDA:2,_ZN52MediaScannerControllerTest_CheckFolderUSB_Empty_TestD0Ev
FNDA:12,_ZN26MockMediaScannerControllerC2ER16MediaFileManagerR15PlaylistManagerR13FolderManagerSt10shared_ptrI8BaseViewE
FNDA:2,_ZN54MediaScannerControllerTest_ScanUSBDevices_Success_TestC2Ev
FNDA:2,_ZN50MediaScannerControllerTest_LoadFolder_Success_TestD0Ev
FNDA:2,_ZN50MediaScannerControllerTest_ScanFolder_Success_TestC2Ev
FNDA:0,_ZN17MockFolderManager15updateFolderUSBENSt7__cxx1112basic_stringIcSt11char_traitsIcESaIcEEE
FNDA:2,_ZN17MockFolderManager12getFolderUSBENSt7__cxx1112basic_stringIcSt11char_traitsIcESaIcEEE
FNDA:8,_ZN20MockMediaFileManager18gmock_addMediaFileERKN7testing7MatcherINSt7__cxx1112basic_stringIcSt11char_traitsIcESaIcEEEEESA_
FNDA:2,_ZN61MediaScannerControllerTest_CheckFolderDirectory_NotEmpty_TestC2Ev
FNDA:20,_ZN26MediaScannerControllerTest8TearDownEv
FNDA:2,_ZN17MockFolderManager18getFolderDirectoryENSt7__cxx1112basic_stringIcSt11char_traitsIcESaIcEEE
FNDA:6,_ZN26MockMediaScannerController12list_foldersERKNSt7__cxx1112basic_stringIcSt11char_traitsIcESaIcEEE
FNDA:4,_ZN12MockBaseView14showListFolderESt6vectorINSt7__cxx1112basic_stringIcSt11char_traitsIcESaIcEEESaIS6_EE
FNDA:2,_ZN12MockBaseView15showListUSBNameESt6vectorINSt7__cxx1112basic_stringIcSt11char_traitsIcESaIcEEESaIS6_EE
FNDA:2,_ZN54MediaScannerControllerTest_ScanUSBDevices_Success_Test8TestBodyEv
FNDA:2,_ZN57MediaScannerControllerTest_ScanHomeDirectory_Success_TestC2Ev
FNDA:2,_ZN55MediaScannerControllerTest_CheckFolderUSB_NotEmpty_TestC2Ev
FNDA:2,_ZN61MediaScannerControllerTest_CheckFolderDirectory_NotEmpty_Test8TestBodyEv
FNDA:2,_ZN17MockFolderManager14getListPathUSBENSt7__cxx1112basic_stringIcSt11char_traitsIcESaIcEEE
FNDA:6,_ZN26MockMediaScannerController16list_media_filesERKNSt7__cxx1112basic_stringIcSt11char_traitsIcESaIcEEE
FNDA:2,_ZN50MediaScannerControllerTest_LoadFolder_Success_TestC2Ev
FNDA:4,_ZN17MockFolderManager28gmock_getListFolderDirectoryB5cxx11Ev
FNDA:2,_ZN17MockFolderManager18gmock_getFolderUSBERKN7testing7MatcherINSt7__cxx1112basic_stringIcSt11char_traitsIcESaIcEEEEE
FNDA:4,_ZN17MockFolderManager22gmock_addDataFolderUSBERKN7testing7MatcherIRKNSt7__cxx1112basic_stringIcSt11char_traitsIcESaIcEEEEERKNS1_ISt13unordered_setIS7_St4hashIS7_ESt8equal_toIS7_ESaIS7_EEEE
FNDA:6,_ZN26MockMediaScannerController10scanFolderERKNSt7__cxx1112basic_stringIcSt11char_traitsIcESaIcEEE
FNDA:2,_ZN17MockFolderManager19gmock_saveFolderUSBERKN7testing7MatcherINSt7__cxx1112basic_stringIcSt11char_traitsIcESaIcEEEEE
FNDA:2,_ZN19MockPlaylistManager18gmock_loadPlaylistERKN7testing7MatcherISt10shared_ptrI8PlaylistEEE
FNF:88
FNH:84
DA:14,16
DA:16,16
DA:18,4
DA:25,10
DA:31,8
DA:33,8
DA:35,4
DA:37,4
DA:40,4
DA:42,4
DA:44,4
DA:45,4
DA:47,0
DA:49,0
DA:51,8
DA:55,8
DA:65,8
DA:67,4
DA:69,0
DA:74,12
DA:75,12
DA:77,12
DA:78,12
DA:79,0
DA:80,10
DA:82,12
DA:95,20
DA:96,20
DA:97,20
DA:98,20
DA:99,20
DA:101,20
DA:103,20
DA:104,20
DA:108,8
DA:109,2
DA:110,2
DA:112,2
DA:113,2
DA:114,2
DA:116,8
DA:117,2
DA:118,6
DA:120,2
DA:121,2
DA:122,2
DA:124,8
DA:125,2
DA:126,6
DA:128,2
DA:129,2
DA:130,2
DA:132,8
DA:133,2
DA:134,2
DA:136,2
DA:137,2
DA:138,2
DA:140,8
DA:141,2
DA:147,12
DA:148,10
DA:150,4
DA:151,2
DA:153,4
DA:154,2
DA:156,4
DA:157,2
DA:159,4
DA:160,2
DA:162,2
DA:164,4
DA:165,6
DA:167,2
DA:171,4
DA:172,4
DA:173,2
DA:175,4
DA:176,4
DA:177,2
DA:179,2
DA:180,2
DA:182,8
DA:183,2
DA:185,8
DA:186,10
DA:187,10
DA:189,4
DA:190,2
DA:192,4
DA:193,2
DA:195,4
DA:196,2
DA:198,4
DA:199,2
DA:201,4
DA:202,2
DA:204,4
DA:205,2
DA:207,2
DA:209,4
DA:210,6
DA:212,2
DA:215,4
DA:216,4
DA:217,2
DA:219,4
DA:220,4
DA:221,2
DA:223,2
DA:224,2
DA:226,8
DA:227,2
DA:229,2
DA:230,10
DA:231,2
DA:233,4
DA:234,2
DA:236,4
DA:237,4
DA:238,2
DA:239,4
DA:240,2
DA:242,2
DA:244,2
DA:245,2
DA:249,8
DA:250,2
DA:252,10
DA:253,10
DA:255,2
DA:257,6
DA:258,4
DA:261,6
DA:262,4
DA:265,2
DA:266,2
DA:268,8
DA:269,2
DA:271,2
DA:272,2
DA:274,10
DA:275,10
DA:277,4
DA:278,2
DA:280,4
DA:281,2
DA:283,4
DA:284,2
DA:286,4
DA:287,2
DA:289,2
DA:290,2
DA:292,8
DA:293,2
DA:295,2
DA:301,14
DA:303,2
DA:304,2
DA:305,8
DA:307,2
DA:308,2
DA:310,4
DA:311,2
DA:313,2
DA:314,2
LF:166
LH:162
end_of_record
TN:
SF:/home/bluebird/mock_project_app_music_video_player/final/media_player/PlayerMediaApp/test/mainTest.cpp
FN:26,_ZN15MockUARTManager19checkPortConnectionERKNSt7__cxx1112basic_stringIcSt11char_traitsIcESaIcEEEj
FN:27,_ZN15MockUARTManager11getPortListB5cxx11Ev
FN:28,_ZN15MockUARTManager18getBaudRateOptionsB5cxx11Ev
FN:28,_ZN15MockUARTManager24gmock_getBaudRateOptionsB5cxx11Ev
FN:34,_ZN21MockControllerManagerC2E12ModelManager11ViewManagerSt10shared_ptrI11UARTManagerE
FN:37,_ZN21MockControllerManager9checkUartEv
FN:37,_ZN21MockControllerManager15gmock_checkUartEv
FN:38,_ZN21MockControllerManager14gmock_ScanDataEv
FN:38,_ZN21MockControllerManager8ScanDataEv
FN:39,_ZN21MockControllerManager6runAppEv
FN:39,_ZN21MockControllerManager12gmock_runAppEv
FN:43,_ZN47MainFunctionTest_CheckUartFails_ExitsEarly_Test8TestBodyEv
FN:43,_ZN47MainFunctionTest_CheckUartFails_ExitsEarly_TestD2Ev
FN:43,_ZN47MainFunctionTest_CheckUartFails_ExitsEarly_TestC2Ev
FN:43,_ZN47MainFunctionTest_CheckUartFails_ExitsEarly_TestD0Ev
FN:63,_ZN61MainFunctionTest_CheckUartSuccess_CallsScanDataAndRunApp_Test8TestBodyEv
FN:63,_ZN61MainFunctionTest_CheckUartSuccess_CallsScanDataAndRunApp_TestD0Ev
FN:63,_ZN61MainFunctionTest_CheckUartSuccess_CallsScanDataAndRunApp_TestC2Ev
FN:63,_ZN61MainFunctionTest_CheckUartSuccess_CallsScanDataAndRunApp_TestD2Ev
FN:85,_ZN68UARTManagerTest_CheckBaudRateOptions_ShouldReturnExpectedValues_Test8TestBodyEv
FN:85,_ZN68UARTManagerTest_CheckBaudRateOptions_ShouldReturnExpectedValues_TestD0Ev
FN:85,_ZN68UARTManagerTest_CheckBaudRateOptions_ShouldReturnExpectedValues_TestC2Ev
FN:85,_ZN68UARTManagerTest_CheckBaudRateOptions_ShouldReturnExpectedValues_TestD2Ev
FNDA:48,_ZN21MockControllerManager12gmock_runAppEv
FNDA:24,_ZN68UARTManagerTest_CheckBaudRateOptions_ShouldReturnExpectedValues_TestD2Ev
FNDA:48,_ZN15MockUARTManager19checkPortConnectionERKNSt7__cxx1112basic_stringIcSt11char_traitsIcESaIcEEEj
FNDA:24,_ZN68UARTManagerTest_CheckBaudRateOptions_ShouldReturnExpectedValues_TestC2Ev
FNDA:24,_ZN47MainFunctionTest_CheckUartFails_ExitsEarly_TestD2Ev
FNDA:24,_ZN15MockUARTManager24gmock_getBaudRateOptionsB5cxx11Ev
FNDA:24,_ZN21MockControllerManager8ScanDataEv
FNDA:24,_ZN61MainFunctionTest_CheckUartSuccess_CallsScanDataAndRunApp_TestD2Ev
FNDA:24,_ZN47MainFunctionTest_CheckUartFails_ExitsEarly_TestC2Ev
FNDA:24,_ZN47MainFunctionTest_CheckUartFails_ExitsEarly_TestD0Ev
FNDA:24,_ZN61MainFunctionTest_CheckUartSuccess_CallsScanDataAndRunApp_TestD0Ev
FNDA:48,_ZN21MockControllerManager14gmock_ScanDataEv
FNDA:24,_ZN68UARTManagerTest_CheckBaudRateOptions_ShouldReturnExpectedValues_Test8TestBodyEv
FNDA:24,_ZN61MainFunctionTest_CheckUartSuccess_CallsScanDataAndRunApp_Test8TestBodyEv
FNDA:48,_ZN21MockControllerManager15gmock_checkUartEv
FNDA:24,_ZN68UARTManagerTest_CheckBaudRateOptions_ShouldReturnExpectedValues_TestD0Ev
FNDA:24,_ZN47MainFunctionTest_CheckUartFails_ExitsEarly_Test8TestBodyEv
FNDA:72,_ZN15MockUARTManager11getPortListB5cxx11Ev
FNDA:48,_ZN21MockControllerManager9checkUartEv
FNDA:24,_ZN21MockControllerManager6runAppEv
FNDA:24,_ZN61MainFunctionTest_CheckUartSuccess_CallsScanDataAndRunApp_TestC2Ev
FNDA:48,_ZN21MockControllerManagerC2E12ModelManager11ViewManagerSt10shared_ptrI11UARTManagerE
FNDA:24,_ZN15MockUARTManager18getBaudRateOptionsB5cxx11Ev
FNF:23
FNH:23
DA:26,48
DA:27,72
DA:28,48
DA:34,48
DA:35,48
DA:37,96
DA:38,72
DA:39,72
DA:43,96
DA:44,24
DA:45,24
DA:46,24
DA:47,48
DA:50,24
DA:52,24
DA:53,24
DA:56,24
DA:57,24
DA:59,0
DA:61,24
DA:63,96
DA:64,24
DA:65,24
DA:66,24
DA:67,48
DA:70,24
DA:72,24
DA:73,24
DA:76,24
DA:77,24
DA:78,24
DA:79,24
DA:81,0
DA:83,24
DA:85,96
DA:86,24
DA:87,144
DA:90,24
DA:92,24
DA:94,24
DA:95,24
LF:41
LH:39
end_of_record
TN:
SF:/home/bluebird/mock_project_app_music_video_player/final/media_player/PlayerMediaApp/test/utils/UARTSetupTest.cpp
FN:12,_ZN20MockPlayerControllerC2Ev
FN:14,_ZN20MockPlayerController14togglePlaybackEv
FN:15,_ZN20MockPlayerController4stopEv
FN:16,_ZN20MockPlayerController8playNextEv
FN:17,_ZN20MockPlayerController12playPreviousEv
FN:18,_ZN20MockPlayerController9setVolumeEi
FN:24,_ZN15MockUARTManager25gmock_checkPortConnectionERKN7testing7MatcherIRKNSt7__cxx1112basic_stringIcSt11char_traitsIcESaIcEEEEERKNS1_IjEE
FN:24,_ZN15MockUARTManager19checkPortConnectionERKNSt7__cxx1112basic_stringIcSt11char_traitsIcESaIcEEEj
FN:25,_ZN15MockUARTManager17gmock_getPortListB5cxx11Ev
FN:25,_ZN15MockUARTManager11getPortListB5cxx11Ev
FN:26,_ZN15MockUARTManager18getBaudRateOptionsB5cxx11Ev
FN:30,_ZN48UARTManagerTest_CheckPortConnection_Success_TestD0Ev
FN:30,_ZN48UARTManagerTest_CheckPortConnection_Success_Test8TestBodyEv
FN:30,_ZN48UARTManagerTest_CheckPortConnection_Success_TestD2Ev
FN:30,_ZN48UARTManagerTest_CheckPortConnection_Success_TestC2Ev
FN:49,_ZN48UARTManagerTest_CheckPortConnection_Failure_TestD2Ev
FN:49,_ZN48UARTManagerTest_CheckPortConnection_Failure_TestD0Ev
FN:49,_ZN48UARTManagerTest_CheckPortConnection_Failure_Test8TestBodyEv
FN:49,_ZN48UARTManagerTest_CheckPortConnection_Failure_TestC2Ev
FN:57,_ZN53UARTManagerTest_GetPortList_ReturnsCorrectValues_Test8TestBodyEv
FN:57,_ZN53UARTManagerTest_GetPortList_ReturnsCorrectValues_TestD2Ev
FN:57,_ZN53UARTManagerTest_GetPortList_ReturnsCorrectValues_TestD0Ev
FN:57,_ZN53UARTManagerTest_GetPortList_ReturnsCorrectValues_TestC2Ev
FN:76,_ZN60UARTManagerTest_GetBaudRateOptions_ReturnsCorrectValues_Test8TestBodyEv
FN:76,_ZN60UARTManagerTest_GetBaudRateOptions_ReturnsCorrectValues_TestD0Ev
FN:76,_ZN60UARTManagerTest_GetBaudRateOptions_ReturnsCorrectValues_TestC2Ev
FN:76,_ZN60UARTManagerTest_GetBaudRateOptions_ReturnsCorrectValues_TestD2Ev
FN:89,_ZN40UARTManagerTest_StopUART_SafeToCall_TestC2Ev
FN:89,_ZN40UARTManagerTest_StopUART_SafeToCall_TestD0Ev
FN:89,_ZN40UARTManagerTest_StopUART_SafeToCall_Test8TestBodyEv
FN:89,_ZN40UARTManagerTest_StopUART_SafeToCall_TestD2Ev
FN:96,_ZN54UARTManagerTest_RunMediaUart_CallsAsyncHandleUart_TestD2Ev
FN:96,_ZN54UARTManagerTest_RunMediaUart_CallsAsyncHandleUart_TestD0Ev
FN:96,_ZN54UARTManagerTest_RunMediaUart_CallsAsyncHandleUart_TestC2Ev
FN:96,_ZN54UARTManagerTest_RunMediaUart_CallsAsyncHandleUart_Test8TestBodyEv
FNDA:49,_ZN53UARTManagerTest_GetPortList_ReturnsCorrectValues_TestD2Ev
FNDA:49,_ZN54UARTManagerTest_RunMediaUart_CallsAsyncHandleUart_TestD0Ev
FNDA:49,_ZN54UARTManagerTest_RunMediaUart_CallsAsyncHandleUart_TestD2Ev
FNDA:49,_ZN60UARTManagerTest_GetBaudRateOptions_ReturnsCorrectValues_TestC2Ev
FNDA:49,_ZN60UARTManagerTest_GetBaudRateOptions_ReturnsCorrectValues_TestD0Ev
FNDA:49,_ZN53UARTManagerTest_GetPortList_ReturnsCorrectValues_Test8TestBodyEv
FNDA:49,_ZN48UARTManagerTest_CheckPortConnection_Success_TestD0Ev
FNDA:49,_ZN60UARTManagerTest_GetBaudRateOptions_ReturnsCorrectValues_Test8TestBodyEv
FNDA:98,_ZN15MockUARTManager17gmock_getPortListB5cxx11Ev
FNDA:49,_ZN48UARTManagerTest_CheckPortConnection_Failure_TestD0Ev
FNDA:98,_ZN15MockUARTManager25gmock_checkPortConnectionERKN7testing7MatcherIRKNSt7__cxx1112basic_stringIcSt11char_traitsIcESaIcEEEEERKNS1_IjEE
FNDA:49,_ZN48UARTManagerTest_CheckPortConnection_Failure_TestD2Ev
FNDA:49,_ZN40UARTManagerTest_StopUART_SafeToCall_TestD2Ev
FNDA:49,_ZN54UARTManagerTest_RunMediaUart_CallsAsyncHandleUart_TestC2Ev
FNDA:49,_ZN40UARTManagerTest_StopUART_SafeToCall_TestD0Ev
FNDA:49,_ZN48UARTManagerTest_CheckPortConnection_Failure_TestC2Ev
FNDA:0,_ZN15MockUARTManager19checkPortConnectionERKNSt7__cxx1112basic_stringIcSt11char_traitsIcESaIcEEEj
FNDA:49,_ZN54UARTManagerTest_RunMediaUart_CallsAsyncHandleUart_Test8TestBodyEv
FNDA:49,_ZN40UARTManagerTest_StopUART_SafeToCall_Test8TestBodyEv
FNDA:0,_ZN20MockPlayerController4stopEv
FNDA:49,_ZN40UARTManagerTest_StopUART_SafeToCall_TestC2Ev
FNDA:0,_ZN20MockPlayerController9setVolumeEi
FNDA:0,_ZN20MockPlayerController12playPreviousEv
FNDA:49,_ZN53UARTManagerTest_GetPortList_ReturnsCorrectValues_TestD0Ev
FNDA:0,_ZN20MockPlayerController8playNextEv
FNDA:49,_ZN53UARTManagerTest_GetPortList_ReturnsCorrectValues_TestC2Ev
FNDA:49,_ZN48UARTManagerTest_CheckPortConnection_Success_TestC2Ev
FNDA:49,_ZN60UARTManagerTest_GetBaudRateOptions_ReturnsCorrectValues_TestD2Ev
FNDA:49,_ZN48UARTManagerTest_CheckPortConnection_Success_TestD2Ev
FNDA:0,_ZN15MockUARTManager11getPortListB5cxx11Ev
FNDA:49,_ZN48UARTManagerTest_CheckPortConnection_Success_Test8TestBodyEv
FNDA:49,_ZN48UARTManagerTest_CheckPortConnection_Failure_Test8TestBodyEv
FNDA:49,_ZN20MockPlayerControllerC2Ev
FNDA:0,_ZN20MockPlayerController14togglePlaybackEv
FNDA:0,_ZN15MockUARTManager18getBaudRateOptionsB5cxx11Ev
FNF:35
FNH:27
DA:12,49
DA:14,0
DA:15,0
DA:16,0
DA:17,0
DA:18,0
DA:24,98
DA:25,98
DA:26,0
DA:30,196
DA:31,49
DA:33,245
DA:35,49
DA:37,49
DA:39,49
DA:40,49
DA:42,49
DA:44,0
DA:46,49
DA:49,196
DA:50,49
DA:51,49
DA:53,49
DA:54,49
DA:57,196
DA:58,49
DA:60,49
DA:61,147
DA:62,98
DA:65,49
DA:66,49
DA:67,49
DA:69,98
DA:70,49
DA:71,49
DA:72,49
DA:76,196
DA:77,49
DA:78,49
DA:83,735
DA:85,49
DA:86,49
DA:89,196
DA:90,49
DA:92,49
DA:93,49
DA:96,196
DA:97,49
DA:98,49
DA:99,49
DA:101,49
DA:102,49
DA:103,49
LF:53
LH:46
end_of_record
