TN:
SF:/home/bluebird/mock_project_app_music_video_player/final/media_player/PlayerMediaApp/src/Controller/ControllerManager.cpp
FN:3,_ZN17ControllerManagerC2E12ModelManager11ViewManagerSt10shared_ptrI11UARTManagerE
FN:10,_ZN17ControllerManager7getViewERKNSt7__cxx1112basic_stringIcSt11char_traitsIcESaIcEEE
FN:20,_ZN17ControllerManager9checkUartEv
FN:48,_ZN17ControllerManager8ScanDataEv
FN:65,_ZN17ControllerManager16mediaFileHandlerB5cxx11Ev
FN:105,_ZN17ControllerManager16mediaFileManagerEv
FN:132,_ZN17ControllerManager15playlistHandlerEv
FN:196,_ZN17ControllerManager15playlistManagerEv
FN:227,_ZN17ControllerManager16playMusicHandlerB5cxx11Ev
FN:250,_ZN17ControllerManager12playPlaylistB5cxx11Ev
FN:288,_ZN17ControllerManager16playVideoHandlerB5cxx11Ev
FN:311,_ZN17ControllerManager6runAppEv
FNDA:0,_ZN17ControllerManager16playMusicHandlerB5cxx11Ev
FNDA:0,_ZN17ControllerManager15playlistManagerEv
FNDA:0,_ZN17ControllerManager6runAppEv
FNDA:0,_ZN17ControllerManager15playlistHandlerEv
FNDA:0,_ZN17ControllerManager16playVideoHandlerB5cxx11Ev
FNDA:0,_ZN17ControllerManager16mediaFileManagerEv
FNDA:0,_ZN17ControllerManager12playPlaylistB5cxx11Ev
FNDA:0,_ZN17ControllerManager9checkUartEv
FNDA:0,_ZN17ControllerManager8ScanDataEv
FNDA:0,_ZN17ControllerManager16mediaFileHandlerB5cxx11Ev
FNDA:0,_ZN17ControllerManagerC2E12ModelManager11ViewManagerSt10shared_ptrI11UARTManagerE
FNDA:0,_ZN17ControllerManager7getViewERKNSt7__cxx1112basic_stringIcSt11char_traitsIcESaIcEEE
FNF:12
FNH:0
BRDA:5,0,0,-
BRDA:5,0,1,-
BRDA:12,0,0,-
BRDA:12,0,1,-
BRDA:13,0,0,-
BRDA:13,0,1,-
BRDA:14,0,0,-
BRDA:14,0,1,-
BRDA:14,0,2,-
BRDA:14,0,3,-
BRDA:14,0,4,-
BRDA:14,0,5,-
BRDA:22,0,0,-
BRDA:22,0,1,-
BRDA:22,0,2,-
BRDA:22,0,3,-
BRDA:23,0,0,-
BRDA:23,0,1,-
BRDA:24,0,0,-
BRDA:24,0,1,-
BRDA:29,0,0,-
BRDA:29,0,1,-
BRDA:29,0,2,-
BRDA:29,0,3,-
BRDA:29,0,4,-
BRDA:29,0,5,-
BRDA:30,0,0,-
BRDA:30,0,1,-
BRDA:32,0,0,-
BRDA:32,0,1,-
BRDA:35,0,0,-
BRDA:35,0,1,-
BRDA:35,0,2,-
BRDA:35,0,3,-
BRDA:35,0,4,-
BRDA:35,0,5,-
BRDA:35,0,6,-
BRDA:35,0,7,-
BRDA:35,0,8,-
BRDA:35,0,9,-
BRDA:36,0,0,-
BRDA:36,0,1,-
BRDA:36,0,2,-
BRDA:36,0,3,-
BRDA:37,0,0,-
BRDA:37,0,1,-
BRDA:37,0,2,-
BRDA:37,0,3,-
BRDA:37,0,4,-
BRDA:37,0,5,-
BRDA:40,0,0,-
BRDA:40,0,1,-
BRDA:40,0,2,-
BRDA:40,0,3,-
BRDA:40,0,4,-
BRDA:40,0,5,-
BRDA:51,0,0,-
BRDA:51,0,1,-
BRDA:51,0,2,-
BRDA:51,0,3,-
BRDA:53,0,0,-
BRDA:53,0,1,-
BRDA:54,0,0,-
BRDA:54,0,1,-
BRDA:54,0,2,-
BRDA:54,0,3,-
BRDA:54,0,4,-
BRDA:54,0,5,-
BRDA:54,0,6,-
BRDA:54,0,7,-
BRDA:58,0,0,-
BRDA:58,0,1,-
BRDA:59,0,0,-
BRDA:59,0,1,-
BRDA:60,0,0,0
BRDA:60,0,1,0
BRDA:60,0,2,0
BRDA:60,0,3,0
BRDA:60,0,4,0
BRDA:60,0,5,0
BRDA:70,0,0,-
BRDA:70,0,1,-
BRDA:70,0,2,-
BRDA:70,0,3,-
BRDA:71,0,0,-
BRDA:71,0,1,-
BRDA:71,0,2,-
BRDA:71,0,3,-
BRDA:73,0,0,-
BRDA:73,0,1,-
BRDA:74,0,0,-
BRDA:74,0,1,-
BRDA:76,0,0,-
BRDA:76,0,1,-
BRDA:79,0,0,-
BRDA:79,0,1,-
BRDA:81,0,0,-
BRDA:81,0,1,-
BRDA:82,0,0,-
BRDA:82,0,1,-
BRDA:86,0,0,-
BRDA:86,0,1,-
BRDA:86,0,2,-
BRDA:86,0,3,-
BRDA:86,0,4,-
BRDA:86,0,5,-
BRDA:86,0,6,-
BRDA:86,0,7,-
BRDA:86,0,8,-
BRDA:86,0,9,-
BRDA:87,0,0,-
BRDA:87,0,1,-
BRDA:90,0,0,-
BRDA:90,0,1,-
BRDA:91,0,0,-
BRDA:91,0,1,-
BRDA:91,0,2,-
BRDA:91,0,3,-
BRDA:93,0,0,-
BRDA:93,0,1,-
BRDA:93,0,2,-
BRDA:93,0,3,-
BRDA:96,0,0,-
BRDA:96,0,1,-
BRDA:97,0,0,-
BRDA:97,0,1,-
BRDA:97,0,2,-
BRDA:97,0,3,-
BRDA:97,0,4,-
BRDA:97,0,5,-
BRDA:97,0,6,-
BRDA:97,0,7,-
BRDA:98,0,0,0
BRDA:98,0,1,0
BRDA:100,0,0,-
BRDA:100,0,1,-
BRDA:108,0,0,-
BRDA:108,0,1,-
BRDA:108,0,2,-
BRDA:108,0,3,-
BRDA:110,0,0,-
BRDA:110,0,1,-
BRDA:111,0,0,-
BRDA:111,0,1,-
BRDA:111,0,2,-
BRDA:111,0,3,-
BRDA:111,0,4,-
BRDA:111,0,5,-
BRDA:111,0,6,-
BRDA:111,0,7,-
BRDA:116,0,0,-
BRDA:116,0,1,-
BRDA:116,0,2,-
BRDA:116,0,3,-
BRDA:117,0,0,-
BRDA:117,0,1,-
BRDA:117,0,2,-
BRDA:117,0,3,-
BRDA:119,0,0,-
BRDA:119,0,1,-
BRDA:120,0,0,-
BRDA:120,0,1,-
BRDA:122,0,0,-
BRDA:122,0,1,-
BRDA:124,0,0,-
BRDA:124,0,1,-
BRDA:125,0,0,-
BRDA:125,0,1,-
BRDA:126,0,0,0
BRDA:126,0,1,0
BRDA:126,0,2,0
BRDA:126,0,3,0
BRDA:126,0,4,0
BRDA:126,0,5,0
BRDA:137,0,0,-
BRDA:137,0,1,-
BRDA:137,0,2,-
BRDA:137,0,3,-
BRDA:138,0,0,-
BRDA:138,0,1,-
BRDA:138,0,2,-
BRDA:138,0,3,-
BRDA:139,0,0,-
BRDA:139,0,1,-
BRDA:139,0,2,-
BRDA:139,0,3,-
BRDA:141,0,0,-
BRDA:141,0,1,-
BRDA:143,0,0,-
BRDA:143,0,1,-
BRDA:143,0,2,-
BRDA:143,0,3,-
BRDA:143,0,4,-
BRDA:143,0,5,-
BRDA:143,0,6,-
BRDA:143,0,7,-
BRDA:149,0,0,-
BRDA:149,0,1,-
BRDA:150,0,0,-
BRDA:150,0,1,-
BRDA:150,0,2,-
BRDA:150,0,3,-
BRDA:152,0,0,-
BRDA:152,0,1,-
BRDA:153,0,0,-
BRDA:153,0,1,-
BRDA:153,0,2,-
BRDA:153,0,3,-
BRDA:153,0,4,-
BRDA:153,0,5,-
BRDA:153,0,6,-
BRDA:153,0,7,-
BRDA:158,0,0,-
BRDA:158,0,1,-
BRDA:158,0,2,-
BRDA:158,0,3,-
BRDA:159,0,0,-
BRDA:159,0,1,-
BRDA:159,0,2,-
BRDA:159,0,3,-
BRDA:161,0,0,-
BRDA:161,0,1,-
BRDA:163,0,0,-
BRDA:163,0,1,-
BRDA:166,0,0,-
BRDA:166,0,1,-
BRDA:166,0,2,-
BRDA:166,0,3,-
BRDA:166,0,4,-
BRDA:166,0,5,-
BRDA:168,0,0,-
BRDA:168,0,1,-
BRDA:169,0,0,-
BRDA:169,0,1,-
BRDA:172,0,0,-
BRDA:172,0,1,-
BRDA:172,0,2,-
BRDA:172,0,3,-
BRDA:173,0,0,-
BRDA:173,0,1,-
BRDA:175,0,0,-
BRDA:175,0,1,-
BRDA:177,0,0,-
BRDA:177,0,1,-
BRDA:181,0,0,-
BRDA:181,0,1,-
BRDA:181,0,2,-
BRDA:181,0,3,-
BRDA:181,0,4,-
BRDA:181,0,5,-
BRDA:183,0,0,-
BRDA:183,0,1,-
BRDA:183,0,2,-
BRDA:183,0,3,-
BRDA:186,0,0,-
BRDA:186,0,1,-
BRDA:186,0,2,-
BRDA:186,0,3,-
BRDA:189,0,0,-
BRDA:189,0,1,-
BRDA:190,0,0,-
BRDA:190,0,1,-
BRDA:190,0,2,-
BRDA:190,0,3,-
BRDA:190,0,4,-
BRDA:190,0,5,-
BRDA:190,0,6,-
BRDA:190,0,7,-
BRDA:190,0,8,-
BRDA:190,0,9,-
BRDA:191,0,0,0
BRDA:191,0,1,0
BRDA:191,0,2,0
BRDA:191,0,3,0
BRDA:191,0,4,0
BRDA:191,0,5,0
BRDA:199,0,0,-
BRDA:199,0,1,-
BRDA:199,0,2,-
BRDA:199,0,3,-
BRDA:200,0,0,-
BRDA:200,0,1,-
BRDA:200,0,2,-
BRDA:200,0,3,-
BRDA:201,0,0,-
BRDA:201,0,1,-
BRDA:201,0,2,-
BRDA:201,0,3,-
BRDA:203,0,0,-
BRDA:203,0,1,-
BRDA:205,0,0,-
BRDA:205,0,1,-
BRDA:205,0,2,-
BRDA:205,0,3,-
BRDA:205,0,4,-
BRDA:205,0,5,-
BRDA:205,0,6,-
BRDA:205,0,7,-
BRDA:211,0,0,-
BRDA:211,0,1,-
BRDA:211,0,2,-
BRDA:211,0,3,-
BRDA:211,0,4,-
BRDA:211,0,5,-
BRDA:213,0,0,-
BRDA:213,0,1,-
BRDA:214,0,0,-
BRDA:214,0,1,-
BRDA:217,0,0,-
BRDA:217,0,1,-
BRDA:217,0,2,-
BRDA:217,0,3,-
BRDA:218,0,0,-
BRDA:218,0,1,-
BRDA:220,0,0,-
BRDA:220,0,1,-
BRDA:221,0,0,-
BRDA:221,0,1,-
BRDA:221,0,2,-
BRDA:221,0,3,-
BRDA:221,0,4,-
BRDA:221,0,5,-
BRDA:221,0,6,-
BRDA:221,0,7,-
BRDA:222,0,0,0
BRDA:222,0,1,0
BRDA:222,0,2,0
BRDA:222,0,3,0
BRDA:222,0,4,0
BRDA:222,0,5,0
BRDA:230,0,0,-
BRDA:230,0,1,-
BRDA:230,0,2,-
BRDA:230,0,3,-
BRDA:233,0,0,-
BRDA:233,0,1,-
BRDA:234,0,0,-
BRDA:234,0,1,-
BRDA:234,0,2,-
BRDA:234,0,3,-
BRDA:236,0,0,-
BRDA:236,0,1,-
BRDA:237,0,0,-
BRDA:237,0,1,-
BRDA:241,0,0,-
BRDA:241,0,1,-
BRDA:241,0,2,-
BRDA:241,0,3,-
BRDA:241,0,4,-
BRDA:241,0,5,-
BRDA:241,0,6,-
BRDA:241,0,7,-
BRDA:244,0,0,-
BRDA:244,0,1,-
BRDA:245,0,0,0
BRDA:245,0,1,0
BRDA:253,0,0,-
BRDA:253,0,1,-
BRDA:253,0,2,-
BRDA:253,0,3,-
BRDA:254,0,0,-
BRDA:254,0,1,-
BRDA:254,0,2,-
BRDA:254,0,3,-
BRDA:255,0,0,-
BRDA:255,0,1,-
BRDA:255,0,2,-
BRDA:255,0,3,-
BRDA:257,0,0,-
BRDA:257,0,1,-
BRDA:259,0,0,-
BRDA:259,0,1,-
BRDA:259,0,2,-
BRDA:259,0,3,-
BRDA:259,0,4,-
BRDA:259,0,5,-
BRDA:259,0,6,-
BRDA:259,0,7,-
BRDA:265,0,0,-
BRDA:265,0,1,-
BRDA:265,0,2,-
BRDA:265,0,3,-
BRDA:265,0,4,-
BRDA:265,0,5,-
BRDA:267,0,0,-
BRDA:267,0,1,-
BRDA:268,0,0,-
BRDA:268,0,1,-
BRDA:269,0,0,-
BRDA:269,0,1,-
BRDA:269,0,2,-
BRDA:269,0,3,-
BRDA:269,0,4,-
BRDA:269,0,5,-
BRDA:269,0,6,-
BRDA:269,0,7,-
BRDA:271,0,0,-
BRDA:271,0,1,-
BRDA:271,0,2,-
BRDA:271,0,3,-
BRDA:272,0,0,-
BRDA:272,0,1,-
BRDA:274,0,0,-
BRDA:274,0,1,-
BRDA:276,0,0,-
BRDA:276,0,1,-
BRDA:277,0,0,-
BRDA:277,0,1,-
BRDA:277,0,2,-
BRDA:277,0,3,-
BRDA:277,0,4,-
BRDA:277,0,5,-
BRDA:277,0,6,-
BRDA:277,0,7,-
BRDA:280,0,0,-
BRDA:280,0,1,-
BRDA:280,0,2,-
BRDA:280,0,3,-
BRDA:280,0,4,-
BRDA:280,0,5,-
BRDA:282,0,0,-
BRDA:282,0,1,-
BRDA:282,0,2,-
BRDA:282,0,3,-
BRDA:285,0,0,-
BRDA:285,0,1,-
BRDA:291,0,0,-
BRDA:291,0,1,-
BRDA:291,0,2,-
BRDA:291,0,3,-
BRDA:294,0,0,-
BRDA:294,0,1,-
BRDA:295,0,0,-
BRDA:295,0,1,-
BRDA:295,0,2,-
BRDA:295,0,3,-
BRDA:297,0,0,-
BRDA:297,0,1,-
BRDA:298,0,0,-
BRDA:298,0,1,-
BRDA:302,0,0,-
BRDA:302,0,1,-
BRDA:302,0,2,-
BRDA:302,0,3,-
BRDA:302,0,4,-
BRDA:302,0,5,-
BRDA:302,0,6,-
BRDA:302,0,7,-
BRDA:305,0,0,-
BRDA:305,0,1,-
BRDA:306,0,0,0
BRDA:306,0,1,0
BRDA:313,0,0,-
BRDA:313,0,1,-
BRDA:313,0,2,-
BRDA:313,0,3,-
BRDA:313,0,4,-
BRDA:313,0,5,-
BRDA:313,0,6,-
BRDA:313,0,7,-
BRDA:313,0,8,-
BRDA:313,0,9,-
BRDA:313,0,10,-
BRDA:313,0,11,-
BRDA:314,0,0,-
BRDA:314,0,1,-
BRDA:314,0,2,-
BRDA:314,0,3,-
BRDA:314,0,4,-
BRDA:314,0,5,-
BRDA:314,0,6,-
BRDA:314,0,7,-
BRDA:314,0,8,-
BRDA:314,0,9,-
BRDA:318,0,0,-
BRDA:318,0,1,-
BRDA:320,0,0,-
BRDA:320,0,1,-
BRDA:320,0,2,-
BRDA:320,0,3,-
BRDA:321,0,0,-
BRDA:321,0,1,-
BRDA:327,0,0,-
BRDA:327,0,1,-
BRDA:328,0,0,-
BRDA:328,0,1,-
BRDA:330,0,0,-
BRDA:330,0,1,-
BRDA:330,0,2,-
BRDA:330,0,3,-
BRDA:331,0,0,-
BRDA:331,0,1,-
BRDA:331,0,2,-
BRDA:331,0,3,-
BRDA:333,0,0,-
BRDA:333,0,1,-
BRDA:333,0,2,-
BRDA:333,0,3,-
BRDA:333,0,4,-
BRDA:333,0,5,-
BRDA:333,0,6,-
BRDA:333,0,7,-
BRDA:333,0,8,-
BRDA:336,0,0,-
BRDA:336,0,1,-
BRDA:337,0,0,-
BRDA:337,0,1,-
BRDA:339,0,0,-
BRDA:339,0,1,-
BRDA:340,0,0,-
BRDA:340,0,1,-
BRDA:343,0,0,-
BRDA:343,0,1,-
BRDA:344,0,0,-
BRDA:344,0,1,-
BRDA:350,0,0,-
BRDA:350,0,1,-
BRDA:351,0,0,-
BRDA:351,0,1,-
BRDA:353,0,0,-
BRDA:353,0,1,-
BRDA:358,0,0,-
BRDA:358,0,1,-
BRDA:359,0,0,-
BRDA:359,0,1,-
BRDA:361,0,0,-
BRDA:361,0,1,-
BRDA:366,0,0,-
BRDA:366,0,1,-
BRDA:367,0,0,-
BRDA:367,0,1,-
BRDA:369,0,0,-
BRDA:369,0,1,-
BRDA:375,0,0,-
BRDA:375,0,1,-
BRDA:376,0,0,-
BRDA:376,0,1,-
BRDA:378,0,0,-
BRDA:378,0,1,-
BRDA:379,0,0,-
BRDA:379,0,1,-
BRDA:382,0,0,-
BRDA:382,0,1,-
BRDA:383,0,0,-
BRDA:383,0,1,-
BRDA:384,0,0,-
BRDA:384,0,1,-
BRDA:384,0,2,-
BRDA:384,0,3,-
BRDA:385,0,0,-
BRDA:385,0,1,-
BRDA:386,0,0,-
BRDA:386,0,1,-
BRDA:389,0,0,-
BRDA:389,0,1,-
BRDA:390,0,0,-
BRDA:390,0,1,-
BRDA:397,0,0,-
BRDA:397,0,1,-
BRDA:398,0,0,-
BRDA:398,0,1,-
BRDA:400,0,0,-
BRDA:400,0,1,-
BRDA:401,0,0,-
BRDA:401,0,1,-
BRDA:401,0,2,-
BRDA:401,0,3,-
BRDA:401,0,4,-
BRDA:401,0,5,-
BRDA:404,0,0,-
BRDA:404,0,1,-
BRDA:405,0,0,-
BRDA:405,0,1,-
BRDA:406,0,0,-
BRDA:406,0,1,-
BRDA:407,0,0,-
BRDA:407,0,1,-
BRDA:410,0,0,-
BRDA:410,0,1,-
BRDA:411,0,0,-
BRDA:411,0,1,-
BRDA:413,0,0,-
BRDA:413,0,1,-
BRDA:420,0,0,-
BRDA:420,0,1,-
BRDA:421,0,0,-
BRDA:421,0,1,-
BRDA:423,0,0,-
BRDA:423,0,1,-
BRDA:424,0,0,-
BRDA:424,0,1,-
BRDA:427,0,0,-
BRDA:427,0,1,-
BRDA:428,0,0,-
BRDA:428,0,1,-
BRDA:429,0,0,-
BRDA:429,0,1,-
BRDA:429,0,2,-
BRDA:429,0,3,-
BRDA:430,0,0,-
BRDA:430,0,1,-
BRDA:431,0,0,-
BRDA:431,0,1,-
BRDA:434,0,0,-
BRDA:434,0,1,-
BRDA:435,0,0,-
BRDA:435,0,1,-
BRDA:441,0,0,-
BRDA:441,0,1,-
BRDA:442,0,0,-
BRDA:442,0,1,-
BRDA:450,0,0,0
BRDA:450,0,1,0
BRDA:451,0,0,0
BRDA:451,0,1,0
BRF:615
BRH:0
DA:3,0
DA:4,0
DA:5,0
DA:6,0
DA:7,0
DA:8,0
DA:10,0
DA:12,0
DA:13,0
DA:14,0
DA:15,0
DA:17,0
DA:18,0
DA:20,0
DA:22,0
DA:23,0
DA:24,0
DA:25,0
DA:27,0
DA:29,0
DA:30,0
DA:31,0
DA:32,0
DA:33,0
DA:35,0
DA:36,0
DA:37,0
DA:38,0
DA:40,0
DA:41,0
DA:44,0
DA:45,0
DA:48,0
DA:51,0
DA:53,0
DA:54,0
DA:56,0
DA:58,0
DA:59,0
DA:60,0
DA:61,0
DA:62,0
DA:65,0
DA:69,0
DA:70,0
DA:71,0
DA:73,0
DA:74,0
DA:76,0
DA:79,0
DA:81,0
DA:82,0
DA:85,0
DA:86,0
DA:87,0
DA:90,0
DA:91,0
DA:93,0
DA:94,0
DA:96,0
DA:97,0
DA:98,0
DA:99,0
DA:100,0
DA:105,0
DA:108,0
DA:110,0
DA:111,0
DA:113,0
DA:116,0
DA:117,0
DA:119,0
DA:120,0
DA:122,0
DA:124,0
DA:125,0
DA:126,0
DA:127,0
DA:128,0
DA:132,0
DA:135,0
DA:137,0
DA:138,0
DA:139,0
DA:141,0
DA:143,0
DA:146,0
DA:149,0
DA:150,0
DA:152,0
DA:153,0
DA:155,0
DA:158,0
DA:159,0
DA:161,0
DA:163,0
DA:164,0
DA:166,0
DA:167,0
DA:168,0
DA:169,0
DA:170,0
DA:172,0
DA:173,0
DA:175,0
DA:177,0
DA:178,0
DA:181,0
DA:183,0
DA:184,0
DA:186,0
DA:187,0
DA:189,0
DA:190,0
DA:191,0
DA:192,0
DA:196,0
DA:199,0
DA:200,0
DA:201,0
DA:203,0
DA:205,0
DA:208,0
DA:211,0
DA:212,0
DA:213,0
DA:214,0
DA:215,0
DA:217,0
DA:218,0
DA:220,0
DA:221,0
DA:222,0
DA:223,0
DA:227,0
DA:230,0
DA:231,0
DA:233,0
DA:234,0
DA:236,0
DA:237,0
DA:241,0
DA:243,0
DA:244,0
DA:245,0
DA:246,0
DA:250,0
DA:252,0
DA:253,0
DA:254,0
DA:255,0
DA:257,0
DA:259,0
DA:262,0
DA:265,0
DA:266,0
DA:267,0
DA:268,0
DA:269,0
DA:271,0
DA:272,0
DA:274,0
DA:276,0
DA:277,0
DA:280,0
DA:282,0
DA:283,0
DA:285,0
DA:286,0
DA:288,0
DA:291,0
DA:292,0
DA:294,0
DA:295,0
DA:297,0
DA:298,0
DA:302,0
DA:304,0
DA:305,0
DA:306,0
DA:307,0
DA:311,0
DA:313,0
DA:314,0
DA:315,0
DA:318,0
DA:320,0
DA:321,0
DA:323,0
DA:327,0
DA:328,0
DA:330,0
DA:331,0
DA:333,0
DA:334,0
DA:336,0
DA:337,0
DA:339,0
DA:340,0
DA:341,0
DA:343,0
DA:344,0
DA:346,0
DA:347,0
DA:348,0
DA:350,0
DA:351,0
DA:353,0
DA:354,0
DA:356,0
DA:358,0
DA:359,0
DA:361,0
DA:362,0
DA:364,0
DA:366,0
DA:367,0
DA:369,0
DA:370,0
DA:372,0
DA:374,0
DA:375,0
DA:376,0
DA:378,0
DA:379,0
DA:380,0
DA:382,0
DA:383,0
DA:384,0
DA:385,0
DA:386,0
DA:387,0
DA:389,0
DA:390,0
DA:391,0
DA:392,0
DA:393,0
DA:394,0
DA:396,0
DA:397,0
DA:398,0
DA:400,0
DA:401,0
DA:402,0
DA:404,0
DA:405,0
DA:406,0
DA:407,0
DA:408,0
DA:410,0
DA:411,0
DA:413,0
DA:415,0
DA:416,0
DA:417,0
DA:419,0
DA:420,0
DA:421,0
DA:423,0
DA:424,0
DA:425,0
DA:427,0
DA:428,0
DA:429,0
DA:430,0
DA:431,0
DA:432,0
DA:434,0
DA:435,0
DA:436,0
DA:437,0
DA:438,0
DA:439,0
DA:441,0
DA:442,0
DA:443,0
DA:445,0
DA:447,0
DA:448,0
DA:450,0
DA:451,0
DA:452,0
DA:453,0
DA:454,0
LF:284
LH:0
end_of_record
TN:
SF:/home/bluebird/mock_project_app_music_video_player/final/media_player/PlayerMediaApp/src/Controller/MediaFileController.cpp
FN:3,_ZN19MediaFileControllerC2ESt10shared_ptrI9MediaFileES0_I8BaseViewE
FN:6,_ZN19MediaFileController18getDetailMediaFileENSt7__cxx1112basic_stringIcSt11char_traitsIcESaIcEEE
FN:8,_ZN19MediaFileController11addMetadataB5cxx11Ev
FN:50,_ZN19MediaFileController12editMetadataB5cxx11Ev
FN:90,_ZN19MediaFileController14deleteMetadataB5cxx11Ev
FN:119,_ZN19MediaFileController16handlerMediaFileEv
FNDA:25,_ZN19MediaFileController18getDetailMediaFileENSt7__cxx1112basic_stringIcSt11char_traitsIcESaIcEEE
FNDA:13,_ZN19MediaFileController16handlerMediaFileEv
FNDA:13,_ZN19MediaFileControllerC2ESt10shared_ptrI9MediaFileES0_I8BaseViewE
FNDA:5,_ZN19MediaFileController12editMetadataB5cxx11Ev
FNDA:3,_ZN19MediaFileController11addMetadataB5cxx11Ev
FNDA:3,_ZN19MediaFileController14deleteMetadataB5cxx11Ev
FNF:6
FNH:6
BRDA:6,0,0,25
BRDA:6,0,1,0
BRDA:15,0,0,9
BRDA:15,0,1,0
BRDA:15,0,2,9
BRDA:15,0,3,0
BRDA:17,0,0,2
BRDA:17,0,1,7
BRDA:21,0,0,1
BRDA:21,0,1,6
BRDA:22,0,0,1
BRDA:22,0,1,0
BRDA:22,0,2,1
BRDA:22,0,3,0
BRDA:25,0,0,3
BRDA:25,0,1,3
BRDA:26,0,0,3
BRDA:26,0,1,0
BRDA:26,0,2,3
BRDA:26,0,3,0
BRDA:26,0,4,1
BRDA:26,0,5,2
BRDA:27,0,0,1
BRDA:27,0,1,0
BRDA:27,0,2,1
BRDA:27,0,3,0
BRDA:29,0,0,3
BRDA:29,0,1,0
BRDA:30,0,0,3
BRDA:30,0,1,0
BRDA:30,0,2,3
BRDA:30,0,3,0
BRDA:30,0,4,3
BRDA:30,0,5,0
BRDA:31,0,0,3
BRDA:31,0,1,0
BRDA:31,0,2,3
BRDA:31,0,3,0
BRDA:35,0,0,2
BRDA:35,0,1,0
BRDA:35,0,2,1
BRDA:35,0,3,1
BRDA:36,0,0,1
BRDA:36,0,1,0
BRDA:36,0,2,1
BRDA:36,0,3,0
BRDA:36,0,4,1
BRDA:36,0,5,0
BRDA:38,0,0,1
BRDA:38,0,1,0
BRDA:41,0,0,0
BRDA:41,0,1,5
BRDA:41,0,2,1
BRDA:42,0,0,5
BRDA:42,0,1,0
BRDA:44,0,0,1
BRDA:44,0,1,0
BRDA:47,0,0,2
BRDA:47,0,1,0
BRDA:57,0,0,11
BRDA:57,0,1,0
BRDA:57,0,2,11
BRDA:57,0,3,0
BRDA:59,0,0,4
BRDA:59,0,1,7
BRDA:63,0,0,1
BRDA:63,0,1,6
BRDA:64,0,0,1
BRDA:64,0,1,0
BRDA:64,0,2,1
BRDA:64,0,3,0
BRDA:67,0,0,2
BRDA:67,0,1,4
BRDA:68,0,0,2
BRDA:68,0,1,0
BRDA:68,0,2,2
BRDA:68,0,3,0
BRDA:68,0,4,2
BRDA:68,0,5,0
BRDA:69,0,0,2
BRDA:69,0,1,0
BRDA:69,0,2,2
BRDA:69,0,3,0
BRDA:71,0,0,4
BRDA:71,0,1,0
BRDA:72,0,0,4
BRDA:72,0,1,0
BRDA:72,0,2,4
BRDA:72,0,3,0
BRDA:72,0,4,2
BRDA:72,0,5,2
BRDA:73,0,0,2
BRDA:73,0,1,0
BRDA:73,0,2,2
BRDA:73,0,3,0
BRDA:77,0,0,2
BRDA:77,0,1,0
BRDA:77,0,2,1
BRDA:77,0,3,1
BRDA:78,0,0,1
BRDA:78,0,1,0
BRDA:78,0,2,1
BRDA:78,0,3,0
BRDA:78,0,4,1
BRDA:78,0,5,0
BRDA:81,0,0,1
BRDA:81,0,1,0
BRDA:83,0,0,0
BRDA:83,0,1,6
BRDA:84,0,0,6
BRDA:84,0,1,0
BRDA:87,0,0,4
BRDA:87,0,1,0
BRDA:97,0,0,5
BRDA:97,0,1,0
BRDA:99,0,0,2
BRDA:99,0,1,3
BRDA:103,0,0,3
BRDA:103,0,1,0
BRDA:103,0,2,3
BRDA:103,0,3,0
BRDA:103,0,4,3
BRDA:103,0,5,0
BRDA:103,0,6,2
BRDA:103,0,7,1
BRDA:104,0,0,2
BRDA:104,0,1,0
BRDA:104,0,2,1
BRDA:104,0,3,1
BRDA:105,0,0,1
BRDA:105,0,1,0
BRDA:105,0,2,1
BRDA:105,0,3,0
BRDA:107,0,0,1
BRDA:107,0,1,0
BRDA:112,0,0,0
BRDA:112,0,1,1
BRDA:113,0,0,1
BRDA:113,0,1,0
BRDA:113,0,2,1
BRDA:113,0,3,0
BRDA:113,0,4,1
BRDA:113,0,5,0
BRDA:116,0,0,2
BRDA:116,0,1,0
BRDA:125,0,0,25
BRDA:125,0,1,0
BRDA:125,0,2,25
BRDA:125,0,3,0
BRDA:126,0,0,25
BRDA:126,0,1,0
BRDA:127,0,0,3
BRDA:127,0,1,5
BRDA:127,0,2,3
BRDA:127,0,3,13
BRDA:127,0,4,1
BRDA:130,0,0,3
BRDA:130,0,1,0
BRDA:133,0,0,5
BRDA:133,0,1,0
BRDA:136,0,0,3
BRDA:136,0,1,0
BRDA:143,0,0,0
BRDA:143,0,1,1
BRDA:144,0,0,1
BRDA:144,0,1,0
BRDA:144,0,2,1
BRDA:144,0,3,0
BRDA:144,0,4,1
BRDA:144,0,5,0
BRDA:145,0,0,1
BRDA:145,0,1,0
BRF:172
BRH:102
DA:3,13
DA:4,13
DA:6,25
DA:8,3
DA:10,3
DA:11,3
DA:15,9
DA:17,9
DA:18,2
DA:21,7
DA:22,1
DA:25,6
DA:26,3
DA:27,1
DA:29,3
DA:30,3
DA:31,3
DA:35,2
DA:36,2
DA:38,1
DA:41,6
DA:42,5
DA:43,6
DA:44,1
DA:45,1
DA:46,6
DA:47,2
DA:48,3
DA:50,5
DA:52,5
DA:53,5
DA:57,11
DA:59,11
DA:60,4
DA:63,7
DA:64,1
DA:67,6
DA:68,2
DA:69,2
DA:71,4
DA:72,4
DA:73,2
DA:77,2
DA:78,2
DA:81,1
DA:83,6
DA:84,6
DA:85,6
DA:86,6
DA:87,4
DA:88,5
DA:90,3
DA:92,3
DA:97,5
DA:99,5
DA:100,2
DA:103,3
DA:104,2
DA:105,2
DA:107,1
DA:110,1
DA:112,1
DA:113,1
DA:114,1
DA:115,2
DA:116,2
DA:117,3
DA:119,13
DA:121,13
DA:125,25
DA:126,25
DA:127,25
DA:129,3
DA:130,3
DA:131,3
DA:132,5
DA:133,5
DA:134,5
DA:135,3
DA:136,3
DA:137,3
DA:138,13
DA:139,26
DA:140,1
DA:141,1
DA:143,1
DA:144,1
DA:145,1
DA:146,12
DA:147,13
LF:90
LH:90
end_of_record
TN:
SF:/home/bluebird/mock_project_app_music_video_player/final/media_player/PlayerMediaApp/src/Controller/MediaFileManagerController.cpp
FN:3,_ZN26MediaFileManagerControllerC2ER16MediaFileManagerSt10shared_ptrI8BaseViewES4_S2_I22MediaScannerControllerE
FN:10,_ZN26MediaFileManagerController22addMediaFileControllerENSt7__cxx1112basic_stringIcSt11char_traitsIcESaIcEEESt10shared_ptrI19MediaFileControllerE
FN:20,_ZN26MediaFileManagerController22getMediaFileControllerERKNSt7__cxx1112basic_stringIcSt11char_traitsIcESaIcEEE
FN:31,_ZN26MediaFileManagerController13addDataFolderERKSt13unordered_setINSt7__cxx1112basic_stringIcSt11char_traitsIcESaIcEEESt4hashIS6_ESt8equal_toIS6_ESaIS6_EE
FN:63,_ZN26MediaFileManagerController11addDataFileENSt7__cxx1112basic_stringIcSt11char_traitsIcESaIcEEE
FN:83,_ZN26MediaFileManagerController10deleteDataENSt7__cxx1112basic_stringIcSt11char_traitsIcESaIcEEE
FN:92,_ZN26MediaFileManagerController16showAllMediaFileB5cxx11Ev
FN:94,_ZN26MediaFileManagerController23showAllMediaFileOfAudioB5cxx11Ev
FN:96,_ZN26MediaFileManagerController23showAllMediaFileOfVideoB5cxx11Ev
FN:98,_ZN26MediaFileManagerController23handlerMediaFileManagerEv
FNDA:0,_ZN26MediaFileManagerController22addMediaFileControllerENSt7__cxx1112basic_stringIcSt11char_traitsIcESaIcEEESt10shared_ptrI19MediaFileControllerE
FNDA:0,_ZN26MediaFileManagerControllerC2ER16MediaFileManagerSt10shared_ptrI8BaseViewES4_S2_I22MediaScannerControllerE
FNDA:0,_ZN26MediaFileManagerController22getMediaFileControllerERKNSt7__cxx1112basic_stringIcSt11char_traitsIcESaIcEEE
FNDA:0,_ZN26MediaFileManagerController10deleteDataENSt7__cxx1112basic_stringIcSt11char_traitsIcESaIcEEE
FNDA:0,_ZN26MediaFileManagerController13addDataFolderERKSt13unordered_setINSt7__cxx1112basic_stringIcSt11char_traitsIcESaIcEEESt4hashIS6_ESt8equal_toIS6_ESaIS6_EE
FNDA:0,_ZN26MediaFileManagerController11addDataFileENSt7__cxx1112basic_stringIcSt11char_traitsIcESaIcEEE
FNDA:0,_ZN26MediaFileManagerController23showAllMediaFileOfVideoB5cxx11Ev
FNDA:0,_ZN26MediaFileManagerController23handlerMediaFileManagerEv
FNDA:0,_ZN26MediaFileManagerController23showAllMediaFileOfAudioB5cxx11Ev
FNDA:0,_ZN26MediaFileManagerController16showAllMediaFileB5cxx11Ev
FNF:10
FNH:0
BRDA:14,0,0,-
BRDA:14,0,1,-
BRDA:14,0,2,-
BRDA:14,0,3,-
BRDA:23,0,0,-
BRDA:23,0,1,-
BRDA:24,0,0,-
BRDA:24,0,1,-
BRDA:25,0,0,-
BRDA:25,0,1,-
BRDA:34,0,0,-
BRDA:34,0,1,-
BRDA:39,0,0,-
BRDA:39,0,1,-
BRDA:39,0,2,-
BRDA:39,0,3,-
BRDA:39,0,4,-
BRDA:39,0,5,-
BRDA:43,0,0,-
BRDA:43,0,1,-
BRDA:43,0,2,-
BRDA:43,0,3,-
BRDA:43,0,4,-
BRDA:43,0,5,-
BRDA:43,0,6,-
BRDA:43,0,7,-
BRDA:43,0,8,-
BRDA:43,0,9,-
BRDA:46,0,0,-
BRDA:46,0,1,-
BRDA:47,0,0,-
BRDA:47,0,1,-
BRDA:47,0,2,-
BRDA:47,0,3,-
BRDA:47,0,4,-
BRDA:47,0,5,-
BRDA:47,0,6,-
BRDA:47,0,7,-
BRDA:48,0,0,-
BRDA:48,0,1,-
BRDA:50,0,0,-
BRDA:50,0,1,-
BRDA:51,0,0,-
BRDA:51,0,1,-
BRDA:51,0,2,-
BRDA:51,0,3,-
BRDA:51,0,4,-
BRDA:51,0,5,-
BRDA:51,0,6,-
BRDA:51,0,7,-
BRDA:52,0,0,-
BRDA:52,0,1,-
BRDA:55,0,0,-
BRDA:55,0,1,-
BRDA:57,0,0,0
BRDA:57,0,1,0
BRDA:58,0,0,0
BRDA:58,0,1,0
BRDA:58,0,2,0
BRDA:58,0,3,0
BRDA:70,0,0,-
BRDA:70,0,1,-
BRDA:70,0,2,-
BRDA:70,0,3,-
BRDA:70,0,4,-
BRDA:70,0,5,-
BRDA:72,0,0,-
BRDA:72,0,1,-
BRDA:72,0,2,-
BRDA:72,0,3,-
BRDA:72,0,4,-
BRDA:72,0,5,-
BRDA:72,0,6,-
BRDA:72,0,7,-
BRDA:72,0,8,-
BRDA:72,0,9,-
BRDA:74,0,0,-
BRDA:74,0,1,-
BRDA:75,0,0,-
BRDA:75,0,1,-
BRDA:75,0,2,-
BRDA:75,0,3,-
BRDA:75,0,4,-
BRDA:75,0,5,-
BRDA:76,0,0,-
BRDA:76,0,1,-
BRDA:77,0,0,-
BRDA:77,0,1,-
BRDA:77,0,2,-
BRDA:77,0,3,-
BRDA:77,0,4,-
BRDA:77,0,5,-
BRDA:85,0,0,-
BRDA:85,0,1,-
BRDA:86,0,0,-
BRDA:86,0,1,-
BRDA:86,0,2,-
BRDA:86,0,3,-
BRDA:87,0,0,-
BRDA:87,0,1,-
BRDA:92,0,0,-
BRDA:92,0,1,-
BRDA:94,0,0,-
BRDA:94,0,1,-
BRDA:96,0,0,-
BRDA:96,0,1,-
BRDA:105,0,0,-
BRDA:105,0,1,-
BRDA:106,0,0,-
BRDA:106,0,1,-
BRDA:107,0,0,-
BRDA:107,0,1,-
BRDA:107,0,2,-
BRDA:107,0,3,-
BRDA:107,0,4,-
BRDA:107,0,5,-
BRDA:108,0,0,-
BRDA:108,0,1,-
BRDA:110,0,0,-
BRDA:110,0,1,-
BRDA:111,0,0,-
BRDA:111,0,1,-
BRDA:111,0,2,-
BRDA:111,0,3,-
BRDA:111,0,4,-
BRDA:111,0,5,-
BRDA:112,0,0,-
BRDA:112,0,1,-
BRDA:115,0,0,-
BRDA:115,0,1,-
BRDA:115,0,2,-
BRDA:115,0,3,-
BRDA:117,0,0,-
BRDA:117,0,1,-
BRDA:117,0,2,-
BRDA:117,0,3,-
BRDA:117,0,4,-
BRDA:117,0,5,-
BRDA:117,0,6,-
BRDA:117,0,7,-
BRDA:122,0,0,-
BRDA:122,0,1,-
BRDA:124,0,0,-
BRDA:124,0,1,-
BRDA:124,0,2,-
BRDA:124,0,3,-
BRDA:125,0,0,-
BRDA:125,0,1,-
BRDA:127,0,0,-
BRDA:127,0,1,-
BRDA:128,0,0,-
BRDA:128,0,1,-
BRDA:129,0,0,-
BRDA:129,0,1,-
BRDA:133,0,0,-
BRDA:133,0,1,-
BRDA:133,0,2,-
BRDA:133,0,3,-
BRDA:133,0,4,-
BRDA:133,0,5,-
BRDA:133,0,6,-
BRDA:133,0,7,-
BRDA:134,0,0,-
BRDA:134,0,1,-
BRDA:137,0,0,-
BRDA:137,0,1,-
BRDA:138,0,0,-
BRDA:138,0,1,-
BRDA:140,0,0,-
BRDA:140,0,1,-
BRDA:141,0,0,-
BRDA:141,0,1,-
BRDA:144,0,0,-
BRDA:144,0,1,-
BRDA:144,0,2,-
BRDA:144,0,3,-
BRDA:145,0,0,-
BRDA:145,0,1,-
BRDA:146,0,0,-
BRDA:146,0,1,-
BRDA:148,0,0,-
BRDA:148,0,1,-
BRDA:149,0,0,-
BRDA:149,0,1,-
BRDA:151,0,0,-
BRDA:151,0,1,-
BRDA:151,0,2,-
BRDA:151,0,3,-
BRDA:154,0,0,-
BRDA:154,0,1,-
BRDA:155,0,0,0
BRDA:155,0,1,0
BRDA:161,0,0,-
BRDA:161,0,1,-
BRDA:168,0,0,-
BRDA:168,0,1,-
BRDA:169,0,0,-
BRDA:169,0,1,-
BRDA:172,0,0,-
BRDA:172,0,1,-
BRDA:172,0,2,-
BRDA:172,0,3,-
BRDA:172,0,4,-
BRDA:172,0,5,-
BRDA:172,0,6,-
BRDA:172,0,7,-
BRDA:174,0,0,-
BRDA:174,0,1,-
BRDA:177,0,0,-
BRDA:177,0,1,-
BRDA:177,0,2,-
BRDA:177,0,3,-
BRDA:177,0,4,-
BRDA:177,0,5,-
BRDA:178,0,0,-
BRDA:178,0,1,-
BRDA:178,0,2,-
BRDA:178,0,3,-
BRDA:183,0,0,-
BRDA:183,0,1,-
BRDA:189,0,0,-
BRDA:189,0,1,-
BRDA:190,0,0,-
BRDA:190,0,1,-
BRDA:193,0,0,-
BRDA:193,0,1,-
BRDA:194,0,0,-
BRDA:194,0,1,-
BRDA:197,0,0,-
BRDA:197,0,1,-
BRDA:197,0,2,-
BRDA:197,0,3,-
BRDA:197,0,4,-
BRDA:197,0,5,-
BRDA:198,0,0,-
BRDA:198,0,1,-
BRDA:200,0,0,-
BRDA:200,0,1,-
BRDA:200,0,2,-
BRDA:200,0,3,-
BRDA:206,0,0,-
BRDA:206,0,1,-
BRDA:207,0,0,-
BRDA:207,0,1,-
BRDA:210,0,0,-
BRDA:210,0,1,-
BRDA:211,0,0,-
BRDA:211,0,1,-
BRDA:214,0,0,-
BRDA:214,0,1,-
BRDA:214,0,2,-
BRDA:214,0,3,-
BRDA:214,0,4,-
BRDA:214,0,5,-
BRDA:215,0,0,-
BRDA:215,0,1,-
BRDA:215,0,2,-
BRDA:215,0,3,-
BRDA:217,0,0,-
BRDA:217,0,1,-
BRDA:217,0,2,-
BRDA:217,0,3,-
BRDA:223,0,0,-
BRDA:223,0,1,-
BRDA:224,0,0,-
BRDA:224,0,1,-
BRDA:227,0,0,-
BRDA:227,0,1,-
BRDA:228,0,0,-
BRDA:228,0,1,-
BRDA:231,0,0,-
BRDA:231,0,1,-
BRDA:231,0,2,-
BRDA:231,0,3,-
BRDA:231,0,4,-
BRDA:231,0,5,-
BRDA:232,0,0,-
BRDA:232,0,1,-
BRDA:232,0,2,-
BRDA:232,0,3,-
BRDA:234,0,0,-
BRDA:234,0,1,-
BRDA:234,0,2,-
BRDA:234,0,3,-
BRDA:242,0,0,0
BRDA:242,0,1,0
BRDA:242,0,2,0
BRDA:243,0,0,0
BRDA:243,0,1,0
BRDA:243,0,2,0
BRDA:243,0,3,0
BRDA:243,0,4,0
BRDA:243,0,5,0
BRDA:245,0,0,0
BRDA:245,0,1,0
BRDA:245,0,2,0
BRDA:245,0,3,0
BRDA:245,0,4,0
BRDA:245,0,5,0
BRDA:246,0,0,0
BRDA:246,0,1,0
BRF:301
BRH:0
DA:3,0
DA:6,0
DA:7,0
DA:8,0
DA:10,0
DA:14,0
DA:15,0
DA:17,0
DA:20,0
DA:23,0
DA:24,0
DA:25,0
DA:26,0
DA:28,0
DA:31,0
DA:34,0
DA:36,0
DA:39,0
DA:41,0
DA:43,0
DA:46,0
DA:47,0
DA:48,0
DA:50,0
DA:51,0
DA:52,0
DA:55,0
DA:57,0
DA:58,0
DA:59,0
DA:60,0
DA:61,0
DA:63,0
DA:65,0
DA:66,0
DA:70,0
DA:72,0
DA:74,0
DA:75,0
DA:76,0
DA:77,0
DA:79,0
DA:81,0
DA:83,0
DA:85,0
DA:86,0
DA:87,0
DA:89,0
DA:92,0
DA:94,0
DA:96,0
DA:98,0
DA:101,0
DA:102,0
DA:105,0
DA:106,0
DA:107,0
DA:108,0
DA:110,0
DA:111,0
DA:112,0
DA:115,0
DA:117,0
DA:118,0
DA:122,0
DA:123,0
DA:124,0
DA:125,0
DA:127,0
DA:128,0
DA:129,0
DA:130,0
DA:133,0
DA:134,0
DA:137,0
DA:138,0
DA:140,0
DA:141,0
DA:144,0
DA:145,0
DA:146,0
DA:148,0
DA:149,0
DA:151,0
DA:153,0
DA:154,0
DA:155,0
DA:156,0
DA:157,0
DA:159,0
DA:161,0
DA:162,0
DA:164,0
DA:167,0
DA:168,0
DA:169,0
DA:170,0
DA:172,0
DA:174,0
DA:175,0
DA:177,0
DA:178,0
DA:180,0
DA:182,0
DA:183,0
DA:184,0
DA:186,0
DA:188,0
DA:189,0
DA:190,0
DA:191,0
DA:193,0
DA:194,0
DA:197,0
DA:198,0
DA:199,0
DA:200,0
DA:201,0
DA:202,0
DA:203,0
DA:205,0
DA:206,0
DA:207,0
DA:208,0
DA:210,0
DA:211,0
DA:214,0
DA:215,0
DA:216,0
DA:217,0
DA:218,0
DA:219,0
DA:220,0
DA:222,0
DA:223,0
DA:224,0
DA:225,0
DA:227,0
DA:228,0
DA:231,0
DA:232,0
DA:233,0
DA:234,0
DA:235,0
DA:236,0
DA:237,0
DA:238,0
DA:239,0
DA:240,0
DA:242,0
DA:243,0
DA:244,0
DA:245,0
DA:246,0
DA:247,0
DA:248,0
LF:156
LH:0
end_of_record
TN:
SF:/home/bluebird/mock_project_app_music_video_player/final/media_player/PlayerMediaApp/src/Controller/MediaPlaylistController.cpp
FN:3,_ZN23MediaPlaylistControllerC2ER16MediaFileManagerR13FolderManagerSt10shared_ptrI8PlaylistES4_I8BaseViewES8_
FN:7,_ZN23MediaPlaylistController21getListPathMediaFilesB5cxx11Ev
FN:9,_ZN23MediaPlaylistController15setNamePlaylistENSt7__cxx1112basic_stringIcSt11char_traitsIcESaIcEEE
FN:11,_ZN23MediaPlaylistController22addMediaFileInPlaylistENSt7__cxx1112basic_stringIcSt11char_traitsIcESaIcEEE
FN:21,_ZN23MediaPlaylistController20addMediaFileByFolderEv
FN:80,_ZN23MediaPlaylistController25deleteMediaFileInPlaylistENSt7__cxx1112basic_stringIcSt11char_traitsIcESaIcEEE
FN:98,_ZN23MediaPlaylistController30displayAllMediaFilesInPlaylistEv
FN:100,_ZN23MediaPlaylistController31showMenuWithMediaListInPlaylistEv
FN:102,_ZN23MediaPlaylistController15handlerPlaylistEv
FNDA:0,_ZN23MediaPlaylistController22addMediaFileInPlaylistENSt7__cxx1112basic_stringIcSt11char_traitsIcESaIcEEE
FNDA:0,_ZN23MediaPlaylistControllerC2ER16MediaFileManagerR13FolderManagerSt10shared_ptrI8PlaylistES4_I8BaseViewES8_
FNDA:0,_ZN23MediaPlaylistController21getListPathMediaFilesB5cxx11Ev
FNDA:0,_ZN23MediaPlaylistController15setNamePlaylistENSt7__cxx1112basic_stringIcSt11char_traitsIcESaIcEEE
FNDA:0,_ZN23MediaPlaylistController31showMenuWithMediaListInPlaylistEv
FNDA:0,_ZN23MediaPlaylistController15handlerPlaylistEv
FNDA:0,_ZN23MediaPlaylistController30displayAllMediaFilesInPlaylistEv
FNDA:0,_ZN23MediaPlaylistController20addMediaFileByFolderEv
FNDA:0,_ZN23MediaPlaylistController25deleteMediaFileInPlaylistENSt7__cxx1112basic_stringIcSt11char_traitsIcESaIcEEE
FNF:9
FNH:0
BRDA:9,0,0,-
BRDA:9,0,1,-
BRDA:13,0,0,-
BRDA:13,0,1,-
BRDA:13,0,2,-
BRDA:13,0,3,-
BRDA:14,0,0,-
BRDA:14,0,1,-
BRDA:14,0,2,-
BRDA:14,0,3,-
BRDA:14,0,4,-
BRDA:14,0,5,-
BRDA:17,0,0,-
BRDA:17,0,1,-
BRDA:25,0,0,-
BRDA:25,0,1,-
BRDA:26,0,0,-
BRDA:26,0,1,-
BRDA:29,0,0,-
BRDA:29,0,1,-
BRDA:30,0,0,-
BRDA:30,0,1,-
BRDA:32,0,0,-
BRDA:32,0,1,-
BRDA:32,0,2,-
BRDA:32,0,3,-
BRDA:34,0,0,-
BRDA:34,0,1,-
BRDA:34,0,2,-
BRDA:34,0,3,-
BRDA:34,0,4,-
BRDA:34,0,5,-
BRDA:38,0,0,-
BRDA:38,0,1,-
BRDA:39,0,0,-
BRDA:39,0,1,-
BRDA:39,0,2,-
BRDA:39,0,3,-
BRDA:41,0,0,-
BRDA:41,0,1,-
BRDA:42,0,0,-
BRDA:42,0,1,-
BRDA:42,0,2,-
BRDA:42,0,3,-
BRDA:44,0,0,-
BRDA:44,0,1,-
BRDA:45,0,0,-
BRDA:45,0,1,-
BRDA:45,0,2,-
BRDA:45,0,3,-
BRDA:45,0,4,-
BRDA:45,0,5,-
BRDA:49,0,0,-
BRDA:49,0,1,-
BRDA:49,0,2,-
BRDA:49,0,3,-
BRDA:49,0,4,-
BRDA:49,0,5,-
BRDA:53,0,0,-
BRDA:53,0,1,-
BRDA:55,0,0,-
BRDA:55,0,1,-
BRDA:56,0,0,-
BRDA:56,0,1,-
BRDA:57,0,0,-
BRDA:57,0,1,-
BRDA:57,0,2,-
BRDA:57,0,3,-
BRDA:59,0,0,-
BRDA:59,0,1,-
BRDA:60,0,0,-
BRDA:60,0,1,-
BRDA:60,0,2,-
BRDA:60,0,3,-
BRDA:62,0,0,-
BRDA:62,0,1,-
BRDA:63,0,0,-
BRDA:63,0,1,-
BRDA:63,0,2,-
BRDA:63,0,3,-
BRDA:63,0,4,-
BRDA:63,0,5,-
BRDA:67,0,0,-
BRDA:67,0,1,-
BRDA:67,0,2,-
BRDA:67,0,3,-
BRDA:67,0,4,-
BRDA:67,0,5,-
BRDA:71,0,0,-
BRDA:71,0,1,-
BRDA:73,0,0,-
BRDA:73,0,1,-
BRDA:85,0,0,-
BRDA:85,0,1,-
BRDA:85,0,2,-
BRDA:85,0,3,-
BRDA:89,0,0,-
BRDA:89,0,1,-
BRDA:89,0,2,-
BRDA:89,0,3,-
BRDA:89,0,4,-
BRDA:89,0,5,-
BRDA:90,0,0,-
BRDA:90,0,1,-
BRDA:98,0,0,-
BRDA:98,0,1,-
BRDA:100,0,0,-
BRDA:100,0,1,-
BRDA:110,0,0,-
BRDA:110,0,1,-
BRDA:113,0,0,-
BRDA:113,0,1,-
BRDA:114,0,0,-
BRDA:114,0,1,-
BRDA:114,0,2,-
BRDA:114,0,3,-
BRDA:114,0,4,-
BRDA:114,0,5,-
BRDA:115,0,0,-
BRDA:115,0,1,-
BRDA:118,0,0,-
BRDA:118,0,1,-
BRDA:119,0,0,-
BRDA:119,0,1,-
BRDA:119,0,2,-
BRDA:119,0,3,-
BRDA:119,0,4,-
BRDA:119,0,5,-
BRDA:120,0,0,-
BRDA:120,0,1,-
BRDA:123,0,0,-
BRDA:123,0,1,-
BRDA:125,0,0,-
BRDA:125,0,1,-
BRDA:125,0,2,-
BRDA:125,0,3,-
BRDA:125,0,4,-
BRDA:125,0,5,-
BRDA:130,0,0,-
BRDA:130,0,1,-
BRDA:130,0,2,-
BRDA:130,0,3,-
BRDA:132,0,0,-
BRDA:132,0,1,-
BRDA:136,0,0,-
BRDA:136,0,1,-
BRDA:136,0,2,-
BRDA:136,0,3,-
BRDA:136,0,4,-
BRDA:136,0,5,-
BRDA:138,0,0,-
BRDA:138,0,1,-
BRDA:138,0,2,-
BRDA:138,0,3,-
BRDA:140,0,0,-
BRDA:140,0,1,-
BRDA:140,0,2,-
BRDA:140,0,3,-
BRDA:146,0,0,-
BRDA:146,0,1,-
BRDA:146,0,2,-
BRDA:146,0,3,-
BRDA:147,0,0,-
BRDA:147,0,1,-
BRDA:149,0,0,-
BRDA:149,0,1,-
BRDA:156,0,0,-
BRDA:156,0,1,-
BRDA:157,0,0,-
BRDA:157,0,1,-
BRDA:160,0,0,-
BRDA:160,0,1,-
BRDA:160,0,2,-
BRDA:160,0,3,-
BRDA:160,0,4,-
BRDA:160,0,5,-
BRDA:161,0,0,-
BRDA:161,0,1,-
BRDA:161,0,2,-
BRDA:161,0,3,-
BRDA:166,0,0,-
BRDA:166,0,1,-
BRDA:171,0,0,-
BRDA:171,0,1,-
BRDA:172,0,0,-
BRDA:172,0,1,-
BRDA:175,0,0,-
BRDA:175,0,1,-
BRDA:175,0,2,-
BRDA:175,0,3,-
BRDA:176,0,0,-
BRDA:176,0,1,-
BRDA:184,0,0,0
BRDA:184,0,1,0
BRDA:184,0,2,0
BRDA:185,0,0,0
BRDA:185,0,1,0
BRDA:185,0,2,0
BRDA:185,0,3,0
BRDA:185,0,4,0
BRDA:185,0,5,0
BRDA:187,0,0,0
BRDA:187,0,1,0
BRDA:187,0,2,0
BRDA:187,0,3,0
BRDA:187,0,4,0
BRDA:187,0,5,0
BRDA:188,0,0,0
BRDA:188,0,1,0
BRF:209
BRH:0
DA:3,0
DA:4,0
DA:5,0
DA:7,0
DA:9,0
DA:11,0
DA:13,0
DA:14,0
DA:15,0
DA:17,0
DA:18,0
DA:19,0
DA:21,0
DA:23,0
DA:25,0
DA:26,0
DA:28,0
DA:29,0
DA:30,0
DA:32,0
DA:34,0
DA:35,0
DA:38,0
DA:39,0
DA:41,0
DA:42,0
DA:44,0
DA:45,0
DA:46,0
DA:49,0
DA:50,0
DA:53,0
DA:54,0
DA:55,0
DA:56,0
DA:57,0
DA:59,0
DA:60,0
DA:62,0
DA:63,0
DA:64,0
DA:67,0
DA:68,0
DA:71,0
DA:72,0
DA:73,0
DA:74,0
DA:76,0
DA:77,0
DA:80,0
DA:83,0
DA:85,0
DA:86,0
DA:89,0
DA:90,0
DA:91,0
DA:94,0
DA:98,0
DA:100,0
DA:102,0
DA:106,0
DA:107,0
DA:110,0
DA:113,0
DA:114,0
DA:115,0
DA:118,0
DA:119,0
DA:120,0
DA:123,0
DA:125,0
DA:126,0
DA:128,0
DA:130,0
DA:132,0
DA:133,0
DA:136,0
DA:138,0
DA:140,0
DA:142,0
DA:143,0
DA:144,0
DA:146,0
DA:147,0
DA:149,0
DA:151,0
DA:153,0
DA:155,0
DA:156,0
DA:157,0
DA:158,0
DA:160,0
DA:161,0
DA:163,0
DA:165,0
DA:166,0
DA:168,0
DA:169,0
DA:171,0
DA:172,0
DA:173,0
DA:175,0
DA:176,0
DA:177,0
DA:178,0
DA:179,0
DA:180,0
DA:181,0
DA:182,0
DA:184,0
DA:185,0
DA:186,0
DA:187,0
DA:188,0
DA:189,0
DA:190,0
LF:116
LH:0
end_of_record
TN:
SF:/home/bluebird/mock_project_app_music_video_player/final/media_player/PlayerMediaApp/src/Controller/MediaPlaylistManagerController.cpp
FN:2,_ZN30MediaPlaylistManagerControllerC2ER15PlaylistManagerR16MediaFileManagerR13FolderManagerSt10shared_ptrI8BaseViewES8_S8_
FN:6,_ZN30MediaPlaylistManagerController26addMediaPlaylistControllerENSt7__cxx1112basic_stringIcSt11char_traitsIcESaIcEEESt10shared_ptrI23MediaPlaylistControllerE
FN:14,_ZN30MediaPlaylistManagerController26getMediaPlaylistControllerERKNSt7__cxx1112basic_stringIcSt11char_traitsIcESaIcEEE
FN:24,_ZN30MediaPlaylistManagerController14createPlaylistENSt7__cxx1112basic_stringIcSt11char_traitsIcESaIcEEE
FN:32,_ZZN30MediaPlaylistManagerController14createPlaylistENSt7__cxx1112basic_stringIcSt11char_traitsIcESaIcEEEENKUlhE_clEh
FN:36,_ZZN30MediaPlaylistManagerController14createPlaylistENSt7__cxx1112basic_stringIcSt11char_traitsIcESaIcEEEENKUlhE0_clEh
FN:53,_ZN30MediaPlaylistManagerController14deletePlaylistENSt7__cxx1112basic_stringIcSt11char_traitsIcESaIcEEE
FN:69,_ZN30MediaPlaylistManagerController18displayAllPlaylistB5cxx11Ev
FN:71,_ZN30MediaPlaylistManagerController22handlerPlaylistManagerEv
FNDA:0,_ZN30MediaPlaylistManagerController22handlerPlaylistManagerEv
FNDA:0,_ZN30MediaPlaylistManagerController14createPlaylistENSt7__cxx1112basic_stringIcSt11char_traitsIcESaIcEEE
FNDA:0,_ZZN30MediaPlaylistManagerController14createPlaylistENSt7__cxx1112basic_stringIcSt11char_traitsIcESaIcEEEENKUlhE_clEh
FNDA:0,_ZN30MediaPlaylistManagerControllerC2ER15PlaylistManagerR16MediaFileManagerR13FolderManagerSt10shared_ptrI8BaseViewES8_S8_
FNDA:0,_ZN30MediaPlaylistManagerController26addMediaPlaylistControllerENSt7__cxx1112basic_stringIcSt11char_traitsIcESaIcEEESt10shared_ptrI23MediaPlaylistControllerE
FNDA:0,_ZZN30MediaPlaylistManagerController14createPlaylistENSt7__cxx1112basic_stringIcSt11char_traitsIcESaIcEEEENKUlhE0_clEh
FNDA:0,_ZN30MediaPlaylistManagerController18displayAllPlaylistB5cxx11Ev
FNDA:0,_ZN30MediaPlaylistManagerController14deletePlaylistENSt7__cxx1112basic_stringIcSt11char_traitsIcESaIcEEE
FNDA:0,_ZN30MediaPlaylistManagerController26getMediaPlaylistControllerERKNSt7__cxx1112basic_stringIcSt11char_traitsIcESaIcEEE
FNF:9
FNH:0
BRDA:8,0,0,-
BRDA:8,0,1,-
BRDA:8,0,2,-
BRDA:8,0,3,-
BRDA:16,0,0,-
BRDA:16,0,1,-
BRDA:17,0,0,-
BRDA:17,0,1,-
BRDA:18,0,0,-
BRDA:18,0,1,-
BRDA:28,0,0,-
BRDA:28,0,1,-
BRDA:29,0,0,-
BRDA:29,0,1,-
BRDA:29,0,2,-
BRDA:29,0,3,-
BRDA:32,0,0,-
BRDA:32,0,1,-
BRDA:32,0,2,-
BRDA:32,0,3,-
BRDA:33,0,0,-
BRDA:33,0,1,-
BRDA:33,0,2,-
BRDA:33,0,3,-
BRDA:36,0,0,-
BRDA:36,0,1,-
BRDA:36,0,2,-
BRDA:36,0,3,-
BRDA:37,0,0,-
BRDA:37,0,1,-
BRDA:37,0,2,-
BRDA:37,0,3,-
BRDA:39,0,0,-
BRDA:39,0,1,-
BRDA:39,0,2,-
BRDA:39,0,3,-
BRDA:42,0,0,-
BRDA:42,0,1,-
BRDA:42,0,2,-
BRDA:42,0,3,-
BRDA:42,0,4,-
BRDA:42,0,5,-
BRDA:43,0,0,-
BRDA:43,0,1,-
BRDA:46,0,0,-
BRDA:46,0,1,-
BRDA:46,0,2,-
BRDA:46,0,3,-
BRDA:47,0,0,-
BRDA:47,0,1,-
BRDA:48,0,0,0
BRDA:48,0,1,0
BRDA:49,0,0,0
BRDA:49,0,1,0
BRDA:57,0,0,-
BRDA:57,0,1,-
BRDA:57,0,2,-
BRDA:57,0,3,-
BRDA:61,0,0,-
BRDA:61,0,1,-
BRDA:61,0,2,-
BRDA:61,0,3,-
BRDA:61,0,4,-
BRDA:61,0,5,-
BRDA:62,0,0,-
BRDA:62,0,1,-
BRDA:69,0,0,-
BRDA:69,0,1,-
BRDA:79,0,0,-
BRDA:79,0,1,-
BRDA:82,0,0,-
BRDA:82,0,1,-
BRDA:83,0,0,-
BRDA:83,0,1,-
BRDA:83,0,2,-
BRDA:83,0,3,-
BRDA:83,0,4,-
BRDA:83,0,5,-
BRDA:84,0,0,-
BRDA:84,0,1,-
BRDA:87,0,0,-
BRDA:87,0,1,-
BRDA:88,0,0,-
BRDA:88,0,1,-
BRDA:88,0,2,-
BRDA:88,0,3,-
BRDA:88,0,4,-
BRDA:88,0,5,-
BRDA:89,0,0,-
BRDA:89,0,1,-
BRDA:92,0,0,-
BRDA:92,0,1,-
BRDA:92,0,2,-
BRDA:92,0,3,-
BRDA:94,0,0,-
BRDA:94,0,1,-
BRDA:94,0,2,-
BRDA:94,0,3,-
BRDA:94,0,4,-
BRDA:98,0,0,-
BRDA:98,0,1,-
BRDA:99,0,0,-
BRDA:99,0,1,-
BRDA:102,0,0,-
BRDA:102,0,1,-
BRDA:102,0,2,-
BRDA:102,0,3,-
BRDA:102,0,4,-
BRDA:102,0,5,-
BRDA:103,0,0,-
BRDA:103,0,1,-
BRDA:103,0,2,-
BRDA:103,0,3,-
BRDA:105,0,0,-
BRDA:105,0,1,-
BRDA:105,0,2,-
BRDA:105,0,3,-
BRDA:114,0,0,-
BRDA:114,0,1,-
BRDA:115,0,0,-
BRDA:115,0,1,-
BRDA:118,0,0,-
BRDA:118,0,1,-
BRDA:118,0,2,-
BRDA:118,0,3,-
BRDA:118,0,4,-
BRDA:118,0,5,-
BRDA:119,0,0,-
BRDA:119,0,1,-
BRDA:119,0,2,-
BRDA:119,0,3,-
BRDA:124,0,0,-
BRDA:124,0,1,-
BRDA:130,0,0,-
BRDA:130,0,1,-
BRDA:131,0,0,-
BRDA:131,0,1,-
BRDA:134,0,0,-
BRDA:134,0,1,-
BRDA:134,0,2,-
BRDA:134,0,3,-
BRDA:135,0,0,-
BRDA:135,0,1,-
BRDA:135,0,2,-
BRDA:135,0,3,-
BRDA:135,0,4,-
BRDA:135,0,5,-
BRDA:136,0,0,-
BRDA:136,0,1,-
BRDA:138,0,0,-
BRDA:138,0,1,-
BRDA:138,0,2,-
BRDA:138,0,3,-
BRDA:146,0,0,0
BRDA:146,0,1,0
BRDA:146,0,2,0
BRDA:147,0,0,0
BRDA:147,0,1,0
BRDA:147,0,2,0
BRDA:147,0,3,0
BRDA:147,0,4,0
BRDA:147,0,5,0
BRDA:149,0,0,0
BRDA:149,0,1,0
BRDA:149,0,2,0
BRDA:149,0,3,0
BRDA:149,0,4,0
BRDA:149,0,5,0
BRDA:150,0,0,0
BRDA:150,0,1,0
BRF:170
BRH:0
DA:2,0
DA:3,0
DA:4,0
DA:6,0
DA:8,0
DA:9,0
DA:11,0
DA:12,0
DA:14,0
DA:16,0
DA:17,0
DA:18,0
DA:19,0
DA:21,0
DA:24,0
DA:28,0
DA:29,0
DA:32,0
DA:33,0
DA:36,0
DA:37,0
DA:39,0
DA:42,0
DA:43,0
DA:46,0
DA:47,0
DA:48,0
DA:49,0
DA:50,0
DA:53,0
DA:55,0
DA:57,0
DA:58,0
DA:61,0
DA:62,0
DA:63,0
DA:65,0
DA:69,0
DA:71,0
DA:75,0
DA:76,0
DA:79,0
DA:82,0
DA:83,0
DA:84,0
DA:87,0
DA:88,0
DA:89,0
DA:92,0
DA:94,0
DA:95,0
DA:97,0
DA:98,0
DA:99,0
DA:100,0
DA:102,0
DA:103,0
DA:105,0
DA:108,0
DA:109,0
DA:110,0
DA:113,0
DA:114,0
DA:115,0
DA:116,0
DA:118,0
DA:119,0
DA:121,0
DA:123,0
DA:124,0
DA:125,0
DA:127,0
DA:129,0
DA:130,0
DA:131,0
DA:132,0
DA:134,0
DA:135,0
DA:136,0
DA:137,0
DA:138,0
DA:139,0
DA:140,0
DA:141,0
DA:142,0
DA:143,0
DA:144,0
DA:146,0
DA:147,0
DA:148,0
DA:149,0
DA:150,0
DA:151,0
DA:152,0
LF:94
LH:0
end_of_record
TN:
SF:/home/bluebird/mock_project_app_music_video_player/final/media_player/PlayerMediaApp/src/Controller/MediaScannerController.cpp
FN:3,_ZN22MediaScannerControllerC2ER16MediaFileManagerR15PlaylistManagerR13FolderManagerSt10shared_ptrI8BaseViewE
FN:7,_ZN22MediaScannerController13has_extensionERKNSt7__cxx1112basic_stringIcSt11char_traitsIcESaIcEEES7_
FN:19,_ZN22MediaScannerController12list_foldersERKNSt7__cxx1112basic_stringIcSt11char_traitsIcESaIcEEE
FN:41,_ZN22MediaScannerController16list_media_filesERKNSt7__cxx1112basic_stringIcSt11char_traitsIcESaIcEEE
FN:67,_ZN22MediaScannerController10fileExistsERKNSt7__cxx1112basic_stringIcSt11char_traitsIcESaIcEEE
FN:71,_ZN22MediaScannerController21addDataFileWithFolderENSt7__cxx1112basic_stringIcSt11char_traitsIcESaIcEEES5_
FN:103,_ZN22MediaScannerController8loadDataEv
FN:146,_ZN22MediaScannerController10loadFolderEv
FN:190,_ZN22MediaScannerController17loadMediaPlaylistEv
FN:229,_ZN22MediaScannerController12getListPathsB5cxx11Ev
FN:235,_ZN22MediaScannerController17scanHomeDirectoryEv
FN:292,_ZN22MediaScannerController14scanUSBDevicesEv
FN:353,_ZN22MediaScannerController20checkFolderDirectoryEv
FN:355,_ZN22MediaScannerController14checkFolderUSBEv
FN:357,_ZN22MediaScannerController10scanFolderERKNSt7__cxx1112basic_stringIcSt11char_traitsIcESaIcEEE
FN:369,_ZN22MediaScannerController10handleScanEb
FNDA:0,_ZN22MediaScannerController10fileExistsERKNSt7__cxx1112basic_stringIcSt11char_traitsIcESaIcEEE
FNDA:0,_ZN22MediaScannerController14scanUSBDevicesEv
FNDA:0,_ZN22MediaScannerController10scanFolderERKNSt7__cxx1112basic_stringIcSt11char_traitsIcESaIcEEE
FNDA:0,_ZN22MediaScannerController10loadFolderEv
FNDA:0,_ZN22MediaScannerControllerC2ER16MediaFileManagerR15PlaylistManagerR13FolderManagerSt10shared_ptrI8BaseViewE
FNDA:0,_ZN22MediaScannerController17scanHomeDirectoryEv
FNDA:0,_ZN22MediaScannerController21addDataFileWithFolderENSt7__cxx1112basic_stringIcSt11char_traitsIcESaIcEEES5_
FNDA:0,_ZN22MediaScannerController17loadMediaPlaylistEv
FNDA:0,_ZN22MediaScannerController20checkFolderDirectoryEv
FNDA:0,_ZN22MediaScannerController16list_media_filesERKNSt7__cxx1112basic_stringIcSt11char_traitsIcESaIcEEE
FNDA:0,_ZN22MediaScannerController12getListPathsB5cxx11Ev
FNDA:0,_ZN22MediaScannerController14checkFolderUSBEv
FNDA:0,_ZN22MediaScannerController10handleScanEb
FNDA:0,_ZN22MediaScannerController12list_foldersERKNSt7__cxx1112basic_stringIcSt11char_traitsIcESaIcEEE
FNDA:0,_ZN22MediaScannerController8loadDataEv
FNDA:0,_ZN22MediaScannerController13has_extensionERKNSt7__cxx1112basic_stringIcSt11char_traitsIcESaIcEEES7_
FNF:16
FNH:0
BRDA:9,0,0,-
BRDA:9,0,1,-
BRDA:9,0,2,-
BRDA:9,0,3,-
BRDA:9,0,4,-
BRDA:9,0,5,-
BRDA:13,0,0,-
BRDA:13,0,1,-
BRDA:22,0,0,-
BRDA:22,0,1,-
BRDA:23,0,0,-
BRDA:23,0,1,-
BRDA:24,0,0,-
BRDA:24,0,1,-
BRDA:28,0,0,-
BRDA:28,0,1,-
BRDA:28,0,2,-
BRDA:28,0,3,-
BRDA:29,0,0,-
BRDA:29,0,1,-
BRDA:29,0,2,-
BRDA:29,0,3,-
BRDA:29,0,4,-
BRDA:29,0,5,-
BRDA:29,0,6,-
BRDA:29,0,7,-
BRDA:29,0,8,-
BRDA:29,0,9,-
BRDA:29,0,10,-
BRDA:29,0,11,-
BRDA:29,0,12,-
BRDA:29,0,13,-
BRDA:29,0,14,-
BRDA:29,0,15,-
BRDA:29,0,16,-
BRDA:29,0,17,-
BRDA:29,0,18,-
BRDA:29,0,19,-
BRDA:29,0,20,-
BRDA:29,0,21,-
BRDA:29,0,22,-
BRDA:29,0,23,-
BRDA:29,0,24,-
BRDA:29,0,25,-
BRDA:30,0,0,-
BRDA:30,0,1,-
BRDA:30,0,2,-
BRDA:30,0,3,-
BRDA:32,0,0,-
BRDA:32,0,1,-
BRDA:32,0,2,-
BRDA:32,0,3,-
BRDA:32,0,4,-
BRDA:32,0,5,-
BRDA:33,0,0,-
BRDA:33,0,1,-
BRDA:37,0,0,-
BRDA:37,0,1,-
BRDA:44,0,0,-
BRDA:44,0,1,-
BRDA:45,0,0,-
BRDA:45,0,1,-
BRDA:46,0,0,-
BRDA:46,0,1,-
BRDA:50,0,0,-
BRDA:50,0,1,-
BRDA:50,0,2,-
BRDA:50,0,3,-
BRDA:51,0,0,-
BRDA:51,0,1,-
BRDA:51,0,2,-
BRDA:51,0,3,-
BRDA:51,0,4,-
BRDA:51,0,5,-
BRDA:51,0,6,-
BRDA:51,0,7,-
BRDA:51,0,8,-
BRDA:51,0,9,-
BRDA:51,0,10,-
BRDA:51,0,11,-
BRDA:51,0,12,-
BRDA:51,0,13,-
BRDA:51,0,14,-
BRDA:51,0,15,-
BRDA:51,0,16,-
BRDA:51,0,17,-
BRDA:51,0,18,-
BRDA:51,0,19,-
BRDA:51,0,20,-
BRDA:51,0,21,-
BRDA:51,0,22,-
BRDA:51,0,23,-
BRDA:51,0,24,-
BRDA:51,0,25,-
BRDA:52,0,0,-
BRDA:52,0,1,-
BRDA:52,0,2,-
BRDA:52,0,3,-
BRDA:54,0,0,-
BRDA:54,0,1,-
BRDA:54,0,2,-
BRDA:54,0,3,-
BRDA:54,0,4,-
BRDA:54,0,5,-
BRDA:55,0,0,-
BRDA:55,0,1,-
BRDA:56,0,0,-
BRDA:56,0,1,-
BRDA:56,0,2,-
BRDA:56,0,3,-
BRDA:56,0,4,-
BRDA:56,0,5,-
BRDA:56,0,6,-
BRDA:56,0,7,-
BRDA:56,0,8,-
BRDA:56,0,9,-
BRDA:56,0,10,-
BRDA:56,0,11,-
BRDA:56,0,12,-
BRDA:56,0,13,-
BRDA:56,0,14,-
BRDA:56,0,15,-
BRDA:56,0,16,-
BRDA:56,0,17,-
BRDA:56,0,18,-
BRDA:56,0,19,-
BRDA:56,0,20,-
BRDA:56,0,21,-
BRDA:56,0,22,-
BRDA:56,0,23,-
BRDA:56,0,24,-
BRDA:56,0,25,-
BRDA:56,0,26,-
BRDA:56,0,27,-
BRDA:56,0,28,-
BRDA:56,0,29,-
BRDA:57,0,0,-
BRDA:57,0,1,-
BRDA:62,0,0,-
BRDA:62,0,1,-
BRDA:75,0,0,-
BRDA:75,0,1,-
BRDA:76,0,0,-
BRDA:76,0,1,-
BRDA:76,0,2,-
BRDA:76,0,3,-
BRDA:77,0,0,-
BRDA:77,0,1,-
BRDA:78,0,0,-
BRDA:78,0,1,-
BRDA:78,0,2,-
BRDA:78,0,3,-
BRDA:81,0,0,-
BRDA:81,0,1,-
BRDA:84,0,0,-
BRDA:84,0,1,-
BRDA:84,0,2,-
BRDA:84,0,3,-
BRDA:84,0,4,-
BRDA:84,0,5,-
BRDA:84,0,6,-
BRDA:84,0,7,-
BRDA:84,0,8,-
BRDA:84,0,9,-
BRDA:87,0,0,-
BRDA:87,0,1,-
BRDA:87,0,2,-
BRDA:87,0,3,-
BRDA:87,0,4,-
BRDA:87,0,5,-
BRDA:87,0,6,-
BRDA:87,0,7,-
BRDA:87,0,8,-
BRDA:87,0,9,-
BRDA:89,0,0,-
BRDA:89,0,1,-
BRDA:90,0,0,-
BRDA:90,0,1,-
BRDA:90,0,2,-
BRDA:90,0,3,-
BRDA:90,0,4,-
BRDA:90,0,5,-
BRDA:90,0,6,-
BRDA:90,0,7,-
BRDA:91,0,0,-
BRDA:91,0,1,-
BRDA:93,0,0,-
BRDA:93,0,1,-
BRDA:94,0,0,-
BRDA:94,0,1,-
BRDA:94,0,2,-
BRDA:94,0,3,-
BRDA:94,0,4,-
BRDA:94,0,5,-
BRDA:94,0,6,-
BRDA:94,0,7,-
BRDA:95,0,0,-
BRDA:95,0,1,-
BRDA:98,0,0,-
BRDA:98,0,1,-
BRDA:98,0,2,-
BRDA:98,0,3,-
BRDA:98,0,4,-
BRDA:98,0,5,-
BRDA:105,0,0,-
BRDA:105,0,1,-
BRDA:106,0,0,-
BRDA:106,0,1,-
BRDA:108,0,0,-
BRDA:108,0,1,-
BRDA:108,0,2,-
BRDA:108,0,3,-
BRDA:108,0,4,-
BRDA:108,0,5,-
BRDA:108,0,6,-
BRDA:108,0,7,-
BRDA:108,0,8,-
BRDA:108,0,9,-
BRDA:110,0,0,-
BRDA:110,0,1,-
BRDA:110,0,2,-
BRDA:110,0,3,-
BRDA:110,0,4,-
BRDA:110,0,5,-
BRDA:111,0,0,-
BRDA:111,0,1,-
BRDA:111,0,2,-
BRDA:111,0,3,-
BRDA:112,0,0,-
BRDA:112,0,1,-
BRDA:112,0,2,-
BRDA:112,0,3,-
BRDA:112,0,4,-
BRDA:112,0,5,-
BRDA:113,0,0,-
BRDA:113,0,1,-
BRDA:113,0,2,-
BRDA:113,0,3,-
BRDA:115,0,0,-
BRDA:115,0,1,-
BRDA:115,0,2,-
BRDA:115,0,3,-
BRDA:115,0,4,-
BRDA:115,0,5,-
BRDA:118,0,0,-
BRDA:118,0,1,-
BRDA:119,0,0,-
BRDA:119,0,1,-
BRDA:125,0,0,-
BRDA:125,0,1,-
BRDA:126,0,0,-
BRDA:126,0,1,-
BRDA:128,0,0,-
BRDA:128,0,1,-
BRDA:128,0,2,-
BRDA:128,0,3,-
BRDA:128,0,4,-
BRDA:128,0,5,-
BRDA:128,0,6,-
BRDA:128,0,7,-
BRDA:128,0,8,-
BRDA:128,0,9,-
BRDA:130,0,0,-
BRDA:130,0,1,-
BRDA:130,0,2,-
BRDA:130,0,3,-
BRDA:130,0,4,-
BRDA:130,0,5,-
BRDA:131,0,0,-
BRDA:131,0,1,-
BRDA:131,0,2,-
BRDA:131,0,3,-
BRDA:132,0,0,-
BRDA:132,0,1,-
BRDA:132,0,2,-
BRDA:132,0,3,-
BRDA:132,0,4,-
BRDA:132,0,5,-
BRDA:133,0,0,-
BRDA:133,0,1,-
BRDA:133,0,2,-
BRDA:133,0,3,-
BRDA:135,0,0,-
BRDA:135,0,1,-
BRDA:135,0,2,-
BRDA:135,0,3,-
BRDA:135,0,4,-
BRDA:135,0,5,-
BRDA:138,0,0,-
BRDA:138,0,1,-
BRDA:139,0,0,-
BRDA:139,0,1,-
BRDA:149,0,0,-
BRDA:149,0,1,-
BRDA:150,0,0,-
BRDA:150,0,1,-
BRDA:150,0,2,-
BRDA:150,0,3,-
BRDA:151,0,0,-
BRDA:151,0,1,-
BRDA:155,0,0,-
BRDA:155,0,1,-
BRDA:155,0,2,-
BRDA:155,0,3,-
BRDA:155,0,4,-
BRDA:155,0,5,-
BRDA:156,0,0,-
BRDA:156,0,1,-
BRDA:159,0,0,-
BRDA:159,0,1,-
BRDA:161,0,0,-
BRDA:161,0,1,-
BRDA:162,0,0,-
BRDA:162,0,1,-
BRDA:162,0,2,-
BRDA:162,0,3,-
BRDA:165,0,0,-
BRDA:165,0,1,-
BRDA:168,0,0,-
BRDA:168,0,1,-
BRDA:169,0,0,-
BRDA:169,0,1,-
BRDA:169,0,2,-
BRDA:169,0,3,-
BRDA:170,0,0,-
BRDA:170,0,1,-
BRDA:173,0,0,-
BRDA:173,0,1,-
BRDA:173,0,2,-
BRDA:173,0,3,-
BRDA:173,0,4,-
BRDA:173,0,5,-
BRDA:174,0,0,-
BRDA:174,0,1,-
BRDA:178,0,0,-
BRDA:178,0,1,-
BRDA:179,0,0,-
BRDA:179,0,1,-
BRDA:180,0,0,-
BRDA:180,0,1,-
BRDA:180,0,2,-
BRDA:180,0,3,-
BRDA:183,0,0,-
BRDA:183,0,1,-
BRDA:185,0,0,-
BRDA:185,0,1,-
BRDA:186,0,0,0
BRDA:186,0,1,0
BRDA:186,0,2,0
BRDA:186,0,3,0
BRDA:186,0,4,0
BRDA:186,0,5,0
BRDA:192,0,0,-
BRDA:192,0,1,-
BRDA:194,0,0,-
BRDA:194,0,1,-
BRDA:194,0,2,-
BRDA:194,0,3,-
BRDA:194,0,4,-
BRDA:194,0,5,-
BRDA:194,0,6,-
BRDA:194,0,7,-
BRDA:194,0,8,-
BRDA:194,0,9,-
BRDA:194,0,10,-
BRDA:194,0,11,-
BRDA:194,0,12,-
BRDA:194,0,13,-
BRDA:194,0,14,-
BRDA:194,0,15,-
BRDA:194,0,16,-
BRDA:194,0,17,-
BRDA:194,0,18,-
BRDA:194,0,19,-
BRDA:194,0,20,-
BRDA:194,0,21,-
BRDA:195,0,0,-
BRDA:195,0,1,-
BRDA:195,0,2,-
BRDA:195,0,3,-
BRDA:195,0,4,-
BRDA:195,0,5,-
BRDA:199,0,0,-
BRDA:199,0,1,-
BRDA:201,0,0,-
BRDA:201,0,1,-
BRDA:201,0,2,-
BRDA:201,0,3,-
BRDA:201,0,4,-
BRDA:201,0,5,-
BRDA:201,0,6,-
BRDA:201,0,7,-
BRDA:202,0,0,-
BRDA:202,0,1,-
BRDA:202,0,2,-
BRDA:202,0,3,-
BRDA:203,0,0,-
BRDA:203,0,1,-
BRDA:203,0,2,-
BRDA:203,0,3,-
BRDA:204,0,0,-
BRDA:204,0,1,-
BRDA:206,0,0,-
BRDA:206,0,1,-
BRDA:208,0,0,-
BRDA:208,0,1,-
BRDA:209,0,0,-
BRDA:209,0,1,-
BRDA:209,0,2,-
BRDA:209,0,3,-
BRDA:211,0,0,-
BRDA:211,0,1,-
BRDA:211,0,2,-
BRDA:211,0,3,-
BRDA:211,0,4,-
BRDA:211,0,5,-
BRDA:212,0,0,-
BRDA:212,0,1,-
BRDA:213,0,0,-
BRDA:213,0,1,-
BRDA:213,0,2,-
BRDA:213,0,3,-
BRDA:214,0,0,-
BRDA:214,0,1,-
BRDA:219,0,0,-
BRDA:219,0,1,-
BRDA:221,0,0,-
BRDA:221,0,1,-
BRDA:221,0,2,-
BRDA:221,0,3,-
BRDA:221,0,4,-
BRDA:221,0,5,-
BRDA:224,0,0,-
BRDA:224,0,1,-
BRDA:227,0,0,-
BRDA:227,0,1,-
BRDA:230,0,0,-
BRDA:230,0,1,-
BRDA:231,0,0,-
BRDA:231,0,1,-
BRDA:231,0,2,-
BRDA:231,0,3,-
BRDA:231,0,4,-
BRDA:231,0,5,-
BRDA:244,0,0,-
BRDA:244,0,1,-
BRDA:245,0,0,-
BRDA:245,0,1,-
BRDA:248,0,0,-
BRDA:248,0,1,-
BRDA:249,0,0,-
BRDA:249,0,1,-
BRDA:249,0,2,-
BRDA:249,0,3,-
BRDA:249,0,4,-
BRDA:249,0,5,-
BRDA:250,0,0,-
BRDA:250,0,1,-
BRDA:252,0,0,-
BRDA:252,0,1,-
BRDA:253,0,0,-
BRDA:253,0,1,-
BRDA:256,0,0,-
BRDA:256,0,1,-
BRDA:256,0,2,-
BRDA:256,0,3,-
BRDA:257,0,0,-
BRDA:257,0,1,-
BRDA:257,0,2,-
BRDA:257,0,3,-
BRDA:257,0,4,-
BRDA:257,0,5,-
BRDA:258,0,0,-
BRDA:258,0,1,-
BRDA:261,0,0,-
BRDA:261,0,1,-
BRDA:262,0,0,-
BRDA:262,0,1,-
BRDA:262,0,2,-
BRDA:262,0,3,-
BRDA:262,0,4,-
BRDA:262,0,5,-
BRDA:263,0,0,-
BRDA:263,0,1,-
BRDA:264,0,0,-
BRDA:264,0,1,-
BRDA:265,0,0,-
BRDA:265,0,1,-
BRDA:265,0,2,-
BRDA:265,0,3,-
BRDA:265,0,4,-
BRDA:265,0,5,-
BRDA:267,0,0,-
BRDA:267,0,1,-
BRDA:267,0,2,-
BRDA:267,0,3,-
BRDA:267,0,4,-
BRDA:267,0,5,-
BRDA:268,0,0,-
BRDA:268,0,1,-
BRDA:268,0,2,-
BRDA:268,0,3,-
BRDA:270,0,0,-
BRDA:270,0,1,-
BRDA:270,0,2,-
BRDA:270,0,3,-
BRDA:273,0,0,-
BRDA:273,0,1,-
BRDA:274,0,0,-
BRDA:274,0,1,-
BRDA:275,0,0,-
BRDA:275,0,1,-
BRDA:278,0,0,-
BRDA:278,0,1,-
BRDA:279,0,0,-
BRDA:279,0,1,-
BRDA:281,0,0,-
BRDA:281,0,1,-
BRDA:281,0,2,-
BRDA:281,0,3,-
BRDA:282,0,0,-
BRDA:282,0,1,-
BRDA:282,0,2,-
BRDA:282,0,3,-
BRDA:282,0,4,-
BRDA:282,0,5,-
BRDA:283,0,0,-
BRDA:283,0,1,-
BRDA:283,0,2,-
BRDA:283,0,3,-
BRDA:283,0,4,-
BRDA:283,0,5,-
BRDA:285,0,0,-
BRDA:285,0,1,-
BRDA:285,0,2,-
BRDA:285,0,3,-
BRDA:285,0,4,-
BRDA:285,0,5,-
BRDA:285,0,6,-
BRDA:285,0,7,-
BRDA:285,0,8,-
BRDA:286,0,0,0
BRDA:286,0,1,0
BRDA:286,0,2,0
BRDA:286,0,3,0
BRDA:288,0,0,0
BRDA:288,0,1,0
BRDA:288,0,2,0
BRDA:288,0,3,0
BRDA:288,0,4,0
BRDA:288,0,5,0
BRDA:298,0,0,-
BRDA:298,0,1,-
BRDA:298,0,2,-
BRDA:298,0,3,-
BRDA:299,0,0,-
BRDA:299,0,1,-
BRDA:299,0,2,-
BRDA:299,0,3,-
BRDA:299,0,4,-
BRDA:299,0,5,-
BRDA:300,0,0,-
BRDA:300,0,1,-
BRDA:301,0,0,-
BRDA:301,0,1,-
BRDA:302,0,0,-
BRDA:302,0,1,-
BRDA:302,0,2,-
BRDA:302,0,3,-
BRDA:302,0,4,-
BRDA:302,0,5,-
BRDA:305,0,0,-
BRDA:305,0,1,-
BRDA:306,0,0,-
BRDA:306,0,1,-
BRDA:309,0,0,-
BRDA:309,0,1,-
BRDA:309,0,2,-
BRDA:309,0,3,-
BRDA:310,0,0,-
BRDA:310,0,1,-
BRDA:313,0,0,-
BRDA:313,0,1,-
BRDA:314,0,0,-
BRDA:314,0,1,-
BRDA:314,0,2,-
BRDA:314,0,3,-
BRDA:314,0,4,-
BRDA:314,0,5,-
BRDA:315,0,0,-
BRDA:315,0,1,-
BRDA:316,0,0,-
BRDA:316,0,1,-
BRDA:317,0,0,-
BRDA:317,0,1,-
BRDA:317,0,2,-
BRDA:317,0,3,-
BRDA:317,0,4,-
BRDA:317,0,5,-
BRDA:319,0,0,-
BRDA:319,0,1,-
BRDA:320,0,0,-
BRDA:320,0,1,-
BRDA:323,0,0,-
BRDA:323,0,1,-
BRDA:323,0,2,-
BRDA:323,0,3,-
BRDA:324,0,0,-
BRDA:324,0,1,-
BRDA:327,0,0,-
BRDA:327,0,1,-
BRDA:329,0,0,-
BRDA:329,0,1,-
BRDA:331,0,0,-
BRDA:331,0,1,-
BRDA:331,0,2,-
BRDA:331,0,3,-
BRDA:331,0,4,-
BRDA:331,0,5,-
BRDA:332,0,0,-
BRDA:332,0,1,-
BRDA:332,0,2,-
BRDA:332,0,3,-
BRDA:334,0,0,-
BRDA:334,0,1,-
BRDA:334,0,2,-
BRDA:334,0,3,-
BRDA:337,0,0,-
BRDA:337,0,1,-
BRDA:338,0,0,-
BRDA:338,0,1,-
BRDA:339,0,0,-
BRDA:339,0,1,-
BRDA:342,0,0,-
BRDA:342,0,1,-
BRDA:343,0,0,-
BRDA:343,0,1,-
BRDA:345,0,0,-
BRDA:345,0,1,-
BRDA:345,0,2,-
BRDA:345,0,3,-
BRDA:346,0,0,-
BRDA:346,0,1,-
BRDA:346,0,2,-
BRDA:346,0,3,-
BRDA:346,0,4,-
BRDA:346,0,5,-
BRDA:348,0,0,-
BRDA:348,0,1,-
BRDA:348,0,2,-
BRDA:348,0,3,-
BRDA:348,0,4,-
BRDA:348,0,5,-
BRDA:348,0,6,-
BRDA:348,0,7,-
BRDA:348,0,8,-
BRDA:348,0,9,-
BRDA:348,0,10,-
BRDA:348,0,11,-
BRDA:349,0,0,0
BRDA:349,0,1,0
BRDA:349,0,2,0
BRDA:349,0,3,0
BRDA:360,0,0,-
BRDA:360,0,1,-
BRDA:360,0,2,-
BRDA:360,0,3,-
BRDA:360,0,4,-
BRDA:360,0,5,-
BRDA:361,0,0,-
BRDA:361,0,1,-
BRDA:363,0,0,-
BRDA:363,0,1,-
BRDA:364,0,0,-
BRDA:364,0,1,-
BRDA:373,0,0,-
BRDA:373,0,1,-
BRDA:373,0,2,-
BRDA:373,0,3,-
BRDA:373,0,4,-
BRDA:373,0,5,-
BRDA:373,0,6,-
BRDA:373,0,7,-
BRDA:373,0,8,-
BRDA:373,0,9,-
BRDA:373,0,10,-
BRDA:373,0,11,-
BRDA:373,0,12,-
BRDA:373,0,13,-
BRDA:373,0,14,-
BRDA:373,0,15,-
BRDA:373,0,16,-
BRDA:373,0,17,-
BRDA:373,0,18,-
BRDA:373,0,19,-
BRDA:377,0,0,-
BRDA:377,0,1,-
BRDA:377,0,2,-
BRDA:377,0,3,-
BRDA:379,0,0,-
BRDA:379,0,1,-
BRDA:381,0,0,-
BRDA:381,0,1,-
BRDA:381,0,2,-
BRDA:381,0,3,-
BRDA:383,0,0,-
BRDA:383,0,1,-
BRDA:386,0,0,-
BRDA:386,0,1,-
BRDA:393,0,0,0
BRDA:393,0,1,0
BRDA:394,0,0,0
BRDA:394,0,1,0
BRDA:394,0,2,0
BRDA:394,0,3,0
BRDA:394,0,4,0
BRDA:394,0,5,0
BRDA:395,0,0,0
BRDA:395,0,1,0
BRDA:398,0,0,-
BRDA:398,0,1,-
BRDA:399,0,0,-
BRDA:399,0,1,-
BRDA:400,0,0,-
BRDA:400,0,1,-
BRDA:402,0,0,0
BRDA:402,0,1,0
BRDA:403,0,0,0
BRDA:403,0,1,0
BRDA:403,0,2,0
BRDA:403,0,3,0
BRF:731
BRH:0
DA:3,0
DA:4,0
DA:5,0
DA:7,0
DA:9,0
DA:10,0
DA:13,0
DA:14,0
DA:16,0
DA:19,0
DA:21,0
DA:22,0
DA:23,0
DA:24,0
DA:28,0
DA:29,0
DA:30,0
DA:32,0
DA:33,0
DA:35,0
DA:37,0
DA:38,0
DA:39,0
DA:41,0
DA:43,0
DA:44,0
DA:45,0
DA:46,0
DA:50,0
DA:51,0
DA:52,0
DA:54,0
DA:55,0
DA:56,0
DA:57,0
DA:59,0
DA:60,0
DA:62,0
DA:63,0
DA:64,0
DA:67,0
DA:68,0
DA:69,0
DA:71,0
DA:73,0
DA:75,0
DA:76,0
DA:77,0
DA:78,0
DA:81,0
DA:83,0
DA:84,0
DA:86,0
DA:87,0
DA:89,0
DA:90,0
DA:91,0
DA:93,0
DA:94,0
DA:95,0
DA:98,0
DA:100,0
DA:101,0
DA:103,0
DA:105,0
DA:106,0
DA:108,0
DA:109,0
DA:110,0
DA:111,0
DA:112,0
DA:113,0
DA:115,0
DA:118,0
DA:119,0
DA:121,0
DA:122,0
DA:123,0
DA:125,0
DA:126,0
DA:128,0
DA:129,0
DA:130,0
DA:131,0
DA:132,0
DA:133,0
DA:135,0
DA:138,0
DA:139,0
DA:141,0
DA:142,0
DA:143,0
DA:144,0
DA:146,0
DA:149,0
DA:150,0
DA:151,0
DA:154,0
DA:155,0
DA:156,0
DA:157,0
DA:159,0
DA:161,0
DA:162,0
DA:164,0
DA:165,0
DA:168,0
DA:169,0
DA:170,0
DA:173,0
DA:174,0
DA:175,0
DA:178,0
DA:179,0
DA:180,0
DA:182,0
DA:183,0
DA:185,0
DA:186,0
DA:187,0
DA:188,0
DA:190,0
DA:192,0
DA:194,0
DA:195,0
DA:196,0
DA:199,0
DA:201,0
DA:202,0
DA:203,0
DA:204,0
DA:206,0
DA:208,0
DA:209,0
DA:210,0
DA:211,0
DA:212,0
DA:213,0
DA:214,0
DA:215,0
DA:219,0
DA:220,0
DA:221,0
DA:224,0
DA:225,0
DA:226,0
DA:227,0
DA:229,0
DA:230,0
DA:231,0
DA:233,0
DA:235,0
DA:239,0
DA:240,0
DA:242,0
DA:244,0
DA:245,0
DA:248,0
DA:249,0
DA:250,0
DA:252,0
DA:253,0
DA:256,0
DA:257,0
DA:258,0
DA:259,0
DA:261,0
DA:262,0
DA:263,0
DA:264,0
DA:265,0
DA:267,0
DA:268,0
DA:270,0
DA:273,0
DA:274,0
DA:275,0
DA:278,0
DA:279,0
DA:281,0
DA:282,0
DA:283,0
DA:285,0
DA:286,0
DA:287,0
DA:288,0
DA:289,0
DA:292,0
DA:294,0
DA:298,0
DA:299,0
DA:300,0
DA:301,0
DA:302,0
DA:305,0
DA:306,0
DA:309,0
DA:310,0
DA:311,0
DA:313,0
DA:314,0
DA:315,0
DA:316,0
DA:317,0
DA:319,0
DA:320,0
DA:323,0
DA:324,0
DA:325,0
DA:327,0
DA:329,0
DA:331,0
DA:332,0
DA:334,0
DA:337,0
DA:338,0
DA:339,0
DA:342,0
DA:343,0
DA:345,0
DA:346,0
DA:348,0
DA:349,0
DA:350,0
DA:353,0
DA:355,0
DA:357,0
DA:359,0
DA:360,0
DA:361,0
DA:363,0
DA:364,0
DA:366,0
DA:367,0
DA:369,0
DA:373,0
DA:377,0
DA:378,0
DA:379,0
DA:381,0
DA:382,0
DA:383,0
DA:384,0
DA:385,0
DA:386,0
DA:387,0
DA:388,0
DA:389,0
DA:390,0
DA:391,0
DA:393,0
DA:394,0
DA:395,0
DA:396,0
DA:398,0
DA:399,0
DA:400,0
DA:402,0
DA:403,0
DA:404,0
LF:260
LH:0
end_of_record
TN:
SF:/home/bluebird/mock_project_app_music_video_player/final/media_player/PlayerMediaApp/src/Controller/PlayerController.cpp
FN:20,_ZN16PlayerControllerC2ERKSt6vectorINSt7__cxx1112basic_stringIcSt11char_traitsIcESaIcEEESaIS6_EE
FN:27,_ZN16PlayerControllerD2Ev
FN:34,_ZN16PlayerController23setNotificationsEnabledEb
FN:36,_ZN16PlayerController16addObserverIndexESt8functionIFviEE
FN:39,_ZN16PlayerController20notifyObserversIndexEv
FN:47,_ZN16PlayerController15getCurrentIndexEv
FN:54,_ZN16PlayerController16addObserverStateESt8functionIFvvEE
FN:55,_ZN16PlayerController20notifyObserversStateEv
FN:63,_ZN16PlayerController17addObserverVolumeESt8functionIFvvEE
FN:65,_ZN16PlayerController21notifyObserversVolumeEv
FN:73,_ZN16PlayerController19addObserverDurationESt8functionIFviEE
FN:76,_ZN16PlayerController23notifyObserversDurationEv
FN:82,_ZN16PlayerController13getMediaFilesB5cxx11Ev
FN:85,_ZN16PlayerController13startDurationEv
FN:89,_ZZN16PlayerController13startDurationEvENKUlvE_clEv
FN:100,_ZN16PlayerController12stopDurationEv
FN:108,_ZN16PlayerController13resetDurationEv
FN:114,_ZN16PlayerController11getDurationEv
FN:116,_ZN16PlayerController9setVolumeEi
FN:125,_ZN16PlayerController14increaseVolumeEi
FN:127,_ZN16PlayerController14decreaseVolumeEi
FN:129,_ZNK16PlayerController9getVolumeEv
FN:131,_ZN16PlayerController8isRepeatEv
FN:133,_ZN16PlayerController4playEv
FN:150,_ZN16PlayerController9isPlayingEv
FN:156,_ZN16PlayerController5pauseEv
FN:169,_ZN16PlayerController7isPauseEv
FN:175,_ZN16PlayerController6resumeEv
FN:186,_ZN16PlayerController14togglePlaybackEv
FN:207,_ZN16PlayerController12toggleRepeatEv
FN:213,_ZN16PlayerController4stopEv
FN:228,_ZN16PlayerController8playNextEv
FN:239,_ZN16PlayerController12playPreviousEv
FN:250,_ZN16PlayerController18stopPlaybackThreadEv
FN:261,_ZN16PlayerController14playbackWorkerERKNSt7__cxx1112basic_stringIcSt11char_traitsIcESaIcEEE
FN:299,_ZN16PlayerController21musicFinishedCallbackEv
FN:388,_ZN16PlayerController9playAudioEPKc
FN:424,_Z13audioCallbackPvPhi
FN:512,_ZN16PlayerController9playVideoEPKc
FNDA:0,_ZN16PlayerController12toggleRepeatEv
FNDA:0,_ZN16PlayerController9isPlayingEv
FNDA:0,_ZN16PlayerController13getMediaFilesB5cxx11Ev
FNDA:0,_ZN16PlayerController20notifyObserversIndexEv
FNDA:0,_ZN16PlayerController18stopPlaybackThreadEv
FNDA:0,_ZN16PlayerController21notifyObserversVolumeEv
FNDA:0,_ZN16PlayerController8playNextEv
FNDA:0,_ZZN16PlayerController13startDurationEvENKUlvE_clEv
FNDA:0,_ZN16PlayerController17addObserverVolumeESt8functionIFvvEE
FNDA:0,_ZNK16PlayerController9getVolumeEv
FNDA:0,_ZN16PlayerController12playPreviousEv
FNDA:0,_ZN16PlayerController23setNotificationsEnabledEb
FNDA:0,_ZN16PlayerController21musicFinishedCallbackEv
FNDA:0,_ZN16PlayerController16addObserverStateESt8functionIFvvEE
FNDA:0,_ZN16PlayerController4playEv
FNDA:0,_ZN16PlayerController8isRepeatEv
FNDA:0,_ZN16PlayerController9playVideoEPKc
FNDA:0,_ZN16PlayerController23notifyObserversDurationEv
FNDA:0,_ZN16PlayerController14decreaseVolumeEi
FNDA:0,_ZN16PlayerController6resumeEv
FNDA:0,_ZN16PlayerController12stopDurationEv
FNDA:0,_ZN16PlayerController13resetDurationEv
FNDA:0,_ZN16PlayerControllerC2ERKSt6vectorINSt7__cxx1112basic_stringIcSt11char_traitsIcESaIcEEESaIS6_EE
FNDA:0,_ZN16PlayerController14playbackWorkerERKNSt7__cxx1112basic_stringIcSt11char_traitsIcESaIcEEE
FNDA:0,_ZN16PlayerController14togglePlaybackEv
FNDA:0,_ZN16PlayerController16addObserverIndexESt8functionIFviEE
FNDA:0,_Z13audioCallbackPvPhi
FNDA:0,_ZN16PlayerController9playAudioEPKc
FNDA:0,_ZN16PlayerController5pauseEv
FNDA:0,_ZN16PlayerController11getDurationEv
FNDA:0,_ZN16PlayerController15getCurrentIndexEv
FNDA:0,_ZN16PlayerController4stopEv
FNDA:0,_ZN16PlayerController9setVolumeEi
FNDA:0,_ZN16PlayerController14increaseVolumeEi
FNDA:0,_ZN16PlayerController19addObserverDurationESt8functionIFviEE
FNDA:0,_ZN16PlayerControllerD2Ev
FNDA:0,_ZN16PlayerController13startDurationEv
FNDA:0,_ZN16PlayerController7isPauseEv
FNDA:0,_ZN16PlayerController20notifyObserversStateEv
FNF:39
FNH:0
BRDA:41,0,0,-
BRDA:41,0,1,-
BRDA:42,0,0,-
BRDA:42,0,1,-
BRDA:43,0,0,-
BRDA:43,0,1,-
BRDA:49,0,0,-
BRDA:49,0,1,-
BRDA:57,0,0,-
BRDA:57,0,1,-
BRDA:58,0,0,-
BRDA:58,0,1,-
BRDA:59,0,0,-
BRDA:59,0,1,-
BRDA:67,0,0,-
BRDA:67,0,1,-
BRDA:68,0,0,-
BRDA:68,0,1,-
BRDA:69,0,0,-
BRDA:69,0,1,-
BRDA:77,0,0,-
BRDA:77,0,1,-
BRDA:78,0,0,-
BRDA:78,0,1,-
BRDA:79,0,0,-
BRDA:79,0,1,-
BRDA:89,0,0,-
BRDA:89,0,1,-
BRDA:90,0,0,-
BRDA:90,0,1,-
BRDA:91,0,0,-
BRDA:91,0,1,-
BRDA:92,0,0,-
BRDA:92,0,1,-
BRDA:92,0,2,-
BRDA:92,0,3,-
BRDA:92,0,4,-
BRDA:92,0,5,-
BRDA:103,0,0,-
BRDA:103,0,1,-
BRDA:118,0,0,-
BRDA:118,0,1,-
BRDA:119,0,0,-
BRDA:119,0,1,-
BRDA:136,0,0,-
BRDA:136,0,1,-
BRDA:147,0,0,-
BRDA:147,0,1,-
BRDA:151,0,0,-
BRDA:151,0,1,-
BRDA:158,0,0,-
BRDA:158,0,1,-
BRDA:159,0,0,-
BRDA:159,0,1,-
BRDA:159,0,2,-
BRDA:159,0,3,-
BRDA:159,0,4,-
BRDA:159,0,5,-
BRDA:160,0,0,-
BRDA:160,0,1,-
BRDA:164,0,0,-
BRDA:164,0,1,-
BRDA:165,0,0,-
BRDA:165,0,1,-
BRDA:167,0,0,-
BRDA:167,0,1,-
BRDA:171,0,0,-
BRDA:171,0,1,-
BRDA:176,0,0,-
BRDA:176,0,1,-
BRDA:177,0,0,-
BRDA:177,0,1,-
BRDA:177,0,2,-
BRDA:177,0,3,-
BRDA:177,0,4,-
BRDA:177,0,5,-
BRDA:178,0,0,-
BRDA:178,0,1,-
BRDA:182,0,0,-
BRDA:182,0,1,-
BRDA:183,0,0,-
BRDA:183,0,1,-
BRDA:184,0,0,-
BRDA:184,0,1,-
BRDA:187,0,0,-
BRDA:187,0,1,-
BRDA:188,0,0,-
BRDA:188,0,1,-
BRDA:189,0,0,-
BRDA:189,0,1,-
BRDA:190,0,0,-
BRDA:190,0,1,-
BRDA:193,0,0,-
BRDA:193,0,1,-
BRDA:197,0,0,-
BRDA:197,0,1,-
BRDA:201,0,0,-
BRDA:201,0,1,-
BRDA:202,0,0,-
BRDA:202,0,1,-
BRDA:204,0,0,-
BRDA:204,0,1,-
BRDA:208,0,0,-
BRDA:208,0,1,-
BRDA:214,0,0,-
BRDA:214,0,1,-
BRDA:215,0,0,-
BRDA:215,0,1,-
BRDA:216,0,0,-
BRDA:216,0,1,-
BRDA:221,0,0,-
BRDA:221,0,1,-
BRDA:223,0,0,-
BRDA:223,0,1,-
BRDA:224,0,0,-
BRDA:224,0,1,-
BRDA:232,0,0,-
BRDA:232,0,1,-
BRDA:234,0,0,-
BRDA:234,0,1,-
BRDA:243,0,0,-
BRDA:243,0,1,-
BRDA:244,0,0,-
BRDA:244,0,1,-
BRDA:245,0,0,-
BRDA:245,0,1,-
BRDA:252,0,0,-
BRDA:252,0,1,-
BRDA:254,0,0,-
BRDA:254,0,1,-
BRDA:265,0,0,-
BRDA:265,0,1,-
BRDA:266,0,0,-
BRDA:266,0,1,-
BRDA:267,0,0,-
BRDA:267,0,1,-
BRDA:269,0,0,-
BRDA:269,0,1,-
BRDA:274,0,0,-
BRDA:274,0,1,-
BRDA:275,0,0,-
BRDA:275,0,1,-
BRDA:276,0,0,-
BRDA:276,0,1,-
BRDA:277,0,0,-
BRDA:277,0,1,-
BRDA:279,0,0,-
BRDA:279,0,1,-
BRDA:279,0,2,-
BRDA:279,0,3,-
BRDA:279,0,4,-
BRDA:279,0,5,-
BRDA:283,0,0,-
BRDA:283,0,1,-
BRDA:283,0,2,-
BRDA:283,0,3,-
BRDA:283,0,4,-
BRDA:283,0,5,-
BRDA:284,0,0,-
BRDA:284,0,1,-
BRDA:285,0,0,-
BRDA:285,0,1,-
BRDA:286,0,0,0
BRDA:286,0,1,0
BRDA:287,0,0,0
BRDA:287,0,1,0
BRDA:287,0,2,0
BRDA:287,0,3,0
BRDA:287,0,4,0
BRDA:287,0,5,0
BRDA:290,0,0,-
BRDA:290,0,1,-
BRDA:292,0,0,-
BRDA:292,0,1,-
BRDA:293,0,0,-
BRDA:293,0,1,-
BRDA:294,0,0,-
BRDA:294,0,1,-
BRDA:302,0,0,-
BRDA:302,0,1,-
BRDA:304,0,0,-
BRDA:304,0,1,-
BRDA:306,0,0,-
BRDA:306,0,1,-
BRDA:308,0,0,-
BRDA:308,0,1,-
BRDA:309,0,0,-
BRDA:309,0,1,-
BRDA:310,0,0,-
BRDA:310,0,1,-
BRDA:315,0,0,-
BRDA:315,0,1,-
BRDA:319,0,0,-
BRDA:319,0,1,-
BRDA:324,0,0,-
BRDA:324,0,1,-
BRDA:327,0,0,-
BRDA:327,0,1,-
BRDA:329,0,0,-
BRDA:329,0,1,-
BRDA:330,0,0,-
BRDA:330,0,1,-
BRDA:335,0,0,-
BRDA:335,0,1,-
BRDA:336,0,0,-
BRDA:336,0,1,-
BRDA:337,0,0,-
BRDA:337,0,1,-
BRDA:338,0,0,-
BRDA:338,0,1,-
BRDA:344,0,0,-
BRDA:344,0,1,-
BRDA:345,0,0,-
BRDA:345,0,1,-
BRDA:346,0,0,-
BRDA:346,0,1,-
BRDA:352,0,0,-
BRDA:352,0,1,-
BRDA:368,0,0,-
BRDA:368,0,1,-
BRDA:370,0,0,-
BRDA:370,0,1,-
BRDA:372,0,0,-
BRDA:372,0,1,-
BRDA:374,0,0,-
BRDA:374,0,1,-
BRDA:378,0,0,-
BRDA:378,0,1,-
BRDA:378,0,2,-
BRDA:378,0,3,-
BRDA:378,0,4,-
BRDA:378,0,5,-
BRDA:382,0,0,-
BRDA:382,0,1,-
BRDA:390,0,0,-
BRDA:390,0,1,-
BRDA:391,0,0,-
BRDA:391,0,1,-
BRDA:391,0,2,-
BRDA:391,0,3,-
BRDA:391,0,4,-
BRDA:391,0,5,-
BRDA:391,0,6,-
BRDA:391,0,7,-
BRDA:395,0,0,-
BRDA:395,0,1,-
BRDA:397,0,0,-
BRDA:397,0,1,-
BRDA:397,0,2,-
BRDA:397,0,3,-
BRDA:397,0,4,-
BRDA:397,0,5,-
BRDA:397,0,6,-
BRDA:397,0,7,-
BRDA:406,0,0,-
BRDA:406,0,1,-
BRDA:408,0,0,-
BRDA:408,0,1,-
BRDA:409,0,0,-
BRDA:409,0,1,-
BRDA:410,0,0,-
BRDA:410,0,1,-
BRDA:413,0,0,-
BRDA:413,0,1,-
BRDA:416,0,0,-
BRDA:416,0,1,-
BRDA:416,0,2,-
BRDA:433,0,0,-
BRDA:433,0,1,-
BRDA:434,0,0,-
BRDA:434,0,1,-
BRDA:436,0,0,-
BRDA:436,0,1,-
BRDA:440,0,0,-
BRDA:440,0,1,-
BRDA:441,0,0,-
BRDA:441,0,1,-
BRDA:444,0,0,-
BRDA:444,0,1,-
BRDA:447,0,0,-
BRDA:447,0,1,-
BRDA:448,0,0,-
BRDA:448,0,1,-
BRDA:449,0,0,-
BRDA:449,0,1,-
BRDA:450,0,0,-
BRDA:450,0,1,-
BRDA:454,0,0,-
BRDA:454,0,1,-
BRDA:455,0,0,-
BRDA:455,0,1,-
BRDA:456,0,0,-
BRDA:456,0,1,-
BRDA:457,0,0,-
BRDA:457,0,1,-
BRDA:462,0,0,-
BRDA:462,0,1,-
BRDA:465,0,0,-
BRDA:465,0,1,-
BRDA:467,0,0,-
BRDA:467,0,1,-
BRDA:467,0,2,-
BRDA:467,0,3,-
BRDA:467,0,4,-
BRDA:467,0,5,-
BRDA:467,0,6,-
BRDA:467,0,7,-
BRDA:468,0,0,-
BRDA:468,0,1,-
BRDA:469,0,0,-
BRDA:469,0,1,-
BRDA:474,0,0,-
BRDA:474,0,1,-
BRDA:475,0,0,-
BRDA:475,0,1,-
BRDA:476,0,0,-
BRDA:476,0,1,-
BRDA:479,0,0,-
BRDA:479,0,1,-
BRDA:479,0,2,-
BRDA:479,0,3,-
BRDA:480,0,0,-
BRDA:480,0,1,-
BRDA:481,0,0,-
BRDA:481,0,1,-
BRDA:487,0,0,-
BRDA:487,0,1,-
BRDA:491,0,0,-
BRDA:491,0,1,-
BRDA:492,0,0,-
BRDA:492,0,1,-
BRDA:503,0,0,-
BRDA:503,0,1,-
BRDA:513,0,0,-
BRDA:513,0,1,-
BRDA:516,0,0,-
BRDA:516,0,1,-
BRDA:516,0,2,-
BRDA:516,0,3,-
BRDA:517,0,0,-
BRDA:517,0,1,-
BRDA:517,0,2,-
BRDA:517,0,3,-
BRDA:517,0,4,-
BRDA:517,0,5,-
BRDA:521,0,0,-
BRDA:521,0,1,-
BRDA:521,0,2,-
BRDA:521,0,3,-
BRDA:522,0,0,-
BRDA:522,0,1,-
BRDA:523,0,0,-
BRDA:523,0,1,-
BRDA:529,0,0,-
BRDA:529,0,1,-
BRDA:530,0,0,-
BRDA:530,0,1,-
BRDA:530,0,2,-
BRDA:530,0,3,-
BRDA:533,0,0,-
BRDA:533,0,1,-
BRDA:533,0,2,-
BRDA:533,0,3,-
BRDA:538,0,0,-
BRDA:538,0,1,-
BRDA:539,0,0,-
BRDA:539,0,1,-
BRDA:540,0,0,-
BRDA:540,0,1,-
BRDA:546,0,0,-
BRDA:546,0,1,-
BRDA:547,0,0,-
BRDA:547,0,1,-
BRDA:548,0,0,-
BRDA:548,0,1,-
BRDA:549,0,0,-
BRDA:549,0,1,-
BRDA:553,0,0,-
BRDA:553,0,1,-
BRDA:554,0,0,-
BRDA:554,0,1,-
BRDA:555,0,0,-
BRDA:555,0,1,-
BRDA:555,0,2,-
BRDA:555,0,3,-
BRDA:556,0,0,-
BRDA:556,0,1,-
BRDA:557,0,0,-
BRDA:557,0,1,-
BRDA:558,0,0,-
BRDA:558,0,1,-
BRDA:564,0,0,-
BRDA:564,0,1,-
BRDA:566,0,0,-
BRDA:566,0,1,-
BRDA:567,0,0,-
BRDA:567,0,1,-
BRDA:568,0,0,-
BRDA:568,0,1,-
BRDA:571,0,0,-
BRDA:571,0,1,-
BRDA:572,0,0,-
BRDA:572,0,1,-
BRDA:573,0,0,-
BRDA:573,0,1,-
BRDA:573,0,2,-
BRDA:573,0,3,-
BRDA:574,0,0,-
BRDA:574,0,1,-
BRDA:575,0,0,-
BRDA:575,0,1,-
BRDA:580,0,0,-
BRDA:580,0,1,-
BRDA:580,0,2,-
BRDA:580,0,3,-
BRDA:581,0,0,-
BRDA:581,0,1,-
BRDA:582,0,0,-
BRDA:582,0,1,-
BRDA:583,0,0,-
BRDA:583,0,1,-
BRDA:585,0,0,-
BRDA:585,0,1,-
BRDA:586,0,0,-
BRDA:586,0,1,-
BRDA:586,0,2,-
BRDA:586,0,3,-
BRDA:586,0,4,-
BRDA:586,0,5,-
BRDA:586,0,6,-
BRDA:586,0,7,-
BRDA:596,0,0,-
BRDA:596,0,1,-
BRDA:599,0,0,-
BRDA:599,0,1,-
BRDA:599,0,2,-
BRDA:599,0,3,-
BRDA:600,0,0,-
BRDA:600,0,1,-
BRDA:600,0,2,-
BRDA:600,0,3,-
BRDA:600,0,4,-
BRDA:600,0,5,-
BRDA:600,0,6,-
BRDA:600,0,7,-
BRDA:601,0,0,-
BRDA:601,0,1,-
BRDA:602,0,0,-
BRDA:602,0,1,-
BRDA:603,0,0,-
BRDA:603,0,1,-
BRDA:605,0,0,-
BRDA:605,0,1,-
BRDA:610,0,0,-
BRDA:610,0,1,-
BRDA:611,0,0,-
BRDA:611,0,1,-
BRDA:614,0,0,-
BRDA:614,0,1,-
BRDA:616,0,0,-
BRDA:616,0,1,-
BRDA:617,0,0,-
BRDA:617,0,1,-
BRDA:620,0,0,-
BRDA:620,0,1,-
BRDA:624,0,0,-
BRDA:624,0,1,-
BRDA:625,0,0,-
BRDA:625,0,1,-
BRDA:626,0,0,-
BRDA:626,0,1,-
BRDA:627,0,0,-
BRDA:627,0,1,-
BRDA:628,0,0,-
BRDA:628,0,1,-
BRDA:637,0,0,-
BRDA:637,0,1,-
BRDA:637,0,2,-
BRDA:637,0,3,-
BRDA:637,0,4,-
BRDA:637,0,5,-
BRDA:637,0,6,-
BRDA:637,0,7,-
BRDA:638,0,0,-
BRDA:638,0,1,-
BRDA:639,0,0,-
BRDA:639,0,1,-
BRDA:639,0,2,-
BRDA:639,0,3,-
BRDA:640,0,0,-
BRDA:640,0,1,-
BRDA:640,0,2,-
BRDA:640,0,3,-
BRDA:642,0,0,-
BRDA:642,0,1,-
BRDA:647,0,0,-
BRDA:647,0,1,-
BRDA:649,0,0,-
BRDA:649,0,1,-
BRDA:651,0,0,-
BRDA:651,0,1,-
BRDA:653,0,0,-
BRDA:653,0,1,-
BRDA:654,0,0,-
BRDA:654,0,1,-
BRDA:658,0,0,-
BRDA:658,0,1,-
BRDA:659,0,0,-
BRDA:659,0,1,-
BRDA:660,0,0,-
BRDA:660,0,1,-
BRDA:663,0,0,-
BRDA:663,0,1,-
BRDA:667,0,0,-
BRDA:667,0,1,-
BRDA:667,0,2,-
BRDA:667,0,3,-
BRDA:668,0,0,-
BRDA:668,0,1,-
BRDA:675,0,0,-
BRDA:675,0,1,-
BRDA:676,0,0,-
BRDA:676,0,1,-
BRDA:677,0,0,-
BRDA:677,0,1,-
BRDA:678,0,0,-
BRDA:678,0,1,-
BRDA:679,0,0,-
BRDA:679,0,1,-
BRDA:682,0,0,-
BRDA:682,0,1,-
BRDA:687,0,0,-
BRDA:687,0,1,-
BRDA:687,0,2,-
BRDA:687,0,3,-
BRDA:687,0,4,-
BRDA:687,0,5,-
BRDA:691,0,0,-
BRDA:691,0,1,-
BRDA:695,0,0,-
BRDA:695,0,1,-
BRDA:695,0,2,-
BRDA:695,0,3,-
BRDA:697,0,0,-
BRDA:697,0,1,-
BRDA:698,0,0,-
BRDA:698,0,1,-
BRDA:698,0,2,-
BRDA:698,0,3,-
BRDA:699,0,0,-
BRDA:699,0,1,-
BRDA:702,0,0,-
BRDA:702,0,1,-
BRDA:703,0,0,-
BRDA:703,0,1,-
BRDA:704,0,0,-
BRDA:704,0,1,-
BRDA:707,0,0,-
BRDA:707,0,1,-
BRDA:711,0,0,-
BRDA:711,0,1,-
BRDA:712,0,0,-
BRDA:712,0,1,-
BRDA:712,0,2,-
BRDA:712,0,3,-
BRDA:712,0,4,-
BRDA:712,0,5,-
BRDA:716,0,0,-
BRDA:716,0,1,-
BRDA:721,0,0,-
BRDA:721,0,1,-
BRDA:722,0,0,-
BRDA:722,0,1,-
BRDA:723,0,0,-
BRDA:723,0,1,-
BRDA:728,0,0,-
BRDA:728,0,1,-
BRDA:729,0,0,-
BRDA:729,0,1,-
BRDA:730,0,0,-
BRDA:730,0,1,-
BRDA:731,0,0,-
BRDA:731,0,1,-
BRDA:732,0,0,-
BRDA:732,0,1,-
BRDA:733,0,0,-
BRDA:733,0,1,-
BRDA:734,0,0,-
BRDA:734,0,1,-
BRDA:735,0,0,-
BRDA:735,0,1,-
BRDA:736,0,0,-
BRDA:736,0,1,-
BRDA:737,0,0,-
BRDA:737,0,1,-
BRDA:738,0,0,-
BRDA:738,0,1,-
BRDA:739,0,0,-
BRDA:739,0,1,-
BRDA:741,0,0,-
BRDA:741,0,1,-
BRF:601
BRH:0
DA:20,0
DA:21,0
DA:22,0
DA:24,0
DA:25,0
DA:27,0
DA:29,0
DA:30,0
DA:31,0
DA:32,0
DA:34,0
DA:36,0
DA:37,0
DA:39,0
DA:41,0
DA:42,0
DA:43,0
DA:47,0
DA:49,0
DA:50,0
DA:51,0
DA:54,0
DA:55,0
DA:57,0
DA:58,0
DA:59,0
DA:63,0
DA:65,0
DA:67,0
DA:68,0
DA:69,0
DA:73,0
DA:76,0
DA:77,0
DA:78,0
DA:79,0
DA:82,0
DA:83,0
DA:85,0
DA:87,0
DA:88,0
DA:89,0
DA:90,0
DA:91,0
DA:92,0
DA:93,0
DA:94,0
DA:97,0
DA:98,0
DA:100,0
DA:102,0
DA:103,0
DA:104,0
DA:106,0
DA:108,0
DA:110,0
DA:111,0
DA:112,0
DA:114,0
DA:116,0
DA:118,0
DA:119,0
DA:120,0
DA:121,0
DA:122,0
DA:123,0
DA:125,0
DA:127,0
DA:129,0
DA:131,0
DA:133,0
DA:136,0
DA:137,0
DA:138,0
DA:141,0
DA:142,0
DA:143,0
DA:144,0
DA:145,0
DA:146,0
DA:147,0
DA:150,0
DA:151,0
DA:152,0
DA:153,0
DA:156,0
DA:158,0
DA:159,0
DA:160,0
DA:161,0
DA:163,0
DA:164,0
DA:165,0
DA:167,0
DA:169,0
DA:171,0
DA:172,0
DA:173,0
DA:175,0
DA:176,0
DA:177,0
DA:178,0
DA:179,0
DA:181,0
DA:182,0
DA:183,0
DA:184,0
DA:186,0
DA:187,0
DA:188,0
DA:189,0
DA:190,0
DA:192,0
DA:193,0
DA:196,0
DA:197,0
DA:201,0
DA:202,0
DA:204,0
DA:205,0
DA:207,0
DA:208,0
DA:209,0
DA:210,0
DA:213,0
DA:214,0
DA:215,0
DA:216,0
DA:218,0
DA:219,0
DA:220,0
DA:221,0
DA:222,0
DA:223,0
DA:224,0
DA:225,0
DA:228,0
DA:230,0
DA:232,0
DA:233,0
DA:234,0
DA:235,0
DA:236,0
DA:237,0
DA:239,0
DA:241,0
DA:243,0
DA:244,0
DA:245,0
DA:246,0
DA:247,0
DA:248,0
DA:250,0
DA:252,0
DA:254,0
DA:255,0
DA:256,0
DA:257,0
DA:259,0
DA:261,0
DA:265,0
DA:266,0
DA:267,0
DA:269,0
DA:270,0
DA:271,0
DA:272,0
DA:274,0
DA:275,0
DA:276,0
DA:277,0
DA:279,0
DA:280,0
DA:283,0
DA:284,0
DA:285,0
DA:286,0
DA:287,0
DA:288,0
DA:290,0
DA:291,0
DA:292,0
DA:293,0
DA:294,0
DA:295,0
DA:299,0
DA:302,0
DA:304,0
DA:306,0
DA:308,0
DA:309,0
DA:310,0
DA:315,0
DA:317,0
DA:319,0
DA:324,0
DA:326,0
DA:327,0
DA:329,0
DA:330,0
DA:331,0
DA:335,0
DA:336,0
DA:337,0
DA:338,0
DA:344,0
DA:345,0
DA:346,0
DA:348,0
DA:352,0
DA:354,0
DA:356,0
DA:360,0
DA:366,0
DA:368,0
DA:370,0
DA:372,0
DA:374,0
DA:378,0
DA:382,0
DA:388,0
DA:390,0
DA:391,0
DA:394,0
DA:395,0
DA:396,0
DA:397,0
DA:400,0
DA:401,0
DA:403,0
DA:404,0
DA:406,0
DA:408,0
DA:409,0
DA:410,0
DA:411,0
DA:413,0
DA:414,0
DA:416,0
DA:419,0
DA:420,0
DA:421,0
DA:424,0
DA:425,0
DA:426,0
DA:427,0
DA:433,0
DA:434,0
DA:436,0
DA:437,0
DA:438,0
DA:440,0
DA:441,0
DA:442,0
DA:443,0
DA:444,0
DA:445,0
DA:447,0
DA:448,0
DA:449,0
DA:450,0
DA:451,0
DA:452,0
DA:454,0
DA:455,0
DA:456,0
DA:457,0
DA:458,0
DA:462,0
DA:465,0
DA:466,0
DA:467,0
DA:468,0
DA:469,0
DA:470,0
DA:474,0
DA:475,0
DA:476,0
DA:477,0
DA:479,0
DA:480,0
DA:481,0
DA:482,0
DA:486,0
DA:487,0
DA:489,0
DA:491,0
DA:492,0
DA:496,0
DA:497,0
DA:502,0
DA:503,0
DA:504,0
DA:506,0
DA:507,0
DA:508,0
DA:512,0
DA:513,0
DA:514,0
DA:516,0
DA:517,0
DA:518,0
DA:521,0
DA:522,0
DA:523,0
DA:524,0
DA:527,0
DA:528,0
DA:529,0
DA:530,0
DA:531,0
DA:533,0
DA:534,0
DA:538,0
DA:539,0
DA:540,0
DA:541,0
DA:545,0
DA:546,0
DA:547,0
DA:548,0
DA:549,0
DA:550,0
DA:553,0
DA:554,0
DA:555,0
DA:556,0
DA:557,0
DA:558,0
DA:559,0
DA:563,0
DA:564,0
DA:565,0
DA:566,0
DA:567,0
DA:568,0
DA:571,0
DA:572,0
DA:573,0
DA:574,0
DA:575,0
DA:580,0
DA:581,0
DA:582,0
DA:583,0
DA:585,0
DA:586,0
DA:591,0
DA:592,0
DA:593,0
DA:594,0
DA:595,0
DA:596,0
DA:597,0
DA:599,0
DA:600,0
DA:601,0
DA:602,0
DA:603,0
DA:605,0
DA:606,0
DA:610,0
DA:611,0
DA:614,0
DA:616,0
DA:617,0
DA:620,0
DA:624,0
DA:625,0
DA:626,0
DA:627,0
DA:628,0
DA:632,0
DA:635,0
DA:637,0
DA:638,0
DA:639,0
DA:640,0
DA:641,0
DA:642,0
DA:644,0
DA:645,0
DA:646,0
DA:647,0
DA:649,0
DA:650,0
DA:651,0
DA:652,0
DA:653,0
DA:654,0
DA:658,0
DA:659,0
DA:660,0
DA:663,0
DA:667,0
DA:668,0
DA:669,0
DA:675,0
DA:676,0
DA:677,0
DA:678,0
DA:679,0
DA:682,0
DA:683,0
DA:684,0
DA:687,0
DA:688,0
DA:689,0
DA:691,0
DA:695,0
DA:697,0
DA:698,0
DA:699,0
DA:702,0
DA:703,0
DA:704,0
DA:705,0
DA:707,0
DA:711,0
DA:712,0
DA:713,0
DA:714,0
DA:716,0
DA:721,0
DA:722,0
DA:723,0
DA:724,0
DA:726,0
DA:728,0
DA:729,0
DA:730,0
DA:731,0
DA:732,0
DA:733,0
DA:734,0
DA:735,0
DA:736,0
DA:737,0
DA:738,0
DA:739,0
DA:741,0
LF:441
LH:0
end_of_record
TN:
SF:/home/bluebird/mock_project_app_music_video_player/final/media_player/PlayerMediaApp/src/utils/UARTSetup.cpp
FN:3,_ZN11UARTManagerC2Ev
FN:5,_ZN11UARTManagerD2Ev
FN:7,_ZN11UARTManager8stopUARTEv
FN:23,_ZN11UARTManager19checkPortConnectionERKNSt7__cxx1112basic_stringIcSt11char_traitsIcESaIcEEEj
FN:46,_ZN11UARTManager11getPortListB5cxx11Ev
FN:59,_ZN11UARTManager18getBaudRateOptionsB5cxx11Ev
FN:66,_ZN11UARTManager15asyncHandleUartERN5boost4asio17basic_serial_portINS1_9execution12any_executorIJNS3_12context_as_tIRNS1_17execution_contextEEENS3_6detail8blocking7never_tILi0EEENS3_11prefer_onlyINSA_10possibly_tILi0EEEEENSD_INS9_16outstanding_work9tracked_tILi0EEEEENSD_INSH_11untracked_tILi0EEEEENSD_INS9_12relationship6fork_tILi0EEEEENSD_INSO_14continuation_tILi0EEEEEEEEEERSt10shared_ptrI16PlayerControllerE
FN:70,_ZZN11UARTManager15asyncHandleUartERN5boost4asio17basic_serial_portINS1_9execution12any_executorIJNS3_12context_as_tIRNS1_17execution_contextEEENS3_6detail8blocking7never_tILi0EEENS3_11prefer_onlyINSA_10possibly_tILi0EEEEENSD_INS9_16outstanding_work9tracked_tILi0EEEEENSD_INSH_11untracked_tILi0EEEEENSD_INS9_12relationship6fork_tILi0EEEEENSD_INSO_14continuation_tILi0EEEEEEEEEERSt10shared_ptrI16PlayerControllerEENKUlRKNS0_6system10error_codeEmE_clES15_m
FN:127,_ZN11UARTManager12runMediaUartERSt10shared_ptrI16PlayerControllerE
FN:131,_ZZN11UARTManager12runMediaUartERSt10shared_ptrI16PlayerControllerEENKUlvE_clEv
FNDA:0,_ZZN11UARTManager12runMediaUartERSt10shared_ptrI16PlayerControllerEENKUlvE_clEv
FNDA:0,_ZN11UARTManager18getBaudRateOptionsB5cxx11Ev
FNDA:0,_ZN11UARTManager11getPortListB5cxx11Ev
FNDA:0,_ZN11UARTManagerD2Ev
FNDA:0,_ZN11UARTManager8stopUARTEv
FNDA:0,_ZN11UARTManagerC2Ev
FNDA:0,_ZN11UARTManager15asyncHandleUartERN5boost4asio17basic_serial_portINS1_9execution12any_executorIJNS3_12context_as_tIRNS1_17execution_contextEEENS3_6detail8blocking7never_tILi0EEENS3_11prefer_onlyINSA_10possibly_tILi0EEEEENSD_INS9_16outstanding_work9tracked_tILi0EEEEENSD_INSH_11untracked_tILi0EEEEENSD_INS9_12relationship6fork_tILi0EEEEENSD_INSO_14continuation_tILi0EEEEEEEEEERSt10shared_ptrI16PlayerControllerE
FNDA:0,_ZZN11UARTManager15asyncHandleUartERN5boost4asio17basic_serial_portINS1_9execution12any_executorIJNS3_12context_as_tIRNS1_17execution_contextEEENS3_6detail8blocking7never_tILi0EEENS3_11prefer_onlyINSA_10possibly_tILi0EEEEENSD_INS9_16outstanding_work9tracked_tILi0EEEEENSD_INSH_11untracked_tILi0EEEEENSD_INS9_12relationship6fork_tILi0EEEEENSD_INSO_14continuation_tILi0EEEEEEEEEERSt10shared_ptrI16PlayerControllerEENKUlRKNS0_6system10error_codeEmE_clES15_m
FNDA:0,_ZN11UARTManager19checkPortConnectionERKNSt7__cxx1112basic_stringIcSt11char_traitsIcESaIcEEEj
FNDA:0,_ZN11UARTManager12runMediaUartERSt10shared_ptrI16PlayerControllerE
FNF:10
FNH:0
BRDA:3,0,0,-
BRDA:3,0,1,-
BRDA:9,0,0,-
BRDA:9,0,1,-
BRDA:10,0,0,-
BRDA:10,0,1,-
BRDA:12,0,0,-
BRDA:12,0,1,-
BRDA:13,0,0,-
BRDA:13,0,1,-
BRDA:14,0,0,-
BRDA:14,0,1,-
BRDA:16,0,0,-
BRDA:16,0,1,-
BRDA:17,0,0,0
BRDA:17,0,1,0
BRDA:18,0,0,0
BRDA:18,0,1,0
BRDA:18,0,2,0
BRDA:18,0,3,0
BRDA:18,0,4,0
BRDA:18,0,5,0
BRDA:25,0,0,-
BRDA:25,0,1,-
BRDA:26,0,0,-
BRDA:26,0,1,-
BRDA:27,0,0,-
BRDA:27,0,1,-
BRDA:27,0,2,-
BRDA:27,0,3,-
BRDA:28,0,0,-
BRDA:28,0,1,-
BRDA:29,0,0,-
BRDA:29,0,1,-
BRDA:30,0,0,-
BRDA:30,0,1,-
BRDA:30,0,2,-
BRDA:30,0,3,-
BRDA:32,0,0,-
BRDA:32,0,1,-
BRDA:32,0,2,-
BRDA:32,0,3,-
BRDA:35,0,0,-
BRDA:35,0,1,-
BRDA:35,0,2,-
BRDA:35,0,3,-
BRDA:35,0,4,-
BRDA:35,0,5,-
BRDA:35,0,6,-
BRDA:35,0,7,-
BRDA:35,0,8,-
BRDA:35,0,9,-
BRDA:37,0,0,0
BRDA:37,0,1,0
BRDA:37,0,2,0
BRDA:38,0,0,0
BRDA:38,0,1,0
BRDA:38,0,2,0
BRDA:38,0,3,0
BRDA:38,0,4,0
BRDA:38,0,5,0
BRDA:40,0,0,0
BRDA:40,0,1,0
BRDA:40,0,2,0
BRDA:40,0,3,0
BRDA:40,0,4,0
BRDA:40,0,5,0
BRDA:48,0,0,-
BRDA:48,0,1,-
BRDA:48,0,2,-
BRDA:48,0,3,-
BRDA:48,0,4,-
BRDA:48,0,5,-
BRDA:48,0,6,-
BRDA:48,0,7,-
BRDA:49,0,0,-
BRDA:49,0,1,-
BRDA:49,0,2,-
BRDA:49,0,3,-
BRDA:50,0,0,-
BRDA:50,0,1,-
BRDA:50,0,2,-
BRDA:50,0,3,-
BRDA:53,0,0,-
BRDA:53,0,1,-
BRDA:54,0,0,-
BRDA:54,0,1,-
BRDA:54,0,2,-
BRDA:54,0,3,-
BRDA:63,0,0,-
BRDA:63,0,1,-
BRDA:63,0,2,-
BRDA:63,0,3,-
BRDA:63,0,4,-
BRDA:63,0,5,-
BRDA:63,0,6,-
BRDA:63,0,7,-
BRDA:63,0,8,-
BRDA:63,0,9,-
BRDA:63,0,10,-
BRDA:63,0,11,-
BRDA:63,0,12,-
BRDA:63,0,13,-
BRDA:63,0,14,-
BRDA:63,0,15,-
BRDA:63,0,16,-
BRDA:63,0,17,-
BRDA:63,0,18,-
BRDA:63,0,19,-
BRDA:63,0,20,-
BRDA:63,0,21,-
BRDA:63,0,22,-
BRDA:63,0,23,-
BRDA:63,0,24,-
BRDA:63,0,25,-
BRDA:63,0,26,-
BRDA:63,0,27,-
BRDA:63,0,28,-
BRDA:63,0,29,-
BRDA:67,0,0,-
BRDA:67,0,1,-
BRDA:69,0,0,-
BRDA:69,0,1,-
BRDA:71,0,0,-
BRDA:71,0,1,-
BRDA:73,0,0,-
BRDA:73,0,1,-
BRDA:74,0,0,-
BRDA:74,0,1,-
BRDA:77,0,0,-
BRDA:77,0,1,-
BRDA:79,0,0,-
BRDA:79,0,1,-
BRDA:81,0,0,-
BRDA:81,0,1,-
BRDA:82,0,0,-
BRDA:82,0,1,-
BRDA:85,0,0,-
BRDA:85,0,1,-
BRDA:86,0,0,-
BRDA:86,0,1,-
BRDA:87,0,0,-
BRDA:87,0,1,-
BRDA:88,0,0,-
BRDA:88,0,1,-
BRDA:89,0,0,-
BRDA:89,0,1,-
BRDA:90,0,0,-
BRDA:90,0,1,-
BRDA:91,0,0,-
BRDA:91,0,1,-
BRDA:92,0,0,-
BRDA:92,0,1,-
BRDA:93,0,0,-
BRDA:93,0,1,-
BRDA:94,0,0,-
BRDA:94,0,1,-
BRDA:95,0,0,-
BRDA:95,0,1,-
BRDA:96,0,0,-
BRDA:96,0,1,-
BRDA:97,0,0,-
BRDA:97,0,1,-
BRDA:99,0,0,-
BRDA:99,0,1,-
BRDA:100,0,0,-
BRDA:100,0,1,-
BRDA:100,0,2,-
BRDA:100,0,3,-
BRDA:101,0,0,-
BRDA:101,0,1,-
BRDA:103,0,0,0
BRDA:103,0,1,0
BRDA:103,0,2,0
BRDA:104,0,0,0
BRDA:104,0,1,0
BRDA:104,0,2,0
BRDA:104,0,3,0
BRDA:104,0,4,0
BRDA:104,0,5,0
BRDA:104,0,6,0
BRDA:104,0,7,0
BRDA:106,0,0,0
BRDA:106,0,1,0
BRDA:106,0,2,0
BRDA:106,0,3,0
BRDA:106,0,4,0
BRDA:106,0,5,0
BRDA:106,0,6,0
BRDA:106,0,7,0
BRDA:109,0,0,-
BRDA:109,0,1,-
BRDA:109,0,2,-
BRDA:109,0,3,-
BRDA:109,0,4,-
BRDA:109,0,5,-
BRDA:109,0,6,-
BRDA:109,0,7,-
BRDA:116,0,0,-
BRDA:116,0,1,-
BRDA:117,0,0,0
BRDA:117,0,1,0
BRDA:117,0,2,0
BRDA:117,0,3,0
BRDA:117,0,4,0
BRDA:117,0,5,0
BRDA:122,0,0,-
BRDA:122,0,1,-
BRDA:122,0,2,-
BRDA:122,0,3,-
BRDA:129,0,0,-
BRDA:129,0,1,-
BRDA:131,0,0,-
BRDA:131,0,1,-
BRDA:133,0,0,-
BRDA:133,0,1,-
BRDA:134,0,0,0
BRDA:134,0,1,0
BRDA:135,0,0,0
BRDA:135,0,1,0
BRDA:135,0,2,0
BRDA:135,0,3,0
BRDA:135,0,4,0
BRDA:135,0,5,0
BRDA:138,0,0,-
BRDA:138,0,1,-
BRDA:139,0,0,0
BRDA:139,0,1,0
BRDA:140,0,0,0
BRDA:140,0,1,0
BRDA:140,0,2,0
BRDA:140,0,3,0
BRDA:140,0,4,0
BRDA:140,0,5,0
BRF:234
BRH:0
DA:3,0
DA:5,0
DA:7,0
DA:9,0
DA:10,0
DA:12,0
DA:13,0
DA:14,0
DA:16,0
DA:17,0
DA:18,0
DA:19,0
DA:20,0
DA:23,0
DA:25,0
DA:26,0
DA:27,0
DA:28,0
DA:29,0
DA:30,0
DA:32,0
DA:35,0
DA:36,0
DA:37,0
DA:38,0
DA:39,0
DA:40,0
DA:41,0
DA:43,0
DA:46,0
DA:47,0
DA:48,0
DA:49,0
DA:50,0
DA:52,0
DA:53,0
DA:54,0
DA:56,0
DA:57,0
DA:59,0
DA:63,0
DA:66,0
DA:67,0
DA:69,0
DA:70,0
DA:71,0
DA:73,0
DA:74,0
DA:75,0
DA:77,0
DA:78,0
DA:79,0
DA:81,0
DA:82,0
DA:85,0
DA:86,0
DA:87,0
DA:88,0
DA:89,0
DA:90,0
DA:91,0
DA:92,0
DA:93,0
DA:94,0
DA:95,0
DA:96,0
DA:97,0
DA:99,0
DA:100,0
DA:101,0
DA:103,0
DA:104,0
DA:105,0
DA:106,0
DA:107,0
DA:109,0
DA:116,0
DA:117,0
DA:118,0
DA:120,0
DA:122,0
DA:125,0
DA:127,0
DA:129,0
DA:131,0
DA:133,0
DA:134,0
DA:135,0
DA:136,0
DA:137,0
DA:138,0
DA:139,0
DA:140,0
DA:141,0
DA:142,0
LF:95
LH:0
end_of_record
TN:
SF:/home/bluebird/mock_project_app_music_video_player/final/media_player/PlayerMediaApp/test/Controller/MediaFileControllerTest.cpp
FN:15,_ZN13MockMediaFile15gmock_addNewKeyERKN7testing7MatcherIRKNSt7__cxx1112basic_stringIcSt11char_traitsIcESaIcEEEEESC_
FN:15,_ZN13MockMediaFile9addNewKeyERKNSt7__cxx1112basic_stringIcSt11char_traitsIcESaIcEEES7_
FN:16,_ZN13MockMediaFile7editKeyERKNSt7__cxx1112basic_stringIcSt11char_traitsIcESaIcEEES7_
FN:16,_ZN13MockMediaFile13gmock_editKeyERKN7testing7MatcherIRKNSt7__cxx1112basic_stringIcSt11char_traitsIcESaIcEEEEESC_
FN:17,_ZN13MockMediaFile15gmock_deleteKeyERKN7testing7MatcherIRKNSt7__cxx1112basic_stringIcSt11char_traitsIcESaIcEEEEE
FN:17,_ZN13MockMediaFile9deleteKeyERKNSt7__cxx1112basic_stringIcSt11char_traitsIcESaIcEEE
FN:22,_ZN12MockBaseView22displayDetailMediaFileESt10shared_ptrI9MediaFileENSt7__cxx1112basic_stringIcSt11char_traitsIcESaIcEEE
FN:22,_ZN12MockBaseView28gmock_displayDetailMediaFileERKN7testing7MatcherISt10shared_ptrI9MediaFileEEERKNS1_INSt7__cxx1112basic_stringIcSt11char_traitsIcESaIcEEEEE
FN:23,_ZN12MockBaseView8showMenuEv
FN:23,_ZN12MockBaseView14gmock_showMenuEv
FN:24,_ZN12MockBaseView22displayMenuAddMetadataESt10shared_ptrI9MediaFileENSt7__cxx1112basic_stringIcSt11char_traitsIcESaIcEEE
FN:24,_ZN12MockBaseView28gmock_displayMenuAddMetadataERKN7testing7MatcherISt10shared_ptrI9MediaFileEEERKNS1_INSt7__cxx1112basic_stringIcSt11char_traitsIcESaIcEEEEE
FN:25,_ZN12MockBaseView23displayMenuEditMetadataESt10shared_ptrI9MediaFileENSt7__cxx1112basic_stringIcSt11char_traitsIcESaIcEEE
FN:25,_ZN12MockBaseView29gmock_displayMenuEditMetadataERKN7testing7MatcherISt10shared_ptrI9MediaFileEEERKNS1_INSt7__cxx1112basic_stringIcSt11char_traitsIcESaIcEEEEE
FN:26,_ZN12MockBaseView31gmock_displayMenuDeleteMetadataB5cxx11ERKN7testing7MatcherISt10shared_ptrI9MediaFileEEE
FN:26,_ZN12MockBaseView25displayMenuDeleteMetadataB5cxx11ESt10shared_ptrI9MediaFileE
FN:27,_ZN12MockBaseView15showConfirmMenuENSt7__cxx1112basic_stringIcSt11char_traitsIcESaIcEEE
FN:27,_ZN12MockBaseView21gmock_showConfirmMenuERKN7testing7MatcherINSt7__cxx1112basic_stringIcSt11char_traitsIcESaIcEEEEE
FN:36,_ZN23MediaFileControllerTest5SetUpEv
FN:44,_ZN56MediaFileControllerTest_HandleMediaFile_AddMetadata_TestC2Ev
FN:44,_ZN56MediaFileControllerTest_HandleMediaFile_AddMetadata_TestD0Ev
FN:44,_ZN56MediaFileControllerTest_HandleMediaFile_AddMetadata_TestD2Ev
FN:44,_ZN56MediaFileControllerTest_HandleMediaFile_AddMetadata_Test8TestBodyEv
FN:60,_ZN74MediaFileControllerTest_HandleMediaFile_AddMetadata_InvalidYearFormat_Test8TestBodyEv
FN:60,_ZN74MediaFileControllerTest_HandleMediaFile_AddMetadata_InvalidYearFormat_TestC2Ev
FN:60,_ZN74MediaFileControllerTest_HandleMediaFile_AddMetadata_InvalidYearFormat_TestD2Ev
FN:60,_ZN74MediaFileControllerTest_HandleMediaFile_AddMetadata_InvalidYearFormat_TestD0Ev
FN:79,_ZN75MediaFileControllerTest_HandleMediaFile_AddMetadata_InvalidTrackFormat_TestC2Ev
FN:79,_ZN75MediaFileControllerTest_HandleMediaFile_AddMetadata_InvalidTrackFormat_Test8TestBodyEv
FN:79,_ZN75MediaFileControllerTest_HandleMediaFile_AddMetadata_InvalidTrackFormat_TestD0Ev
FN:79,_ZN75MediaFileControllerTest_HandleMediaFile_AddMetadata_InvalidTrackFormat_TestD2Ev
FN:97,_ZN65MediaFileControllerTest_HandleMediaFile_EditMetadata_Success_Test8TestBodyEv
FN:97,_ZN65MediaFileControllerTest_HandleMediaFile_EditMetadata_Success_TestC2Ev
FN:97,_ZN65MediaFileControllerTest_HandleMediaFile_EditMetadata_Success_TestD0Ev
FN:97,_ZN65MediaFileControllerTest_HandleMediaFile_EditMetadata_Success_TestD2Ev
FN:113,_ZN62MediaFileControllerTest_HandleMediaFile_EditMetadata_Fail_TestC2Ev
FN:113,_ZN62MediaFileControllerTest_HandleMediaFile_EditMetadata_Fail_TestD2Ev
[...]
FNDA:1,_ZN67MediaFileControllerTest_HandleMediaFile_DeleteMetadata_Success_TestD0Ev
FNDA:1,_ZN56MediaFileControllerTest_HandleMediaFile_AddMetadata_Test8TestBodyEv
FNDA:1,_ZN56MediaFileControllerTest_HandleMediaFile_AddMetadata_TestD2Ev
FNDA:1,_ZN65MediaFileControllerTest_HandleMediaFile_EditMetadata_Success_TestD0Ev
FNDA:1,_ZN58MediaFileControllerTest_HandleMediaFile_InvalidChoice_TestD2Ev
FNDA:1,_ZN62MediaFileControllerTest_HandleMediaFile_EditMetadata_Fail_Test8TestBodyEv
FNDA:1,_ZN75MediaFileControllerTest_HandleMediaFile_EditMetadata_InvalidYearFormat_Test8TestBodyEv
FNDA:13,_ZN12MockBaseView14gmock_showMenuEv
FNDA:1,_ZN66MediaFileControllerTest_HandleMediaFile_DeleteMetadata_Cancel_TestC2Ev
FNDA:1,_ZN76MediaFileControllerTest_HandleMediaFile_EditMetadata_InvalidTrackFormat_TestC2Ev
FNDA:1,_ZN62MediaFileControllerTest_HandleMediaFile_EditMetadata_Fail_TestD0Ev
FNDA:1,_ZN75MediaFileControllerTest_HandleMediaFile_EditMetadata_InvalidYearFormat_TestD2Ev
FNDA:1,_ZN67MediaFileControllerTest_HandleMediaFile_DeleteMetadata_Success_TestD2Ev
FNDA:1,_ZN64MediaFileControllerTest_HandleMediaFile_DeleteMetadata_Fail_TestD0Ev
FNDA:1,_ZN75MediaFileControllerTest_HandleMediaFile_EditMetadata_InvalidYearFormat_TestD0Ev
FNDA:1,_ZN75MediaFileControllerTest_HandleMediaFile_AddMetadata_InvalidTrackFormat_TestD0Ev
FNDA:1,_ZN74MediaFileControllerTest_HandleMediaFile_AddMetadata_InvalidYearFormat_TestD0Ev
FNDA:1,_ZN76MediaFileControllerTest_HandleMediaFile_EditMetadata_InvalidTrackFormat_TestD0Ev
FNDA:3,_ZN13MockMediaFile15gmock_addNewKeyERKN7testing7MatcherIRKNSt7__cxx1112basic_stringIcSt11char_traitsIcESaIcEEEEESC_
FNDA:11,_ZN12MockBaseView23displayMenuEditMetadataESt10shared_ptrI9MediaFileENSt7__cxx1112basic_stringIcSt11char_traitsIcESaIcEEE
FNDA:5,_ZN12MockBaseView25displayMenuDeleteMetadataB5cxx11ESt10shared_ptrI9MediaFileE
FNDA:1,_ZN68MediaFileControllerTest_HandleMediaFile_EditMetadata_EmptyValue_TestD0Ev
FNDA:26,_ZN12MockBaseView28gmock_displayDetailMediaFileERKN7testing7MatcherISt10shared_ptrI9MediaFileEEERKNS1_INSt7__cxx1112basic_stringIcSt11char_traitsIcESaIcEEEEE
FNDA:1,_ZN76MediaFileControllerTest_HandleMediaFile_EditMetadata_InvalidTrackFormat_TestD2Ev
FNDA:1,_ZN75MediaFileControllerTest_HandleMediaFile_EditMetadata_InvalidYearFormat_TestC2Ev
FNDA:3,_ZN12MockBaseView21gmock_showConfirmMenuERKN7testing7MatcherINSt7__cxx1112basic_stringIcSt11char_traitsIcESaIcEEEEE
FNDA:1,_ZN66MediaFileControllerTest_HandleMediaFile_DeleteMetadata_Cancel_TestD0Ev
FNDA:1,_ZN65MediaFileControllerTest_HandleMediaFile_EditMetadata_Success_TestD2Ev
FNDA:3,_ZN12MockBaseView28gmock_displayMenuAddMetadataERKN7testing7MatcherISt10shared_ptrI9MediaFileEEERKNS1_INSt7__cxx1112basic_stringIcSt11char_traitsIcESaIcEEEEE
FNDA:2,_ZN13MockMediaFile9addNewKeyERKNSt7__cxx1112basic_stringIcSt11char_traitsIcESaIcEEES7_
FNDA:1,_ZN75MediaFileControllerTest_HandleMediaFile_AddMetadata_InvalidTrackFormat_TestD2Ev
FNDA:1,_ZN68MediaFileControllerTest_HandleMediaFile_EditMetadata_EmptyValue_TestC2Ev
FNDA:5,_ZN12MockBaseView29gmock_displayMenuEditMetadataERKN7testing7MatcherISt10shared_ptrI9MediaFileEEERKNS1_INSt7__cxx1112basic_stringIcSt11char_traitsIcESaIcEEEEE
FNDA:1,_ZN66MediaFileControllerTest_HandleMediaFile_DeleteMetadata_Cancel_Test8TestBodyEv
FNDA:2,_ZN13MockMediaFile7editKeyERKNSt7__cxx1112basic_stringIcSt11char_traitsIcESaIcEEES7_
FNDA:1,_ZN68MediaFileControllerTest_HandleMediaFile_EditMetadata_EmptyValue_Test8TestBodyEv
FNDA:1,_ZN53MediaFileControllerTest_HandleMediaFile_ExitMenu_TestD0Ev
FNDA:1,_ZN62MediaFileControllerTest_HandleMediaFile_EditMetadata_Fail_TestC2Ev
FNDA:1,_ZN68MediaFileControllerTest_HandleMediaFile_EditMetadata_EmptyValue_TestD2Ev
FNDA:1,_ZN64MediaFileControllerTest_HandleMediaFile_DeleteMetadata_Fail_Test8TestBodyEv
FNDA:2,_ZN13MockMediaFile9deleteKeyERKNSt7__cxx1112basic_stringIcSt11char_traitsIcESaIcEEE
FNDA:13,_ZN23MediaFileControllerTest5SetUpEv
FNDA:1,_ZN75MediaFileControllerTest_HandleMediaFile_AddMetadata_InvalidTrackFormat_TestC2Ev
FNDA:1,_ZN65MediaFileControllerTest_HandleMediaFile_EditMetadata_Success_Test8TestBodyEv
FNDA:2,_ZN13MockMediaFile15gmock_deleteKeyERKN7testing7MatcherIRKNSt7__cxx1112basic_stringIcSt11char_traitsIcESaIcEEEEE
FNDA:1,_ZN56MediaFileControllerTest_HandleMediaFile_AddMetadata_TestC2Ev
FNDA:1,_ZN64MediaFileControllerTest_HandleMediaFile_DeleteMetadata_Fail_TestC2Ev
FNDA:5,_ZN13MockMediaFile13gmock_editKeyERKN7testing7MatcherIRKNSt7__cxx1112basic_stringIcSt11char_traitsIcESaIcEEEEESC_
FNDA:1,_ZN62MediaFileControllerTest_HandleMediaFile_EditMetadata_Fail_TestD2Ev
FNDA:1,_ZN58MediaFileControllerTest_HandleMediaFile_InvalidChoice_Test8TestBodyEv
FNDA:3,_ZN12MockBaseView31gmock_displayMenuDeleteMetadataB5cxx11ERKN7testing7MatcherISt10shared_ptrI9MediaFileEEE
FNDA:1,_ZN67MediaFileControllerTest_HandleMediaFile_DeleteMetadata_Success_TestC2Ev
FNDA:1,_ZN76MediaFileControllerTest_HandleMediaFile_EditMetadata_InvalidTrackFormat_Test8TestBodyEv
FNDA:1,_ZN74MediaFileControllerTest_HandleMediaFile_AddMetadata_InvalidYearFormat_Test8TestBodyEv
FNDA:3,_ZN12MockBaseView15showConfirmMenuENSt7__cxx1112basic_stringIcSt11char_traitsIcESaIcEEE
FNDA:1,_ZN65MediaFileControllerTest_HandleMediaFile_EditMetadata_Success_TestC2Ev
FNDA:1,_ZN66MediaFileControllerTest_HandleMediaFile_DeleteMetadata_Cancel_TestD2Ev
FNDA:1,_ZN75MediaFileControllerTest_HandleMediaFile_AddMetadata_InvalidTrackFormat_Test8TestBodyEv
FNDA:1,_ZN53MediaFileControllerTest_HandleMediaFile_ExitMenu_TestD2Ev
FNDA:1,_ZN58MediaFileControllerTest_HandleMediaFile_InvalidChoice_TestD0Ev
FNDA:25,_ZN12MockBaseView8showMenuEv
FNDA:1,_ZN53MediaFileControllerTest_HandleMediaFile_ExitMenu_Test8TestBodyEv
FNDA:25,_ZN12MockBaseView22displayDetailMediaFileESt10shared_ptrI9MediaFileENSt7__cxx1112basic_stringIcSt11char_traitsIcESaIcEEE
FNDA:1,_ZN74MediaFileControllerTest_HandleMediaFile_AddMetadata_InvalidYearFormat_TestC2Ev
FNDA:1,_ZN58MediaFileControllerTest_HandleMediaFile_InvalidChoice_TestC2Ev
FNDA:1,_ZN74MediaFileControllerTest_HandleMediaFile_AddMetadata_InvalidYearFormat_TestD2Ev
FNDA:1,_ZN64MediaFileControllerTest_HandleMediaFile_DeleteMetadata_Fail_TestD2Ev
FNDA:1,_ZN56MediaFileControllerTest_HandleMediaFile_AddMetadata_TestD0Ev
FNDA:1,_ZN53MediaFileControllerTest_HandleMediaFile_ExitMenu_TestC2Ev
FNF:71
FNH:71
BRDA:15,0,0,3
BRDA:15,0,1,0
BRDA:15,0,2,3
BRDA:15,0,3,0
BRDA:16,0,0,5
BRDA:16,0,1,0
BRDA:16,0,2,5
BRDA:16,0,3,0
BRDA:17,0,0,2
BRDA:17,0,1,0
BRDA:22,0,0,51
BRDA:22,0,1,0
BRDA:22,0,2,26
BRDA:22,0,3,0
BRDA:24,0,0,12
BRDA:24,0,1,0
BRDA:24,0,2,3
BRDA:24,0,3,0
BRDA:25,0,0,16
BRDA:25,0,1,0
BRDA:25,0,2,5
BRDA:25,0,3,0
BRDA:26,0,0,8
BRDA:26,0,1,0
BRDA:27,0,0,6
BRDA:27,0,1,0
BRDA:40,0,0,13
BRDA:40,0,1,0
BRDA:40,0,2,13
BRDA:40,0,3,0
BRDA:40,0,4,13
BRDA:40,0,5,0
BRDA:40,0,6,13
BRDA:40,0,7,0
BRDA:40,0,8,13
BRDA:40,0,9,0
BRDA:40,0,10,13
BRDA:40,0,11,0
BRDA:40,0,12,13
BRDA:40,0,13,0
BRDA:45,0,0,1
BRDA:45,0,1,0
BRDA:45,0,2,1
BRDA:45,0,3,0
BRDA:45,0,4,1
BRDA:45,0,5,0
BRDA:45,0,6,1
BRDA:45,0,7,0
BRDA:45,0,8,1
BRDA:45,0,9,0
BRDA:45,0,10,1
BRDA:45,0,11,0
BRDA:47,0,0,1
BRDA:47,0,1,0
BRDA:47,0,2,1
BRDA:47,0,3,0
BRDA:48,0,0,1
BRDA:48,0,1,0
BRDA:48,0,2,1
BRDA:48,0,3,0
BRDA:48,0,4,1
BRDA:48,0,5,0
BRDA:49,0,0,1
BRDA:49,0,1,0
BRDA:49,0,2,1
BRDA:49,0,3,0
BRDA:49,0,4,1
BRDA:49,0,5,0
BRDA:51,0,0,1
BRDA:51,0,1,0
BRDA:51,0,2,1
BRDA:51,0,3,0
BRDA:51,0,4,1
BRDA:51,0,5,0
BRDA:51,0,6,1
BRDA:51,0,7,0
BRDA:52,0,0,1
BRDA:52,0,1,0
BRDA:52,0,2,1
BRDA:52,0,3,0
BRDA:52,0,4,1
BRDA:52,0,5,0
BRDA:52,0,6,1
BRDA:52,0,7,0
BRDA:54,0,0,1
BRDA:54,0,1,0
BRDA:54,0,2,1
BRDA:54,0,3,0
BRDA:54,0,4,1
BRDA:54,0,5,0
BRDA:54,0,6,1
BRDA:54,0,7,0
BRDA:55,0,0,1
BRDA:55,0,1,0
BRDA:55,0,2,1
BRDA:55,0,3,0
BRDA:55,0,4,1
BRDA:55,0,5,0
BRDA:61,0,0,1
BRDA:61,0,1,0
BRDA:61,0,2,1
BRDA:61,0,3,0
BRDA:61,0,4,1
BRDA:61,0,5,0
BRDA:61,0,6,1
BRDA:61,0,7,0
BRDA:61,0,8,1
BRDA:61,0,9,0
BRDA:61,0,10,1
BRDA:61,0,11,0
BRDA:63,0,0,1
BRDA:63,0,1,0
BRDA:63,0,2,1
BRDA:63,0,3,0
BRDA:64,0,0,1
BRDA:64,0,1,0
BRDA:64,0,2,1
BRDA:64,0,3,0
BRDA:64,0,4,1
BRDA:64,0,5,0
BRDA:65,0,0,1
BRDA:65,0,1,0
BRDA:65,0,2,1
BRDA:65,0,3,0
BRDA:65,0,4,1
BRDA:65,0,5,0
BRDA:67,0,0,1
BRDA:67,0,1,0
BRDA:67,0,2,1
BRDA:67,0,3,0
BRDA:67,0,4,1
BRDA:67,0,5,0
BRDA:67,0,6,1
BRDA:67,0,7,0
BRDA:68,0,0,1
BRDA:68,0,1,0
BRDA:68,0,2,1
BRDA:68,0,3,0
BRDA:68,0,4,1
BRDA:68,0,5,0
BRDA:68,0,6,1
BRDA:68,0,7,0
BRDA:69,0,0,1
BRDA:69,0,1,0
BRDA:69,0,2,1
BRDA:69,0,3,0
BRDA:69,0,4,1
BRDA:69,0,5,0
BRDA:69,0,6,1
BRDA:69,0,7,0
BRDA:70,0,0,1
BRDA:70,0,1,0
BRDA:70,0,2,1
BRDA:70,0,3,0
BRDA:70,0,4,1
BRDA:70,0,5,0
BRDA:70,0,6,1
BRDA:70,0,7,0
BRDA:71,0,0,1
BRDA:71,0,1,0
BRDA:71,0,2,1
BRDA:71,0,3,0
BRDA:71,0,4,1
BRDA:71,0,5,0
BRDA:71,0,6,1
BRDA:71,0,7,0
BRDA:73,0,0,1
BRDA:73,0,1,0
BRDA:73,0,2,1
BRDA:73,0,3,0
BRDA:73,0,4,1
BRDA:73,0,5,0
BRDA:73,0,6,1
BRDA:73,0,7,0
BRDA:74,0,0,1
BRDA:74,0,1,0
BRDA:74,0,2,1
BRDA:74,0,3,0
BRDA:74,0,4,1
BRDA:74,0,5,0
BRDA:80,0,0,1
BRDA:80,0,1,0
BRDA:80,0,2,1
BRDA:80,0,3,0
BRDA:80,0,4,1
BRDA:80,0,5,0
BRDA:80,0,6,1
BRDA:80,0,7,0
BRDA:80,0,8,1
BRDA:80,0,9,0
BRDA:80,0,10,1
BRDA:80,0,11,0
BRDA:82,0,0,1
BRDA:82,0,1,0
BRDA:82,0,2,1
BRDA:82,0,3,0
BRDA:83,0,0,1
BRDA:83,0,1,0
BRDA:83,0,2,1
BRDA:83,0,3,0
BRDA:83,0,4,1
BRDA:83,0,5,0
BRDA:84,0,0,1
BRDA:84,0,1,0
BRDA:84,0,2,1
BRDA:84,0,3,0
BRDA:84,0,4,1
BRDA:84,0,5,0
BRDA:86,0,0,1
BRDA:86,0,1,0
BRDA:86,0,2,1
BRDA:86,0,3,0
BRDA:86,0,4,1
BRDA:86,0,5,0
BRDA:86,0,6,1
BRDA:86,0,7,0
BRDA:87,0,0,1
BRDA:87,0,1,0
BRDA:87,0,2,1
BRDA:87,0,3,0
BRDA:87,0,4,1
BRDA:87,0,5,0
BRDA:87,0,6,1
BRDA:87,0,7,0
BRDA:88,0,0,1
BRDA:88,0,1,0
BRDA:88,0,2,1
BRDA:88,0,3,0
BRDA:88,0,4,1
BRDA:88,0,5,0
BRDA:88,0,6,1
BRDA:88,0,7,0
BRDA:89,0,0,1
BRDA:89,0,1,0
BRDA:89,0,2,1
BRDA:89,0,3,0
BRDA:89,0,4,1
BRDA:89,0,5,0
BRDA:89,0,6,1
BRDA:89,0,7,0
BRDA:90,0,0,1
BRDA:90,0,1,0
BRDA:90,0,2,1
BRDA:90,0,3,0
BRDA:90,0,4,1
BRDA:90,0,5,0
BRDA:90,0,6,1
BRDA:90,0,7,0
BRDA:92,0,0,1
BRDA:92,0,1,0
BRDA:92,0,2,1
BRDA:92,0,3,0
BRDA:92,0,4,1
BRDA:92,0,5,0
BRDA:92,0,6,1
BRDA:92,0,7,0
BRDA:92,0,8,1
BRDA:92,0,9,0
BRDA:98,0,0,1
BRDA:98,0,1,0
BRDA:98,0,2,1
BRDA:98,0,3,0
BRDA:98,0,4,1
BRDA:98,0,5,0
BRDA:98,0,6,1
BRDA:98,0,7,0
BRDA:98,0,8,1
BRDA:98,0,9,0
BRDA:98,0,10,1
BRDA:98,0,11,0
BRDA:100,0,0,1
BRDA:100,0,1,0
BRDA:100,0,2,1
BRDA:100,0,3,0
BRDA:101,0,0,1
BRDA:101,0,1,0
BRDA:101,0,2,1
BRDA:101,0,3,0
BRDA:101,0,4,1
BRDA:101,0,5,0
BRDA:102,0,0,1
BRDA:102,0,1,0
BRDA:102,0,2,1
BRDA:102,0,3,0
BRDA:102,0,4,1
BRDA:102,0,5,0
BRDA:104,0,0,1
BRDA:104,0,1,0
BRDA:104,0,2,1
BRDA:104,0,3,0
BRDA:104,0,4,1
BRDA:104,0,5,0
BRDA:104,0,6,1
BRDA:104,0,7,0
BRDA:105,0,0,1
BRDA:105,0,1,0
BRDA:105,0,2,1
BRDA:105,0,3,0
BRDA:105,0,4,1
BRDA:105,0,5,0
BRDA:105,0,6,1
BRDA:105,0,7,0
BRDA:107,0,0,1
BRDA:107,0,1,0
BRDA:107,0,2,1
BRDA:107,0,3,0
BRDA:107,0,4,1
BRDA:107,0,5,0
BRDA:107,0,6,1
BRDA:107,0,7,0
BRDA:108,0,0,1
BRDA:108,0,1,0
BRDA:108,0,2,1
BRDA:108,0,3,0
BRDA:108,0,4,1
BRDA:108,0,5,0
BRDA:114,0,0,1
BRDA:114,0,1,0
BRDA:114,0,2,1
BRDA:114,0,3,0
BRDA:114,0,4,1
BRDA:114,0,5,0
BRDA:114,0,6,1
BRDA:114,0,7,0
BRDA:114,0,8,1
BRDA:114,0,9,0
BRDA:114,0,10,1
BRDA:114,0,11,0
BRDA:116,0,0,1
BRDA:116,0,1,0
BRDA:116,0,2,1
BRDA:116,0,3,0
BRDA:117,0,0,1
BRDA:117,0,1,0
BRDA:117,0,2,1
BRDA:117,0,3,0
BRDA:117,0,4,1
BRDA:117,0,5,0
BRDA:118,0,0,1
BRDA:118,0,1,0
BRDA:118,0,2,1
BRDA:118,0,3,0
BRDA:118,0,4,1
BRDA:118,0,5,0
BRDA:120,0,0,1
BRDA:120,0,1,0
BRDA:120,0,2,1
BRDA:120,0,3,0
BRDA:120,0,4,1
BRDA:120,0,5,0
BRDA:120,0,6,1
BRDA:120,0,7,0
BRDA:121,0,0,1
BRDA:121,0,1,0
BRDA:121,0,2,1
BRDA:121,0,3,0
BRDA:121,0,4,1
BRDA:121,0,5,0
BRDA:121,0,6,1
BRDA:121,0,7,0
BRDA:122,0,0,1
BRDA:122,0,1,0
BRDA:122,0,2,1
BRDA:122,0,3,0
BRDA:122,0,4,1
BRDA:122,0,5,0
BRDA:122,0,6,1
BRDA:122,0,7,0
BRDA:124,0,0,1
BRDA:124,0,1,0
BRDA:124,0,2,1
BRDA:124,0,3,0
BRDA:124,0,4,1
BRDA:124,0,5,0
BRDA:124,0,6,1
BRDA:124,0,7,0
BRDA:125,0,0,1
BRDA:125,0,1,0
BRDA:125,0,2,1
BRDA:125,0,3,0
BRDA:125,0,4,1
BRDA:125,0,5,0
BRDA:131,0,0,1
BRDA:131,0,1,0
BRDA:131,0,2,1
BRDA:131,0,3,0
BRDA:131,0,4,1
BRDA:131,0,5,0
BRDA:131,0,6,1
BRDA:131,0,7,0
BRDA:131,0,8,1
BRDA:131,0,9,0
BRDA:131,0,10,1
BRDA:131,0,11,0
BRDA:133,0,0,1
BRDA:133,0,1,0
BRDA:133,0,2,1
BRDA:133,0,3,0
BRDA:134,0,0,1
BRDA:134,0,1,0
BRDA:134,0,2,1
BRDA:134,0,3,0
BRDA:134,0,4,1
BRDA:134,0,5,0
BRDA:135,0,0,1
BRDA:135,0,1,0
BRDA:135,0,2,1
BRDA:135,0,3,0
BRDA:135,0,4,1
BRDA:135,0,5,0
BRDA:137,0,0,1
BRDA:137,0,1,0
BRDA:137,0,2,1
BRDA:137,0,3,0
BRDA:137,0,4,1
BRDA:137,0,5,0
BRDA:137,0,6,1
BRDA:137,0,7,0
BRDA:138,0,0,1
BRDA:138,0,1,0
BRDA:138,0,2,1
BRDA:138,0,3,0
BRDA:138,0,4,1
BRDA:138,0,5,0
BRDA:138,0,6,1
BRDA:138,0,7,0
BRDA:139,0,0,1
BRDA:139,0,1,0
BRDA:139,0,2,1
BRDA:139,0,3,0
BRDA:139,0,4,1
BRDA:139,0,5,0
BRDA:139,0,6,1
BRDA:139,0,7,0
BRDA:141,0,0,1
BRDA:141,0,1,0
BRDA:141,0,2,1
BRDA:141,0,3,0
BRDA:141,0,4,1
BRDA:141,0,5,0
BRDA:141,0,6,1
BRDA:141,0,7,0
BRDA:141,0,8,1
BRDA:141,0,9,0
BRDA:147,0,0,1
BRDA:147,0,1,0
BRDA:147,0,2,1
BRDA:147,0,3,0
BRDA:147,0,4,1
BRDA:147,0,5,0
BRDA:147,0,6,1
BRDA:147,0,7,0
BRDA:147,0,8,1
BRDA:147,0,9,0
BRDA:147,0,10,1
BRDA:147,0,11,0
BRDA:149,0,0,1
BRDA:149,0,1,0
BRDA:149,0,2,1
BRDA:149,0,3,0
BRDA:150,0,0,1
BRDA:150,0,1,0
BRDA:150,0,2,1
BRDA:150,0,3,0
BRDA:150,0,4,1
BRDA:150,0,5,0
BRDA:151,0,0,1
BRDA:151,0,1,0
BRDA:151,0,2,1
BRDA:151,0,3,0
BRDA:151,0,4,1
BRDA:151,0,5,0
BRDA:153,0,0,1
BRDA:153,0,1,0
BRDA:153,0,2,1
BRDA:153,0,3,0
BRDA:153,0,4,1
BRDA:153,0,5,0
BRDA:153,0,6,1
BRDA:153,0,7,0
BRDA:154,0,0,1
BRDA:154,0,1,0
BRDA:154,0,2,1
BRDA:154,0,3,0
BRDA:154,0,4,1
BRDA:154,0,5,0
BRDA:154,0,6,1
BRDA:154,0,7,0
BRDA:155,0,0,1
BRDA:155,0,1,0
BRDA:155,0,2,1
BRDA:155,0,3,0
BRDA:155,0,4,1
BRDA:155,0,5,0
BRDA:155,0,6,1
BRDA:155,0,7,0
BRDA:156,0,0,1
BRDA:156,0,1,0
BRDA:156,0,2,1
BRDA:156,0,3,0
BRDA:156,0,4,1
BRDA:156,0,5,0
BRDA:156,0,6,1
BRDA:156,0,7,0
BRDA:158,0,0,1
BRDA:158,0,1,0
BRDA:158,0,2,1
BRDA:158,0,3,0
BRDA:158,0,4,1
BRDA:158,0,5,0
BRDA:158,0,6,1
BRDA:158,0,7,0
BRDA:158,0,8,1
BRDA:158,0,9,0
BRDA:165,0,0,1
BRDA:165,0,1,0
BRDA:165,0,2,1
BRDA:165,0,3,0
BRDA:165,0,4,1
BRDA:165,0,5,0
BRDA:165,0,6,1
BRDA:165,0,7,0
BRDA:165,0,8,1
BRDA:165,0,9,0
BRDA:165,0,10,1
BRDA:165,0,11,0
BRDA:167,0,0,1
BRDA:167,0,1,0
BRDA:167,0,2,1
BRDA:167,0,3,0
BRDA:168,0,0,1
BRDA:168,0,1,0
BRDA:168,0,2,1
BRDA:168,0,3,0
BRDA:168,0,4,1
BRDA:168,0,5,0
BRDA:169,0,0,1
BRDA:169,0,1,0
BRDA:169,0,2,1
BRDA:169,0,3,0
BRDA:169,0,4,1
BRDA:169,0,5,0
BRDA:171,0,0,1
BRDA:171,0,1,0
BRDA:171,0,2,1
BRDA:171,0,3,0
BRDA:171,0,4,1
BRDA:171,0,5,0
BRDA:171,0,6,1
BRDA:171,0,7,0
BRDA:172,0,0,1
BRDA:172,0,1,0
BRDA:172,0,2,1
BRDA:172,0,3,0
BRDA:172,0,4,1
BRDA:172,0,5,0
BRDA:172,0,6,1
BRDA:172,0,7,0
BRDA:173,0,0,1
BRDA:173,0,1,0
BRDA:173,0,2,1
BRDA:173,0,3,0
BRDA:173,0,4,1
BRDA:173,0,5,0
BRDA:173,0,6,1
BRDA:173,0,7,0
BRDA:174,0,0,1
BRDA:174,0,1,0
BRDA:174,0,2,1
BRDA:174,0,3,0
BRDA:174,0,4,1
BRDA:174,0,5,0
BRDA:174,0,6,1
BRDA:174,0,7,0
BRDA:176,0,0,1
BRDA:176,0,1,0
BRDA:176,0,2,1
BRDA:176,0,3,0
BRDA:176,0,4,1
BRDA:176,0,5,0
BRDA:176,0,6,1
BRDA:176,0,7,0
BRDA:176,0,8,1
BRDA:176,0,9,0
BRDA:183,0,0,1
BRDA:183,0,1,0
BRDA:183,0,2,1
BRDA:183,0,3,0
BRDA:183,0,4,1
BRDA:183,0,5,0
BRDA:183,0,6,1
BRDA:183,0,7,0
BRDA:183,0,8,1
BRDA:183,0,9,0
BRDA:183,0,10,1
BRDA:183,0,11,0
BRDA:185,0,0,1
BRDA:185,0,1,0
BRDA:185,0,2,1
BRDA:185,0,3,0
BRDA:186,0,0,1
BRDA:186,0,1,0
BRDA:186,0,2,1
BRDA:186,0,3,0
BRDA:186,0,4,1
BRDA:186,0,5,0
BRDA:187,0,0,1
BRDA:187,0,1,0
BRDA:187,0,2,1
BRDA:187,0,3,0
BRDA:187,0,4,1
BRDA:187,0,5,0
BRDA:189,0,0,1
BRDA:189,0,1,0
BRDA:189,0,2,1
BRDA:189,0,3,0
BRDA:189,0,4,1
BRDA:189,0,5,0
BRDA:190,0,0,1
BRDA:190,0,1,0
BRDA:190,0,2,1
BRDA:190,0,3,0
BRDA:190,0,4,1
BRDA:190,0,5,0
BRDA:192,0,0,1
BRDA:192,0,1,0
BRDA:192,0,2,1
BRDA:192,0,3,0
BRDA:192,0,4,1
BRDA:192,0,5,0
BRDA:193,0,0,1
BRDA:193,0,1,0
BRDA:193,0,2,1
BRDA:193,0,3,0
BRDA:193,0,4,1
BRDA:193,0,5,0
BRDA:195,0,0,1
BRDA:195,0,1,0
BRDA:195,0,2,1
BRDA:195,0,3,0
BRDA:195,0,4,1
BRDA:195,0,5,0
BRDA:196,0,0,1
BRDA:196,0,1,0
BRDA:196,0,2,1
BRDA:196,0,3,0
BRDA:196,0,4,1
BRDA:196,0,5,0
BRDA:202,0,0,1
BRDA:202,0,1,0
BRDA:202,0,2,1
BRDA:202,0,3,0
BRDA:202,0,4,1
BRDA:202,0,5,0
BRDA:202,0,6,1
BRDA:202,0,7,0
BRDA:202,0,8,1
BRDA:202,0,9,0
BRDA:202,0,10,1
BRDA:202,0,11,0
BRDA:204,0,0,1
BRDA:204,0,1,0
BRDA:204,0,2,1
BRDA:204,0,3,0
BRDA:205,0,0,1
BRDA:205,0,1,0
BRDA:205,0,2,1
BRDA:205,0,3,0
BRDA:205,0,4,1
BRDA:205,0,5,0
BRDA:206,0,0,1
BRDA:206,0,1,0
BRDA:206,0,2,1
BRDA:206,0,3,0
BRDA:206,0,4,1
BRDA:206,0,5,0
BRDA:208,0,0,1
BRDA:208,0,1,0
BRDA:208,0,2,1
BRDA:208,0,3,0
BRDA:208,0,4,1
BRDA:208,0,5,0
BRDA:209,0,0,1
BRDA:209,0,1,0
BRDA:209,0,2,1
BRDA:209,0,3,0
BRDA:209,0,4,1
BRDA:209,0,5,0
BRDA:210,0,0,1
BRDA:210,0,1,0
BRDA:210,0,2,1
BRDA:210,0,3,0
BRDA:210,0,4,1
BRDA:210,0,5,0
BRDA:212,0,0,1
BRDA:212,0,1,0
BRDA:212,0,2,1
BRDA:212,0,3,0
BRDA:212,0,4,1
BRDA:212,0,5,0
BRDA:213,0,0,1
BRDA:213,0,1,0
BRDA:213,0,2,1
BRDA:213,0,3,0
BRDA:213,0,4,1
BRDA:213,0,5,0
BRDA:215,0,0,1
BRDA:215,0,1,0
BRDA:215,0,2,1
BRDA:215,0,3,0
BRDA:215,0,4,1
BRDA:215,0,5,0
BRDA:216,0,0,1
BRDA:216,0,1,0
BRDA:216,0,2,1
BRDA:216,0,3,0
BRDA:216,0,4,1
BRDA:216,0,5,0
BRDA:222,0,0,1
BRDA:222,0,1,0
BRDA:222,0,2,1
BRDA:222,0,3,0
BRDA:222,0,4,1
BRDA:222,0,5,0
BRDA:222,0,6,1
BRDA:222,0,7,0
BRDA:222,0,8,1
BRDA:222,0,9,0
BRDA:222,0,10,1
BRDA:222,0,11,0
BRDA:224,0,0,1
BRDA:224,0,1,0
BRDA:224,0,2,1
BRDA:224,0,3,0
BRDA:225,0,0,1
BRDA:225,0,1,0
BRDA:225,0,2,1
BRDA:225,0,3,0
BRDA:225,0,4,1
BRDA:225,0,5,0
BRDA:226,0,0,1
BRDA:226,0,1,0
BRDA:226,0,2,1
BRDA:226,0,3,0
BRDA:226,0,4,1
BRDA:226,0,5,0
BRDA:228,0,0,1
BRDA:228,0,1,0
BRDA:228,0,2,1
BRDA:228,0,3,0
BRDA:228,0,4,1
BRDA:228,0,5,0
BRDA:229,0,0,1
BRDA:229,0,1,0
BRDA:229,0,2,1
BRDA:229,0,3,0
BRDA:229,0,4,1
BRDA:229,0,5,0
BRDA:230,0,0,1
BRDA:230,0,1,0
BRDA:230,0,2,1
BRDA:230,0,3,0
BRDA:230,0,4,1
BRDA:230,0,5,0
BRDA:232,0,0,1
BRDA:232,0,1,0
BRDA:232,0,2,1
BRDA:232,0,3,0
BRDA:232,0,4,1
BRDA:232,0,5,0
BRDA:233,0,0,1
BRDA:233,0,1,0
BRDA:233,0,2,1
BRDA:233,0,3,0
BRDA:233,0,4,1
BRDA:233,0,5,0
BRDA:240,0,0,1
BRDA:240,0,1,0
BRDA:240,0,2,1
BRDA:240,0,3,0
BRDA:240,0,4,1
BRDA:240,0,5,0
BRDA:240,0,6,1
BRDA:240,0,7,0
BRDA:240,0,8,1
BRDA:240,0,9,0
BRDA:240,0,10,1
BRDA:240,0,11,0
BRDA:242,0,0,1
BRDA:242,0,1,0
BRDA:242,0,2,1
BRDA:242,0,3,0
BRDA:243,0,0,1
BRDA:243,0,1,0
BRDA:243,0,2,1
BRDA:243,0,3,0
BRDA:243,0,4,1
BRDA:243,0,5,0
BRDA:250,0,0,1
BRDA:250,0,1,0
BRDA:250,0,2,1
BRDA:250,0,3,0
BRDA:250,0,4,1
BRDA:250,0,5,0
BRDA:250,0,6,1
BRDA:250,0,7,0
BRDA:250,0,8,1
BRDA:250,0,9,0
BRDA:250,0,10,1
BRDA:250,0,11,0
BRDA:251,0,0,1
BRDA:251,0,1,0
BRDA:251,0,2,1
BRDA:251,0,3,0
BRDA:252,0,0,1
BRDA:252,0,1,0
BRDA:252,0,2,1
BRDA:252,0,3,0
BRDA:252,0,4,1
BRDA:252,0,5,0
BRDA:253,0,0,1
BRDA:253,0,1,0
BRDA:253,0,2,1
BRDA:253,0,3,0
BRDA:253,0,4,1
BRDA:253,0,5,0
BRF:826
BRH:413
DA:15,5
DA:16,7
DA:17,4
DA:22,51
DA:23,38
DA:24,12
DA:25,16
DA:26,8
DA:27,6
DA:36,13
DA:37,13
DA:38,13
DA:39,13
DA:40,13
DA:41,13
DA:44,4
DA:45,1
DA:47,1
DA:48,1
DA:49,1
DA:51,2
DA:52,1
DA:54,2
DA:55,1
DA:57,1
DA:58,1
DA:60,4
DA:61,1
DA:63,1
DA:64,1
DA:65,1
DA:67,2
DA:68,2
DA:69,2
DA:70,2
DA:71,1
DA:73,2
DA:74,1
DA:76,1
DA:77,1
DA:79,4
DA:80,1
DA:82,1
DA:83,1
DA:84,1
DA:86,2
DA:87,2
DA:88,2
DA:89,2
DA:90,1
DA:92,1
DA:94,1
DA:95,1
DA:97,4
DA:98,1
DA:100,1
DA:101,1
DA:102,1
DA:104,2
DA:105,1
DA:107,2
DA:108,1
DA:110,1
DA:111,1
DA:113,4
DA:114,1
DA:116,1
DA:117,1
DA:118,1
DA:120,2
DA:121,2
DA:122,1
DA:124,2
DA:125,1
DA:127,1
DA:128,1
DA:130,4
DA:131,1
DA:133,1
DA:134,1
DA:135,1
DA:137,2
DA:138,2
DA:139,1
DA:141,1
DA:143,1
DA:144,1
DA:146,4
DA:147,1
DA:149,1
DA:150,1
DA:151,1
DA:153,2
DA:154,2
DA:155,2
DA:156,1
DA:158,1
DA:160,1
DA:161,1
DA:164,4
DA:165,1
DA:167,1
DA:168,1
DA:169,1
DA:171,2
DA:172,2
DA:173,2
DA:174,1
DA:176,1
DA:178,1
DA:179,1
DA:182,4
DA:183,1
DA:185,1
DA:186,1
DA:187,1
DA:189,2
DA:190,1
DA:192,2
DA:193,1
DA:195,2
DA:196,1
DA:198,1
DA:199,1
DA:201,4
DA:202,1
DA:204,1
DA:205,1
DA:206,1
DA:208,2
DA:209,2
DA:210,1
DA:212,2
DA:213,1
DA:215,2
DA:216,1
DA:218,1
DA:219,1
DA:221,4
DA:222,1
DA:224,1
DA:225,1
DA:226,1
DA:228,2
DA:229,2
DA:230,1
DA:232,2
DA:233,1
DA:235,1
DA:236,1
DA:239,4
DA:240,1
DA:242,1
DA:243,1
DA:245,1
DA:246,1
DA:249,4
DA:250,1
DA:251,1
DA:252,1
DA:253,1
DA:255,1
DA:256,1
LF:163
LH:163
end_of_record
